Dez 31, 2017 12:48:16 AM org.apache.catalina.realm.LockOutRealm filterLockedAccounts
ADVERTÊNCIA: An attempt was made to authenticate the locked user ""
Dez 31, 2017 12:48:19 AM org.apache.catalina.realm.LockOutRealm filterLockedAccounts
ADVERTÊNCIA: An attempt was made to authenticate the locked user "root"
Dez 31, 2017 12:48:20 AM org.apache.catalina.realm.LockOutRealm filterLockedAccounts
ADVERTÊNCIA: An attempt was made to authenticate the locked user "root"
Dez 31, 2017 12:48:20 AM org.apache.catalina.realm.LockOutRealm filterLockedAccounts
ADVERTÊNCIA: An attempt was made to authenticate the locked user "root"
Dez 31, 2017 12:48:21 AM org.apache.catalina.realm.LockOutRealm filterLockedAccounts
ADVERTÊNCIA: An attempt was made to authenticate the locked user "root"
Dez 31, 2017 12:48:21 AM org.apache.catalina.realm.LockOutRealm filterLockedAccounts
ADVERTÊNCIA: An attempt was made to authenticate the locked user "root"
Dez 31, 2017 12:48:22 AM org.apache.catalina.realm.LockOutRealm filterLockedAccounts
ADVERTÊNCIA: An attempt was made to authenticate the locked user "root"
Dez 31, 2017 12:48:25 AM org.apache.catalina.realm.LockOutRealm filterLockedAccounts
ADVERTÊNCIA: An attempt was made to authenticate the locked user "admin"
Dez 31, 2017 12:48:25 AM org.apache.catalina.realm.LockOutRealm filterLockedAccounts
ADVERTÊNCIA: An attempt was made to authenticate the locked user "admin"
Dez 31, 2017 12:48:26 AM org.apache.catalina.realm.LockOutRealm filterLockedAccounts
ADVERTÊNCIA: An attempt was made to authenticate the locked user "admin"
Dez 31, 2017 12:48:26 AM org.apache.catalina.realm.LockOutRealm filterLockedAccounts
ADVERTÊNCIA: An attempt was made to authenticate the locked user "admin"
Dez 31, 2017 12:48:27 AM org.apache.catalina.realm.LockOutRealm filterLockedAccounts
ADVERTÊNCIA: An attempt was made to authenticate the locked user "admin"
Dez 31, 2017 12:48:27 AM org.apache.catalina.realm.LockOutRealm filterLockedAccounts
ADVERTÊNCIA: An attempt was made to authenticate the locked user "admin"
Dez 31, 2017 12:48:30 AM org.apache.catalina.realm.LockOutRealm filterLockedAccounts
ADVERTÊNCIA: An attempt was made to authenticate the locked user "tomcat"
Dez 31, 2017 12:48:30 AM org.apache.catalina.realm.LockOutRealm filterLockedAccounts
ADVERTÊNCIA: An attempt was made to authenticate the locked user "tomcat"
Dez 31, 2017 12:48:31 AM org.apache.catalina.realm.LockOutRealm filterLockedAccounts
ADVERTÊNCIA: An attempt was made to authenticate the locked user "tomcat"
Dez 31, 2017 12:48:31 AM org.apache.catalina.realm.LockOutRealm filterLockedAccounts
ADVERTÊNCIA: An attempt was made to authenticate the locked user "tomcat"
Dez 31, 2017 12:48:32 AM org.apache.catalina.realm.LockOutRealm filterLockedAccounts
ADVERTÊNCIA: An attempt was made to authenticate the locked user "tomcat"
Dez 31, 2017 12:48:32 AM org.apache.catalina.realm.LockOutRealm filterLockedAccounts
ADVERTÊNCIA: An attempt was made to authenticate the locked user "tomcat"
Dez 31, 2017 2:14:02 AM org.apache.catalina.realm.LockOutRealm filterLockedAccounts
ADVERTÊNCIA: An attempt was made to authenticate the locked user "root"
Dez 31, 2017 2:14:03 AM org.apache.catalina.realm.LockOutRealm filterLockedAccounts
ADVERTÊNCIA: An attempt was made to authenticate the locked user "root"
Dez 31, 2017 2:14:04 AM org.apache.catalina.realm.LockOutRealm filterLockedAccounts
ADVERTÊNCIA: An attempt was made to authenticate the locked user "root"
Dez 31, 2017 2:14:04 AM org.apache.catalina.realm.LockOutRealm filterLockedAccounts
ADVERTÊNCIA: An attempt was made to authenticate the locked user "root"
Dez 31, 2017 2:14:05 AM org.apache.catalina.realm.LockOutRealm filterLockedAccounts
ADVERTÊNCIA: An attempt was made to authenticate the locked user "root"
Dez 31, 2017 2:14:06 AM org.apache.catalina.realm.LockOutRealm filterLockedAccounts
ADVERTÊNCIA: An attempt was made to authenticate the locked user "root"
Dez 31, 2017 2:14:09 AM org.apache.catalina.realm.LockOutRealm filterLockedAccounts
ADVERTÊNCIA: An attempt was made to authenticate the locked user "admin"
Dez 31, 2017 2:14:09 AM org.apache.catalina.realm.LockOutRealm filterLockedAccounts
ADVERTÊNCIA: An attempt was made to authenticate the locked user "admin"
Dez 31, 2017 2:14:10 AM org.apache.catalina.realm.LockOutRealm filterLockedAccounts
ADVERTÊNCIA: An attempt was made to authenticate the locked user "admin"
Dez 31, 2017 2:14:11 AM org.apache.catalina.realm.LockOutRealm filterLockedAccounts
ADVERTÊNCIA: An attempt was made to authenticate the locked user "admin"
Dez 31, 2017 2:14:11 AM org.apache.catalina.realm.LockOutRealm filterLockedAccounts
ADVERTÊNCIA: An attempt was made to authenticate the locked user "admin"
Dez 31, 2017 2:14:12 AM org.apache.catalina.realm.LockOutRealm filterLockedAccounts
ADVERTÊNCIA: An attempt was made to authenticate the locked user "admin"
Dez 31, 2017 2:14:15 AM org.apache.catalina.realm.LockOutRealm filterLockedAccounts
ADVERTÊNCIA: An attempt was made to authenticate the locked user "tomcat"
Dez 31, 2017 2:14:16 AM org.apache.catalina.realm.LockOutRealm filterLockedAccounts
ADVERTÊNCIA: An attempt was made to authenticate the locked user "tomcat"
Dez 31, 2017 2:14:16 AM org.apache.catalina.realm.LockOutRealm filterLockedAccounts
ADVERTÊNCIA: An attempt was made to authenticate the locked user "tomcat"
Dez 31, 2017 2:14:17 AM org.apache.catalina.realm.LockOutRealm filterLockedAccounts
ADVERTÊNCIA: An attempt was made to authenticate the locked user "tomcat"
Dez 31, 2017 2:14:18 AM org.apache.catalina.realm.LockOutRealm filterLockedAccounts
ADVERTÊNCIA: An attempt was made to authenticate the locked user "tomcat"
Dez 31, 2017 2:14:18 AM org.apache.catalina.realm.LockOutRealm filterLockedAccounts
ADVERTÊNCIA: An attempt was made to authenticate the locked user "tomcat"
Dez 31, 2017 11:42:03 AM org.apache.catalina.realm.LockOutRealm filterLockedAccounts
ADVERTÊNCIA: An attempt was made to authenticate the locked user "admin"
Dez 31, 2017 11:42:04 AM org.apache.catalina.realm.LockOutRealm filterLockedAccounts
ADVERTÊNCIA: An attempt was made to authenticate the locked user "admin"
Dez 31, 2017 11:42:05 AM org.apache.catalina.realm.LockOutRealm filterLockedAccounts
ADVERTÊNCIA: An attempt was made to authenticate the locked user "tomcat"
Dez 31, 2017 11:42:05 AM org.apache.catalina.realm.LockOutRealm filterLockedAccounts
ADVERTÊNCIA: An attempt was made to authenticate the locked user "tomcat"
