Out 25, 2017 7:49:37 PM org.apache.catalina.core.ApplicationContext log
INFORMAÇÕES: SessionListener: contextDestroyed()
Out 25, 2017 7:49:37 PM org.apache.catalina.core.ApplicationContext log
INFORMAÇÕES: ContextListener: contextDestroyed()
Out 25, 2017 7:51:52 PM org.apache.catalina.core.ApplicationContext log
INFORMAÇÕES: ContextListener: contextInitialized()
Out 25, 2017 7:51:52 PM org.apache.catalina.core.ApplicationContext log
INFORMAÇÕES: SessionListener: contextInitialized()
Out 25, 2017 7:51:52 PM org.apache.catalina.core.ApplicationContext log
INFORMAÇÕES: ContextListener: attributeAdded('org.apache.jasper.compiler.TldLocationsCache', 'org.apache.jasper.compiler.TldLocationsCache@7f493c26')
Out 25, 2017 7:52:41 PM org.apache.catalina.core.ApplicationContext log
INFORMAÇÕES: SessionListener: contextDestroyed()
Out 25, 2017 7:52:41 PM org.apache.catalina.core.ApplicationContext log
INFORMAÇÕES: ContextListener: contextDestroyed()
Out 25, 2017 7:52:45 PM org.apache.catalina.session.StandardSession writeObject
ADVERTÊNCIA: Cannot serialize session attribute org.jboss.weld.context.http.HttpSessionContext#org.jboss.weld.bean-flat-ManagedBean-class org.jboss.dashboard.dataset.DataSetManagerImpl for session E3393E9A067BC32065FFA7B1F0045270
java.io.NotSerializableException: org.jboss.dashboard.dataset.DataSetManagerImpl$DataSetHolder
	at java.io.ObjectOutputStream.writeObject0(ObjectOutputStream.java:1183)
	at java.io.ObjectOutputStream.writeObject(ObjectOutputStream.java:347)
	at java.util.HashMap.writeObject(HashMap.java:1129)
	at sun.reflect.NativeMethodAccessorImpl.invoke0(Native Method)
	at sun.reflect.NativeMethodAccessorImpl.invoke(NativeMethodAccessorImpl.java:57)
	at sun.reflect.DelegatingMethodAccessorImpl.invoke(DelegatingMethodAccessorImpl.java:43)
	at java.lang.reflect.Method.invoke(Method.java:606)
	at java.io.ObjectStreamClass.invokeWriteObject(ObjectStreamClass.java:1028)
	at java.io.ObjectOutputStream.writeSerialData(ObjectOutputStream.java:1495)
	at java.io.ObjectOutputStream.writeOrdinaryObject(ObjectOutputStream.java:1431)
	at java.io.ObjectOutputStream.writeObject0(ObjectOutputStream.java:1177)
	at java.io.ObjectOutputStream.defaultWriteFields(ObjectOutputStream.java:1547)
	at java.io.ObjectOutputStream.writeSerialData(ObjectOutputStream.java:1508)
	at java.io.ObjectOutputStream.writeOrdinaryObject(ObjectOutputStream.java:1431)
	at java.io.ObjectOutputStream.writeObject0(ObjectOutputStream.java:1177)
	at java.io.ObjectOutputStream.defaultWriteFields(ObjectOutputStream.java:1547)
	at java.io.ObjectOutputStream.writeSerialData(ObjectOutputStream.java:1508)
	at java.io.ObjectOutputStream.writeOrdinaryObject(ObjectOutputStream.java:1431)
	at java.io.ObjectOutputStream.writeObject0(ObjectOutputStream.java:1177)
	at java.io.ObjectOutputStream.writeObject(ObjectOutputStream.java:347)
	at org.apache.catalina.session.StandardSession.writeObject(StandardSession.java:1700)
	at org.apache.catalina.session.StandardSession.writeObjectData(StandardSession.java:1092)
	at org.apache.catalina.session.StandardManager.doUnload(StandardManager.java:405)
	at org.apache.catalina.session.StandardManager.unload(StandardManager.java:323)
	at org.apache.catalina.session.StandardManager.stopInternal(StandardManager.java:493)
	at org.apache.catalina.util.LifecycleBase.stop(LifecycleBase.java:221)
	at org.apache.catalina.core.StandardContext.stopInternal(StandardContext.java:5825)
	at org.apache.catalina.util.LifecycleBase.stop(LifecycleBase.java:221)
	at org.apache.catalina.core.ContainerBase$StopChild.call(ContainerBase.java:1587)
	at org.apache.catalina.core.ContainerBase$StopChild.call(ContainerBase.java:1576)
	at java.util.concurrent.FutureTask.run(FutureTask.java:262)
	at java.util.concurrent.ThreadPoolExecutor.runWorker(ThreadPoolExecutor.java:1152)
	at java.util.concurrent.ThreadPoolExecutor$Worker.run(ThreadPoolExecutor.java:622)
	at java.lang.Thread.run(Thread.java:748)

Out 25, 2017 7:52:45 PM org.apache.catalina.session.StandardSession writeObject
ADVERTÊNCIA: Cannot serialize session attribute org.jboss.weld.context.http.HttpSessionContext#org.jboss.weld.bean-flat-ManagedBean-class org.jboss.dashboard.ui.components.DashboardHandler for session E3393E9A067BC32065FFA7B1F0045270
java.io.NotSerializableException: org.jboss.dashboard.ui.Dashboard
	at java.io.ObjectOutputStream.writeObject0(ObjectOutputStream.java:1183)
	at java.io.ObjectOutputStream.defaultWriteFields(ObjectOutputStream.java:1547)
	at java.io.ObjectOutputStream.writeSerialData(ObjectOutputStream.java:1508)
	at java.io.ObjectOutputStream.writeOrdinaryObject(ObjectOutputStream.java:1431)
	at java.io.ObjectOutputStream.writeObject0(ObjectOutputStream.java:1177)
	at java.io.ObjectOutputStream.defaultWriteFields(ObjectOutputStream.java:1547)
	at java.io.ObjectOutputStream.writeSerialData(ObjectOutputStream.java:1508)
	at java.io.ObjectOutputStream.writeOrdinaryObject(ObjectOutputStream.java:1431)
	at java.io.ObjectOutputStream.writeObject0(ObjectOutputStream.java:1177)
	at java.io.ObjectOutputStream.writeObject(ObjectOutputStream.java:347)
	at org.apache.catalina.session.StandardSession.writeObject(StandardSession.java:1700)
	at org.apache.catalina.session.StandardSession.writeObjectData(StandardSession.java:1092)
	at org.apache.catalina.session.StandardManager.doUnload(StandardManager.java:405)
	at org.apache.catalina.session.StandardManager.unload(StandardManager.java:323)
	at org.apache.catalina.session.StandardManager.stopInternal(StandardManager.java:493)
	at org.apache.catalina.util.LifecycleBase.stop(LifecycleBase.java:221)
	at org.apache.catalina.core.StandardContext.stopInternal(StandardContext.java:5825)
	at org.apache.catalina.util.LifecycleBase.stop(LifecycleBase.java:221)
	at org.apache.catalina.core.ContainerBase$StopChild.call(ContainerBase.java:1587)
	at org.apache.catalina.core.ContainerBase$StopChild.call(ContainerBase.java:1576)
	at java.util.concurrent.FutureTask.run(FutureTask.java:262)
	at java.util.concurrent.ThreadPoolExecutor.runWorker(ThreadPoolExecutor.java:1152)
	at java.util.concurrent.ThreadPoolExecutor$Worker.run(ThreadPoolExecutor.java:622)
	at java.lang.Thread.run(Thread.java:748)

Out 25, 2017 7:53:19 PM org.apache.catalina.session.StandardSession readObject
ADVERTÊNCIA: Cannot deserialize session attribute org.jboss.weld.context.http.HttpSessionContext#org.jboss.weld.bean-flat-ManagedBean-class org.jboss.dashboard.dataset.DataSetManagerImpl for session E3393E9A067BC32065FFA7B1F0045270
Out 25, 2017 7:53:28 PM org.apache.catalina.core.ApplicationContext log
INFORMAÇÕES: ContextListener: contextInitialized()
Out 25, 2017 7:53:28 PM org.apache.catalina.core.ApplicationContext log
INFORMAÇÕES: SessionListener: contextInitialized()
Out 25, 2017 7:53:28 PM org.apache.catalina.core.ApplicationContext log
INFORMAÇÕES: ContextListener: attributeAdded('org.apache.jasper.compiler.TldLocationsCache', 'org.apache.jasper.compiler.TldLocationsCache@3dbe15bc')
Out 25, 2017 7:54:22 PM org.apache.catalina.core.ApplicationContext log
INFORMAÇÕES: SessionListener: contextDestroyed()
Out 25, 2017 7:54:22 PM org.apache.catalina.core.ApplicationContext log
INFORMAÇÕES: ContextListener: contextDestroyed()
Out 25, 2017 7:54:27 PM org.apache.catalina.session.StandardSession writeObject
ADVERTÊNCIA: Cannot serialize session attribute org.jboss.weld.context.http.HttpSessionContext#org.jboss.weld.bean-flat-ManagedBean-class org.jboss.dashboard.dataset.DataSetManagerImpl for session 0F046529D099A86ADC408E68F1B53B9B
java.io.NotSerializableException: org.jboss.dashboard.dataset.DataSetManagerImpl$DataSetHolder
	at java.io.ObjectOutputStream.writeObject0(ObjectOutputStream.java:1183)
	at java.io.ObjectOutputStream.writeObject(ObjectOutputStream.java:347)
	at java.util.HashMap.writeObject(HashMap.java:1129)
	at sun.reflect.NativeMethodAccessorImpl.invoke0(Native Method)
	at sun.reflect.NativeMethodAccessorImpl.invoke(NativeMethodAccessorImpl.java:57)
	at sun.reflect.DelegatingMethodAccessorImpl.invoke(DelegatingMethodAccessorImpl.java:43)
	at java.lang.reflect.Method.invoke(Method.java:606)
	at java.io.ObjectStreamClass.invokeWriteObject(ObjectStreamClass.java:1028)
	at java.io.ObjectOutputStream.writeSerialData(ObjectOutputStream.java:1495)
	at java.io.ObjectOutputStream.writeOrdinaryObject(ObjectOutputStream.java:1431)
	at java.io.ObjectOutputStream.writeObject0(ObjectOutputStream.java:1177)
	at java.io.ObjectOutputStream.defaultWriteFields(ObjectOutputStream.java:1547)
	at java.io.ObjectOutputStream.writeSerialData(ObjectOutputStream.java:1508)
	at java.io.ObjectOutputStream.writeOrdinaryObject(ObjectOutputStream.java:1431)
	at java.io.ObjectOutputStream.writeObject0(ObjectOutputStream.java:1177)
	at java.io.ObjectOutputStream.defaultWriteFields(ObjectOutputStream.java:1547)
	at java.io.ObjectOutputStream.writeSerialData(ObjectOutputStream.java:1508)
	at java.io.ObjectOutputStream.writeOrdinaryObject(ObjectOutputStream.java:1431)
	at java.io.ObjectOutputStream.writeObject0(ObjectOutputStream.java:1177)
	at java.io.ObjectOutputStream.writeObject(ObjectOutputStream.java:347)
	at org.apache.catalina.session.StandardSession.writeObject(StandardSession.java:1700)
	at org.apache.catalina.session.StandardSession.writeObjectData(StandardSession.java:1092)
	at org.apache.catalina.session.StandardManager.doUnload(StandardManager.java:405)
	at org.apache.catalina.session.StandardManager.unload(StandardManager.java:323)
	at org.apache.catalina.session.StandardManager.stopInternal(StandardManager.java:493)
	at org.apache.catalina.util.LifecycleBase.stop(LifecycleBase.java:221)
	at org.apache.catalina.core.StandardContext.stopInternal(StandardContext.java:5825)
	at org.apache.catalina.util.LifecycleBase.stop(LifecycleBase.java:221)
	at org.apache.catalina.core.ContainerBase$StopChild.call(ContainerBase.java:1587)
	at org.apache.catalina.core.ContainerBase$StopChild.call(ContainerBase.java:1576)
	at java.util.concurrent.FutureTask.run(FutureTask.java:262)
	at java.util.concurrent.ThreadPoolExecutor.runWorker(ThreadPoolExecutor.java:1152)
	at java.util.concurrent.ThreadPoolExecutor$Worker.run(ThreadPoolExecutor.java:622)
	at java.lang.Thread.run(Thread.java:748)

Out 25, 2017 7:54:27 PM org.apache.catalina.session.StandardSession writeObject
ADVERTÊNCIA: Cannot serialize session attribute org.jboss.weld.context.http.HttpSessionContext#org.jboss.weld.bean-flat-ManagedBean-class org.jboss.dashboard.ui.config.components.section.SectionPropertiesHandler for session 0F046529D099A86ADC408E68F1B53B9B
java.io.NotSerializableException: org.jboss.dashboard.workspace.Section
	at java.io.ObjectOutputStream.writeObject0(ObjectOutputStream.java:1183)
	at java.io.ObjectOutputStream.defaultWriteFields(ObjectOutputStream.java:1547)
	at java.io.ObjectOutputStream.writeSerialData(ObjectOutputStream.java:1508)
	at java.io.ObjectOutputStream.writeOrdinaryObject(ObjectOutputStream.java:1431)
	at java.io.ObjectOutputStream.writeObject0(ObjectOutputStream.java:1177)
	at java.io.ObjectOutputStream.defaultWriteFields(ObjectOutputStream.java:1547)
	at java.io.ObjectOutputStream.writeSerialData(ObjectOutputStream.java:1508)
	at java.io.ObjectOutputStream.writeOrdinaryObject(ObjectOutputStream.java:1431)
	at java.io.ObjectOutputStream.writeObject0(ObjectOutputStream.java:1177)
	at java.io.ObjectOutputStream.defaultWriteFields(ObjectOutputStream.java:1547)
	at java.io.ObjectOutputStream.writeSerialData(ObjectOutputStream.java:1508)
	at java.io.ObjectOutputStream.writeOrdinaryObject(ObjectOutputStream.java:1431)
	at java.io.ObjectOutputStream.writeObject0(ObjectOutputStream.java:1177)
	at java.io.ObjectOutputStream.writeObject(ObjectOutputStream.java:347)
	at org.apache.catalina.session.StandardSession.writeObject(StandardSession.java:1700)
	at org.apache.catalina.session.StandardSession.writeObjectData(StandardSession.java:1092)
	at org.apache.catalina.session.StandardManager.doUnload(StandardManager.java:405)
	at org.apache.catalina.session.StandardManager.unload(StandardManager.java:323)
	at org.apache.catalina.session.StandardManager.stopInternal(StandardManager.java:493)
	at org.apache.catalina.util.LifecycleBase.stop(LifecycleBase.java:221)
	at org.apache.catalina.core.StandardContext.stopInternal(StandardContext.java:5825)
	at org.apache.catalina.util.LifecycleBase.stop(LifecycleBase.java:221)
	at org.apache.catalina.core.ContainerBase$StopChild.call(ContainerBase.java:1587)
	at org.apache.catalina.core.ContainerBase$StopChild.call(ContainerBase.java:1576)
	at java.util.concurrent.FutureTask.run(FutureTask.java:262)
	at java.util.concurrent.ThreadPoolExecutor.runWorker(ThreadPoolExecutor.java:1152)
	at java.util.concurrent.ThreadPoolExecutor$Worker.run(ThreadPoolExecutor.java:622)
	at java.lang.Thread.run(Thread.java:748)

Out 25, 2017 7:54:27 PM org.apache.catalina.session.StandardSession writeObject
ADVERTÊNCIA: Cannot serialize session attribute org.jboss.weld.context.http.HttpSessionContext#org.jboss.weld.bean-flat-ManagedBean-class org.jboss.dashboard.ui.components.DashboardHandler for session 0F046529D099A86ADC408E68F1B53B9B
java.io.NotSerializableException: org.jboss.dashboard.ui.Dashboard
	at java.io.ObjectOutputStream.writeObject0(ObjectOutputStream.java:1183)
	at java.io.ObjectOutputStream.defaultWriteFields(ObjectOutputStream.java:1547)
	at java.io.ObjectOutputStream.writeSerialData(ObjectOutputStream.java:1508)
	at java.io.ObjectOutputStream.writeOrdinaryObject(ObjectOutputStream.java:1431)
	at java.io.ObjectOutputStream.writeObject0(ObjectOutputStream.java:1177)
	at java.io.ObjectOutputStream.defaultWriteFields(ObjectOutputStream.java:1547)
	at java.io.ObjectOutputStream.writeSerialData(ObjectOutputStream.java:1508)
	at java.io.ObjectOutputStream.writeOrdinaryObject(ObjectOutputStream.java:1431)
	at java.io.ObjectOutputStream.writeObject0(ObjectOutputStream.java:1177)
	at java.io.ObjectOutputStream.writeObject(ObjectOutputStream.java:347)
	at org.apache.catalina.session.StandardSession.writeObject(StandardSession.java:1700)
	at org.apache.catalina.session.StandardSession.writeObjectData(StandardSession.java:1092)
	at org.apache.catalina.session.StandardManager.doUnload(StandardManager.java:405)
	at org.apache.catalina.session.StandardManager.unload(StandardManager.java:323)
	at org.apache.catalina.session.StandardManager.stopInternal(StandardManager.java:493)
	at org.apache.catalina.util.LifecycleBase.stop(LifecycleBase.java:221)
	at org.apache.catalina.core.StandardContext.stopInternal(StandardContext.java:5825)
	at org.apache.catalina.util.LifecycleBase.stop(LifecycleBase.java:221)
	at org.apache.catalina.core.ContainerBase$StopChild.call(ContainerBase.java:1587)
	at org.apache.catalina.core.ContainerBase$StopChild.call(ContainerBase.java:1576)
	at java.util.concurrent.FutureTask.run(FutureTask.java:262)
	at java.util.concurrent.ThreadPoolExecutor.runWorker(ThreadPoolExecutor.java:1152)
	at java.util.concurrent.ThreadPoolExecutor$Worker.run(ThreadPoolExecutor.java:622)
	at java.lang.Thread.run(Thread.java:748)

Out 25, 2017 7:54:58 PM org.apache.catalina.session.StandardSession readObject
ADVERTÊNCIA: Cannot deserialize session attribute org.jboss.weld.context.http.HttpSessionContext#org.jboss.weld.bean-flat-ManagedBean-class org.jboss.dashboard.dataset.DataSetManagerImpl for session 0F046529D099A86ADC408E68F1B53B9B
Out 25, 2017 7:55:07 PM org.apache.catalina.core.ApplicationContext log
INFORMAÇÕES: ContextListener: contextInitialized()
Out 25, 2017 7:55:07 PM org.apache.catalina.core.ApplicationContext log
INFORMAÇÕES: SessionListener: contextInitialized()
Out 25, 2017 7:55:07 PM org.apache.catalina.core.ApplicationContext log
INFORMAÇÕES: ContextListener: attributeAdded('org.apache.jasper.compiler.TldLocationsCache', 'org.apache.jasper.compiler.TldLocationsCache@12d8c691')
Out 25, 2017 8:02:56 PM org.apache.catalina.core.ApplicationContext log
INFORMAÇÕES: SessionListener: contextDestroyed()
Out 25, 2017 8:02:56 PM org.apache.catalina.core.ApplicationContext log
INFORMAÇÕES: ContextListener: contextDestroyed()
Out 25, 2017 8:03:00 PM org.apache.catalina.session.StandardSession writeObject
ADVERTÊNCIA: Cannot serialize session attribute org.jboss.weld.context.http.HttpSessionContext#org.jboss.weld.bean-flat-ManagedBean-class org.jboss.dashboard.dataset.DataSetManagerImpl for session EAB228883D673BAB6D2CA732858D10C6
java.io.NotSerializableException: org.jboss.dashboard.dataset.DataSetManagerImpl$DataSetHolder
	at java.io.ObjectOutputStream.writeObject0(ObjectOutputStream.java:1183)
	at java.io.ObjectOutputStream.writeObject(ObjectOutputStream.java:347)
	at java.util.HashMap.writeObject(HashMap.java:1129)
	at sun.reflect.NativeMethodAccessorImpl.invoke0(Native Method)
	at sun.reflect.NativeMethodAccessorImpl.invoke(NativeMethodAccessorImpl.java:57)
	at sun.reflect.DelegatingMethodAccessorImpl.invoke(DelegatingMethodAccessorImpl.java:43)
	at java.lang.reflect.Method.invoke(Method.java:606)
	at java.io.ObjectStreamClass.invokeWriteObject(ObjectStreamClass.java:1028)
	at java.io.ObjectOutputStream.writeSerialData(ObjectOutputStream.java:1495)
	at java.io.ObjectOutputStream.writeOrdinaryObject(ObjectOutputStream.java:1431)
	at java.io.ObjectOutputStream.writeObject0(ObjectOutputStream.java:1177)
	at java.io.ObjectOutputStream.defaultWriteFields(ObjectOutputStream.java:1547)
	at java.io.ObjectOutputStream.writeSerialData(ObjectOutputStream.java:1508)
	at java.io.ObjectOutputStream.writeOrdinaryObject(ObjectOutputStream.java:1431)
	at java.io.ObjectOutputStream.writeObject0(ObjectOutputStream.java:1177)
	at java.io.ObjectOutputStream.defaultWriteFields(ObjectOutputStream.java:1547)
	at java.io.ObjectOutputStream.writeSerialData(ObjectOutputStream.java:1508)
	at java.io.ObjectOutputStream.writeOrdinaryObject(ObjectOutputStream.java:1431)
	at java.io.ObjectOutputStream.writeObject0(ObjectOutputStream.java:1177)
	at java.io.ObjectOutputStream.writeObject(ObjectOutputStream.java:347)
	at org.apache.catalina.session.StandardSession.writeObject(StandardSession.java:1700)
	at org.apache.catalina.session.StandardSession.writeObjectData(StandardSession.java:1092)
	at org.apache.catalina.session.StandardManager.doUnload(StandardManager.java:405)
	at org.apache.catalina.session.StandardManager.unload(StandardManager.java:323)
	at org.apache.catalina.session.StandardManager.stopInternal(StandardManager.java:493)
	at org.apache.catalina.util.LifecycleBase.stop(LifecycleBase.java:221)
	at org.apache.catalina.core.StandardContext.stopInternal(StandardContext.java:5825)
	at org.apache.catalina.util.LifecycleBase.stop(LifecycleBase.java:221)
	at org.apache.catalina.core.ContainerBase$StopChild.call(ContainerBase.java:1587)
	at org.apache.catalina.core.ContainerBase$StopChild.call(ContainerBase.java:1576)
	at java.util.concurrent.FutureTask.run(FutureTask.java:262)
	at java.util.concurrent.ThreadPoolExecutor.runWorker(ThreadPoolExecutor.java:1152)
	at java.util.concurrent.ThreadPoolExecutor$Worker.run(ThreadPoolExecutor.java:622)
	at java.lang.Thread.run(Thread.java:748)

Out 25, 2017 8:03:00 PM org.apache.catalina.session.StandardSession writeObject
ADVERTÊNCIA: Cannot serialize session attribute org.jboss.weld.context.http.HttpSessionContext#org.jboss.weld.bean-flat-ManagedBean-class org.jboss.dashboard.ui.components.ModalDialogComponent for session EAB228883D673BAB6D2CA732858D10C6
java.io.NotSerializableException: org.jboss.dashboard.ui.panel.PopupPanelsHandler$1
	at java.io.ObjectOutputStream.writeObject0(ObjectOutputStream.java:1183)
	at java.io.ObjectOutputStream.defaultWriteFields(ObjectOutputStream.java:1547)
	at java.io.ObjectOutputStream.writeSerialData(ObjectOutputStream.java:1508)
	at java.io.ObjectOutputStream.writeOrdinaryObject(ObjectOutputStream.java:1431)
	at java.io.ObjectOutputStream.writeObject0(ObjectOutputStream.java:1177)
	at java.io.ObjectOutputStream.defaultWriteFields(ObjectOutputStream.java:1547)
	at java.io.ObjectOutputStream.writeSerialData(ObjectOutputStream.java:1508)
	at java.io.ObjectOutputStream.writeOrdinaryObject(ObjectOutputStream.java:1431)
	at java.io.ObjectOutputStream.writeObject0(ObjectOutputStream.java:1177)
	at java.io.ObjectOutputStream.writeObject(ObjectOutputStream.java:347)
	at org.apache.catalina.session.StandardSession.writeObject(StandardSession.java:1700)
	at org.apache.catalina.session.StandardSession.writeObjectData(StandardSession.java:1092)
	at org.apache.catalina.session.StandardManager.doUnload(StandardManager.java:405)
	at org.apache.catalina.session.StandardManager.unload(StandardManager.java:323)
	at org.apache.catalina.session.StandardManager.stopInternal(StandardManager.java:493)
	at org.apache.catalina.util.LifecycleBase.stop(LifecycleBase.java:221)
	at org.apache.catalina.core.StandardContext.stopInternal(StandardContext.java:5825)
	at org.apache.catalina.util.LifecycleBase.stop(LifecycleBase.java:221)
	at org.apache.catalina.core.ContainerBase$StopChild.call(ContainerBase.java:1587)
	at org.apache.catalina.core.ContainerBase$StopChild.call(ContainerBase.java:1576)
	at java.util.concurrent.FutureTask.run(FutureTask.java:262)
	at java.util.concurrent.ThreadPoolExecutor.runWorker(ThreadPoolExecutor.java:1152)
	at java.util.concurrent.ThreadPoolExecutor$Worker.run(ThreadPoolExecutor.java:622)
	at java.lang.Thread.run(Thread.java:748)

Out 25, 2017 8:03:00 PM org.apache.catalina.session.StandardSession writeObject
ADVERTÊNCIA: Cannot serialize session attribute org.jboss.weld.context.http.HttpSessionContext#org.jboss.weld.bean-flat-ManagedBean-class org.jboss.dashboard.ui.components.DashboardHandler for session EAB228883D673BAB6D2CA732858D10C6
java.io.NotSerializableException: org.jboss.dashboard.ui.Dashboard
	at java.io.ObjectOutputStream.writeObject0(ObjectOutputStream.java:1183)
	at java.io.ObjectOutputStream.defaultWriteFields(ObjectOutputStream.java:1547)
	at java.io.ObjectOutputStream.writeSerialData(ObjectOutputStream.java:1508)
	at java.io.ObjectOutputStream.writeOrdinaryObject(ObjectOutputStream.java:1431)
	at java.io.ObjectOutputStream.writeObject0(ObjectOutputStream.java:1177)
	at java.io.ObjectOutputStream.defaultWriteFields(ObjectOutputStream.java:1547)
	at java.io.ObjectOutputStream.writeSerialData(ObjectOutputStream.java:1508)
	at java.io.ObjectOutputStream.writeOrdinaryObject(ObjectOutputStream.java:1431)
	at java.io.ObjectOutputStream.writeObject0(ObjectOutputStream.java:1177)
	at java.io.ObjectOutputStream.writeObject(ObjectOutputStream.java:347)
	at org.apache.catalina.session.StandardSession.writeObject(StandardSession.java:1700)
	at org.apache.catalina.session.StandardSession.writeObjectData(StandardSession.java:1092)
	at org.apache.catalina.session.StandardManager.doUnload(StandardManager.java:405)
	at org.apache.catalina.session.StandardManager.unload(StandardManager.java:323)
	at org.apache.catalina.session.StandardManager.stopInternal(StandardManager.java:493)
	at org.apache.catalina.util.LifecycleBase.stop(LifecycleBase.java:221)
	at org.apache.catalina.core.StandardContext.stopInternal(StandardContext.java:5825)
	at org.apache.catalina.util.LifecycleBase.stop(LifecycleBase.java:221)
	at org.apache.catalina.core.ContainerBase$StopChild.call(ContainerBase.java:1587)
	at org.apache.catalina.core.ContainerBase$StopChild.call(ContainerBase.java:1576)
	at java.util.concurrent.FutureTask.run(FutureTask.java:262)
	at java.util.concurrent.ThreadPoolExecutor.runWorker(ThreadPoolExecutor.java:1152)
	at java.util.concurrent.ThreadPoolExecutor$Worker.run(ThreadPoolExecutor.java:622)
	at java.lang.Thread.run(Thread.java:748)

Out 25, 2017 8:03:00 PM org.apache.catalina.session.StandardSession writeObject
ADVERTÊNCIA: Cannot serialize session attribute org.jboss.weld.context.http.HttpSessionContext#org.jboss.weld.bean-flat-ManagedBean-class org.jboss.dashboard.ui.config.components.section.SectionPropertiesHandler for session EAB228883D673BAB6D2CA732858D10C6
java.io.NotSerializableException: org.jboss.dashboard.workspace.Section
	at java.io.ObjectOutputStream.writeObject0(ObjectOutputStream.java:1183)
	at java.io.ObjectOutputStream.defaultWriteFields(ObjectOutputStream.java:1547)
	at java.io.ObjectOutputStream.writeSerialData(ObjectOutputStream.java:1508)
	at java.io.ObjectOutputStream.writeOrdinaryObject(ObjectOutputStream.java:1431)
	at java.io.ObjectOutputStream.writeObject0(ObjectOutputStream.java:1177)
	at java.io.ObjectOutputStream.defaultWriteFields(ObjectOutputStream.java:1547)
	at java.io.ObjectOutputStream.writeSerialData(ObjectOutputStream.java:1508)
	at java.io.ObjectOutputStream.writeOrdinaryObject(ObjectOutputStream.java:1431)
	at java.io.ObjectOutputStream.writeObject0(ObjectOutputStream.java:1177)
	at java.io.ObjectOutputStream.defaultWriteFields(ObjectOutputStream.java:1547)
	at java.io.ObjectOutputStream.writeSerialData(ObjectOutputStream.java:1508)
	at java.io.ObjectOutputStream.writeOrdinaryObject(ObjectOutputStream.java:1431)
	at java.io.ObjectOutputStream.writeObject0(ObjectOutputStream.java:1177)
	at java.io.ObjectOutputStream.writeObject(ObjectOutputStream.java:347)
	at org.apache.catalina.session.StandardSession.writeObject(StandardSession.java:1700)
	at org.apache.catalina.session.StandardSession.writeObjectData(StandardSession.java:1092)
	at org.apache.catalina.session.StandardManager.doUnload(StandardManager.java:405)
	at org.apache.catalina.session.StandardManager.unload(StandardManager.java:323)
	at org.apache.catalina.session.StandardManager.stopInternal(StandardManager.java:493)
	at org.apache.catalina.util.LifecycleBase.stop(LifecycleBase.java:221)
	at org.apache.catalina.core.StandardContext.stopInternal(StandardContext.java:5825)
	at org.apache.catalina.util.LifecycleBase.stop(LifecycleBase.java:221)
	at org.apache.catalina.core.ContainerBase$StopChild.call(ContainerBase.java:1587)
	at org.apache.catalina.core.ContainerBase$StopChild.call(ContainerBase.java:1576)
	at java.util.concurrent.FutureTask.run(FutureTask.java:262)
	at java.util.concurrent.ThreadPoolExecutor.runWorker(ThreadPoolExecutor.java:1152)
	at java.util.concurrent.ThreadPoolExecutor$Worker.run(ThreadPoolExecutor.java:622)
	at java.lang.Thread.run(Thread.java:748)

Out 25, 2017 8:03:18 PM org.apache.catalina.session.StandardSession readObject
ADVERTÊNCIA: Cannot deserialize session attribute org.jboss.weld.context.http.HttpSessionContext#org.jboss.weld.bean-flat-ManagedBean-class org.jboss.dashboard.dataset.DataSetManagerImpl for session EAB228883D673BAB6D2CA732858D10C6
Out 25, 2017 8:03:26 PM org.apache.catalina.core.ApplicationContext log
INFORMAÇÕES: ContextListener: contextInitialized()
Out 25, 2017 8:03:26 PM org.apache.catalina.core.ApplicationContext log
INFORMAÇÕES: SessionListener: contextInitialized()
Out 25, 2017 8:03:26 PM org.apache.catalina.core.ApplicationContext log
INFORMAÇÕES: ContextListener: attributeAdded('org.apache.jasper.compiler.TldLocationsCache', 'org.apache.jasper.compiler.TldLocationsCache@55d46341')
Out 25, 2017 8:04:42 PM org.apache.catalina.session.StandardSession writeObject
ADVERTÊNCIA: Cannot serialize session attribute org.jboss.weld.context.http.HttpSessionContext#org.jboss.weld.bean-flat-ManagedBean-class org.jboss.dashboard.dataset.DataSetManagerImpl for session 81F2EBD75CB86CC957516EDFDAB23AE9
java.io.NotSerializableException: org.jboss.dashboard.dataset.DataSetManagerImpl$DataSetHolder
	at java.io.ObjectOutputStream.writeObject0(ObjectOutputStream.java:1183)
	at java.io.ObjectOutputStream.writeObject(ObjectOutputStream.java:347)
	at java.util.HashMap.writeObject(HashMap.java:1129)
	at sun.reflect.NativeMethodAccessorImpl.invoke0(Native Method)
	at sun.reflect.NativeMethodAccessorImpl.invoke(NativeMethodAccessorImpl.java:57)
	at sun.reflect.DelegatingMethodAccessorImpl.invoke(DelegatingMethodAccessorImpl.java:43)
	at java.lang.reflect.Method.invoke(Method.java:606)
	at java.io.ObjectStreamClass.invokeWriteObject(ObjectStreamClass.java:1028)
	at java.io.ObjectOutputStream.writeSerialData(ObjectOutputStream.java:1495)
	at java.io.ObjectOutputStream.writeOrdinaryObject(ObjectOutputStream.java:1431)
	at java.io.ObjectOutputStream.writeObject0(ObjectOutputStream.java:1177)
	at java.io.ObjectOutputStream.defaultWriteFields(ObjectOutputStream.java:1547)
	at java.io.ObjectOutputStream.writeSerialData(ObjectOutputStream.java:1508)
	at java.io.ObjectOutputStream.writeOrdinaryObject(ObjectOutputStream.java:1431)
	at java.io.ObjectOutputStream.writeObject0(ObjectOutputStream.java:1177)
	at java.io.ObjectOutputStream.defaultWriteFields(ObjectOutputStream.java:1547)
	at java.io.ObjectOutputStream.writeSerialData(ObjectOutputStream.java:1508)
	at java.io.ObjectOutputStream.writeOrdinaryObject(ObjectOutputStream.java:1431)
	at java.io.ObjectOutputStream.writeObject0(ObjectOutputStream.java:1177)
	at java.io.ObjectOutputStream.writeObject(ObjectOutputStream.java:347)
	at org.apache.catalina.session.StandardSession.writeObject(StandardSession.java:1700)
	at org.apache.catalina.session.StandardSession.writeObjectData(StandardSession.java:1092)
	at org.apache.catalina.session.StandardManager.doUnload(StandardManager.java:405)
	at org.apache.catalina.session.StandardManager.unload(StandardManager.java:323)
	at org.apache.catalina.session.StandardManager.stopInternal(StandardManager.java:493)
	at org.apache.catalina.util.LifecycleBase.stop(LifecycleBase.java:221)
	at org.apache.catalina.core.StandardContext.stopInternal(StandardContext.java:5825)
	at org.apache.catalina.util.LifecycleBase.stop(LifecycleBase.java:221)
	at org.apache.catalina.core.ContainerBase.removeChild(ContainerBase.java:1019)
	at org.apache.catalina.startup.HostConfig.undeploy(HostConfig.java:1598)
	at org.apache.catalina.startup.HostConfig.checkResources(HostConfig.java:1524)
	at org.apache.catalina.startup.HostConfig.check(HostConfig.java:1784)
	at org.apache.catalina.startup.HostConfig.lifecycleEvent(HostConfig.java:366)
	at org.apache.catalina.util.LifecycleSupport.fireLifecycleEvent(LifecycleSupport.java:117)
	at org.apache.catalina.util.LifecycleBase.fireLifecycleEvent(LifecycleBase.java:90)
	at org.apache.catalina.core.ContainerBase.backgroundProcess(ContainerBase.java:1370)
	at org.apache.catalina.core.ContainerBase$ContainerBackgroundProcessor.processChildren(ContainerBase.java:1542)
	at org.apache.catalina.core.ContainerBase$ContainerBackgroundProcessor.processChildren(ContainerBase.java:1552)
	at org.apache.catalina.core.ContainerBase$ContainerBackgroundProcessor.run(ContainerBase.java:1520)
	at java.lang.Thread.run(Thread.java:748)

Out 25, 2017 8:04:42 PM org.apache.catalina.session.StandardSession writeObject
ADVERTÊNCIA: Cannot serialize session attribute org.jboss.weld.context.http.HttpSessionContext#org.jboss.weld.bean-flat-ManagedBean-class org.jboss.dashboard.ui.components.DashboardHandler for session 81F2EBD75CB86CC957516EDFDAB23AE9
java.io.NotSerializableException: org.jboss.dashboard.ui.Dashboard
	at java.io.ObjectOutputStream.writeObject0(ObjectOutputStream.java:1183)
	at java.io.ObjectOutputStream.defaultWriteFields(ObjectOutputStream.java:1547)
	at java.io.ObjectOutputStream.writeSerialData(ObjectOutputStream.java:1508)
	at java.io.ObjectOutputStream.writeOrdinaryObject(ObjectOutputStream.java:1431)
	at java.io.ObjectOutputStream.writeObject0(ObjectOutputStream.java:1177)
	at java.io.ObjectOutputStream.defaultWriteFields(ObjectOutputStream.java:1547)
	at java.io.ObjectOutputStream.writeSerialData(ObjectOutputStream.java:1508)
	at java.io.ObjectOutputStream.writeOrdinaryObject(ObjectOutputStream.java:1431)
	at java.io.ObjectOutputStream.writeObject0(ObjectOutputStream.java:1177)
	at java.io.ObjectOutputStream.writeObject(ObjectOutputStream.java:347)
	at org.apache.catalina.session.StandardSession.writeObject(StandardSession.java:1700)
	at org.apache.catalina.session.StandardSession.writeObjectData(StandardSession.java:1092)
	at org.apache.catalina.session.StandardManager.doUnload(StandardManager.java:405)
	at org.apache.catalina.session.StandardManager.unload(StandardManager.java:323)
	at org.apache.catalina.session.StandardManager.stopInternal(StandardManager.java:493)
	at org.apache.catalina.util.LifecycleBase.stop(LifecycleBase.java:221)
	at org.apache.catalina.core.StandardContext.stopInternal(StandardContext.java:5825)
	at org.apache.catalina.util.LifecycleBase.stop(LifecycleBase.java:221)
	at org.apache.catalina.core.ContainerBase.removeChild(ContainerBase.java:1019)
	at org.apache.catalina.startup.HostConfig.undeploy(HostConfig.java:1598)
	at org.apache.catalina.startup.HostConfig.checkResources(HostConfig.java:1524)
	at org.apache.catalina.startup.HostConfig.check(HostConfig.java:1784)
	at org.apache.catalina.startup.HostConfig.lifecycleEvent(HostConfig.java:366)
	at org.apache.catalina.util.LifecycleSupport.fireLifecycleEvent(LifecycleSupport.java:117)
	at org.apache.catalina.util.LifecycleBase.fireLifecycleEvent(LifecycleBase.java:90)
	at org.apache.catalina.core.ContainerBase.backgroundProcess(ContainerBase.java:1370)
	at org.apache.catalina.core.ContainerBase$ContainerBackgroundProcessor.processChildren(ContainerBase.java:1542)
	at org.apache.catalina.core.ContainerBase$ContainerBackgroundProcessor.processChildren(ContainerBase.java:1552)
	at org.apache.catalina.core.ContainerBase$ContainerBackgroundProcessor.run(ContainerBase.java:1520)
	at java.lang.Thread.run(Thread.java:748)

Out 25, 2017 8:06:45 PM org.apache.catalina.core.ApplicationContext log
INFORMAÇÕES: SessionListener: contextDestroyed()
Out 25, 2017 8:06:45 PM org.apache.catalina.core.ApplicationContext log
INFORMAÇÕES: ContextListener: contextDestroyed()
Out 25, 2017 8:07:23 PM org.apache.catalina.core.ApplicationContext log
INFORMAÇÕES: ContextListener: contextInitialized()
Out 25, 2017 8:07:23 PM org.apache.catalina.core.ApplicationContext log
INFORMAÇÕES: SessionListener: contextInitialized()
Out 25, 2017 8:07:23 PM org.apache.catalina.core.ApplicationContext log
INFORMAÇÕES: ContextListener: attributeAdded('org.apache.jasper.compiler.TldLocationsCache', 'org.apache.jasper.compiler.TldLocationsCache@6770085c')
Out 25, 2017 8:11:29 PM org.apache.catalina.core.ApplicationContext log
INFORMAÇÕES: SessionListener: contextDestroyed()
Out 25, 2017 8:11:29 PM org.apache.catalina.core.ApplicationContext log
INFORMAÇÕES: ContextListener: contextDestroyed()
Out 25, 2017 8:11:33 PM org.apache.catalina.session.StandardSession writeObject
ADVERTÊNCIA: Cannot serialize session attribute org.jboss.weld.context.http.HttpSessionContext#org.jboss.weld.bean-flat-ManagedBean-class org.jboss.dashboard.dataset.DataSetManagerImpl for session 31D1B6DE31F01F52FB13CEE9FC3D8B36
java.io.NotSerializableException: org.jboss.dashboard.dataset.DataSetManagerImpl$DataSetHolder
	at java.io.ObjectOutputStream.writeObject0(ObjectOutputStream.java:1183)
	at java.io.ObjectOutputStream.writeObject(ObjectOutputStream.java:347)
	at java.util.HashMap.writeObject(HashMap.java:1129)
	at sun.reflect.NativeMethodAccessorImpl.invoke0(Native Method)
	at sun.reflect.NativeMethodAccessorImpl.invoke(NativeMethodAccessorImpl.java:57)
	at sun.reflect.DelegatingMethodAccessorImpl.invoke(DelegatingMethodAccessorImpl.java:43)
	at java.lang.reflect.Method.invoke(Method.java:606)
	at java.io.ObjectStreamClass.invokeWriteObject(ObjectStreamClass.java:1028)
	at java.io.ObjectOutputStream.writeSerialData(ObjectOutputStream.java:1495)
	at java.io.ObjectOutputStream.writeOrdinaryObject(ObjectOutputStream.java:1431)
	at java.io.ObjectOutputStream.writeObject0(ObjectOutputStream.java:1177)
	at java.io.ObjectOutputStream.defaultWriteFields(ObjectOutputStream.java:1547)
	at java.io.ObjectOutputStream.writeSerialData(ObjectOutputStream.java:1508)
	at java.io.ObjectOutputStream.writeOrdinaryObject(ObjectOutputStream.java:1431)
	at java.io.ObjectOutputStream.writeObject0(ObjectOutputStream.java:1177)
	at java.io.ObjectOutputStream.defaultWriteFields(ObjectOutputStream.java:1547)
	at java.io.ObjectOutputStream.writeSerialData(ObjectOutputStream.java:1508)
	at java.io.ObjectOutputStream.writeOrdinaryObject(ObjectOutputStream.java:1431)
	at java.io.ObjectOutputStream.writeObject0(ObjectOutputStream.java:1177)
	at java.io.ObjectOutputStream.writeObject(ObjectOutputStream.java:347)
	at org.apache.catalina.session.StandardSession.writeObject(StandardSession.java:1700)
	at org.apache.catalina.session.StandardSession.writeObjectData(StandardSession.java:1092)
	at org.apache.catalina.session.StandardManager.doUnload(StandardManager.java:405)
	at org.apache.catalina.session.StandardManager.unload(StandardManager.java:323)
	at org.apache.catalina.session.StandardManager.stopInternal(StandardManager.java:493)
	at org.apache.catalina.util.LifecycleBase.stop(LifecycleBase.java:221)
	at org.apache.catalina.core.StandardContext.stopInternal(StandardContext.java:5825)
	at org.apache.catalina.util.LifecycleBase.stop(LifecycleBase.java:221)
	at org.apache.catalina.core.ContainerBase$StopChild.call(ContainerBase.java:1587)
	at org.apache.catalina.core.ContainerBase$StopChild.call(ContainerBase.java:1576)
	at java.util.concurrent.FutureTask.run(FutureTask.java:262)
	at java.util.concurrent.ThreadPoolExecutor.runWorker(ThreadPoolExecutor.java:1152)
	at java.util.concurrent.ThreadPoolExecutor$Worker.run(ThreadPoolExecutor.java:622)
	at java.lang.Thread.run(Thread.java:748)

Out 25, 2017 8:11:33 PM org.apache.catalina.session.StandardSession writeObject
ADVERTÊNCIA: Cannot serialize session attribute org.jboss.weld.context.http.HttpSessionContext#org.jboss.weld.bean-flat-ManagedBean-class org.jboss.dashboard.ui.components.DashboardHandler for session 31D1B6DE31F01F52FB13CEE9FC3D8B36
java.io.NotSerializableException: org.jboss.dashboard.ui.Dashboard
	at java.io.ObjectOutputStream.writeObject0(ObjectOutputStream.java:1183)
	at java.io.ObjectOutputStream.defaultWriteFields(ObjectOutputStream.java:1547)
	at java.io.ObjectOutputStream.writeSerialData(ObjectOutputStream.java:1508)
	at java.io.ObjectOutputStream.writeOrdinaryObject(ObjectOutputStream.java:1431)
	at java.io.ObjectOutputStream.writeObject0(ObjectOutputStream.java:1177)
	at java.io.ObjectOutputStream.defaultWriteFields(ObjectOutputStream.java:1547)
	at java.io.ObjectOutputStream.writeSerialData(ObjectOutputStream.java:1508)
	at java.io.ObjectOutputStream.writeOrdinaryObject(ObjectOutputStream.java:1431)
	at java.io.ObjectOutputStream.writeObject0(ObjectOutputStream.java:1177)
	at java.io.ObjectOutputStream.writeObject(ObjectOutputStream.java:347)
	at org.apache.catalina.session.StandardSession.writeObject(StandardSession.java:1700)
	at org.apache.catalina.session.StandardSession.writeObjectData(StandardSession.java:1092)
	at org.apache.catalina.session.StandardManager.doUnload(StandardManager.java:405)
	at org.apache.catalina.session.StandardManager.unload(StandardManager.java:323)
	at org.apache.catalina.session.StandardManager.stopInternal(StandardManager.java:493)
	at org.apache.catalina.util.LifecycleBase.stop(LifecycleBase.java:221)
	at org.apache.catalina.core.StandardContext.stopInternal(StandardContext.java:5825)
	at org.apache.catalina.util.LifecycleBase.stop(LifecycleBase.java:221)
	at org.apache.catalina.core.ContainerBase$StopChild.call(ContainerBase.java:1587)
	at org.apache.catalina.core.ContainerBase$StopChild.call(ContainerBase.java:1576)
	at java.util.concurrent.FutureTask.run(FutureTask.java:262)
	at java.util.concurrent.ThreadPoolExecutor.runWorker(ThreadPoolExecutor.java:1152)
	at java.util.concurrent.ThreadPoolExecutor$Worker.run(ThreadPoolExecutor.java:622)
	at java.lang.Thread.run(Thread.java:748)

Out 25, 2017 8:16:07 PM org.apache.catalina.session.StandardSession readObject
ADVERTÊNCIA: Cannot deserialize session attribute org.jboss.weld.context.http.HttpSessionContext#org.jboss.weld.bean-flat-ManagedBean-class org.jboss.dashboard.dataset.DataSetManagerImpl for session 31D1B6DE31F01F52FB13CEE9FC3D8B36
Out 25, 2017 8:16:21 PM org.apache.catalina.core.ApplicationContext log
INFORMAÇÕES: ContextListener: contextInitialized()
Out 25, 2017 8:16:21 PM org.apache.catalina.core.ApplicationContext log
INFORMAÇÕES: SessionListener: contextInitialized()
Out 25, 2017 8:16:21 PM org.apache.catalina.core.ApplicationContext log
INFORMAÇÕES: ContextListener: attributeAdded('org.apache.jasper.compiler.TldLocationsCache', 'org.apache.jasper.compiler.TldLocationsCache@70fd8b50')
Out 25, 2017 8:16:43 PM org.apache.catalina.core.ApplicationContext log
INFORMAÇÕES: SessionListener: contextDestroyed()
Out 25, 2017 8:16:43 PM org.apache.catalina.core.ApplicationContext log
INFORMAÇÕES: ContextListener: contextDestroyed()
Out 25, 2017 8:17:14 PM org.apache.catalina.core.ApplicationContext log
INFORMAÇÕES: ContextListener: contextInitialized()
Out 25, 2017 8:17:14 PM org.apache.catalina.core.ApplicationContext log
INFORMAÇÕES: SessionListener: contextInitialized()
Out 25, 2017 8:17:14 PM org.apache.catalina.core.ApplicationContext log
INFORMAÇÕES: ContextListener: attributeAdded('org.apache.jasper.compiler.TldLocationsCache', 'org.apache.jasper.compiler.TldLocationsCache@4528f509')
Out 25, 2017 8:18:32 PM org.apache.catalina.core.ApplicationDispatcher invoke
GRAVE: Servlet.service() for servlet jsp threw exception
org.apache.jasper.JasperException: Unable to compile class for JSP: 

An error occurred at line: 32 in the jsp file: /common/global.jsp
Duplicate local variable localeManager
29: <%@ page import="org.jboss.dashboard.LocaleManager"%>
30: <%@ page import="org.jboss.dashboard.ui.NavigationManager"%>
31: <%
32:     LocaleManager localeManager = LocaleManager.lookup();
33:     NavigationManager navigationManager = NavigationManager.lookup();
34:     Section currentSection = navigationManager.getCurrentSection();
35:     Workspace currentWorkspace = navigationManager.getCurrentWorkspace();


An error occurred at line: 33 in the jsp file: /common/global.jsp
Duplicate local variable navigationManager
30: <%@ page import="org.jboss.dashboard.ui.NavigationManager"%>
31: <%
32:     LocaleManager localeManager = LocaleManager.lookup();
33:     NavigationManager navigationManager = NavigationManager.lookup();
34:     Section currentSection = navigationManager.getCurrentSection();
35:     Workspace currentWorkspace = navigationManager.getCurrentWorkspace();
36:     Locale currentLocale = localeManager.getCurrentLocale();


An error occurred at line: 34 in the jsp file: /common/global.jsp
Duplicate local variable currentSection
31: <%
32:     LocaleManager localeManager = LocaleManager.lookup();
33:     NavigationManager navigationManager = NavigationManager.lookup();
34:     Section currentSection = navigationManager.getCurrentSection();
35:     Workspace currentWorkspace = navigationManager.getCurrentWorkspace();
36:     Locale currentLocale = localeManager.getCurrentLocale();
37:     boolean adminMode = navigationManager.userIsAdminInCurrentWorkspace();


An error occurred at line: 35 in the jsp file: /common/global.jsp
Duplicate local variable currentWorkspace
32:     LocaleManager localeManager = LocaleManager.lookup();
33:     NavigationManager navigationManager = NavigationManager.lookup();
34:     Section currentSection = navigationManager.getCurrentSection();
35:     Workspace currentWorkspace = navigationManager.getCurrentWorkspace();
36:     Locale currentLocale = localeManager.getCurrentLocale();
37:     boolean adminMode = navigationManager.userIsAdminInCurrentWorkspace();
38: %>


An error occurred at line: 36 in the jsp file: /common/global.jsp
Duplicate local variable currentLocale
33:     NavigationManager navigationManager = NavigationManager.lookup();
34:     Section currentSection = navigationManager.getCurrentSection();
35:     Workspace currentWorkspace = navigationManager.getCurrentWorkspace();
36:     Locale currentLocale = localeManager.getCurrentLocale();
37:     boolean adminMode = navigationManager.userIsAdminInCurrentWorkspace();
38: %>
39: <i18n:bundle id="bundle" baseName="org.jboss.dashboard.ui.messages" locale="<%=localeManager.getCurrentLocale()%>"/>


An error occurred at line: 37 in the jsp file: /common/global.jsp
Duplicate local variable adminMode
34:     Section currentSection = navigationManager.getCurrentSection();
35:     Workspace currentWorkspace = navigationManager.getCurrentWorkspace();
36:     Locale currentLocale = localeManager.getCurrentLocale();
37:     boolean adminMode = navigationManager.userIsAdminInCurrentWorkspace();
38: %>
39: <i18n:bundle id="bundle" baseName="org.jboss.dashboard.ui.messages" locale="<%=localeManager.getCurrentLocale()%>"/>
40: 


Stacktrace:
	at org.apache.jasper.compiler.DefaultErrorHandler.javacError(DefaultErrorHandler.java:103)
	at org.apache.jasper.compiler.ErrorDispatcher.javacError(ErrorDispatcher.java:366)
	at org.apache.jasper.compiler.JDTCompiler.generateClass(JDTCompiler.java:490)
	at org.apache.jasper.compiler.Compiler.compile(Compiler.java:379)
	at org.apache.jasper.compiler.Compiler.compile(Compiler.java:354)
	at org.apache.jasper.compiler.Compiler.compile(Compiler.java:341)
	at org.apache.jasper.JspCompilationContext.compile(JspCompilationContext.java:663)
	at org.apache.jasper.servlet.JspServletWrapper.service(JspServletWrapper.java:364)
	at org.apache.jasper.servlet.JspServlet.serviceJspFile(JspServlet.java:395)
	at org.apache.jasper.servlet.JspServlet.service(JspServlet.java:339)
	at javax.servlet.http.HttpServlet.service(HttpServlet.java:731)
	at org.apache.catalina.core.ApplicationFilterChain.internalDoFilter(ApplicationFilterChain.java:303)
	at org.apache.catalina.core.ApplicationFilterChain.doFilter(ApplicationFilterChain.java:208)
	at org.apache.catalina.core.ApplicationDispatcher.invoke(ApplicationDispatcher.java:743)
	at org.apache.catalina.core.ApplicationDispatcher.doInclude(ApplicationDispatcher.java:603)
	at org.apache.catalina.core.ApplicationDispatcher.include(ApplicationDispatcher.java:542)
	at org.apache.jasper.runtime.JspRuntimeLibrary.include(JspRuntimeLibrary.java:905)
	at org.apache.jasper.runtime.PageContextImpl.include(PageContextImpl.java:656)
	at org.jboss.dashboard.ui.taglib.BaseTag.jspInclude(BaseTag.java:51)
	at org.jboss.dashboard.ui.taglib.JSPIncludeTag.doStartTag(JSPIncludeTag.java:48)
	at org.apache.jsp.templates.standard_005ftemplate_jsp._jspService(standard_005ftemplate_jsp.java:246)
	at org.apache.jasper.runtime.HttpJspBase.service(HttpJspBase.java:70)
	at javax.servlet.http.HttpServlet.service(HttpServlet.java:731)
	at org.apache.jasper.servlet.JspServletWrapper.service(JspServletWrapper.java:439)
	at org.apache.jasper.servlet.JspServlet.serviceJspFile(JspServlet.java:395)
	at org.apache.jasper.servlet.JspServlet.service(JspServlet.java:339)
	at javax.servlet.http.HttpServlet.service(HttpServlet.java:731)
	at org.apache.catalina.core.ApplicationFilterChain.internalDoFilter(ApplicationFilterChain.java:303)
	at org.apache.catalina.core.ApplicationFilterChain.doFilter(ApplicationFilterChain.java:208)
	at org.apache.catalina.core.ApplicationDispatcher.invoke(ApplicationDispatcher.java:743)
	at org.apache.catalina.core.ApplicationDispatcher.doInclude(ApplicationDispatcher.java:603)
	at org.apache.catalina.core.ApplicationDispatcher.include(ApplicationDispatcher.java:542)
	at org.jboss.dashboard.ui.controller.responses.ShowScreenResponse.execute(ShowScreenResponse.java:45)
	at org.jboss.dashboard.ui.controller.requestChain.RequestRenderer.processRequest(RequestRenderer.java:35)
	at org.jboss.dashboard.ui.controller.requestChain.RequestRenderer$Proxy$_$$_WeldClientProxy.processRequest(RequestRenderer$Proxy$_$$_WeldClientProxy.java)
	at org.jboss.dashboard.ui.ResponseProcessor.run(ResponseProcessor.java:49)
	at org.jboss.dashboard.ui.ResponseProcessor$Proxy$_$$_WeldClientProxy.run(ResponseProcessor$Proxy$_$$_WeldClientProxy.java)
	at org.jboss.dashboard.ui.controller.ControllerServlet$2.txFragment(ControllerServlet.java:192)
	at org.jboss.dashboard.database.hibernate.HibernateTransaction.executeFragment(HibernateTransaction.java:252)
	at org.jboss.dashboard.database.hibernate.HibernateTxFragment.executeInitiator(HibernateTxFragment.java:179)
	at org.jboss.dashboard.database.hibernate.HibernateTxFragment.execute(HibernateTxFragment.java:167)
	at org.jboss.dashboard.ui.controller.ControllerServlet.processTheView(ControllerServlet.java:189)
	at org.jboss.dashboard.ui.controller.ControllerServlet.service(ControllerServlet.java:138)
	at javax.servlet.http.HttpServlet.service(HttpServlet.java:731)
	at org.apache.catalina.core.ApplicationFilterChain.internalDoFilter(ApplicationFilterChain.java:303)
	at org.apache.catalina.core.ApplicationFilterChain.doFilter(ApplicationFilterChain.java:208)
	at org.apache.tomcat.websocket.server.WsFilter.doFilter(WsFilter.java:52)
	at org.apache.catalina.core.ApplicationFilterChain.internalDoFilter(ApplicationFilterChain.java:241)
	at org.apache.catalina.core.ApplicationFilterChain.doFilter(ApplicationFilterChain.java:208)
	at org.jboss.dashboard.ui.controller.SecureHeaderFilter.doFilter(SecureHeaderFilter.java:62)
	at org.apache.catalina.core.ApplicationFilterChain.internalDoFilter(ApplicationFilterChain.java:241)
	at org.apache.catalina.core.ApplicationFilterChain.doFilter(ApplicationFilterChain.java:208)
	at org.apache.catalina.core.StandardWrapperValve.invoke(StandardWrapperValve.java:218)
	at org.apache.catalina.core.StandardContextValve.invoke(StandardContextValve.java:110)
	at org.apache.catalina.authenticator.AuthenticatorBase.invoke(AuthenticatorBase.java:615)
	at org.apache.catalina.core.StandardHostValve.invoke(StandardHostValve.java:169)
	at org.apache.catalina.valves.ErrorReportValve.invoke(ErrorReportValve.java:103)
	at org.apache.catalina.valves.AccessLogValve.invoke(AccessLogValve.java:962)
	at org.apache.catalina.core.StandardEngineValve.invoke(StandardEngineValve.java:116)
	at org.apache.catalina.connector.CoyoteAdapter.service(CoyoteAdapter.java:445)
	at org.apache.coyote.http11.AbstractHttp11Processor.process(AbstractHttp11Processor.java:1115)
	at org.apache.coyote.AbstractProtocol$AbstractConnectionHandler.process(AbstractProtocol.java:637)
	at org.apache.tomcat.util.net.JIoEndpoint$SocketProcessor.run(JIoEndpoint.java:318)
	at java.util.concurrent.ThreadPoolExecutor.runWorker(ThreadPoolExecutor.java:1152)
	at java.util.concurrent.ThreadPoolExecutor$Worker.run(ThreadPoolExecutor.java:622)
	at org.apache.tomcat.util.threads.TaskThread$WrappingRunnable.run(TaskThread.java:61)
	at java.lang.Thread.run(Thread.java:748)

Out 25, 2017 8:19:07 PM org.apache.catalina.core.ApplicationDispatcher invoke
GRAVE: Servlet.service() for servlet jsp threw exception
org.apache.jasper.JasperException: Unable to compile class for JSP: 

An error occurred at line: 32 in the jsp file: /common/global.jsp
Duplicate local variable localeManager
29: <%@ page import="org.jboss.dashboard.LocaleManager"%>
30: <%@ page import="org.jboss.dashboard.ui.NavigationManager"%>
31: <%
32:     LocaleManager localeManager = LocaleManager.lookup();
33:     NavigationManager navigationManager = NavigationManager.lookup();
34:     Section currentSection = navigationManager.getCurrentSection();
35:     Workspace currentWorkspace = navigationManager.getCurrentWorkspace();


An error occurred at line: 33 in the jsp file: /common/global.jsp
Duplicate local variable navigationManager
30: <%@ page import="org.jboss.dashboard.ui.NavigationManager"%>
31: <%
32:     LocaleManager localeManager = LocaleManager.lookup();
33:     NavigationManager navigationManager = NavigationManager.lookup();
34:     Section currentSection = navigationManager.getCurrentSection();
35:     Workspace currentWorkspace = navigationManager.getCurrentWorkspace();
36:     Locale currentLocale = localeManager.getCurrentLocale();


An error occurred at line: 34 in the jsp file: /common/global.jsp
Duplicate local variable currentSection
31: <%
32:     LocaleManager localeManager = LocaleManager.lookup();
33:     NavigationManager navigationManager = NavigationManager.lookup();
34:     Section currentSection = navigationManager.getCurrentSection();
35:     Workspace currentWorkspace = navigationManager.getCurrentWorkspace();
36:     Locale currentLocale = localeManager.getCurrentLocale();
37:     boolean adminMode = navigationManager.userIsAdminInCurrentWorkspace();


An error occurred at line: 35 in the jsp file: /common/global.jsp
Duplicate local variable currentWorkspace
32:     LocaleManager localeManager = LocaleManager.lookup();
33:     NavigationManager navigationManager = NavigationManager.lookup();
34:     Section currentSection = navigationManager.getCurrentSection();
35:     Workspace currentWorkspace = navigationManager.getCurrentWorkspace();
36:     Locale currentLocale = localeManager.getCurrentLocale();
37:     boolean adminMode = navigationManager.userIsAdminInCurrentWorkspace();
38: %>


An error occurred at line: 36 in the jsp file: /common/global.jsp
Duplicate local variable currentLocale
33:     NavigationManager navigationManager = NavigationManager.lookup();
34:     Section currentSection = navigationManager.getCurrentSection();
35:     Workspace currentWorkspace = navigationManager.getCurrentWorkspace();
36:     Locale currentLocale = localeManager.getCurrentLocale();
37:     boolean adminMode = navigationManager.userIsAdminInCurrentWorkspace();
38: %>
39: <i18n:bundle id="bundle" baseName="org.jboss.dashboard.ui.messages" locale="<%=localeManager.getCurrentLocale()%>"/>


An error occurred at line: 37 in the jsp file: /common/global.jsp
Duplicate local variable adminMode
34:     Section currentSection = navigationManager.getCurrentSection();
35:     Workspace currentWorkspace = navigationManager.getCurrentWorkspace();
36:     Locale currentLocale = localeManager.getCurrentLocale();
37:     boolean adminMode = navigationManager.userIsAdminInCurrentWorkspace();
38: %>
39: <i18n:bundle id="bundle" baseName="org.jboss.dashboard.ui.messages" locale="<%=localeManager.getCurrentLocale()%>"/>
40: 


Stacktrace:
	at org.apache.jasper.compiler.DefaultErrorHandler.javacError(DefaultErrorHandler.java:103)
	at org.apache.jasper.compiler.ErrorDispatcher.javacError(ErrorDispatcher.java:366)
	at org.apache.jasper.compiler.JDTCompiler.generateClass(JDTCompiler.java:490)
	at org.apache.jasper.compiler.Compiler.compile(Compiler.java:379)
	at org.apache.jasper.compiler.Compiler.compile(Compiler.java:354)
	at org.apache.jasper.compiler.Compiler.compile(Compiler.java:341)
	at org.apache.jasper.JspCompilationContext.compile(JspCompilationContext.java:663)
	at org.apache.jasper.servlet.JspServletWrapper.service(JspServletWrapper.java:364)
	at org.apache.jasper.servlet.JspServlet.serviceJspFile(JspServlet.java:395)
	at org.apache.jasper.servlet.JspServlet.service(JspServlet.java:339)
	at javax.servlet.http.HttpServlet.service(HttpServlet.java:731)
	at org.apache.catalina.core.ApplicationFilterChain.internalDoFilter(ApplicationFilterChain.java:303)
	at org.apache.catalina.core.ApplicationFilterChain.doFilter(ApplicationFilterChain.java:208)
	at org.apache.catalina.core.ApplicationDispatcher.invoke(ApplicationDispatcher.java:743)
	at org.apache.catalina.core.ApplicationDispatcher.doInclude(ApplicationDispatcher.java:603)
	at org.apache.catalina.core.ApplicationDispatcher.include(ApplicationDispatcher.java:542)
	at org.apache.jasper.runtime.JspRuntimeLibrary.include(JspRuntimeLibrary.java:905)
	at org.apache.jasper.runtime.PageContextImpl.include(PageContextImpl.java:656)
	at org.jboss.dashboard.ui.taglib.BaseTag.jspInclude(BaseTag.java:51)
	at org.jboss.dashboard.ui.taglib.JSPIncludeTag.doStartTag(JSPIncludeTag.java:48)
	at org.apache.jsp.templates.regular_005flayout_jsp._jspService(regular_005flayout_jsp.java:192)
	at org.apache.jasper.runtime.HttpJspBase.service(HttpJspBase.java:70)
	at javax.servlet.http.HttpServlet.service(HttpServlet.java:731)
	at org.apache.jasper.servlet.JspServletWrapper.service(JspServletWrapper.java:439)
	at org.apache.jasper.servlet.JspServlet.serviceJspFile(JspServlet.java:395)
	at org.apache.jasper.servlet.JspServlet.service(JspServlet.java:339)
	at javax.servlet.http.HttpServlet.service(HttpServlet.java:731)
	at org.apache.catalina.core.ApplicationFilterChain.internalDoFilter(ApplicationFilterChain.java:303)
	at org.apache.catalina.core.ApplicationFilterChain.doFilter(ApplicationFilterChain.java:208)
	at org.apache.catalina.core.ApplicationDispatcher.invoke(ApplicationDispatcher.java:743)
	at org.apache.catalina.core.ApplicationDispatcher.doInclude(ApplicationDispatcher.java:603)
	at org.apache.catalina.core.ApplicationDispatcher.include(ApplicationDispatcher.java:542)
	at org.apache.jasper.runtime.JspRuntimeLibrary.include(JspRuntimeLibrary.java:905)
	at org.apache.jasper.runtime.PageContextImpl.include(PageContextImpl.java:656)
	at org.jboss.dashboard.ui.taglib.BaseTag.jspInclude(BaseTag.java:51)
	at org.jboss.dashboard.ui.taglib.JSPIncludeTag.doStartTag(JSPIncludeTag.java:48)
	at org.apache.jsp.templates.content_jsp._jspx_meth_mvc_005finclude_005f0(content_jsp.java:157)
	at org.apache.jsp.templates.content_jsp._jspService(content_jsp.java:97)
	at org.apache.jasper.runtime.HttpJspBase.service(HttpJspBase.java:70)
	at javax.servlet.http.HttpServlet.service(HttpServlet.java:731)
	at org.apache.jasper.servlet.JspServletWrapper.service(JspServletWrapper.java:439)
	at org.apache.jasper.servlet.JspServlet.serviceJspFile(JspServlet.java:395)
	at org.apache.jasper.servlet.JspServlet.service(JspServlet.java:339)
	at javax.servlet.http.HttpServlet.service(HttpServlet.java:731)
	at org.apache.catalina.core.ApplicationFilterChain.internalDoFilter(ApplicationFilterChain.java:303)
	at org.apache.catalina.core.ApplicationFilterChain.doFilter(ApplicationFilterChain.java:208)
	at org.apache.catalina.core.ApplicationDispatcher.invoke(ApplicationDispatcher.java:743)
	at org.apache.catalina.core.ApplicationDispatcher.doInclude(ApplicationDispatcher.java:603)
	at org.apache.catalina.core.ApplicationDispatcher.include(ApplicationDispatcher.java:542)
	at org.apache.jasper.runtime.JspRuntimeLibrary.include(JspRuntimeLibrary.java:905)
	at org.apache.jasper.runtime.PageContextImpl.include(PageContextImpl.java:656)
	at org.jboss.dashboard.ui.taglib.BaseTag.jspInclude(BaseTag.java:51)
	at org.jboss.dashboard.ui.taglib.EnvelopeContentTag$1.txFragment(EnvelopeContentTag.java:45)
	at org.jboss.dashboard.database.hibernate.HibernateTransaction.executeFragment(HibernateTransaction.java:252)
	at org.jboss.dashboard.database.hibernate.HibernateTxFragment.executeChild(HibernateTxFragment.java:194)
	at org.jboss.dashboard.database.hibernate.HibernateTxFragment.execute(HibernateTxFragment.java:168)
	at org.jboss.dashboard.ui.taglib.EnvelopeContentTag.doStartTag(EnvelopeContentTag.java:43)
	at org.apache.jsp.envelopes.Envelope_005fIFCE.shared_jsp._jspx_meth_panel_005fenvelopeContent_005f0(shared_jsp.java:323)
	at org.apache.jsp.envelopes.Envelope_005fIFCE.shared_jsp._jspService(shared_jsp.java:205)
	at org.apache.jasper.runtime.HttpJspBase.service(HttpJspBase.java:70)
	at javax.servlet.http.HttpServlet.service(HttpServlet.java:731)
	at org.apache.jasper.servlet.JspServletWrapper.service(JspServletWrapper.java:439)
	at org.apache.jasper.servlet.JspServlet.serviceJspFile(JspServlet.java:395)
	at org.apache.jasper.servlet.JspServlet.service(JspServlet.java:339)
	at javax.servlet.http.HttpServlet.service(HttpServlet.java:731)
	at org.apache.catalina.core.ApplicationFilterChain.internalDoFilter(ApplicationFilterChain.java:303)
	at org.apache.catalina.core.ApplicationFilterChain.doFilter(ApplicationFilterChain.java:208)
	at org.apache.catalina.core.ApplicationDispatcher.invoke(ApplicationDispatcher.java:743)
	at org.apache.catalina.core.ApplicationDispatcher.doInclude(ApplicationDispatcher.java:603)
	at org.apache.catalina.core.ApplicationDispatcher.include(ApplicationDispatcher.java:542)
	at org.apache.jasper.runtime.JspRuntimeLibrary.include(JspRuntimeLibrary.java:905)
	at org.apache.jasper.runtime.PageContextImpl.include(PageContextImpl.java:656)
	at org.jboss.dashboard.ui.taglib.BaseTag.jspInclude(BaseTag.java:51)
	at org.jboss.dashboard.ui.taglib.JSPIncludeTag.doStartTag(JSPIncludeTag.java:48)
	at org.apache.jsp.templates.standard_005ftemplate_jsp._jspService(standard_005ftemplate_jsp.java:246)
	at org.apache.jasper.runtime.HttpJspBase.service(HttpJspBase.java:70)
	at javax.servlet.http.HttpServlet.service(HttpServlet.java:731)
	at org.apache.jasper.servlet.JspServletWrapper.service(JspServletWrapper.java:439)
	at org.apache.jasper.servlet.JspServlet.serviceJspFile(JspServlet.java:395)
	at org.apache.jasper.servlet.JspServlet.service(JspServlet.java:339)
	at javax.servlet.http.HttpServlet.service(HttpServlet.java:731)
	at org.apache.catalina.core.ApplicationFilterChain.internalDoFilter(ApplicationFilterChain.java:303)
	at org.apache.catalina.core.ApplicationFilterChain.doFilter(ApplicationFilterChain.java:208)
	at org.apache.catalina.core.ApplicationDispatcher.invoke(ApplicationDispatcher.java:743)
	at org.apache.catalina.core.ApplicationDispatcher.doInclude(ApplicationDispatcher.java:603)
	at org.apache.catalina.core.ApplicationDispatcher.include(ApplicationDispatcher.java:542)
	at org.jboss.dashboard.ui.controller.responses.ShowScreenResponse.execute(ShowScreenResponse.java:45)
	at org.jboss.dashboard.ui.controller.requestChain.RequestRenderer.processRequest(RequestRenderer.java:35)
	at org.jboss.dashboard.ui.controller.requestChain.RequestRenderer$Proxy$_$$_WeldClientProxy.processRequest(RequestRenderer$Proxy$_$$_WeldClientProxy.java)
	at org.jboss.dashboard.ui.ResponseProcessor.run(ResponseProcessor.java:49)
	at org.jboss.dashboard.ui.ResponseProcessor$Proxy$_$$_WeldClientProxy.run(ResponseProcessor$Proxy$_$$_WeldClientProxy.java)
	at org.jboss.dashboard.ui.controller.ControllerServlet$2.txFragment(ControllerServlet.java:192)
	at org.jboss.dashboard.database.hibernate.HibernateTransaction.executeFragment(HibernateTransaction.java:252)
	at org.jboss.dashboard.database.hibernate.HibernateTxFragment.executeInitiator(HibernateTxFragment.java:179)
	at org.jboss.dashboard.database.hibernate.HibernateTxFragment.execute(HibernateTxFragment.java:167)
	at org.jboss.dashboard.ui.controller.ControllerServlet.processTheView(ControllerServlet.java:189)
	at org.jboss.dashboard.ui.controller.ControllerServlet.service(ControllerServlet.java:138)
	at javax.servlet.http.HttpServlet.service(HttpServlet.java:731)
	at org.apache.catalina.core.ApplicationFilterChain.internalDoFilter(ApplicationFilterChain.java:303)
	at org.apache.catalina.core.ApplicationFilterChain.doFilter(ApplicationFilterChain.java:208)
	at org.apache.tomcat.websocket.server.WsFilter.doFilter(WsFilter.java:52)
	at org.apache.catalina.core.ApplicationFilterChain.internalDoFilter(ApplicationFilterChain.java:241)
	at org.apache.catalina.core.ApplicationFilterChain.doFilter(ApplicationFilterChain.java:208)
	at org.jboss.dashboard.ui.controller.SecureHeaderFilter.doFilter(SecureHeaderFilter.java:62)
	at org.apache.catalina.core.ApplicationFilterChain.internalDoFilter(ApplicationFilterChain.java:241)
	at org.apache.catalina.core.ApplicationFilterChain.doFilter(ApplicationFilterChain.java:208)
	at org.apache.catalina.core.StandardWrapperValve.invoke(StandardWrapperValve.java:218)
	at org.apache.catalina.core.StandardContextValve.invoke(StandardContextValve.java:110)
	at org.apache.catalina.authenticator.AuthenticatorBase.invoke(AuthenticatorBase.java:615)
	at org.apache.catalina.core.StandardHostValve.invoke(StandardHostValve.java:169)
	at org.apache.catalina.valves.ErrorReportValve.invoke(ErrorReportValve.java:103)
	at org.apache.catalina.valves.AccessLogValve.invoke(AccessLogValve.java:962)
	at org.apache.catalina.core.StandardEngineValve.invoke(StandardEngineValve.java:116)
	at org.apache.catalina.connector.CoyoteAdapter.service(CoyoteAdapter.java:445)
	at org.apache.coyote.http11.AbstractHttp11Processor.process(AbstractHttp11Processor.java:1115)
	at org.apache.coyote.AbstractProtocol$AbstractConnectionHandler.process(AbstractProtocol.java:637)
	at org.apache.tomcat.util.net.JIoEndpoint$SocketProcessor.run(JIoEndpoint.java:316)
	at java.util.concurrent.ThreadPoolExecutor.runWorker(ThreadPoolExecutor.java:1152)
	at java.util.concurrent.ThreadPoolExecutor$Worker.run(ThreadPoolExecutor.java:622)
	at org.apache.tomcat.util.threads.TaskThread$WrappingRunnable.run(TaskThread.java:61)
	at java.lang.Thread.run(Thread.java:748)

Out 25, 2017 8:45:21 PM org.apache.catalina.core.ApplicationDispatcher invoke
GRAVE: Servlet.service() for servlet jsp threw exception
org.jboss.dashboard.profiler.memory.LowMemoryException: Running out of memory. Total = 155,977 Mb, Free = 6,732 Mb
	at org.jboss.dashboard.profiler.memory.LowMemoryConstraints.validate(LowMemoryConstraints.java:29)
	at org.jboss.dashboard.profiler.CodeBlockTrace.checkRuntimeConstraints(CodeBlockTrace.java:306)
	at org.jboss.dashboard.profiler.ProfilerHelper.checkRuntimeConstraints(ProfilerHelper.java:33)
	at org.jboss.dashboard.dataset.AbstractDataSet.calculateScalar(AbstractDataSet.java:493)
	at org.jboss.dashboard.dataset.AbstractDataSet.groupByLabel(AbstractDataSet.java:475)
	at org.jboss.dashboard.dataset.AbstractDataSet.groupBy(AbstractDataSet.java:378)
	at org.jboss.dashboard.displayer.chart.AbstractChartDisplayer.buildXYDataSet(AbstractChartDisplayer.java:475)
	at org.apache.jsp.components.bam.displayer.chart.nvd3_005fbarchart_005fviewer_jsp._jspService(nvd3_005fbarchart_005fviewer_jsp.java:177)
	at org.apache.jasper.runtime.HttpJspBase.service(HttpJspBase.java:70)
	at javax.servlet.http.HttpServlet.service(HttpServlet.java:731)
	at org.apache.jasper.servlet.JspServletWrapper.service(JspServletWrapper.java:439)
	at org.apache.jasper.servlet.JspServlet.serviceJspFile(JspServlet.java:395)
	at org.apache.jasper.servlet.JspServlet.service(JspServlet.java:339)
	at javax.servlet.http.HttpServlet.service(HttpServlet.java:731)
	at org.apache.catalina.core.ApplicationFilterChain.internalDoFilter(ApplicationFilterChain.java:303)
	at org.apache.catalina.core.ApplicationFilterChain.doFilter(ApplicationFilterChain.java:208)
	at org.apache.catalina.core.ApplicationDispatcher.invoke(ApplicationDispatcher.java:743)
	at org.apache.catalina.core.ApplicationDispatcher.doInclude(ApplicationDispatcher.java:603)
	at org.apache.catalina.core.ApplicationDispatcher.include(ApplicationDispatcher.java:542)
	at org.apache.jasper.runtime.JspRuntimeLibrary.include(JspRuntimeLibrary.java:905)
	at org.apache.jasper.runtime.PageContextImpl.include(PageContextImpl.java:656)
	at org.jboss.dashboard.ui.taglib.BaseTag.jspInclude(BaseTag.java:51)
	at org.jboss.dashboard.ui.taglib.factory.UseComponentTag.doEndTag(UseComponentTag.java:59)
	at org.apache.jsp.components.bam.kpi_005fview_jsp._jspService(kpi_005fview_jsp.java:148)
	at org.apache.jasper.runtime.HttpJspBase.service(HttpJspBase.java:70)
	at javax.servlet.http.HttpServlet.service(HttpServlet.java:731)
	at org.apache.jasper.servlet.JspServletWrapper.service(JspServletWrapper.java:439)
	at org.apache.jasper.servlet.JspServlet.serviceJspFile(JspServlet.java:395)
	at org.apache.jasper.servlet.JspServlet.service(JspServlet.java:339)
	at javax.servlet.http.HttpServlet.service(HttpServlet.java:731)
	at org.apache.catalina.core.ApplicationFilterChain.internalDoFilter(ApplicationFilterChain.java:303)
	at org.apache.catalina.core.ApplicationFilterChain.doFilter(ApplicationFilterChain.java:208)
	at org.apache.catalina.core.ApplicationDispatcher.invoke(ApplicationDispatcher.java:743)
	at org.apache.catalina.core.ApplicationDispatcher.doInclude(ApplicationDispatcher.java:603)
	at org.apache.catalina.core.ApplicationDispatcher.include(ApplicationDispatcher.java:542)
	at org.apache.jasper.runtime.JspRuntimeLibrary.include(JspRuntimeLibrary.java:905)
	at org.apache.jasper.runtime.PageContextImpl.include(PageContextImpl.java:656)
	at org.jboss.dashboard.ui.taglib.BaseTag.jspInclude(BaseTag.java:51)
	at org.jboss.dashboard.ui.taglib.factory.UseComponentTag.doEndTag(UseComponentTag.java:59)
	at org.apache.jsp.panels.kpi.show_jsp._jspx_meth_factory_005fuseComponent_005f0(show_jsp.java:122)
	at org.apache.jsp.panels.kpi.show_jsp._jspService(show_jsp.java:88)
	at org.apache.jasper.runtime.HttpJspBase.service(HttpJspBase.java:70)
	at javax.servlet.http.HttpServlet.service(HttpServlet.java:731)
	at org.apache.jasper.servlet.JspServletWrapper.service(JspServletWrapper.java:439)
	at org.apache.jasper.servlet.JspServlet.serviceJspFile(JspServlet.java:395)
	at org.apache.jasper.servlet.JspServlet.service(JspServlet.java:339)
	at javax.servlet.http.HttpServlet.service(HttpServlet.java:731)
	at org.apache.catalina.core.ApplicationFilterChain.internalDoFilter(ApplicationFilterChain.java:303)
	at org.apache.catalina.core.ApplicationFilterChain.doFilter(ApplicationFilterChain.java:208)
	at org.apache.catalina.core.ApplicationDispatcher.invoke(ApplicationDispatcher.java:743)
	at org.apache.catalina.core.ApplicationDispatcher.doInclude(ApplicationDispatcher.java:603)
	at org.apache.catalina.core.ApplicationDispatcher.include(ApplicationDispatcher.java:542)
	at org.apache.jasper.runtime.JspRuntimeLibrary.include(JspRuntimeLibrary.java:905)
	at org.apache.jasper.runtime.PageContextImpl.include(PageContextImpl.java:656)
	at org.jboss.dashboard.ui.taglib.BaseTag.jspInclude(BaseTag.java:51)
	at org.jboss.dashboard.ui.taglib.JSPIncludeTag.doStartTag(JSPIncludeTag.java:48)
	at org.apache.jsp.section.render_005fpanel_005fcontent_jsp._jspService(render_005fpanel_005fcontent_jsp.java:318)
	at org.apache.jasper.runtime.HttpJspBase.service(HttpJspBase.java:70)
	at javax.servlet.http.HttpServlet.service(HttpServlet.java:731)
	at org.apache.jasper.servlet.JspServletWrapper.service(JspServletWrapper.java:439)
	at org.apache.jasper.servlet.JspServlet.serviceJspFile(JspServlet.java:395)
	at org.apache.jasper.servlet.JspServlet.service(JspServlet.java:339)
	at javax.servlet.http.HttpServlet.service(HttpServlet.java:731)
	at org.apache.catalina.core.ApplicationFilterChain.internalDoFilter(ApplicationFilterChain.java:303)
	at org.apache.catalina.core.ApplicationFilterChain.doFilter(ApplicationFilterChain.java:208)
	at org.apache.catalina.core.ApplicationDispatcher.invoke(ApplicationDispatcher.java:743)
	at org.apache.catalina.core.ApplicationDispatcher.doInclude(ApplicationDispatcher.java:603)
	at org.apache.catalina.core.ApplicationDispatcher.include(ApplicationDispatcher.java:542)
	at org.apache.jasper.runtime.JspRuntimeLibrary.include(JspRuntimeLibrary.java:905)
	at org.apache.jasper.runtime.PageContextImpl.include(PageContextImpl.java:656)
	at org.jboss.dashboard.ui.taglib.BaseTag.jspInclude(BaseTag.java:51)
	at org.jboss.dashboard.ui.taglib.JSPIncludeTag.doStartTag(JSPIncludeTag.java:48)
	at org.apache.jsp.section.render_005fsimple_005fregion_jsp._jspx_meth_mvc_005finclude_005f1(render_005fsimple_005fregion_jsp.java:1370)
	at org.apache.jsp.section.render_005fsimple_005fregion_jsp._jspService(render_005fsimple_005fregion_jsp.java:834)
	at org.apache.jasper.runtime.HttpJspBase.service(HttpJspBase.java:70)
	at javax.servlet.http.HttpServlet.service(HttpServlet.java:731)
	at org.apache.jasper.servlet.JspServletWrapper.service(JspServletWrapper.java:439)
	at org.apache.jasper.servlet.JspServlet.serviceJspFile(JspServlet.java:395)
	at org.apache.jasper.servlet.JspServlet.service(JspServlet.java:339)
	at javax.servlet.http.HttpServlet.service(HttpServlet.java:731)
	at org.apache.catalina.core.ApplicationFilterChain.internalDoFilter(ApplicationFilterChain.java:303)
	at org.apache.catalina.core.ApplicationFilterChain.doFilter(ApplicationFilterChain.java:208)
	at org.apache.catalina.core.ApplicationDispatcher.invoke(ApplicationDispatcher.java:743)
	at org.apache.catalina.core.ApplicationDispatcher.doInclude(ApplicationDispatcher.java:603)
	at org.apache.catalina.core.ApplicationDispatcher.include(ApplicationDispatcher.java:542)
	at org.apache.jasper.runtime.JspRuntimeLibrary.include(JspRuntimeLibrary.java:905)
	at org.apache.jasper.runtime.PageContextImpl.include(PageContextImpl.java:656)
	at org.jboss.dashboard.ui.taglib.BaseTag.jspInclude(BaseTag.java:51)
	at org.jboss.dashboard.ui.taglib.RegionTag$1.txFragment(RegionTag.java:73)
	at org.jboss.dashboard.database.hibernate.HibernateTransaction.executeFragment(HibernateTransaction.java:252)
	at org.jboss.dashboard.database.hibernate.HibernateTxFragment.executeChild(HibernateTxFragment.java:194)
	at org.jboss.dashboard.database.hibernate.HibernateTxFragment.execute(HibernateTxFragment.java:168)
	at org.jboss.dashboard.ui.taglib.RegionTag.doEndTag(RegionTag.java:48)
	at org.apache.jsp.layouts.Layout_005fIFCE.slider_005fmenu_jsp._jspx_meth_panel_005fregion_005f11(slider_005fmenu_jsp.java:717)
	at org.apache.jsp.layouts.Layout_005fIFCE.slider_005fmenu_jsp._jspService(slider_005fmenu_jsp.java:369)
	at org.apache.jasper.runtime.HttpJspBase.service(HttpJspBase.java:70)
	at javax.servlet.http.HttpServlet.service(HttpServlet.java:731)
	at org.apache.jasper.servlet.JspServletWrapper.service(JspServletWrapper.java:439)
	at org.apache.jasper.servlet.JspServlet.serviceJspFile(JspServlet.java:395)
	at org.apache.jasper.servlet.JspServlet.service(JspServlet.java:339)
	at javax.servlet.http.HttpServlet.service(HttpServlet.java:731)
	at org.apache.catalina.core.ApplicationFilterChain.internalDoFilter(ApplicationFilterChain.java:303)
	at org.apache.catalina.core.ApplicationFilterChain.doFilter(ApplicationFilterChain.java:208)
	at org.apache.catalina.core.ApplicationDispatcher.invoke(ApplicationDispatcher.java:743)
	at org.apache.catalina.core.ApplicationDispatcher.doInclude(ApplicationDispatcher.java:603)
	at org.apache.catalina.core.ApplicationDispatcher.include(ApplicationDispatcher.java:542)
	at org.apache.jasper.runtime.JspRuntimeLibrary.include(JspRuntimeLibrary.java:905)
	at org.apache.jasper.runtime.PageContextImpl.include(PageContextImpl.java:656)
	at org.jboss.dashboard.ui.taglib.BaseTag.jspInclude(BaseTag.java:51)
	at org.jboss.dashboard.ui.taglib.JSPIncludeTag.doStartTag(JSPIncludeTag.java:48)
	at org.apache.jsp.templates.regular_005flayout_jsp._jspService(regular_005flayout_jsp.java:192)
	at org.apache.jasper.runtime.HttpJspBase.service(HttpJspBase.java:70)
	at javax.servlet.http.HttpServlet.service(HttpServlet.java:731)
	at org.apache.jasper.servlet.JspServletWrapper.service(JspServletWrapper.java:439)
	at org.apache.jasper.servlet.JspServlet.serviceJspFile(JspServlet.java:395)
	at org.apache.jasper.servlet.JspServlet.service(JspServlet.java:339)
	at javax.servlet.http.HttpServlet.service(HttpServlet.java:731)
	at org.apache.catalina.core.ApplicationFilterChain.internalDoFilter(ApplicationFilterChain.java:303)
	at org.apache.catalina.core.ApplicationFilterChain.doFilter(ApplicationFilterChain.java:208)
	at org.apache.catalina.core.ApplicationDispatcher.invoke(ApplicationDispatcher.java:743)
	at org.apache.catalina.core.ApplicationDispatcher.doInclude(ApplicationDispatcher.java:603)
	at org.apache.catalina.core.ApplicationDispatcher.include(ApplicationDispatcher.java:542)
	at org.apache.jasper.runtime.JspRuntimeLibrary.include(JspRuntimeLibrary.java:905)
	at org.apache.jasper.runtime.PageContextImpl.include(PageContextImpl.java:656)
	at org.jboss.dashboard.ui.taglib.BaseTag.jspInclude(BaseTag.java:51)
	at org.jboss.dashboard.ui.taglib.JSPIncludeTag.doStartTag(JSPIncludeTag.java:48)
	at org.apache.jsp.templates.content_jsp._jspx_meth_mvc_005finclude_005f0(content_jsp.java:157)
	at org.apache.jsp.templates.content_jsp._jspService(content_jsp.java:97)
	at org.apache.jasper.runtime.HttpJspBase.service(HttpJspBase.java:70)
	at javax.servlet.http.HttpServlet.service(HttpServlet.java:731)
	at org.apache.jasper.servlet.JspServletWrapper.service(JspServletWrapper.java:439)
	at org.apache.jasper.servlet.JspServlet.serviceJspFile(JspServlet.java:395)
	at org.apache.jasper.servlet.JspServlet.service(JspServlet.java:339)
	at javax.servlet.http.HttpServlet.service(HttpServlet.java:731)
	at org.apache.catalina.core.ApplicationFilterChain.internalDoFilter(ApplicationFilterChain.java:303)
	at org.apache.catalina.core.ApplicationFilterChain.doFilter(ApplicationFilterChain.java:208)
	at org.apache.catalina.core.ApplicationDispatcher.invoke(ApplicationDispatcher.java:743)
	at org.apache.catalina.core.ApplicationDispatcher.doInclude(ApplicationDispatcher.java:603)
	at org.apache.catalina.core.ApplicationDispatcher.include(ApplicationDispatcher.java:542)
	at org.apache.jasper.runtime.JspRuntimeLibrary.include(JspRuntimeLibrary.java:905)
	at org.apache.jasper.runtime.PageContextImpl.include(PageContextImpl.java:656)
	at org.jboss.dashboard.ui.taglib.BaseTag.jspInclude(BaseTag.java:51)
	at org.jboss.dashboard.ui.taglib.EnvelopeContentTag$1.txFragment(EnvelopeContentTag.java:45)
	at org.jboss.dashboard.database.hibernate.HibernateTransaction.executeFragment(HibernateTransaction.java:252)
	at org.jboss.dashboard.database.hibernate.HibernateTxFragment.executeChild(HibernateTxFragment.java:194)
	at org.jboss.dashboard.database.hibernate.HibernateTxFragment.execute(HibernateTxFragment.java:168)
	at org.jboss.dashboard.ui.taglib.EnvelopeContentTag.doStartTag(EnvelopeContentTag.java:43)
	at org.apache.jsp.envelopes.Envelope_005fIFCE.shared_jsp._jspx_meth_panel_005fenvelopeContent_005f0(shared_jsp.java:323)
	at org.apache.jsp.envelopes.Envelope_005fIFCE.shared_jsp._jspService(shared_jsp.java:205)
	at org.apache.jasper.runtime.HttpJspBase.service(HttpJspBase.java:70)
	at javax.servlet.http.HttpServlet.service(HttpServlet.java:731)
	at org.apache.jasper.servlet.JspServletWrapper.service(JspServletWrapper.java:439)
	at org.apache.jasper.servlet.JspServlet.serviceJspFile(JspServlet.java:395)
	at org.apache.jasper.servlet.JspServlet.service(JspServlet.java:339)
	at javax.servlet.http.HttpServlet.service(HttpServlet.java:731)
	at org.apache.catalina.core.ApplicationFilterChain.internalDoFilter(ApplicationFilterChain.java:303)
	at org.apache.catalina.core.ApplicationFilterChain.doFilter(ApplicationFilterChain.java:208)
	at org.apache.catalina.core.ApplicationDispatcher.invoke(ApplicationDispatcher.java:743)
	at org.apache.catalina.core.ApplicationDispatcher.doInclude(ApplicationDispatcher.java:603)
	at org.apache.catalina.core.ApplicationDispatcher.include(ApplicationDispatcher.java:542)
	at org.apache.jasper.runtime.JspRuntimeLibrary.include(JspRuntimeLibrary.java:905)
	at org.apache.jasper.runtime.PageContextImpl.include(PageContextImpl.java:656)
	at org.jboss.dashboard.ui.taglib.BaseTag.jspInclude(BaseTag.java:51)
	at org.jboss.dashboard.ui.taglib.JSPIncludeTag.doStartTag(JSPIncludeTag.java:48)
	at org.apache.jsp.templates.standard_005ftemplate_jsp._jspService(standard_005ftemplate_jsp.java:246)
	at org.apache.jasper.runtime.HttpJspBase.service(HttpJspBase.java:70)
	at javax.servlet.http.HttpServlet.service(HttpServlet.java:731)
	at org.apache.jasper.servlet.JspServletWrapper.service(JspServletWrapper.java:439)
	at org.apache.jasper.servlet.JspServlet.serviceJspFile(JspServlet.java:395)
	at org.apache.jasper.servlet.JspServlet.service(JspServlet.java:339)
	at javax.servlet.http.HttpServlet.service(HttpServlet.java:731)
	at org.apache.catalina.core.ApplicationFilterChain.internalDoFilter(ApplicationFilterChain.java:303)
	at org.apache.catalina.core.ApplicationFilterChain.doFilter(ApplicationFilterChain.java:208)
	at org.apache.catalina.core.ApplicationDispatcher.invoke(ApplicationDispatcher.java:743)
	at org.apache.catalina.core.ApplicationDispatcher.doInclude(ApplicationDispatcher.java:603)
	at org.apache.catalina.core.ApplicationDispatcher.include(ApplicationDispatcher.java:542)
	at org.jboss.dashboard.ui.controller.responses.ShowScreenResponse.execute(ShowScreenResponse.java:45)
	at org.jboss.dashboard.ui.controller.requestChain.RequestRenderer.processRequest(RequestRenderer.java:35)
	at org.jboss.dashboard.ui.controller.requestChain.RequestRenderer$Proxy$_$$_WeldClientProxy.processRequest(RequestRenderer$Proxy$_$$_WeldClientProxy.java)
	at org.jboss.dashboard.ui.ResponseProcessor.run(ResponseProcessor.java:49)
	at org.jboss.dashboard.ui.ResponseProcessor$Proxy$_$$_WeldClientProxy.run(ResponseProcessor$Proxy$_$$_WeldClientProxy.java)
	at org.jboss.dashboard.ui.controller.ControllerServlet$2.txFragment(ControllerServlet.java:192)
	at org.jboss.dashboard.database.hibernate.HibernateTransaction.executeFragment(HibernateTransaction.java:252)
	at org.jboss.dashboard.database.hibernate.HibernateTxFragment.executeInitiator(HibernateTxFragment.java:179)
	at org.jboss.dashboard.database.hibernate.HibernateTxFragment.execute(HibernateTxFragment.java:167)
	at org.jboss.dashboard.ui.controller.ControllerServlet.processTheView(ControllerServlet.java:189)
	at org.jboss.dashboard.ui.controller.ControllerServlet.service(ControllerServlet.java:138)
	at javax.servlet.http.HttpServlet.service(HttpServlet.java:731)
	at org.apache.catalina.core.ApplicationFilterChain.internalDoFilter(ApplicationFilterChain.java:303)
	at org.apache.catalina.core.ApplicationFilterChain.doFilter(ApplicationFilterChain.java:208)
	at org.apache.tomcat.websocket.server.WsFilter.doFilter(WsFilter.java:52)
	at org.apache.catalina.core.ApplicationFilterChain.internalDoFilter(ApplicationFilterChain.java:241)
	at org.apache.catalina.core.ApplicationFilterChain.doFilter(ApplicationFilterChain.java:208)
	at org.jboss.dashboard.ui.controller.SecureHeaderFilter.doFilter(SecureHeaderFilter.java:62)
	at org.apache.catalina.core.ApplicationFilterChain.internalDoFilter(ApplicationFilterChain.java:241)
	at org.apache.catalina.core.ApplicationFilterChain.doFilter(ApplicationFilterChain.java:208)
	at org.apache.catalina.core.StandardWrapperValve.invoke(StandardWrapperValve.java:218)
	at org.apache.catalina.core.StandardContextValve.invoke(StandardContextValve.java:110)
	at org.apache.catalina.authenticator.AuthenticatorBase.invoke(AuthenticatorBase.java:615)
	at org.apache.catalina.core.StandardHostValve.invoke(StandardHostValve.java:169)
	at org.apache.catalina.valves.ErrorReportValve.invoke(ErrorReportValve.java:103)
	at org.apache.catalina.valves.AccessLogValve.invoke(AccessLogValve.java:962)
	at org.apache.catalina.core.StandardEngineValve.invoke(StandardEngineValve.java:116)
	at org.apache.catalina.connector.CoyoteAdapter.service(CoyoteAdapter.java:445)
	at org.apache.coyote.http11.AbstractHttp11Processor.process(AbstractHttp11Processor.java:1115)
	at org.apache.coyote.AbstractProtocol$AbstractConnectionHandler.process(AbstractProtocol.java:637)
	at org.apache.tomcat.util.net.JIoEndpoint$SocketProcessor.run(JIoEndpoint.java:318)
	at java.util.concurrent.ThreadPoolExecutor.runWorker(ThreadPoolExecutor.java:1152)
	at java.util.concurrent.ThreadPoolExecutor$Worker.run(ThreadPoolExecutor.java:622)
	at org.apache.tomcat.util.threads.TaskThread$WrappingRunnable.run(TaskThread.java:61)
	at java.lang.Thread.run(Thread.java:748)

