Ago 29, 2017 9:15:40 AM org.apache.catalina.core.ApplicationDispatcher invoke
GRAVE: Servlet.service() for servlet jsp threw exception
org.apache.jasper.JasperException: Unable to compile class for JSP: 

An error occurred at line: [18] in the generated java file: [/home/otavio/Projetos/central_de_estagios/tomcat/work/Catalina/localhost/dashbuilder/org/apache/jsp/formularios/dados_jsp.java]
Syntax error on token "{", { expected after this token

An error occurred at line: 6 in the jsp file: /formularios/dados.jsp
File cannot be resolved to a type
3: 
4: <%!
5:     try {
6:         File arquivo = new File("Registro.csv");
7:     	  arquivo.createNewFile();
8:         FileWritter fw = new FileWriter(arquivo, true);
9:   	     fw.write(request.getParameter("Bolsa") + ";" + request.getParameter("Acima"));


An error occurred at line: 6 in the jsp file: /formularios/dados.jsp
File cannot be resolved to a type
3: 
4: <%!
5:     try {
6:         File arquivo = new File("Registro.csv");
7:     	  arquivo.createNewFile();
8:         FileWritter fw = new FileWriter(arquivo, true);
9:   	     fw.write(request.getParameter("Bolsa") + ";" + request.getParameter("Acima"));


An error occurred at line: 8 in the jsp file: /formularios/dados.jsp
FileWritter cannot be resolved to a type
5:     try {
6:         File arquivo = new File("Registro.csv");
7:     	  arquivo.createNewFile();
8:         FileWritter fw = new FileWriter(arquivo, true);
9:   	     fw.write(request.getParameter("Bolsa") + ";" + request.getParameter("Acima"));
10:         fw.close();
11:         arquivo.close();


An error occurred at line: 8 in the jsp file: /formularios/dados.jsp
FileWriter cannot be resolved to a type
5:     try {
6:         File arquivo = new File("Registro.csv");
7:     	  arquivo.createNewFile();
8:         FileWritter fw = new FileWriter(arquivo, true);
9:   	     fw.write(request.getParameter("Bolsa") + ";" + request.getParameter("Acima"));
10:         fw.close();
11:         arquivo.close();


An error occurred at line: 9 in the jsp file: /formularios/dados.jsp
request cannot be resolved
6:         File arquivo = new File("Registro.csv");
7:     	  arquivo.createNewFile();
8:         FileWritter fw = new FileWriter(arquivo, true);
9:   	     fw.write(request.getParameter("Bolsa") + ";" + request.getParameter("Acima"));
10:         fw.close();
11:         arquivo.close();
12:     }


An error occurred at line: 9 in the jsp file: /formularios/dados.jsp
request cannot be resolved
6:         File arquivo = new File("Registro.csv");
7:     	  arquivo.createNewFile();
8:         FileWritter fw = new FileWriter(arquivo, true);
9:   	     fw.write(request.getParameter("Bolsa") + ";" + request.getParameter("Acima"));
10:         fw.close();
11:         arquivo.close();
12:     }


An error occurred at line: [41] in the generated java file: [/home/otavio/Projetos/central_de_estagios/tomcat/work/Catalina/localhost/dashbuilder/org/apache/jsp/formularios/dados_jsp.java]
Syntax error, insert "VariableDeclarators" to complete LocalVariableDeclaration

An error occurred at line: [41] in the generated java file: [/home/otavio/Projetos/central_de_estagios/tomcat/work/Catalina/localhost/dashbuilder/org/apache/jsp/formularios/dados_jsp.java]
Syntax error, insert ";" to complete LocalVariableDeclarationStatement

An error occurred at line: [41] in the generated java file: [/home/otavio/Projetos/central_de_estagios/tomcat/work/Catalina/localhost/dashbuilder/org/apache/jsp/formularios/dados_jsp.java]
Syntax error on token "{", ; expected

Stacktrace:
	at org.apache.jasper.compiler.DefaultErrorHandler.javacError(DefaultErrorHandler.java:103)
	at org.apache.jasper.compiler.ErrorDispatcher.javacError(ErrorDispatcher.java:366)
	at org.apache.jasper.compiler.JDTCompiler.generateClass(JDTCompiler.java:490)
	at org.apache.jasper.compiler.Compiler.compile(Compiler.java:379)
	at org.apache.jasper.compiler.Compiler.compile(Compiler.java:354)
	at org.apache.jasper.compiler.Compiler.compile(Compiler.java:341)
	at org.apache.jasper.JspCompilationContext.compile(JspCompilationContext.java:663)
	at org.apache.jasper.servlet.JspServletWrapper.service(JspServletWrapper.java:364)
	at org.apache.jasper.servlet.JspServlet.serviceJspFile(JspServlet.java:395)
	at org.apache.jasper.servlet.JspServlet.service(JspServlet.java:339)
	at javax.servlet.http.HttpServlet.service(HttpServlet.java:731)
	at org.apache.catalina.core.ApplicationFilterChain.internalDoFilter(ApplicationFilterChain.java:303)
	at org.apache.catalina.core.ApplicationFilterChain.doFilter(ApplicationFilterChain.java:208)
	at org.apache.tomcat.websocket.server.WsFilter.doFilter(WsFilter.java:52)
	at org.apache.catalina.core.ApplicationFilterChain.internalDoFilter(ApplicationFilterChain.java:241)
	at org.apache.catalina.core.ApplicationFilterChain.doFilter(ApplicationFilterChain.java:208)
	at org.apache.catalina.core.ApplicationDispatcher.invoke(ApplicationDispatcher.java:743)
	at org.apache.catalina.core.ApplicationDispatcher.processRequest(ApplicationDispatcher.java:485)
	at org.apache.catalina.core.ApplicationDispatcher.doForward(ApplicationDispatcher.java:410)
	at org.apache.catalina.core.ApplicationDispatcher.forward(ApplicationDispatcher.java:337)
	at org.apache.jasper.runtime.PageContextImpl.doForward(PageContextImpl.java:750)
	at org.apache.jasper.runtime.PageContextImpl.forward(PageContextImpl.java:720)
	at org.apache.jsp.formularios.formulario_jsp._jspService(formulario_jsp.java:83)
	at org.apache.jasper.runtime.HttpJspBase.service(HttpJspBase.java:70)
	at javax.servlet.http.HttpServlet.service(HttpServlet.java:731)
	at org.apache.jasper.servlet.JspServletWrapper.service(JspServletWrapper.java:439)
	at org.apache.jasper.servlet.JspServlet.serviceJspFile(JspServlet.java:395)
	at org.apache.jasper.servlet.JspServlet.service(JspServlet.java:339)
	at javax.servlet.http.HttpServlet.service(HttpServlet.java:731)
	at org.apache.catalina.core.ApplicationFilterChain.internalDoFilter(ApplicationFilterChain.java:303)
	at org.apache.catalina.core.ApplicationFilterChain.doFilter(ApplicationFilterChain.java:208)
	at org.apache.tomcat.websocket.server.WsFilter.doFilter(WsFilter.java:52)
	at org.apache.catalina.core.ApplicationFilterChain.internalDoFilter(ApplicationFilterChain.java:241)
	at org.apache.catalina.core.ApplicationFilterChain.doFilter(ApplicationFilterChain.java:208)
	at org.jboss.dashboard.ui.controller.SecureHeaderFilter.doFilter(SecureHeaderFilter.java:62)
	at org.apache.catalina.core.ApplicationFilterChain.internalDoFilter(ApplicationFilterChain.java:241)
	at org.apache.catalina.core.ApplicationFilterChain.doFilter(ApplicationFilterChain.java:208)
	at org.apache.catalina.core.StandardWrapperValve.invoke(StandardWrapperValve.java:218)
	at org.apache.catalina.core.StandardContextValve.invoke(StandardContextValve.java:110)
	at org.apache.catalina.authenticator.AuthenticatorBase.invoke(AuthenticatorBase.java:615)
	at org.apache.catalina.core.StandardHostValve.invoke(StandardHostValve.java:169)
	at org.apache.catalina.valves.ErrorReportValve.invoke(ErrorReportValve.java:103)
	at org.apache.catalina.valves.AccessLogValve.invoke(AccessLogValve.java:962)
	at org.apache.catalina.core.StandardEngineValve.invoke(StandardEngineValve.java:116)
	at org.apache.catalina.connector.CoyoteAdapter.service(CoyoteAdapter.java:445)
	at org.apache.coyote.http11.AbstractHttp11Processor.process(AbstractHttp11Processor.java:1115)
	at org.apache.coyote.AbstractProtocol$AbstractConnectionHandler.process(AbstractProtocol.java:637)
	at org.apache.tomcat.util.net.JIoEndpoint$SocketProcessor.run(JIoEndpoint.java:318)
	at java.util.concurrent.ThreadPoolExecutor.runWorker(ThreadPoolExecutor.java:1152)
	at java.util.concurrent.ThreadPoolExecutor$Worker.run(ThreadPoolExecutor.java:622)
	at org.apache.tomcat.util.threads.TaskThread$WrappingRunnable.run(TaskThread.java:61)
	at java.lang.Thread.run(Thread.java:748)

Ago 29, 2017 9:15:40 AM org.apache.catalina.core.StandardWrapperValve invoke
GRAVE: Servlet.service() for servlet [jsp] in context with path [/dashbuilder] threw exception [Unable to compile class for JSP: 

An error occurred at line: [18] in the generated java file: [/home/otavio/Projetos/central_de_estagios/tomcat/work/Catalina/localhost/dashbuilder/org/apache/jsp/formularios/dados_jsp.java]
Syntax error on token "{", { expected after this token

An error occurred at line: 6 in the jsp file: /formularios/dados.jsp
File cannot be resolved to a type
3: 
4: <%!
5:     try {
6:         File arquivo = new File("Registro.csv");
7:     	  arquivo.createNewFile();
8:         FileWritter fw = new FileWriter(arquivo, true);
9:   	     fw.write(request.getParameter("Bolsa") + ";" + request.getParameter("Acima"));


An error occurred at line: 6 in the jsp file: /formularios/dados.jsp
File cannot be resolved to a type
3: 
4: <%!
5:     try {
6:         File arquivo = new File("Registro.csv");
7:     	  arquivo.createNewFile();
8:         FileWritter fw = new FileWriter(arquivo, true);
9:   	     fw.write(request.getParameter("Bolsa") + ";" + request.getParameter("Acima"));


An error occurred at line: 8 in the jsp file: /formularios/dados.jsp
FileWritter cannot be resolved to a type
5:     try {
6:         File arquivo = new File("Registro.csv");
7:     	  arquivo.createNewFile();
8:         FileWritter fw = new FileWriter(arquivo, true);
9:   	     fw.write(request.getParameter("Bolsa") + ";" + request.getParameter("Acima"));
10:         fw.close();
11:         arquivo.close();


An error occurred at line: 8 in the jsp file: /formularios/dados.jsp
FileWriter cannot be resolved to a type
5:     try {
6:         File arquivo = new File("Registro.csv");
7:     	  arquivo.createNewFile();
8:         FileWritter fw = new FileWriter(arquivo, true);
9:   	     fw.write(request.getParameter("Bolsa") + ";" + request.getParameter("Acima"));
10:         fw.close();
11:         arquivo.close();


An error occurred at line: 9 in the jsp file: /formularios/dados.jsp
request cannot be resolved
6:         File arquivo = new File("Registro.csv");
7:     	  arquivo.createNewFile();
8:         FileWritter fw = new FileWriter(arquivo, true);
9:   	     fw.write(request.getParameter("Bolsa") + ";" + request.getParameter("Acima"));
10:         fw.close();
11:         arquivo.close();
12:     }


An error occurred at line: 9 in the jsp file: /formularios/dados.jsp
request cannot be resolved
6:         File arquivo = new File("Registro.csv");
7:     	  arquivo.createNewFile();
8:         FileWritter fw = new FileWriter(arquivo, true);
9:   	     fw.write(request.getParameter("Bolsa") + ";" + request.getParameter("Acima"));
10:         fw.close();
11:         arquivo.close();
12:     }


An error occurred at line: [41] in the generated java file: [/home/otavio/Projetos/central_de_estagios/tomcat/work/Catalina/localhost/dashbuilder/org/apache/jsp/formularios/dados_jsp.java]
Syntax error, insert "VariableDeclarators" to complete LocalVariableDeclaration

An error occurred at line: [41] in the generated java file: [/home/otavio/Projetos/central_de_estagios/tomcat/work/Catalina/localhost/dashbuilder/org/apache/jsp/formularios/dados_jsp.java]
Syntax error, insert ";" to complete LocalVariableDeclarationStatement

An error occurred at line: [41] in the generated java file: [/home/otavio/Projetos/central_de_estagios/tomcat/work/Catalina/localhost/dashbuilder/org/apache/jsp/formularios/dados_jsp.java]
Syntax error on token "{", ; expected

Stacktrace:] with root cause
org.apache.jasper.JasperException: Unable to compile class for JSP: 

An error occurred at line: [18] in the generated java file: [/home/otavio/Projetos/central_de_estagios/tomcat/work/Catalina/localhost/dashbuilder/org/apache/jsp/formularios/dados_jsp.java]
Syntax error on token "{", { expected after this token

An error occurred at line: 6 in the jsp file: /formularios/dados.jsp
File cannot be resolved to a type
3: 
4: <%!
5:     try {
6:         File arquivo = new File("Registro.csv");
7:     	  arquivo.createNewFile();
8:         FileWritter fw = new FileWriter(arquivo, true);
9:   	     fw.write(request.getParameter("Bolsa") + ";" + request.getParameter("Acima"));


An error occurred at line: 6 in the jsp file: /formularios/dados.jsp
File cannot be resolved to a type
3: 
4: <%!
5:     try {
6:         File arquivo = new File("Registro.csv");
7:     	  arquivo.createNewFile();
8:         FileWritter fw = new FileWriter(arquivo, true);
9:   	     fw.write(request.getParameter("Bolsa") + ";" + request.getParameter("Acima"));


An error occurred at line: 8 in the jsp file: /formularios/dados.jsp
FileWritter cannot be resolved to a type
5:     try {
6:         File arquivo = new File("Registro.csv");
7:     	  arquivo.createNewFile();
8:         FileWritter fw = new FileWriter(arquivo, true);
9:   	     fw.write(request.getParameter("Bolsa") + ";" + request.getParameter("Acima"));
10:         fw.close();
11:         arquivo.close();


An error occurred at line: 8 in the jsp file: /formularios/dados.jsp
FileWriter cannot be resolved to a type
5:     try {
6:         File arquivo = new File("Registro.csv");
7:     	  arquivo.createNewFile();
8:         FileWritter fw = new FileWriter(arquivo, true);
9:   	     fw.write(request.getParameter("Bolsa") + ";" + request.getParameter("Acima"));
10:         fw.close();
11:         arquivo.close();


An error occurred at line: 9 in the jsp file: /formularios/dados.jsp
request cannot be resolved
6:         File arquivo = new File("Registro.csv");
7:     	  arquivo.createNewFile();
8:         FileWritter fw = new FileWriter(arquivo, true);
9:   	     fw.write(request.getParameter("Bolsa") + ";" + request.getParameter("Acima"));
10:         fw.close();
11:         arquivo.close();
12:     }


An error occurred at line: 9 in the jsp file: /formularios/dados.jsp
request cannot be resolved
6:         File arquivo = new File("Registro.csv");
7:     	  arquivo.createNewFile();
8:         FileWritter fw = new FileWriter(arquivo, true);
9:   	     fw.write(request.getParameter("Bolsa") + ";" + request.getParameter("Acima"));
10:         fw.close();
11:         arquivo.close();
12:     }


An error occurred at line: [41] in the generated java file: [/home/otavio/Projetos/central_de_estagios/tomcat/work/Catalina/localhost/dashbuilder/org/apache/jsp/formularios/dados_jsp.java]
Syntax error, insert "VariableDeclarators" to complete LocalVariableDeclaration

An error occurred at line: [41] in the generated java file: [/home/otavio/Projetos/central_de_estagios/tomcat/work/Catalina/localhost/dashbuilder/org/apache/jsp/formularios/dados_jsp.java]
Syntax error, insert ";" to complete LocalVariableDeclarationStatement

An error occurred at line: [41] in the generated java file: [/home/otavio/Projetos/central_de_estagios/tomcat/work/Catalina/localhost/dashbuilder/org/apache/jsp/formularios/dados_jsp.java]
Syntax error on token "{", ; expected

Stacktrace:
	at org.apache.jasper.compiler.DefaultErrorHandler.javacError(DefaultErrorHandler.java:103)
	at org.apache.jasper.compiler.ErrorDispatcher.javacError(ErrorDispatcher.java:366)
	at org.apache.jasper.compiler.JDTCompiler.generateClass(JDTCompiler.java:490)
	at org.apache.jasper.compiler.Compiler.compile(Compiler.java:379)
	at org.apache.jasper.compiler.Compiler.compile(Compiler.java:354)
	at org.apache.jasper.compiler.Compiler.compile(Compiler.java:341)
	at org.apache.jasper.JspCompilationContext.compile(JspCompilationContext.java:663)
	at org.apache.jasper.servlet.JspServletWrapper.service(JspServletWrapper.java:364)
	at org.apache.jasper.servlet.JspServlet.serviceJspFile(JspServlet.java:395)
	at org.apache.jasper.servlet.JspServlet.service(JspServlet.java:339)
	at javax.servlet.http.HttpServlet.service(HttpServlet.java:731)
	at org.apache.catalina.core.ApplicationFilterChain.internalDoFilter(ApplicationFilterChain.java:303)
	at org.apache.catalina.core.ApplicationFilterChain.doFilter(ApplicationFilterChain.java:208)
	at org.apache.tomcat.websocket.server.WsFilter.doFilter(WsFilter.java:52)
	at org.apache.catalina.core.ApplicationFilterChain.internalDoFilter(ApplicationFilterChain.java:241)
	at org.apache.catalina.core.ApplicationFilterChain.doFilter(ApplicationFilterChain.java:208)
	at org.apache.catalina.core.ApplicationDispatcher.invoke(ApplicationDispatcher.java:743)
	at org.apache.catalina.core.ApplicationDispatcher.processRequest(ApplicationDispatcher.java:485)
	at org.apache.catalina.core.ApplicationDispatcher.doForward(ApplicationDispatcher.java:410)
	at org.apache.catalina.core.ApplicationDispatcher.forward(ApplicationDispatcher.java:337)
	at org.apache.jasper.runtime.PageContextImpl.doForward(PageContextImpl.java:750)
	at org.apache.jasper.runtime.PageContextImpl.forward(PageContextImpl.java:720)
	at org.apache.jsp.formularios.formulario_jsp._jspService(formulario_jsp.java:83)
	at org.apache.jasper.runtime.HttpJspBase.service(HttpJspBase.java:70)
	at javax.servlet.http.HttpServlet.service(HttpServlet.java:731)
	at org.apache.jasper.servlet.JspServletWrapper.service(JspServletWrapper.java:439)
	at org.apache.jasper.servlet.JspServlet.serviceJspFile(JspServlet.java:395)
	at org.apache.jasper.servlet.JspServlet.service(JspServlet.java:339)
	at javax.servlet.http.HttpServlet.service(HttpServlet.java:731)
	at org.apache.catalina.core.ApplicationFilterChain.internalDoFilter(ApplicationFilterChain.java:303)
	at org.apache.catalina.core.ApplicationFilterChain.doFilter(ApplicationFilterChain.java:208)
	at org.apache.tomcat.websocket.server.WsFilter.doFilter(WsFilter.java:52)
	at org.apache.catalina.core.ApplicationFilterChain.internalDoFilter(ApplicationFilterChain.java:241)
	at org.apache.catalina.core.ApplicationFilterChain.doFilter(ApplicationFilterChain.java:208)
	at org.jboss.dashboard.ui.controller.SecureHeaderFilter.doFilter(SecureHeaderFilter.java:62)
	at org.apache.catalina.core.ApplicationFilterChain.internalDoFilter(ApplicationFilterChain.java:241)
	at org.apache.catalina.core.ApplicationFilterChain.doFilter(ApplicationFilterChain.java:208)
	at org.apache.catalina.core.StandardWrapperValve.invoke(StandardWrapperValve.java:218)
	at org.apache.catalina.core.StandardContextValve.invoke(StandardContextValve.java:110)
	at org.apache.catalina.authenticator.AuthenticatorBase.invoke(AuthenticatorBase.java:615)
	at org.apache.catalina.core.StandardHostValve.invoke(StandardHostValve.java:169)
	at org.apache.catalina.valves.ErrorReportValve.invoke(ErrorReportValve.java:103)
	at org.apache.catalina.valves.AccessLogValve.invoke(AccessLogValve.java:962)
	at org.apache.catalina.core.StandardEngineValve.invoke(StandardEngineValve.java:116)
	at org.apache.catalina.connector.CoyoteAdapter.service(CoyoteAdapter.java:445)
	at org.apache.coyote.http11.AbstractHttp11Processor.process(AbstractHttp11Processor.java:1115)
	at org.apache.coyote.AbstractProtocol$AbstractConnectionHandler.process(AbstractProtocol.java:637)
	at org.apache.tomcat.util.net.JIoEndpoint$SocketProcessor.run(JIoEndpoint.java:318)
	at java.util.concurrent.ThreadPoolExecutor.runWorker(ThreadPoolExecutor.java:1152)
	at java.util.concurrent.ThreadPoolExecutor$Worker.run(ThreadPoolExecutor.java:622)
	at org.apache.tomcat.util.threads.TaskThread$WrappingRunnable.run(TaskThread.java:61)
	at java.lang.Thread.run(Thread.java:748)

