Nov 13, 2017 1:22:53 PM org.apache.catalina.core.ApplicationContext log
INFORMAÇÕES: HTMLManager: init: Associated with Deployer 'Catalina:type=Deployer,host=localhost'
Nov 13, 2017 1:22:53 PM org.apache.catalina.core.ApplicationContext log
INFORMAÇÕES: HTMLManager: init: Global resources are available
Nov 13, 2017 1:22:53 PM org.apache.catalina.core.ApplicationContext log
INFORMAÇÕES: HTMLManager: list: Listing contexts for virtual host 'localhost'
Nov 13, 2017 1:22:59 PM org.apache.catalina.core.ApplicationContext log
INFORMAÇÕES: HTMLManager: sessions: Session information for web application '/estagios'
Nov 13, 2017 1:22:59 PM org.apache.catalina.core.ApplicationContext log
INFORMAÇÕES: HTMLManager: sessions: Session expiration for 0 minutes '/estagios'
Nov 13, 2017 1:22:59 PM org.apache.catalina.core.ApplicationContext log
INFORMAÇÕES: HTMLManager: list: Listing contexts for virtual host 'localhost'
Nov 13, 2017 1:44:12 PM org.apache.catalina.core.ApplicationContext log
INFORMAÇÕES: HTMLManager: list: Listing contexts for virtual host 'localhost'
Nov 13, 2017 1:44:18 PM org.apache.catalina.core.ApplicationContext log
INFORMAÇÕES: HTMLManager: sessions: Session information for web application '/estagios'
Nov 13, 2017 1:44:18 PM org.apache.catalina.core.ApplicationContext log
INFORMAÇÕES: HTMLManager: sessions: Session expiration for 0 minutes '/estagios'
Nov 13, 2017 1:44:18 PM org.apache.catalina.core.ApplicationContext log
INFORMAÇÕES: HTMLManager: list: Listing contexts for virtual host 'localhost'
