Set 21, 2017 9:11:54 AM org.apache.catalina.core.ApplicationContext log
INFORMAÇÕES: HTMLManager: init: Associated with Deployer 'Catalina:type=Deployer,host=localhost'
Set 21, 2017 9:11:54 AM org.apache.catalina.core.ApplicationContext log
INFORMAÇÕES: HTMLManager: init: Global resources are available
Set 21, 2017 9:11:54 AM org.apache.catalina.core.ApplicationContext log
INFORMAÇÕES: HTMLManager: list: Listing contexts for virtual host 'localhost'
Set 21, 2017 9:12:00 AM org.apache.catalina.core.ApplicationContext log
INFORMAÇÕES: HTMLManager: sessions: Session information for web application '/dashbuilder'
Set 21, 2017 9:12:00 AM org.apache.catalina.core.ApplicationContext log
INFORMAÇÕES: HTMLManager: sessions: Session expiration for 0 minutes '/dashbuilder'
Set 21, 2017 9:12:00 AM org.apache.catalina.core.ApplicationContext log
INFORMAÇÕES: HTMLManager: list: Listing contexts for virtual host 'localhost'
Set 21, 2017 9:35:38 AM org.apache.catalina.core.ApplicationContext log
INFORMAÇÕES: HTMLManager: list: Listing contexts for virtual host 'localhost'
Set 21, 2017 9:35:42 AM org.apache.catalina.core.ApplicationContext log
INFORMAÇÕES: HTMLManager: sessions: Session information for web application '/dashbuilder'
Set 21, 2017 9:35:42 AM org.apache.catalina.core.ApplicationContext log
INFORMAÇÕES: HTMLManager: sessions: Session expiration for 0 minutes '/dashbuilder'
Set 21, 2017 9:35:42 AM org.apache.catalina.core.ApplicationContext log
INFORMAÇÕES: HTMLManager: list: Listing contexts for virtual host 'localhost'
Set 21, 2017 10:33:34 AM org.apache.catalina.core.ApplicationContext log
INFORMAÇÕES: HTMLManager: list: Listing contexts for virtual host 'localhost'
Set 21, 2017 10:33:40 AM org.apache.catalina.core.ApplicationContext log
INFORMAÇÕES: HTMLManager: sessions: Session information for web application '/dashbuilder'
Set 21, 2017 10:33:40 AM org.apache.catalina.core.ApplicationContext log
INFORMAÇÕES: HTMLManager: sessions: Session expiration for 0 minutes '/dashbuilder'
Set 21, 2017 10:33:40 AM org.apache.catalina.core.ApplicationContext log
INFORMAÇÕES: HTMLManager: list: Listing contexts for virtual host 'localhost'
Set 21, 2017 10:50:17 AM org.apache.catalina.core.ApplicationContext log
INFORMAÇÕES: HTMLManager: list: Listing contexts for virtual host 'localhost'
Set 21, 2017 10:50:21 AM org.apache.catalina.core.ApplicationContext log
INFORMAÇÕES: HTMLManager: sessions: Session information for web application '/dashbuilder'
Set 21, 2017 10:50:21 AM org.apache.catalina.core.ApplicationContext log
INFORMAÇÕES: HTMLManager: sessions: Session expiration for 0 minutes '/dashbuilder'
Set 21, 2017 10:50:21 AM org.apache.catalina.core.ApplicationContext log
INFORMAÇÕES: HTMLManager: list: Listing contexts for virtual host 'localhost'
Set 21, 2017 11:37:45 AM org.apache.catalina.core.ApplicationContext log
INFORMAÇÕES: HTMLManager: init: Associated with Deployer 'Catalina:type=Deployer,host=localhost'
Set 21, 2017 11:37:45 AM org.apache.catalina.core.ApplicationContext log
INFORMAÇÕES: HTMLManager: init: Global resources are available
Set 21, 2017 11:37:45 AM org.apache.catalina.core.ApplicationContext log
INFORMAÇÕES: HTMLManager: list: Listing contexts for virtual host 'localhost'
Set 21, 2017 11:37:50 AM org.apache.catalina.core.ApplicationContext log
INFORMAÇÕES: HTMLManager: sessions: Session information for web application '/dashbuilder'
Set 21, 2017 11:37:50 AM org.apache.catalina.core.ApplicationContext log
INFORMAÇÕES: HTMLManager: sessions: Session expiration for 0 minutes '/dashbuilder'
Set 21, 2017 11:37:50 AM org.apache.catalina.core.ApplicationContext log
INFORMAÇÕES: HTMLManager: list: Listing contexts for virtual host 'localhost'
Set 21, 2017 11:38:40 AM org.apache.catalina.core.ApplicationContext log
INFORMAÇÕES: HTMLManager: list: Listing contexts for virtual host 'localhost'
Set 21, 2017 11:38:44 AM org.apache.catalina.core.ApplicationContext log
INFORMAÇÕES: HTMLManager: sessions: Session information for web application '/dashbuilder'
Set 21, 2017 11:38:44 AM org.apache.catalina.core.ApplicationContext log
INFORMAÇÕES: HTMLManager: sessions: Session expiration for 0 minutes '/dashbuilder'
Set 21, 2017 11:38:44 AM org.apache.catalina.core.ApplicationContext log
INFORMAÇÕES: HTMLManager: list: Listing contexts for virtual host 'localhost'
Set 21, 2017 11:43:10 AM org.apache.catalina.core.ApplicationContext log
INFORMAÇÕES: HTMLManager: list: Listing contexts for virtual host 'localhost'
Set 21, 2017 11:43:15 AM org.apache.catalina.core.ApplicationContext log
INFORMAÇÕES: HTMLManager: sessions: Session information for web application '/dashbuilder'
Set 21, 2017 11:43:15 AM org.apache.catalina.core.ApplicationContext log
INFORMAÇÕES: HTMLManager: sessions: Session expiration for 0 minutes '/dashbuilder'
Set 21, 2017 11:43:15 AM org.apache.catalina.core.ApplicationContext log
INFORMAÇÕES: HTMLManager: list: Listing contexts for virtual host 'localhost'
