Mar 17, 2018 6:48:23 PM org.apache.catalina.realm.LockOutRealm filterLockedAccounts
ADVERTÊNCIA: An attempt was made to authenticate the locked user "tomcat"
Mar 17, 2018 6:48:24 PM org.apache.catalina.realm.LockOutRealm filterLockedAccounts
ADVERTÊNCIA: An attempt was made to authenticate the locked user "tomcat"
Mar 17, 2018 6:48:24 PM org.apache.catalina.realm.LockOutRealm filterLockedAccounts
ADVERTÊNCIA: An attempt was made to authenticate the locked user "tomcat"
Mar 17, 2018 6:48:24 PM org.apache.catalina.realm.LockOutRealm filterLockedAccounts
ADVERTÊNCIA: An attempt was made to authenticate the locked user "tomcat"
Mar 17, 2018 6:48:25 PM org.apache.catalina.realm.LockOutRealm filterLockedAccounts
ADVERTÊNCIA: An attempt was made to authenticate the locked user "tomcat"
Mar 17, 2018 6:48:25 PM org.apache.catalina.realm.LockOutRealm filterLockedAccounts
ADVERTÊNCIA: An attempt was made to authenticate the locked user "tomcat"
Mar 17, 2018 6:48:25 PM org.apache.catalina.realm.LockOutRealm filterLockedAccounts
ADVERTÊNCIA: An attempt was made to authenticate the locked user "tomcat"
Mar 17, 2018 6:48:26 PM org.apache.catalina.realm.LockOutRealm filterLockedAccounts
ADVERTÊNCIA: An attempt was made to authenticate the locked user "tomcat"
Mar 17, 2018 6:48:26 PM org.apache.catalina.realm.LockOutRealm filterLockedAccounts
ADVERTÊNCIA: An attempt was made to authenticate the locked user "tomcat"
Mar 17, 2018 6:48:26 PM org.apache.catalina.realm.LockOutRealm filterLockedAccounts
ADVERTÊNCIA: An attempt was made to authenticate the locked user "tomcat"
Mar 17, 2018 6:48:28 PM org.apache.catalina.realm.LockOutRealm filterLockedAccounts
ADVERTÊNCIA: An attempt was made to authenticate the locked user "manager"
Mar 17, 2018 6:48:28 PM org.apache.catalina.realm.LockOutRealm filterLockedAccounts
ADVERTÊNCIA: An attempt was made to authenticate the locked user "manager"
Mar 17, 2018 6:48:29 PM org.apache.catalina.realm.LockOutRealm filterLockedAccounts
ADVERTÊNCIA: An attempt was made to authenticate the locked user "manager"
Mar 17, 2018 6:48:29 PM org.apache.catalina.realm.LockOutRealm filterLockedAccounts
ADVERTÊNCIA: An attempt was made to authenticate the locked user "manager"
Mar 17, 2018 6:48:29 PM org.apache.catalina.realm.LockOutRealm filterLockedAccounts
ADVERTÊNCIA: An attempt was made to authenticate the locked user "manager"
Mar 17, 2018 6:48:30 PM org.apache.catalina.realm.LockOutRealm filterLockedAccounts
ADVERTÊNCIA: An attempt was made to authenticate the locked user "manager"
Mar 17, 2018 6:48:30 PM org.apache.catalina.realm.LockOutRealm filterLockedAccounts
ADVERTÊNCIA: An attempt was made to authenticate the locked user "manager"
Mar 17, 2018 6:48:30 PM org.apache.catalina.realm.LockOutRealm filterLockedAccounts
ADVERTÊNCIA: An attempt was made to authenticate the locked user "manager"
Mar 17, 2018 6:48:31 PM org.apache.catalina.realm.LockOutRealm filterLockedAccounts
ADVERTÊNCIA: An attempt was made to authenticate the locked user "manager"
Mar 17, 2018 6:48:31 PM org.apache.catalina.realm.LockOutRealm filterLockedAccounts
ADVERTÊNCIA: An attempt was made to authenticate the locked user "manager"
Mar 17, 2018 6:48:32 PM org.apache.catalina.realm.LockOutRealm filterLockedAccounts
ADVERTÊNCIA: An attempt was made to authenticate the locked user "admin"
Mar 17, 2018 6:48:33 PM org.apache.catalina.realm.LockOutRealm filterLockedAccounts
ADVERTÊNCIA: An attempt was made to authenticate the locked user "admin"
Mar 17, 2018 6:48:33 PM org.apache.catalina.realm.LockOutRealm filterLockedAccounts
ADVERTÊNCIA: An attempt was made to authenticate the locked user "admin"
Mar 17, 2018 6:48:33 PM org.apache.catalina.realm.LockOutRealm filterLockedAccounts
ADVERTÊNCIA: An attempt was made to authenticate the locked user "admin"
Mar 17, 2018 6:48:34 PM org.apache.catalina.realm.LockOutRealm filterLockedAccounts
ADVERTÊNCIA: An attempt was made to authenticate the locked user "admin"
Mar 17, 2018 6:48:34 PM org.apache.catalina.realm.LockOutRealm filterLockedAccounts
ADVERTÊNCIA: An attempt was made to authenticate the locked user "admin"
Mar 17, 2018 6:48:34 PM org.apache.catalina.realm.LockOutRealm filterLockedAccounts
ADVERTÊNCIA: An attempt was made to authenticate the locked user "admin"
Mar 17, 2018 6:48:35 PM org.apache.catalina.realm.LockOutRealm filterLockedAccounts
ADVERTÊNCIA: An attempt was made to authenticate the locked user "admin"
Mar 17, 2018 6:48:35 PM org.apache.catalina.realm.LockOutRealm filterLockedAccounts
ADVERTÊNCIA: An attempt was made to authenticate the locked user "admin"
Mar 17, 2018 6:48:35 PM org.apache.catalina.realm.LockOutRealm filterLockedAccounts
ADVERTÊNCIA: An attempt was made to authenticate the locked user "admin"
Mar 17, 2018 6:48:36 PM org.apache.catalina.realm.LockOutRealm filterLockedAccounts
ADVERTÊNCIA: An attempt was made to authenticate the locked user "admin"
Mar 17, 2018 6:48:37 PM org.apache.catalina.realm.LockOutRealm filterLockedAccounts
ADVERTÊNCIA: An attempt was made to authenticate the locked user "root"
Mar 17, 2018 6:48:38 PM org.apache.catalina.realm.LockOutRealm filterLockedAccounts
ADVERTÊNCIA: An attempt was made to authenticate the locked user "root"
Mar 17, 2018 6:48:38 PM org.apache.catalina.realm.LockOutRealm filterLockedAccounts
ADVERTÊNCIA: An attempt was made to authenticate the locked user "root"
Mar 17, 2018 6:48:38 PM org.apache.catalina.realm.LockOutRealm filterLockedAccounts
ADVERTÊNCIA: An attempt was made to authenticate the locked user "root"
Mar 17, 2018 6:48:39 PM org.apache.catalina.realm.LockOutRealm filterLockedAccounts
ADVERTÊNCIA: An attempt was made to authenticate the locked user "root"
Mar 17, 2018 6:48:39 PM org.apache.catalina.realm.LockOutRealm filterLockedAccounts
ADVERTÊNCIA: An attempt was made to authenticate the locked user "root"
Mar 17, 2018 6:48:39 PM org.apache.catalina.realm.LockOutRealm filterLockedAccounts
ADVERTÊNCIA: An attempt was made to authenticate the locked user "root"
Mar 17, 2018 6:48:40 PM org.apache.catalina.realm.LockOutRealm filterLockedAccounts
ADVERTÊNCIA: An attempt was made to authenticate the locked user "root"
Mar 17, 2018 6:48:40 PM org.apache.catalina.realm.LockOutRealm filterLockedAccounts
ADVERTÊNCIA: An attempt was made to authenticate the locked user "root"
Mar 17, 2018 6:48:40 PM org.apache.catalina.realm.LockOutRealm filterLockedAccounts
ADVERTÊNCIA: An attempt was made to authenticate the locked user "root"
Mar 17, 2018 6:48:41 PM org.apache.catalina.realm.LockOutRealm filterLockedAccounts
ADVERTÊNCIA: An attempt was made to authenticate the locked user "root"
