Ago 23, 2017 11:13:50 AM org.apache.catalina.core.ApplicationDispatcher invoke
GRAVE: Servlet.service() for servlet jsp threw exception
org.apache.jasper.JasperException: Unable to compile class for JSP: 

An error occurred at line: [18] in the generated java file: [/home/otavio/Projetos/central_de_estagios/tomcat/work/Catalina/localhost/dashbuilder/org/apache/jsp/formularios/dados_jsp.java]
Syntax error on token "{", { expected after this token

An error occurred at line: 37 in the jsp file: /formularios/dados.jsp
File cannot be resolved to a type
34: 
35: <%!
36:     try {
37:         File arquivo = new File("Registro.csv");
38:     	  arquivo.createNewFile();
39:         FileWritter fw = new FileWriter(arquivo, true);
40:   	     fw.write(request.getParameter("Bolsa") + ";" + request.getParameter("Acima"));


An error occurred at line: 37 in the jsp file: /formularios/dados.jsp
File cannot be resolved to a type
34: 
35: <%!
36:     try {
37:         File arquivo = new File("Registro.csv");
38:     	  arquivo.createNewFile();
39:         FileWritter fw = new FileWriter(arquivo, true);
40:   	     fw.write(request.getParameter("Bolsa") + ";" + request.getParameter("Acima"));


An error occurred at line: 39 in the jsp file: /formularios/dados.jsp
FileWritter cannot be resolved to a type
36:     try {
37:         File arquivo = new File("Registro.csv");
38:     	  arquivo.createNewFile();
39:         FileWritter fw = new FileWriter(arquivo, true);
40:   	     fw.write(request.getParameter("Bolsa") + ";" + request.getParameter("Acima"));
41:         fw.close();
42:         arquivo.close();


An error occurred at line: 39 in the jsp file: /formularios/dados.jsp
FileWriter cannot be resolved to a type
36:     try {
37:         File arquivo = new File("Registro.csv");
38:     	  arquivo.createNewFile();
39:         FileWritter fw = new FileWriter(arquivo, true);
40:   	     fw.write(request.getParameter("Bolsa") + ";" + request.getParameter("Acima"));
41:         fw.close();
42:         arquivo.close();


An error occurred at line: 40 in the jsp file: /formularios/dados.jsp
request cannot be resolved
37:         File arquivo = new File("Registro.csv");
38:     	  arquivo.createNewFile();
39:         FileWritter fw = new FileWriter(arquivo, true);
40:   	     fw.write(request.getParameter("Bolsa") + ";" + request.getParameter("Acima"));
41:         fw.close();
42:         arquivo.close();
43:     }


An error occurred at line: 40 in the jsp file: /formularios/dados.jsp
request cannot be resolved
37:         File arquivo = new File("Registro.csv");
38:     	  arquivo.createNewFile();
39:         FileWritter fw = new FileWriter(arquivo, true);
40:   	     fw.write(request.getParameter("Bolsa") + ";" + request.getParameter("Acima"));
41:         fw.close();
42:         arquivo.close();
43:     }


An error occurred at line: [41] in the generated java file: [/home/otavio/Projetos/central_de_estagios/tomcat/work/Catalina/localhost/dashbuilder/org/apache/jsp/formularios/dados_jsp.java]
Syntax error, insert "VariableDeclarators" to complete LocalVariableDeclaration

An error occurred at line: [41] in the generated java file: [/home/otavio/Projetos/central_de_estagios/tomcat/work/Catalina/localhost/dashbuilder/org/apache/jsp/formularios/dados_jsp.java]
Syntax error, insert ";" to complete LocalVariableDeclarationStatement

An error occurred at line: [41] in the generated java file: [/home/otavio/Projetos/central_de_estagios/tomcat/work/Catalina/localhost/dashbuilder/org/apache/jsp/formularios/dados_jsp.java]
Syntax error on token "{", ; expected

Stacktrace:
	at org.apache.jasper.compiler.DefaultErrorHandler.javacError(DefaultErrorHandler.java:103)
	at org.apache.jasper.compiler.ErrorDispatcher.javacError(ErrorDispatcher.java:366)
	at org.apache.jasper.compiler.JDTCompiler.generateClass(JDTCompiler.java:490)
	at org.apache.jasper.compiler.Compiler.compile(Compiler.java:379)
	at org.apache.jasper.compiler.Compiler.compile(Compiler.java:354)
	at org.apache.jasper.compiler.Compiler.compile(Compiler.java:341)
	at org.apache.jasper.JspCompilationContext.compile(JspCompilationContext.java:663)
	at org.apache.jasper.servlet.JspServletWrapper.service(JspServletWrapper.java:364)
	at org.apache.jasper.servlet.JspServlet.serviceJspFile(JspServlet.java:395)
	at org.apache.jasper.servlet.JspServlet.service(JspServlet.java:339)
	at javax.servlet.http.HttpServlet.service(HttpServlet.java:731)
	at org.apache.catalina.core.ApplicationFilterChain.internalDoFilter(ApplicationFilterChain.java:303)
	at org.apache.catalina.core.ApplicationFilterChain.doFilter(ApplicationFilterChain.java:208)
	at org.apache.tomcat.websocket.server.WsFilter.doFilter(WsFilter.java:52)
	at org.apache.catalina.core.ApplicationFilterChain.internalDoFilter(ApplicationFilterChain.java:241)
	at org.apache.catalina.core.ApplicationFilterChain.doFilter(ApplicationFilterChain.java:208)
	at org.apache.catalina.core.ApplicationDispatcher.invoke(ApplicationDispatcher.java:743)
	at org.apache.catalina.core.ApplicationDispatcher.processRequest(ApplicationDispatcher.java:485)
	at org.apache.catalina.core.ApplicationDispatcher.doForward(ApplicationDispatcher.java:410)
	at org.apache.catalina.core.ApplicationDispatcher.forward(ApplicationDispatcher.java:337)
	at org.apache.jasper.runtime.PageContextImpl.doForward(PageContextImpl.java:750)
	at org.apache.jasper.runtime.PageContextImpl.forward(PageContextImpl.java:720)
	at org.apache.jsp.formularios.formulario_jsp._jspService(formulario_jsp.java:83)
	at org.apache.jasper.runtime.HttpJspBase.service(HttpJspBase.java:70)
	at javax.servlet.http.HttpServlet.service(HttpServlet.java:731)
	at org.apache.jasper.servlet.JspServletWrapper.service(JspServletWrapper.java:439)
	at org.apache.jasper.servlet.JspServlet.serviceJspFile(JspServlet.java:395)
	at org.apache.jasper.servlet.JspServlet.service(JspServlet.java:339)
	at javax.servlet.http.HttpServlet.service(HttpServlet.java:731)
	at org.apache.catalina.core.ApplicationFilterChain.internalDoFilter(ApplicationFilterChain.java:303)
	at org.apache.catalina.core.ApplicationFilterChain.doFilter(ApplicationFilterChain.java:208)
	at org.apache.tomcat.websocket.server.WsFilter.doFilter(WsFilter.java:52)
	at org.apache.catalina.core.ApplicationFilterChain.internalDoFilter(ApplicationFilterChain.java:241)
	at org.apache.catalina.core.ApplicationFilterChain.doFilter(ApplicationFilterChain.java:208)
	at org.jboss.dashboard.ui.controller.SecureHeaderFilter.doFilter(SecureHeaderFilter.java:62)
	at org.apache.catalina.core.ApplicationFilterChain.internalDoFilter(ApplicationFilterChain.java:241)
	at org.apache.catalina.core.ApplicationFilterChain.doFilter(ApplicationFilterChain.java:208)
	at org.apache.catalina.core.StandardWrapperValve.invoke(StandardWrapperValve.java:218)
	at org.apache.catalina.core.StandardContextValve.invoke(StandardContextValve.java:110)
	at org.apache.catalina.authenticator.AuthenticatorBase.invoke(AuthenticatorBase.java:615)
	at org.apache.catalina.core.StandardHostValve.invoke(StandardHostValve.java:169)
	at org.apache.catalina.valves.ErrorReportValve.invoke(ErrorReportValve.java:103)
	at org.apache.catalina.valves.AccessLogValve.invoke(AccessLogValve.java:962)
	at org.apache.catalina.core.StandardEngineValve.invoke(StandardEngineValve.java:116)
	at org.apache.catalina.connector.CoyoteAdapter.service(CoyoteAdapter.java:445)
	at org.apache.coyote.http11.AbstractHttp11Processor.process(AbstractHttp11Processor.java:1115)
	at org.apache.coyote.AbstractProtocol$AbstractConnectionHandler.process(AbstractProtocol.java:637)
	at org.apache.tomcat.util.net.JIoEndpoint$SocketProcessor.run(JIoEndpoint.java:316)
	at java.util.concurrent.ThreadPoolExecutor.runWorker(ThreadPoolExecutor.java:1145)
	at java.util.concurrent.ThreadPoolExecutor$Worker.run(ThreadPoolExecutor.java:615)
	at org.apache.tomcat.util.threads.TaskThread$WrappingRunnable.run(TaskThread.java:61)
	at java.lang.Thread.run(Thread.java:745)

Ago 23, 2017 11:13:50 AM org.apache.catalina.core.StandardWrapperValve invoke
GRAVE: Servlet.service() for servlet [jsp] in context with path [/dashbuilder] threw exception [Unable to compile class for JSP: 

An error occurred at line: [18] in the generated java file: [/home/otavio/Projetos/central_de_estagios/tomcat/work/Catalina/localhost/dashbuilder/org/apache/jsp/formularios/dados_jsp.java]
Syntax error on token "{", { expected after this token

An error occurred at line: 37 in the jsp file: /formularios/dados.jsp
File cannot be resolved to a type
34: 
35: <%!
36:     try {
37:         File arquivo = new File("Registro.csv");
38:     	  arquivo.createNewFile();
39:         FileWritter fw = new FileWriter(arquivo, true);
40:   	     fw.write(request.getParameter("Bolsa") + ";" + request.getParameter("Acima"));


An error occurred at line: 37 in the jsp file: /formularios/dados.jsp
File cannot be resolved to a type
34: 
35: <%!
36:     try {
37:         File arquivo = new File("Registro.csv");
38:     	  arquivo.createNewFile();
39:         FileWritter fw = new FileWriter(arquivo, true);
40:   	     fw.write(request.getParameter("Bolsa") + ";" + request.getParameter("Acima"));


An error occurred at line: 39 in the jsp file: /formularios/dados.jsp
FileWritter cannot be resolved to a type
36:     try {
37:         File arquivo = new File("Registro.csv");
38:     	  arquivo.createNewFile();
39:         FileWritter fw = new FileWriter(arquivo, true);
40:   	     fw.write(request.getParameter("Bolsa") + ";" + request.getParameter("Acima"));
41:         fw.close();
42:         arquivo.close();


An error occurred at line: 39 in the jsp file: /formularios/dados.jsp
FileWriter cannot be resolved to a type
36:     try {
37:         File arquivo = new File("Registro.csv");
38:     	  arquivo.createNewFile();
39:         FileWritter fw = new FileWriter(arquivo, true);
40:   	     fw.write(request.getParameter("Bolsa") + ";" + request.getParameter("Acima"));
41:         fw.close();
42:         arquivo.close();


An error occurred at line: 40 in the jsp file: /formularios/dados.jsp
request cannot be resolved
37:         File arquivo = new File("Registro.csv");
38:     	  arquivo.createNewFile();
39:         FileWritter fw = new FileWriter(arquivo, true);
40:   	     fw.write(request.getParameter("Bolsa") + ";" + request.getParameter("Acima"));
41:         fw.close();
42:         arquivo.close();
43:     }


An error occurred at line: 40 in the jsp file: /formularios/dados.jsp
request cannot be resolved
37:         File arquivo = new File("Registro.csv");
38:     	  arquivo.createNewFile();
39:         FileWritter fw = new FileWriter(arquivo, true);
40:   	     fw.write(request.getParameter("Bolsa") + ";" + request.getParameter("Acima"));
41:         fw.close();
42:         arquivo.close();
43:     }


An error occurred at line: [41] in the generated java file: [/home/otavio/Projetos/central_de_estagios/tomcat/work/Catalina/localhost/dashbuilder/org/apache/jsp/formularios/dados_jsp.java]
Syntax error, insert "VariableDeclarators" to complete LocalVariableDeclaration

An error occurred at line: [41] in the generated java file: [/home/otavio/Projetos/central_de_estagios/tomcat/work/Catalina/localhost/dashbuilder/org/apache/jsp/formularios/dados_jsp.java]
Syntax error, insert ";" to complete LocalVariableDeclarationStatement

An error occurred at line: [41] in the generated java file: [/home/otavio/Projetos/central_de_estagios/tomcat/work/Catalina/localhost/dashbuilder/org/apache/jsp/formularios/dados_jsp.java]
Syntax error on token "{", ; expected

Stacktrace:] with root cause
org.apache.jasper.JasperException: Unable to compile class for JSP: 

An error occurred at line: [18] in the generated java file: [/home/otavio/Projetos/central_de_estagios/tomcat/work/Catalina/localhost/dashbuilder/org/apache/jsp/formularios/dados_jsp.java]
Syntax error on token "{", { expected after this token

An error occurred at line: 37 in the jsp file: /formularios/dados.jsp
File cannot be resolved to a type
34: 
35: <%!
36:     try {
37:         File arquivo = new File("Registro.csv");
38:     	  arquivo.createNewFile();
39:         FileWritter fw = new FileWriter(arquivo, true);
40:   	     fw.write(request.getParameter("Bolsa") + ";" + request.getParameter("Acima"));


An error occurred at line: 37 in the jsp file: /formularios/dados.jsp
File cannot be resolved to a type
34: 
35: <%!
36:     try {
37:         File arquivo = new File("Registro.csv");
38:     	  arquivo.createNewFile();
39:         FileWritter fw = new FileWriter(arquivo, true);
40:   	     fw.write(request.getParameter("Bolsa") + ";" + request.getParameter("Acima"));


An error occurred at line: 39 in the jsp file: /formularios/dados.jsp
FileWritter cannot be resolved to a type
36:     try {
37:         File arquivo = new File("Registro.csv");
38:     	  arquivo.createNewFile();
39:         FileWritter fw = new FileWriter(arquivo, true);
40:   	     fw.write(request.getParameter("Bolsa") + ";" + request.getParameter("Acima"));
41:         fw.close();
42:         arquivo.close();


An error occurred at line: 39 in the jsp file: /formularios/dados.jsp
FileWriter cannot be resolved to a type
36:     try {
37:         File arquivo = new File("Registro.csv");
38:     	  arquivo.createNewFile();
39:         FileWritter fw = new FileWriter(arquivo, true);
40:   	     fw.write(request.getParameter("Bolsa") + ";" + request.getParameter("Acima"));
41:         fw.close();
42:         arquivo.close();


An error occurred at line: 40 in the jsp file: /formularios/dados.jsp
request cannot be resolved
37:         File arquivo = new File("Registro.csv");
38:     	  arquivo.createNewFile();
39:         FileWritter fw = new FileWriter(arquivo, true);
40:   	     fw.write(request.getParameter("Bolsa") + ";" + request.getParameter("Acima"));
41:         fw.close();
42:         arquivo.close();
43:     }


An error occurred at line: 40 in the jsp file: /formularios/dados.jsp
request cannot be resolved
37:         File arquivo = new File("Registro.csv");
38:     	  arquivo.createNewFile();
39:         FileWritter fw = new FileWriter(arquivo, true);
40:   	     fw.write(request.getParameter("Bolsa") + ";" + request.getParameter("Acima"));
41:         fw.close();
42:         arquivo.close();
43:     }


An error occurred at line: [41] in the generated java file: [/home/otavio/Projetos/central_de_estagios/tomcat/work/Catalina/localhost/dashbuilder/org/apache/jsp/formularios/dados_jsp.java]
Syntax error, insert "VariableDeclarators" to complete LocalVariableDeclaration

An error occurred at line: [41] in the generated java file: [/home/otavio/Projetos/central_de_estagios/tomcat/work/Catalina/localhost/dashbuilder/org/apache/jsp/formularios/dados_jsp.java]
Syntax error, insert ";" to complete LocalVariableDeclarationStatement

An error occurred at line: [41] in the generated java file: [/home/otavio/Projetos/central_de_estagios/tomcat/work/Catalina/localhost/dashbuilder/org/apache/jsp/formularios/dados_jsp.java]
Syntax error on token "{", ; expected

Stacktrace:
	at org.apache.jasper.compiler.DefaultErrorHandler.javacError(DefaultErrorHandler.java:103)
	at org.apache.jasper.compiler.ErrorDispatcher.javacError(ErrorDispatcher.java:366)
	at org.apache.jasper.compiler.JDTCompiler.generateClass(JDTCompiler.java:490)
	at org.apache.jasper.compiler.Compiler.compile(Compiler.java:379)
	at org.apache.jasper.compiler.Compiler.compile(Compiler.java:354)
	at org.apache.jasper.compiler.Compiler.compile(Compiler.java:341)
	at org.apache.jasper.JspCompilationContext.compile(JspCompilationContext.java:663)
	at org.apache.jasper.servlet.JspServletWrapper.service(JspServletWrapper.java:364)
	at org.apache.jasper.servlet.JspServlet.serviceJspFile(JspServlet.java:395)
	at org.apache.jasper.servlet.JspServlet.service(JspServlet.java:339)
	at javax.servlet.http.HttpServlet.service(HttpServlet.java:731)
	at org.apache.catalina.core.ApplicationFilterChain.internalDoFilter(ApplicationFilterChain.java:303)
	at org.apache.catalina.core.ApplicationFilterChain.doFilter(ApplicationFilterChain.java:208)
	at org.apache.tomcat.websocket.server.WsFilter.doFilter(WsFilter.java:52)
	at org.apache.catalina.core.ApplicationFilterChain.internalDoFilter(ApplicationFilterChain.java:241)
	at org.apache.catalina.core.ApplicationFilterChain.doFilter(ApplicationFilterChain.java:208)
	at org.apache.catalina.core.ApplicationDispatcher.invoke(ApplicationDispatcher.java:743)
	at org.apache.catalina.core.ApplicationDispatcher.processRequest(ApplicationDispatcher.java:485)
	at org.apache.catalina.core.ApplicationDispatcher.doForward(ApplicationDispatcher.java:410)
	at org.apache.catalina.core.ApplicationDispatcher.forward(ApplicationDispatcher.java:337)
	at org.apache.jasper.runtime.PageContextImpl.doForward(PageContextImpl.java:750)
	at org.apache.jasper.runtime.PageContextImpl.forward(PageContextImpl.java:720)
	at org.apache.jsp.formularios.formulario_jsp._jspService(formulario_jsp.java:83)
	at org.apache.jasper.runtime.HttpJspBase.service(HttpJspBase.java:70)
	at javax.servlet.http.HttpServlet.service(HttpServlet.java:731)
	at org.apache.jasper.servlet.JspServletWrapper.service(JspServletWrapper.java:439)
	at org.apache.jasper.servlet.JspServlet.serviceJspFile(JspServlet.java:395)
	at org.apache.jasper.servlet.JspServlet.service(JspServlet.java:339)
	at javax.servlet.http.HttpServlet.service(HttpServlet.java:731)
	at org.apache.catalina.core.ApplicationFilterChain.internalDoFilter(ApplicationFilterChain.java:303)
	at org.apache.catalina.core.ApplicationFilterChain.doFilter(ApplicationFilterChain.java:208)
	at org.apache.tomcat.websocket.server.WsFilter.doFilter(WsFilter.java:52)
	at org.apache.catalina.core.ApplicationFilterChain.internalDoFilter(ApplicationFilterChain.java:241)
	at org.apache.catalina.core.ApplicationFilterChain.doFilter(ApplicationFilterChain.java:208)
	at org.jboss.dashboard.ui.controller.SecureHeaderFilter.doFilter(SecureHeaderFilter.java:62)
	at org.apache.catalina.core.ApplicationFilterChain.internalDoFilter(ApplicationFilterChain.java:241)
	at org.apache.catalina.core.ApplicationFilterChain.doFilter(ApplicationFilterChain.java:208)
	at org.apache.catalina.core.StandardWrapperValve.invoke(StandardWrapperValve.java:218)
	at org.apache.catalina.core.StandardContextValve.invoke(StandardContextValve.java:110)
	at org.apache.catalina.authenticator.AuthenticatorBase.invoke(AuthenticatorBase.java:615)
	at org.apache.catalina.core.StandardHostValve.invoke(StandardHostValve.java:169)
	at org.apache.catalina.valves.ErrorReportValve.invoke(ErrorReportValve.java:103)
	at org.apache.catalina.valves.AccessLogValve.invoke(AccessLogValve.java:962)
	at org.apache.catalina.core.StandardEngineValve.invoke(StandardEngineValve.java:116)
	at org.apache.catalina.connector.CoyoteAdapter.service(CoyoteAdapter.java:445)
	at org.apache.coyote.http11.AbstractHttp11Processor.process(AbstractHttp11Processor.java:1115)
	at org.apache.coyote.AbstractProtocol$AbstractConnectionHandler.process(AbstractProtocol.java:637)
	at org.apache.tomcat.util.net.JIoEndpoint$SocketProcessor.run(JIoEndpoint.java:316)
	at java.util.concurrent.ThreadPoolExecutor.runWorker(ThreadPoolExecutor.java:1145)
	at java.util.concurrent.ThreadPoolExecutor$Worker.run(ThreadPoolExecutor.java:615)
	at org.apache.tomcat.util.threads.TaskThread$WrappingRunnable.run(TaskThread.java:61)
	at java.lang.Thread.run(Thread.java:745)

Ago 23, 2017 11:14:33 AM org.apache.catalina.core.ApplicationDispatcher invoke
GRAVE: Servlet.service() for servlet jsp threw exception
org.apache.jasper.JasperException: Unable to compile class for JSP: 

An error occurred at line: [18] in the generated java file: [/home/otavio/Projetos/central_de_estagios/tomcat/work/Catalina/localhost/dashbuilder/org/apache/jsp/formularios/dados_jsp.java]
Syntax error on token "{", { expected after this token

An error occurred at line: 37 in the jsp file: /formularios/dados.jsp
File cannot be resolved to a type
34: 
35: <%!
36:     try {
37:         File arquivo = new File("/home/otavio/Projetos/central_de_estagios/tomcat/work/Catalina/localhost/dashbuilder/org/apache/jsp/formularios/Registro.csv");
38:     	  arquivo.createNewFile();
39:         FileWritter fw = new FileWriter(arquivo, true);
40:   	     fw.write(request.getParameter("Bolsa") + ";" + request.getParameter("Acima"));


An error occurred at line: 37 in the jsp file: /formularios/dados.jsp
File cannot be resolved to a type
34: 
35: <%!
36:     try {
37:         File arquivo = new File("/home/otavio/Projetos/central_de_estagios/tomcat/work/Catalina/localhost/dashbuilder/org/apache/jsp/formularios/Registro.csv");
38:     	  arquivo.createNewFile();
39:         FileWritter fw = new FileWriter(arquivo, true);
40:   	     fw.write(request.getParameter("Bolsa") + ";" + request.getParameter("Acima"));


An error occurred at line: 39 in the jsp file: /formularios/dados.jsp
FileWritter cannot be resolved to a type
36:     try {
37:         File arquivo = new File("/home/otavio/Projetos/central_de_estagios/tomcat/work/Catalina/localhost/dashbuilder/org/apache/jsp/formularios/Registro.csv");
38:     	  arquivo.createNewFile();
39:         FileWritter fw = new FileWriter(arquivo, true);
40:   	     fw.write(request.getParameter("Bolsa") + ";" + request.getParameter("Acima"));
41:         fw.close();
42:         arquivo.close();


An error occurred at line: 39 in the jsp file: /formularios/dados.jsp
FileWriter cannot be resolved to a type
36:     try {
37:         File arquivo = new File("/home/otavio/Projetos/central_de_estagios/tomcat/work/Catalina/localhost/dashbuilder/org/apache/jsp/formularios/Registro.csv");
38:     	  arquivo.createNewFile();
39:         FileWritter fw = new FileWriter(arquivo, true);
40:   	     fw.write(request.getParameter("Bolsa") + ";" + request.getParameter("Acima"));
41:         fw.close();
42:         arquivo.close();


An error occurred at line: 40 in the jsp file: /formularios/dados.jsp
request cannot be resolved
37:         File arquivo = new File("/home/otavio/Projetos/central_de_estagios/tomcat/work/Catalina/localhost/dashbuilder/org/apache/jsp/formularios/Registro.csv");
38:     	  arquivo.createNewFile();
39:         FileWritter fw = new FileWriter(arquivo, true);
40:   	     fw.write(request.getParameter("Bolsa") + ";" + request.getParameter("Acima"));
41:         fw.close();
42:         arquivo.close();
43:     }


An error occurred at line: 40 in the jsp file: /formularios/dados.jsp
request cannot be resolved
37:         File arquivo = new File("/home/otavio/Projetos/central_de_estagios/tomcat/work/Catalina/localhost/dashbuilder/org/apache/jsp/formularios/Registro.csv");
38:     	  arquivo.createNewFile();
39:         FileWritter fw = new FileWriter(arquivo, true);
40:   	     fw.write(request.getParameter("Bolsa") + ";" + request.getParameter("Acima"));
41:         fw.close();
42:         arquivo.close();
43:     }


An error occurred at line: [41] in the generated java file: [/home/otavio/Projetos/central_de_estagios/tomcat/work/Catalina/localhost/dashbuilder/org/apache/jsp/formularios/dados_jsp.java]
Syntax error, insert "VariableDeclarators" to complete LocalVariableDeclaration

An error occurred at line: [41] in the generated java file: [/home/otavio/Projetos/central_de_estagios/tomcat/work/Catalina/localhost/dashbuilder/org/apache/jsp/formularios/dados_jsp.java]
Syntax error, insert ";" to complete LocalVariableDeclarationStatement

An error occurred at line: [41] in the generated java file: [/home/otavio/Projetos/central_de_estagios/tomcat/work/Catalina/localhost/dashbuilder/org/apache/jsp/formularios/dados_jsp.java]
Syntax error on token "{", ; expected

Stacktrace:
	at org.apache.jasper.compiler.DefaultErrorHandler.javacError(DefaultErrorHandler.java:103)
	at org.apache.jasper.compiler.ErrorDispatcher.javacError(ErrorDispatcher.java:366)
	at org.apache.jasper.compiler.JDTCompiler.generateClass(JDTCompiler.java:490)
	at org.apache.jasper.compiler.Compiler.compile(Compiler.java:379)
	at org.apache.jasper.compiler.Compiler.compile(Compiler.java:354)
	at org.apache.jasper.compiler.Compiler.compile(Compiler.java:341)
	at org.apache.jasper.JspCompilationContext.compile(JspCompilationContext.java:663)
	at org.apache.jasper.servlet.JspServletWrapper.service(JspServletWrapper.java:364)
	at org.apache.jasper.servlet.JspServlet.serviceJspFile(JspServlet.java:395)
	at org.apache.jasper.servlet.JspServlet.service(JspServlet.java:339)
	at javax.servlet.http.HttpServlet.service(HttpServlet.java:731)
	at org.apache.catalina.core.ApplicationFilterChain.internalDoFilter(ApplicationFilterChain.java:303)
	at org.apache.catalina.core.ApplicationFilterChain.doFilter(ApplicationFilterChain.java:208)
	at org.apache.tomcat.websocket.server.WsFilter.doFilter(WsFilter.java:52)
	at org.apache.catalina.core.ApplicationFilterChain.internalDoFilter(ApplicationFilterChain.java:241)
	at org.apache.catalina.core.ApplicationFilterChain.doFilter(ApplicationFilterChain.java:208)
	at org.apache.catalina.core.ApplicationDispatcher.invoke(ApplicationDispatcher.java:743)
	at org.apache.catalina.core.ApplicationDispatcher.processRequest(ApplicationDispatcher.java:485)
	at org.apache.catalina.core.ApplicationDispatcher.doForward(ApplicationDispatcher.java:410)
	at org.apache.catalina.core.ApplicationDispatcher.forward(ApplicationDispatcher.java:337)
	at org.apache.jasper.runtime.PageContextImpl.doForward(PageContextImpl.java:750)
	at org.apache.jasper.runtime.PageContextImpl.forward(PageContextImpl.java:720)
	at org.apache.jsp.formularios.formulario_jsp._jspService(formulario_jsp.java:83)
	at org.apache.jasper.runtime.HttpJspBase.service(HttpJspBase.java:70)
	at javax.servlet.http.HttpServlet.service(HttpServlet.java:731)
	at org.apache.jasper.servlet.JspServletWrapper.service(JspServletWrapper.java:439)
	at org.apache.jasper.servlet.JspServlet.serviceJspFile(JspServlet.java:395)
	at org.apache.jasper.servlet.JspServlet.service(JspServlet.java:339)
	at javax.servlet.http.HttpServlet.service(HttpServlet.java:731)
	at org.apache.catalina.core.ApplicationFilterChain.internalDoFilter(ApplicationFilterChain.java:303)
	at org.apache.catalina.core.ApplicationFilterChain.doFilter(ApplicationFilterChain.java:208)
	at org.apache.tomcat.websocket.server.WsFilter.doFilter(WsFilter.java:52)
	at org.apache.catalina.core.ApplicationFilterChain.internalDoFilter(ApplicationFilterChain.java:241)
	at org.apache.catalina.core.ApplicationFilterChain.doFilter(ApplicationFilterChain.java:208)
	at org.jboss.dashboard.ui.controller.SecureHeaderFilter.doFilter(SecureHeaderFilter.java:62)
	at org.apache.catalina.core.ApplicationFilterChain.internalDoFilter(ApplicationFilterChain.java:241)
	at org.apache.catalina.core.ApplicationFilterChain.doFilter(ApplicationFilterChain.java:208)
	at org.apache.catalina.core.StandardWrapperValve.invoke(StandardWrapperValve.java:218)
	at org.apache.catalina.core.StandardContextValve.invoke(StandardContextValve.java:110)
	at org.apache.catalina.authenticator.AuthenticatorBase.invoke(AuthenticatorBase.java:615)
	at org.apache.catalina.core.StandardHostValve.invoke(StandardHostValve.java:169)
	at org.apache.catalina.valves.ErrorReportValve.invoke(ErrorReportValve.java:103)
	at org.apache.catalina.valves.AccessLogValve.invoke(AccessLogValve.java:962)
	at org.apache.catalina.core.StandardEngineValve.invoke(StandardEngineValve.java:116)
	at org.apache.catalina.connector.CoyoteAdapter.service(CoyoteAdapter.java:445)
	at org.apache.coyote.http11.AbstractHttp11Processor.process(AbstractHttp11Processor.java:1115)
	at org.apache.coyote.AbstractProtocol$AbstractConnectionHandler.process(AbstractProtocol.java:637)
	at org.apache.tomcat.util.net.JIoEndpoint$SocketProcessor.run(JIoEndpoint.java:316)
	at java.util.concurrent.ThreadPoolExecutor.runWorker(ThreadPoolExecutor.java:1145)
	at java.util.concurrent.ThreadPoolExecutor$Worker.run(ThreadPoolExecutor.java:615)
	at org.apache.tomcat.util.threads.TaskThread$WrappingRunnable.run(TaskThread.java:61)
	at java.lang.Thread.run(Thread.java:745)

Ago 23, 2017 11:14:33 AM org.apache.catalina.core.StandardWrapperValve invoke
GRAVE: Servlet.service() for servlet [jsp] in context with path [/dashbuilder] threw exception [Unable to compile class for JSP: 

An error occurred at line: [18] in the generated java file: [/home/otavio/Projetos/central_de_estagios/tomcat/work/Catalina/localhost/dashbuilder/org/apache/jsp/formularios/dados_jsp.java]
Syntax error on token "{", { expected after this token

An error occurred at line: 37 in the jsp file: /formularios/dados.jsp
File cannot be resolved to a type
34: 
35: <%!
36:     try {
37:         File arquivo = new File("/home/otavio/Projetos/central_de_estagios/tomcat/work/Catalina/localhost/dashbuilder/org/apache/jsp/formularios/Registro.csv");
38:     	  arquivo.createNewFile();
39:         FileWritter fw = new FileWriter(arquivo, true);
40:   	     fw.write(request.getParameter("Bolsa") + ";" + request.getParameter("Acima"));


An error occurred at line: 37 in the jsp file: /formularios/dados.jsp
File cannot be resolved to a type
34: 
35: <%!
36:     try {
37:         File arquivo = new File("/home/otavio/Projetos/central_de_estagios/tomcat/work/Catalina/localhost/dashbuilder/org/apache/jsp/formularios/Registro.csv");
38:     	  arquivo.createNewFile();
39:         FileWritter fw = new FileWriter(arquivo, true);
40:   	     fw.write(request.getParameter("Bolsa") + ";" + request.getParameter("Acima"));


An error occurred at line: 39 in the jsp file: /formularios/dados.jsp
FileWritter cannot be resolved to a type
36:     try {
37:         File arquivo = new File("/home/otavio/Projetos/central_de_estagios/tomcat/work/Catalina/localhost/dashbuilder/org/apache/jsp/formularios/Registro.csv");
38:     	  arquivo.createNewFile();
39:         FileWritter fw = new FileWriter(arquivo, true);
40:   	     fw.write(request.getParameter("Bolsa") + ";" + request.getParameter("Acima"));
41:         fw.close();
42:         arquivo.close();


An error occurred at line: 39 in the jsp file: /formularios/dados.jsp
FileWriter cannot be resolved to a type
36:     try {
37:         File arquivo = new File("/home/otavio/Projetos/central_de_estagios/tomcat/work/Catalina/localhost/dashbuilder/org/apache/jsp/formularios/Registro.csv");
38:     	  arquivo.createNewFile();
39:         FileWritter fw = new FileWriter(arquivo, true);
40:   	     fw.write(request.getParameter("Bolsa") + ";" + request.getParameter("Acima"));
41:         fw.close();
42:         arquivo.close();


An error occurred at line: 40 in the jsp file: /formularios/dados.jsp
request cannot be resolved
37:         File arquivo = new File("/home/otavio/Projetos/central_de_estagios/tomcat/work/Catalina/localhost/dashbuilder/org/apache/jsp/formularios/Registro.csv");
38:     	  arquivo.createNewFile();
39:         FileWritter fw = new FileWriter(arquivo, true);
40:   	     fw.write(request.getParameter("Bolsa") + ";" + request.getParameter("Acima"));
41:         fw.close();
42:         arquivo.close();
43:     }


An error occurred at line: 40 in the jsp file: /formularios/dados.jsp
request cannot be resolved
37:         File arquivo = new File("/home/otavio/Projetos/central_de_estagios/tomcat/work/Catalina/localhost/dashbuilder/org/apache/jsp/formularios/Registro.csv");
38:     	  arquivo.createNewFile();
39:         FileWritter fw = new FileWriter(arquivo, true);
40:   	     fw.write(request.getParameter("Bolsa") + ";" + request.getParameter("Acima"));
41:         fw.close();
42:         arquivo.close();
43:     }


An error occurred at line: [41] in the generated java file: [/home/otavio/Projetos/central_de_estagios/tomcat/work/Catalina/localhost/dashbuilder/org/apache/jsp/formularios/dados_jsp.java]
Syntax error, insert "VariableDeclarators" to complete LocalVariableDeclaration

An error occurred at line: [41] in the generated java file: [/home/otavio/Projetos/central_de_estagios/tomcat/work/Catalina/localhost/dashbuilder/org/apache/jsp/formularios/dados_jsp.java]
Syntax error, insert ";" to complete LocalVariableDeclarationStatement

An error occurred at line: [41] in the generated java file: [/home/otavio/Projetos/central_de_estagios/tomcat/work/Catalina/localhost/dashbuilder/org/apache/jsp/formularios/dados_jsp.java]
Syntax error on token "{", ; expected

Stacktrace:] with root cause
org.apache.jasper.JasperException: Unable to compile class for JSP: 

An error occurred at line: [18] in the generated java file: [/home/otavio/Projetos/central_de_estagios/tomcat/work/Catalina/localhost/dashbuilder/org/apache/jsp/formularios/dados_jsp.java]
Syntax error on token "{", { expected after this token

An error occurred at line: 37 in the jsp file: /formularios/dados.jsp
File cannot be resolved to a type
34: 
35: <%!
36:     try {
37:         File arquivo = new File("/home/otavio/Projetos/central_de_estagios/tomcat/work/Catalina/localhost/dashbuilder/org/apache/jsp/formularios/Registro.csv");
38:     	  arquivo.createNewFile();
39:         FileWritter fw = new FileWriter(arquivo, true);
40:   	     fw.write(request.getParameter("Bolsa") + ";" + request.getParameter("Acima"));


An error occurred at line: 37 in the jsp file: /formularios/dados.jsp
File cannot be resolved to a type
34: 
35: <%!
36:     try {
37:         File arquivo = new File("/home/otavio/Projetos/central_de_estagios/tomcat/work/Catalina/localhost/dashbuilder/org/apache/jsp/formularios/Registro.csv");
38:     	  arquivo.createNewFile();
39:         FileWritter fw = new FileWriter(arquivo, true);
40:   	     fw.write(request.getParameter("Bolsa") + ";" + request.getParameter("Acima"));


An error occurred at line: 39 in the jsp file: /formularios/dados.jsp
FileWritter cannot be resolved to a type
36:     try {
37:         File arquivo = new File("/home/otavio/Projetos/central_de_estagios/tomcat/work/Catalina/localhost/dashbuilder/org/apache/jsp/formularios/Registro.csv");
38:     	  arquivo.createNewFile();
39:         FileWritter fw = new FileWriter(arquivo, true);
40:   	     fw.write(request.getParameter("Bolsa") + ";" + request.getParameter("Acima"));
41:         fw.close();
42:         arquivo.close();


An error occurred at line: 39 in the jsp file: /formularios/dados.jsp
FileWriter cannot be resolved to a type
36:     try {
37:         File arquivo = new File("/home/otavio/Projetos/central_de_estagios/tomcat/work/Catalina/localhost/dashbuilder/org/apache/jsp/formularios/Registro.csv");
38:     	  arquivo.createNewFile();
39:         FileWritter fw = new FileWriter(arquivo, true);
40:   	     fw.write(request.getParameter("Bolsa") + ";" + request.getParameter("Acima"));
41:         fw.close();
42:         arquivo.close();


An error occurred at line: 40 in the jsp file: /formularios/dados.jsp
request cannot be resolved
37:         File arquivo = new File("/home/otavio/Projetos/central_de_estagios/tomcat/work/Catalina/localhost/dashbuilder/org/apache/jsp/formularios/Registro.csv");
38:     	  arquivo.createNewFile();
39:         FileWritter fw = new FileWriter(arquivo, true);
40:   	     fw.write(request.getParameter("Bolsa") + ";" + request.getParameter("Acima"));
41:         fw.close();
42:         arquivo.close();
43:     }


An error occurred at line: 40 in the jsp file: /formularios/dados.jsp
request cannot be resolved
37:         File arquivo = new File("/home/otavio/Projetos/central_de_estagios/tomcat/work/Catalina/localhost/dashbuilder/org/apache/jsp/formularios/Registro.csv");
38:     	  arquivo.createNewFile();
39:         FileWritter fw = new FileWriter(arquivo, true);
40:   	     fw.write(request.getParameter("Bolsa") + ";" + request.getParameter("Acima"));
41:         fw.close();
42:         arquivo.close();
43:     }


An error occurred at line: [41] in the generated java file: [/home/otavio/Projetos/central_de_estagios/tomcat/work/Catalina/localhost/dashbuilder/org/apache/jsp/formularios/dados_jsp.java]
Syntax error, insert "VariableDeclarators" to complete LocalVariableDeclaration

An error occurred at line: [41] in the generated java file: [/home/otavio/Projetos/central_de_estagios/tomcat/work/Catalina/localhost/dashbuilder/org/apache/jsp/formularios/dados_jsp.java]
Syntax error, insert ";" to complete LocalVariableDeclarationStatement

An error occurred at line: [41] in the generated java file: [/home/otavio/Projetos/central_de_estagios/tomcat/work/Catalina/localhost/dashbuilder/org/apache/jsp/formularios/dados_jsp.java]
Syntax error on token "{", ; expected

Stacktrace:
	at org.apache.jasper.compiler.DefaultErrorHandler.javacError(DefaultErrorHandler.java:103)
	at org.apache.jasper.compiler.ErrorDispatcher.javacError(ErrorDispatcher.java:366)
	at org.apache.jasper.compiler.JDTCompiler.generateClass(JDTCompiler.java:490)
	at org.apache.jasper.compiler.Compiler.compile(Compiler.java:379)
	at org.apache.jasper.compiler.Compiler.compile(Compiler.java:354)
	at org.apache.jasper.compiler.Compiler.compile(Compiler.java:341)
	at org.apache.jasper.JspCompilationContext.compile(JspCompilationContext.java:663)
	at org.apache.jasper.servlet.JspServletWrapper.service(JspServletWrapper.java:364)
	at org.apache.jasper.servlet.JspServlet.serviceJspFile(JspServlet.java:395)
	at org.apache.jasper.servlet.JspServlet.service(JspServlet.java:339)
	at javax.servlet.http.HttpServlet.service(HttpServlet.java:731)
	at org.apache.catalina.core.ApplicationFilterChain.internalDoFilter(ApplicationFilterChain.java:303)
	at org.apache.catalina.core.ApplicationFilterChain.doFilter(ApplicationFilterChain.java:208)
	at org.apache.tomcat.websocket.server.WsFilter.doFilter(WsFilter.java:52)
	at org.apache.catalina.core.ApplicationFilterChain.internalDoFilter(ApplicationFilterChain.java:241)
	at org.apache.catalina.core.ApplicationFilterChain.doFilter(ApplicationFilterChain.java:208)
	at org.apache.catalina.core.ApplicationDispatcher.invoke(ApplicationDispatcher.java:743)
	at org.apache.catalina.core.ApplicationDispatcher.processRequest(ApplicationDispatcher.java:485)
	at org.apache.catalina.core.ApplicationDispatcher.doForward(ApplicationDispatcher.java:410)
	at org.apache.catalina.core.ApplicationDispatcher.forward(ApplicationDispatcher.java:337)
	at org.apache.jasper.runtime.PageContextImpl.doForward(PageContextImpl.java:750)
	at org.apache.jasper.runtime.PageContextImpl.forward(PageContextImpl.java:720)
	at org.apache.jsp.formularios.formulario_jsp._jspService(formulario_jsp.java:83)
	at org.apache.jasper.runtime.HttpJspBase.service(HttpJspBase.java:70)
	at javax.servlet.http.HttpServlet.service(HttpServlet.java:731)
	at org.apache.jasper.servlet.JspServletWrapper.service(JspServletWrapper.java:439)
	at org.apache.jasper.servlet.JspServlet.serviceJspFile(JspServlet.java:395)
	at org.apache.jasper.servlet.JspServlet.service(JspServlet.java:339)
	at javax.servlet.http.HttpServlet.service(HttpServlet.java:731)
	at org.apache.catalina.core.ApplicationFilterChain.internalDoFilter(ApplicationFilterChain.java:303)
	at org.apache.catalina.core.ApplicationFilterChain.doFilter(ApplicationFilterChain.java:208)
	at org.apache.tomcat.websocket.server.WsFilter.doFilter(WsFilter.java:52)
	at org.apache.catalina.core.ApplicationFilterChain.internalDoFilter(ApplicationFilterChain.java:241)
	at org.apache.catalina.core.ApplicationFilterChain.doFilter(ApplicationFilterChain.java:208)
	at org.jboss.dashboard.ui.controller.SecureHeaderFilter.doFilter(SecureHeaderFilter.java:62)
	at org.apache.catalina.core.ApplicationFilterChain.internalDoFilter(ApplicationFilterChain.java:241)
	at org.apache.catalina.core.ApplicationFilterChain.doFilter(ApplicationFilterChain.java:208)
	at org.apache.catalina.core.StandardWrapperValve.invoke(StandardWrapperValve.java:218)
	at org.apache.catalina.core.StandardContextValve.invoke(StandardContextValve.java:110)
	at org.apache.catalina.authenticator.AuthenticatorBase.invoke(AuthenticatorBase.java:615)
	at org.apache.catalina.core.StandardHostValve.invoke(StandardHostValve.java:169)
	at org.apache.catalina.valves.ErrorReportValve.invoke(ErrorReportValve.java:103)
	at org.apache.catalina.valves.AccessLogValve.invoke(AccessLogValve.java:962)
	at org.apache.catalina.core.StandardEngineValve.invoke(StandardEngineValve.java:116)
	at org.apache.catalina.connector.CoyoteAdapter.service(CoyoteAdapter.java:445)
	at org.apache.coyote.http11.AbstractHttp11Processor.process(AbstractHttp11Processor.java:1115)
	at org.apache.coyote.AbstractProtocol$AbstractConnectionHandler.process(AbstractProtocol.java:637)
	at org.apache.tomcat.util.net.JIoEndpoint$SocketProcessor.run(JIoEndpoint.java:316)
	at java.util.concurrent.ThreadPoolExecutor.runWorker(ThreadPoolExecutor.java:1145)
	at java.util.concurrent.ThreadPoolExecutor$Worker.run(ThreadPoolExecutor.java:615)
	at org.apache.tomcat.util.threads.TaskThread$WrappingRunnable.run(TaskThread.java:61)
	at java.lang.Thread.run(Thread.java:745)

Ago 23, 2017 11:17:54 AM org.apache.catalina.core.ApplicationDispatcher invoke
GRAVE: Servlet.service() for servlet jsp threw exception
org.apache.jasper.JasperException: Unable to compile class for JSP: 

An error occurred at line: [18] in the generated java file: [/home/otavio/Projetos/central_de_estagios/tomcat/work/Catalina/localhost/dashbuilder/org/apache/jsp/formularios/dados_jsp.java]
Syntax error on token "{", { expected after this token

An error occurred at line: 37 in the jsp file: /formularios/dados.jsp
File cannot be resolved to a type
34: 
35: <%!
36:     try {
37:         File arquivo = new File("centralestagios.sic-maracanau.com.br/home/otavio/Projetos/central_de_estagios/tomcat/work/Catalina/localhost/dashbuilder/org/apache/jsp/formularios/Registro.csv");
38:     	  arquivo.createNewFile();
39:         FileWritter fw = new FileWriter(arquivo, true);
40:   	     fw.write(request.getParameter("Bolsa") + ";" + request.getParameter("Acima"));


An error occurred at line: 37 in the jsp file: /formularios/dados.jsp
File cannot be resolved to a type
34: 
35: <%!
36:     try {
37:         File arquivo = new File("centralestagios.sic-maracanau.com.br/home/otavio/Projetos/central_de_estagios/tomcat/work/Catalina/localhost/dashbuilder/org/apache/jsp/formularios/Registro.csv");
38:     	  arquivo.createNewFile();
39:         FileWritter fw = new FileWriter(arquivo, true);
40:   	     fw.write(request.getParameter("Bolsa") + ";" + request.getParameter("Acima"));


An error occurred at line: 39 in the jsp file: /formularios/dados.jsp
FileWritter cannot be resolved to a type
36:     try {
37:         File arquivo = new File("centralestagios.sic-maracanau.com.br/home/otavio/Projetos/central_de_estagios/tomcat/work/Catalina/localhost/dashbuilder/org/apache/jsp/formularios/Registro.csv");
38:     	  arquivo.createNewFile();
39:         FileWritter fw = new FileWriter(arquivo, true);
40:   	     fw.write(request.getParameter("Bolsa") + ";" + request.getParameter("Acima"));
41:         fw.close();
42:         arquivo.close();


An error occurred at line: 39 in the jsp file: /formularios/dados.jsp
FileWriter cannot be resolved to a type
36:     try {
37:         File arquivo = new File("centralestagios.sic-maracanau.com.br/home/otavio/Projetos/central_de_estagios/tomcat/work/Catalina/localhost/dashbuilder/org/apache/jsp/formularios/Registro.csv");
38:     	  arquivo.createNewFile();
39:         FileWritter fw = new FileWriter(arquivo, true);
40:   	     fw.write(request.getParameter("Bolsa") + ";" + request.getParameter("Acima"));
41:         fw.close();
42:         arquivo.close();


An error occurred at line: 40 in the jsp file: /formularios/dados.jsp
request cannot be resolved
37:         File arquivo = new File("centralestagios.sic-maracanau.com.br/home/otavio/Projetos/central_de_estagios/tomcat/work/Catalina/localhost/dashbuilder/org/apache/jsp/formularios/Registro.csv");
38:     	  arquivo.createNewFile();
39:         FileWritter fw = new FileWriter(arquivo, true);
40:   	     fw.write(request.getParameter("Bolsa") + ";" + request.getParameter("Acima"));
41:         fw.close();
42:         arquivo.close();
43:     }


An error occurred at line: 40 in the jsp file: /formularios/dados.jsp
request cannot be resolved
37:         File arquivo = new File("centralestagios.sic-maracanau.com.br/home/otavio/Projetos/central_de_estagios/tomcat/work/Catalina/localhost/dashbuilder/org/apache/jsp/formularios/Registro.csv");
38:     	  arquivo.createNewFile();
39:         FileWritter fw = new FileWriter(arquivo, true);
40:   	     fw.write(request.getParameter("Bolsa") + ";" + request.getParameter("Acima"));
41:         fw.close();
42:         arquivo.close();
43:     }


An error occurred at line: [41] in the generated java file: [/home/otavio/Projetos/central_de_estagios/tomcat/work/Catalina/localhost/dashbuilder/org/apache/jsp/formularios/dados_jsp.java]
Syntax error, insert "VariableDeclarators" to complete LocalVariableDeclaration

An error occurred at line: [41] in the generated java file: [/home/otavio/Projetos/central_de_estagios/tomcat/work/Catalina/localhost/dashbuilder/org/apache/jsp/formularios/dados_jsp.java]
Syntax error, insert ";" to complete LocalVariableDeclarationStatement

An error occurred at line: [41] in the generated java file: [/home/otavio/Projetos/central_de_estagios/tomcat/work/Catalina/localhost/dashbuilder/org/apache/jsp/formularios/dados_jsp.java]
Syntax error on token "{", ; expected

Stacktrace:
	at org.apache.jasper.compiler.DefaultErrorHandler.javacError(DefaultErrorHandler.java:103)
	at org.apache.jasper.compiler.ErrorDispatcher.javacError(ErrorDispatcher.java:366)
	at org.apache.jasper.compiler.JDTCompiler.generateClass(JDTCompiler.java:490)
	at org.apache.jasper.compiler.Compiler.compile(Compiler.java:379)
	at org.apache.jasper.compiler.Compiler.compile(Compiler.java:354)
	at org.apache.jasper.compiler.Compiler.compile(Compiler.java:341)
	at org.apache.jasper.JspCompilationContext.compile(JspCompilationContext.java:663)
	at org.apache.jasper.servlet.JspServletWrapper.service(JspServletWrapper.java:364)
	at org.apache.jasper.servlet.JspServlet.serviceJspFile(JspServlet.java:395)
	at org.apache.jasper.servlet.JspServlet.service(JspServlet.java:339)
	at javax.servlet.http.HttpServlet.service(HttpServlet.java:731)
	at org.apache.catalina.core.ApplicationFilterChain.internalDoFilter(ApplicationFilterChain.java:303)
	at org.apache.catalina.core.ApplicationFilterChain.doFilter(ApplicationFilterChain.java:208)
	at org.apache.tomcat.websocket.server.WsFilter.doFilter(WsFilter.java:52)
	at org.apache.catalina.core.ApplicationFilterChain.internalDoFilter(ApplicationFilterChain.java:241)
	at org.apache.catalina.core.ApplicationFilterChain.doFilter(ApplicationFilterChain.java:208)
	at org.apache.catalina.core.ApplicationDispatcher.invoke(ApplicationDispatcher.java:743)
	at org.apache.catalina.core.ApplicationDispatcher.processRequest(ApplicationDispatcher.java:485)
	at org.apache.catalina.core.ApplicationDispatcher.doForward(ApplicationDispatcher.java:410)
	at org.apache.catalina.core.ApplicationDispatcher.forward(ApplicationDispatcher.java:337)
	at org.apache.jasper.runtime.PageContextImpl.doForward(PageContextImpl.java:750)
	at org.apache.jasper.runtime.PageContextImpl.forward(PageContextImpl.java:720)
	at org.apache.jsp.formularios.formulario_jsp._jspService(formulario_jsp.java:83)
	at org.apache.jasper.runtime.HttpJspBase.service(HttpJspBase.java:70)
	at javax.servlet.http.HttpServlet.service(HttpServlet.java:731)
	at org.apache.jasper.servlet.JspServletWrapper.service(JspServletWrapper.java:439)
	at org.apache.jasper.servlet.JspServlet.serviceJspFile(JspServlet.java:395)
	at org.apache.jasper.servlet.JspServlet.service(JspServlet.java:339)
	at javax.servlet.http.HttpServlet.service(HttpServlet.java:731)
	at org.apache.catalina.core.ApplicationFilterChain.internalDoFilter(ApplicationFilterChain.java:303)
	at org.apache.catalina.core.ApplicationFilterChain.doFilter(ApplicationFilterChain.java:208)
	at org.apache.tomcat.websocket.server.WsFilter.doFilter(WsFilter.java:52)
	at org.apache.catalina.core.ApplicationFilterChain.internalDoFilter(ApplicationFilterChain.java:241)
	at org.apache.catalina.core.ApplicationFilterChain.doFilter(ApplicationFilterChain.java:208)
	at org.jboss.dashboard.ui.controller.SecureHeaderFilter.doFilter(SecureHeaderFilter.java:62)
	at org.apache.catalina.core.ApplicationFilterChain.internalDoFilter(ApplicationFilterChain.java:241)
	at org.apache.catalina.core.ApplicationFilterChain.doFilter(ApplicationFilterChain.java:208)
	at org.apache.catalina.core.StandardWrapperValve.invoke(StandardWrapperValve.java:218)
	at org.apache.catalina.core.StandardContextValve.invoke(StandardContextValve.java:110)
	at org.apache.catalina.authenticator.AuthenticatorBase.invoke(AuthenticatorBase.java:615)
	at org.apache.catalina.core.StandardHostValve.invoke(StandardHostValve.java:169)
	at org.apache.catalina.valves.ErrorReportValve.invoke(ErrorReportValve.java:103)
	at org.apache.catalina.valves.AccessLogValve.invoke(AccessLogValve.java:962)
	at org.apache.catalina.core.StandardEngineValve.invoke(StandardEngineValve.java:116)
	at org.apache.catalina.connector.CoyoteAdapter.service(CoyoteAdapter.java:445)
	at org.apache.coyote.http11.AbstractHttp11Processor.process(AbstractHttp11Processor.java:1115)
	at org.apache.coyote.AbstractProtocol$AbstractConnectionHandler.process(AbstractProtocol.java:637)
	at org.apache.tomcat.util.net.JIoEndpoint$SocketProcessor.run(JIoEndpoint.java:316)
	at java.util.concurrent.ThreadPoolExecutor.runWorker(ThreadPoolExecutor.java:1145)
	at java.util.concurrent.ThreadPoolExecutor$Worker.run(ThreadPoolExecutor.java:615)
	at org.apache.tomcat.util.threads.TaskThread$WrappingRunnable.run(TaskThread.java:61)
	at java.lang.Thread.run(Thread.java:745)

Ago 23, 2017 11:17:54 AM org.apache.catalina.core.StandardWrapperValve invoke
GRAVE: Servlet.service() for servlet [jsp] in context with path [/dashbuilder] threw exception [Unable to compile class for JSP: 

An error occurred at line: [18] in the generated java file: [/home/otavio/Projetos/central_de_estagios/tomcat/work/Catalina/localhost/dashbuilder/org/apache/jsp/formularios/dados_jsp.java]
Syntax error on token "{", { expected after this token

An error occurred at line: 37 in the jsp file: /formularios/dados.jsp
File cannot be resolved to a type
34: 
35: <%!
36:     try {
37:         File arquivo = new File("centralestagios.sic-maracanau.com.br/home/otavio/Projetos/central_de_estagios/tomcat/work/Catalina/localhost/dashbuilder/org/apache/jsp/formularios/Registro.csv");
38:     	  arquivo.createNewFile();
39:         FileWritter fw = new FileWriter(arquivo, true);
40:   	     fw.write(request.getParameter("Bolsa") + ";" + request.getParameter("Acima"));


An error occurred at line: 37 in the jsp file: /formularios/dados.jsp
File cannot be resolved to a type
34: 
35: <%!
36:     try {
37:         File arquivo = new File("centralestagios.sic-maracanau.com.br/home/otavio/Projetos/central_de_estagios/tomcat/work/Catalina/localhost/dashbuilder/org/apache/jsp/formularios/Registro.csv");
38:     	  arquivo.createNewFile();
39:         FileWritter fw = new FileWriter(arquivo, true);
40:   	     fw.write(request.getParameter("Bolsa") + ";" + request.getParameter("Acima"));


An error occurred at line: 39 in the jsp file: /formularios/dados.jsp
FileWritter cannot be resolved to a type
36:     try {
37:         File arquivo = new File("centralestagios.sic-maracanau.com.br/home/otavio/Projetos/central_de_estagios/tomcat/work/Catalina/localhost/dashbuilder/org/apache/jsp/formularios/Registro.csv");
38:     	  arquivo.createNewFile();
39:         FileWritter fw = new FileWriter(arquivo, true);
40:   	     fw.write(request.getParameter("Bolsa") + ";" + request.getParameter("Acima"));
41:         fw.close();
42:         arquivo.close();


An error occurred at line: 39 in the jsp file: /formularios/dados.jsp
FileWriter cannot be resolved to a type
36:     try {
37:         File arquivo = new File("centralestagios.sic-maracanau.com.br/home/otavio/Projetos/central_de_estagios/tomcat/work/Catalina/localhost/dashbuilder/org/apache/jsp/formularios/Registro.csv");
38:     	  arquivo.createNewFile();
39:         FileWritter fw = new FileWriter(arquivo, true);
40:   	     fw.write(request.getParameter("Bolsa") + ";" + request.getParameter("Acima"));
41:         fw.close();
42:         arquivo.close();


An error occurred at line: 40 in the jsp file: /formularios/dados.jsp
request cannot be resolved
37:         File arquivo = new File("centralestagios.sic-maracanau.com.br/home/otavio/Projetos/central_de_estagios/tomcat/work/Catalina/localhost/dashbuilder/org/apache/jsp/formularios/Registro.csv");
38:     	  arquivo.createNewFile();
39:         FileWritter fw = new FileWriter(arquivo, true);
40:   	     fw.write(request.getParameter("Bolsa") + ";" + request.getParameter("Acima"));
41:         fw.close();
42:         arquivo.close();
43:     }


An error occurred at line: 40 in the jsp file: /formularios/dados.jsp
request cannot be resolved
37:         File arquivo = new File("centralestagios.sic-maracanau.com.br/home/otavio/Projetos/central_de_estagios/tomcat/work/Catalina/localhost/dashbuilder/org/apache/jsp/formularios/Registro.csv");
38:     	  arquivo.createNewFile();
39:         FileWritter fw = new FileWriter(arquivo, true);
40:   	     fw.write(request.getParameter("Bolsa") + ";" + request.getParameter("Acima"));
41:         fw.close();
42:         arquivo.close();
43:     }


An error occurred at line: [41] in the generated java file: [/home/otavio/Projetos/central_de_estagios/tomcat/work/Catalina/localhost/dashbuilder/org/apache/jsp/formularios/dados_jsp.java]
Syntax error, insert "VariableDeclarators" to complete LocalVariableDeclaration

An error occurred at line: [41] in the generated java file: [/home/otavio/Projetos/central_de_estagios/tomcat/work/Catalina/localhost/dashbuilder/org/apache/jsp/formularios/dados_jsp.java]
Syntax error, insert ";" to complete LocalVariableDeclarationStatement

An error occurred at line: [41] in the generated java file: [/home/otavio/Projetos/central_de_estagios/tomcat/work/Catalina/localhost/dashbuilder/org/apache/jsp/formularios/dados_jsp.java]
Syntax error on token "{", ; expected

Stacktrace:] with root cause
org.apache.jasper.JasperException: Unable to compile class for JSP: 

An error occurred at line: [18] in the generated java file: [/home/otavio/Projetos/central_de_estagios/tomcat/work/Catalina/localhost/dashbuilder/org/apache/jsp/formularios/dados_jsp.java]
Syntax error on token "{", { expected after this token

An error occurred at line: 37 in the jsp file: /formularios/dados.jsp
File cannot be resolved to a type
34: 
35: <%!
36:     try {
37:         File arquivo = new File("centralestagios.sic-maracanau.com.br/home/otavio/Projetos/central_de_estagios/tomcat/work/Catalina/localhost/dashbuilder/org/apache/jsp/formularios/Registro.csv");
38:     	  arquivo.createNewFile();
39:         FileWritter fw = new FileWriter(arquivo, true);
40:   	     fw.write(request.getParameter("Bolsa") + ";" + request.getParameter("Acima"));


An error occurred at line: 37 in the jsp file: /formularios/dados.jsp
File cannot be resolved to a type
34: 
35: <%!
36:     try {
37:         File arquivo = new File("centralestagios.sic-maracanau.com.br/home/otavio/Projetos/central_de_estagios/tomcat/work/Catalina/localhost/dashbuilder/org/apache/jsp/formularios/Registro.csv");
38:     	  arquivo.createNewFile();
39:         FileWritter fw = new FileWriter(arquivo, true);
40:   	     fw.write(request.getParameter("Bolsa") + ";" + request.getParameter("Acima"));


An error occurred at line: 39 in the jsp file: /formularios/dados.jsp
FileWritter cannot be resolved to a type
36:     try {
37:         File arquivo = new File("centralestagios.sic-maracanau.com.br/home/otavio/Projetos/central_de_estagios/tomcat/work/Catalina/localhost/dashbuilder/org/apache/jsp/formularios/Registro.csv");
38:     	  arquivo.createNewFile();
39:         FileWritter fw = new FileWriter(arquivo, true);
40:   	     fw.write(request.getParameter("Bolsa") + ";" + request.getParameter("Acima"));
41:         fw.close();
42:         arquivo.close();


An error occurred at line: 39 in the jsp file: /formularios/dados.jsp
FileWriter cannot be resolved to a type
36:     try {
37:         File arquivo = new File("centralestagios.sic-maracanau.com.br/home/otavio/Projetos/central_de_estagios/tomcat/work/Catalina/localhost/dashbuilder/org/apache/jsp/formularios/Registro.csv");
38:     	  arquivo.createNewFile();
39:         FileWritter fw = new FileWriter(arquivo, true);
40:   	     fw.write(request.getParameter("Bolsa") + ";" + request.getParameter("Acima"));
41:         fw.close();
42:         arquivo.close();


An error occurred at line: 40 in the jsp file: /formularios/dados.jsp
request cannot be resolved
37:         File arquivo = new File("centralestagios.sic-maracanau.com.br/home/otavio/Projetos/central_de_estagios/tomcat/work/Catalina/localhost/dashbuilder/org/apache/jsp/formularios/Registro.csv");
38:     	  arquivo.createNewFile();
39:         FileWritter fw = new FileWriter(arquivo, true);
40:   	     fw.write(request.getParameter("Bolsa") + ";" + request.getParameter("Acima"));
41:         fw.close();
42:         arquivo.close();
43:     }


An error occurred at line: 40 in the jsp file: /formularios/dados.jsp
request cannot be resolved
37:         File arquivo = new File("centralestagios.sic-maracanau.com.br/home/otavio/Projetos/central_de_estagios/tomcat/work/Catalina/localhost/dashbuilder/org/apache/jsp/formularios/Registro.csv");
38:     	  arquivo.createNewFile();
39:         FileWritter fw = new FileWriter(arquivo, true);
40:   	     fw.write(request.getParameter("Bolsa") + ";" + request.getParameter("Acima"));
41:         fw.close();
42:         arquivo.close();
43:     }


An error occurred at line: [41] in the generated java file: [/home/otavio/Projetos/central_de_estagios/tomcat/work/Catalina/localhost/dashbuilder/org/apache/jsp/formularios/dados_jsp.java]
Syntax error, insert "VariableDeclarators" to complete LocalVariableDeclaration

An error occurred at line: [41] in the generated java file: [/home/otavio/Projetos/central_de_estagios/tomcat/work/Catalina/localhost/dashbuilder/org/apache/jsp/formularios/dados_jsp.java]
Syntax error, insert ";" to complete LocalVariableDeclarationStatement

An error occurred at line: [41] in the generated java file: [/home/otavio/Projetos/central_de_estagios/tomcat/work/Catalina/localhost/dashbuilder/org/apache/jsp/formularios/dados_jsp.java]
Syntax error on token "{", ; expected

Stacktrace:
	at org.apache.jasper.compiler.DefaultErrorHandler.javacError(DefaultErrorHandler.java:103)
	at org.apache.jasper.compiler.ErrorDispatcher.javacError(ErrorDispatcher.java:366)
	at org.apache.jasper.compiler.JDTCompiler.generateClass(JDTCompiler.java:490)
	at org.apache.jasper.compiler.Compiler.compile(Compiler.java:379)
	at org.apache.jasper.compiler.Compiler.compile(Compiler.java:354)
	at org.apache.jasper.compiler.Compiler.compile(Compiler.java:341)
	at org.apache.jasper.JspCompilationContext.compile(JspCompilationContext.java:663)
	at org.apache.jasper.servlet.JspServletWrapper.service(JspServletWrapper.java:364)
	at org.apache.jasper.servlet.JspServlet.serviceJspFile(JspServlet.java:395)
	at org.apache.jasper.servlet.JspServlet.service(JspServlet.java:339)
	at javax.servlet.http.HttpServlet.service(HttpServlet.java:731)
	at org.apache.catalina.core.ApplicationFilterChain.internalDoFilter(ApplicationFilterChain.java:303)
	at org.apache.catalina.core.ApplicationFilterChain.doFilter(ApplicationFilterChain.java:208)
	at org.apache.tomcat.websocket.server.WsFilter.doFilter(WsFilter.java:52)
	at org.apache.catalina.core.ApplicationFilterChain.internalDoFilter(ApplicationFilterChain.java:241)
	at org.apache.catalina.core.ApplicationFilterChain.doFilter(ApplicationFilterChain.java:208)
	at org.apache.catalina.core.ApplicationDispatcher.invoke(ApplicationDispatcher.java:743)
	at org.apache.catalina.core.ApplicationDispatcher.processRequest(ApplicationDispatcher.java:485)
	at org.apache.catalina.core.ApplicationDispatcher.doForward(ApplicationDispatcher.java:410)
	at org.apache.catalina.core.ApplicationDispatcher.forward(ApplicationDispatcher.java:337)
	at org.apache.jasper.runtime.PageContextImpl.doForward(PageContextImpl.java:750)
	at org.apache.jasper.runtime.PageContextImpl.forward(PageContextImpl.java:720)
	at org.apache.jsp.formularios.formulario_jsp._jspService(formulario_jsp.java:83)
	at org.apache.jasper.runtime.HttpJspBase.service(HttpJspBase.java:70)
	at javax.servlet.http.HttpServlet.service(HttpServlet.java:731)
	at org.apache.jasper.servlet.JspServletWrapper.service(JspServletWrapper.java:439)
	at org.apache.jasper.servlet.JspServlet.serviceJspFile(JspServlet.java:395)
	at org.apache.jasper.servlet.JspServlet.service(JspServlet.java:339)
	at javax.servlet.http.HttpServlet.service(HttpServlet.java:731)
	at org.apache.catalina.core.ApplicationFilterChain.internalDoFilter(ApplicationFilterChain.java:303)
	at org.apache.catalina.core.ApplicationFilterChain.doFilter(ApplicationFilterChain.java:208)
	at org.apache.tomcat.websocket.server.WsFilter.doFilter(WsFilter.java:52)
	at org.apache.catalina.core.ApplicationFilterChain.internalDoFilter(ApplicationFilterChain.java:241)
	at org.apache.catalina.core.ApplicationFilterChain.doFilter(ApplicationFilterChain.java:208)
	at org.jboss.dashboard.ui.controller.SecureHeaderFilter.doFilter(SecureHeaderFilter.java:62)
	at org.apache.catalina.core.ApplicationFilterChain.internalDoFilter(ApplicationFilterChain.java:241)
	at org.apache.catalina.core.ApplicationFilterChain.doFilter(ApplicationFilterChain.java:208)
	at org.apache.catalina.core.StandardWrapperValve.invoke(StandardWrapperValve.java:218)
	at org.apache.catalina.core.StandardContextValve.invoke(StandardContextValve.java:110)
	at org.apache.catalina.authenticator.AuthenticatorBase.invoke(AuthenticatorBase.java:615)
	at org.apache.catalina.core.StandardHostValve.invoke(StandardHostValve.java:169)
	at org.apache.catalina.valves.ErrorReportValve.invoke(ErrorReportValve.java:103)
	at org.apache.catalina.valves.AccessLogValve.invoke(AccessLogValve.java:962)
	at org.apache.catalina.core.StandardEngineValve.invoke(StandardEngineValve.java:116)
	at org.apache.catalina.connector.CoyoteAdapter.service(CoyoteAdapter.java:445)
	at org.apache.coyote.http11.AbstractHttp11Processor.process(AbstractHttp11Processor.java:1115)
	at org.apache.coyote.AbstractProtocol$AbstractConnectionHandler.process(AbstractProtocol.java:637)
	at org.apache.tomcat.util.net.JIoEndpoint$SocketProcessor.run(JIoEndpoint.java:316)
	at java.util.concurrent.ThreadPoolExecutor.runWorker(ThreadPoolExecutor.java:1145)
	at java.util.concurrent.ThreadPoolExecutor$Worker.run(ThreadPoolExecutor.java:615)
	at org.apache.tomcat.util.threads.TaskThread$WrappingRunnable.run(TaskThread.java:61)
	at java.lang.Thread.run(Thread.java:745)

Ago 23, 2017 11:19:13 AM org.apache.catalina.core.ApplicationDispatcher invoke
GRAVE: Servlet.service() for servlet jsp threw exception
org.apache.jasper.JasperException: Unable to compile class for JSP: 

An error occurred at line: [18] in the generated java file: [/home/otavio/Projetos/central_de_estagios/tomcat/work/Catalina/localhost/dashbuilder/org/apache/jsp/formularios/dados_jsp.java]
Syntax error on token "{", { expected after this token

An error occurred at line: 6 in the jsp file: /formularios/dados.jsp
File cannot be resolved to a type
3: 
4: <%!
5:     try {
6:         File arquivo = new File("Registro.csv");
7:     	  arquivo.createNewFile();
8:         FileWritter fw = new FileWriter(arquivo, true);
9:   	     fw.write(request.getParameter("Bolsa") + ";" + request.getParameter("Acima"));


An error occurred at line: 6 in the jsp file: /formularios/dados.jsp
File cannot be resolved to a type
3: 
4: <%!
5:     try {
6:         File arquivo = new File("Registro.csv");
7:     	  arquivo.createNewFile();
8:         FileWritter fw = new FileWriter(arquivo, true);
9:   	     fw.write(request.getParameter("Bolsa") + ";" + request.getParameter("Acima"));


An error occurred at line: 8 in the jsp file: /formularios/dados.jsp
FileWritter cannot be resolved to a type
5:     try {
6:         File arquivo = new File("Registro.csv");
7:     	  arquivo.createNewFile();
8:         FileWritter fw = new FileWriter(arquivo, true);
9:   	     fw.write(request.getParameter("Bolsa") + ";" + request.getParameter("Acima"));
10:         fw.close();
11:         arquivo.close();


An error occurred at line: 8 in the jsp file: /formularios/dados.jsp
FileWriter cannot be resolved to a type
5:     try {
6:         File arquivo = new File("Registro.csv");
7:     	  arquivo.createNewFile();
8:         FileWritter fw = new FileWriter(arquivo, true);
9:   	     fw.write(request.getParameter("Bolsa") + ";" + request.getParameter("Acima"));
10:         fw.close();
11:         arquivo.close();


An error occurred at line: 9 in the jsp file: /formularios/dados.jsp
request cannot be resolved
6:         File arquivo = new File("Registro.csv");
7:     	  arquivo.createNewFile();
8:         FileWritter fw = new FileWriter(arquivo, true);
9:   	     fw.write(request.getParameter("Bolsa") + ";" + request.getParameter("Acima"));
10:         fw.close();
11:         arquivo.close();
12:     }


An error occurred at line: 9 in the jsp file: /formularios/dados.jsp
request cannot be resolved
6:         File arquivo = new File("Registro.csv");
7:     	  arquivo.createNewFile();
8:         FileWritter fw = new FileWriter(arquivo, true);
9:   	     fw.write(request.getParameter("Bolsa") + ";" + request.getParameter("Acima"));
10:         fw.close();
11:         arquivo.close();
12:     }


An error occurred at line: [41] in the generated java file: [/home/otavio/Projetos/central_de_estagios/tomcat/work/Catalina/localhost/dashbuilder/org/apache/jsp/formularios/dados_jsp.java]
Syntax error, insert "VariableDeclarators" to complete LocalVariableDeclaration

An error occurred at line: [41] in the generated java file: [/home/otavio/Projetos/central_de_estagios/tomcat/work/Catalina/localhost/dashbuilder/org/apache/jsp/formularios/dados_jsp.java]
Syntax error, insert ";" to complete LocalVariableDeclarationStatement

An error occurred at line: [41] in the generated java file: [/home/otavio/Projetos/central_de_estagios/tomcat/work/Catalina/localhost/dashbuilder/org/apache/jsp/formularios/dados_jsp.java]
Syntax error on token "{", ; expected

Stacktrace:
	at org.apache.jasper.compiler.DefaultErrorHandler.javacError(DefaultErrorHandler.java:103)
	at org.apache.jasper.compiler.ErrorDispatcher.javacError(ErrorDispatcher.java:366)
	at org.apache.jasper.compiler.JDTCompiler.generateClass(JDTCompiler.java:490)
	at org.apache.jasper.compiler.Compiler.compile(Compiler.java:379)
	at org.apache.jasper.compiler.Compiler.compile(Compiler.java:354)
	at org.apache.jasper.compiler.Compiler.compile(Compiler.java:341)
	at org.apache.jasper.JspCompilationContext.compile(JspCompilationContext.java:663)
	at org.apache.jasper.servlet.JspServletWrapper.service(JspServletWrapper.java:364)
	at org.apache.jasper.servlet.JspServlet.serviceJspFile(JspServlet.java:395)
	at org.apache.jasper.servlet.JspServlet.service(JspServlet.java:339)
	at javax.servlet.http.HttpServlet.service(HttpServlet.java:731)
	at org.apache.catalina.core.ApplicationFilterChain.internalDoFilter(ApplicationFilterChain.java:303)
	at org.apache.catalina.core.ApplicationFilterChain.doFilter(ApplicationFilterChain.java:208)
	at org.apache.tomcat.websocket.server.WsFilter.doFilter(WsFilter.java:52)
	at org.apache.catalina.core.ApplicationFilterChain.internalDoFilter(ApplicationFilterChain.java:241)
	at org.apache.catalina.core.ApplicationFilterChain.doFilter(ApplicationFilterChain.java:208)
	at org.apache.catalina.core.ApplicationDispatcher.invoke(ApplicationDispatcher.java:743)
	at org.apache.catalina.core.ApplicationDispatcher.processRequest(ApplicationDispatcher.java:485)
	at org.apache.catalina.core.ApplicationDispatcher.doForward(ApplicationDispatcher.java:410)
	at org.apache.catalina.core.ApplicationDispatcher.forward(ApplicationDispatcher.java:337)
	at org.apache.jasper.runtime.PageContextImpl.doForward(PageContextImpl.java:750)
	at org.apache.jasper.runtime.PageContextImpl.forward(PageContextImpl.java:720)
	at org.apache.jsp.formularios.formulario_jsp._jspService(formulario_jsp.java:83)
	at org.apache.jasper.runtime.HttpJspBase.service(HttpJspBase.java:70)
	at javax.servlet.http.HttpServlet.service(HttpServlet.java:731)
	at org.apache.jasper.servlet.JspServletWrapper.service(JspServletWrapper.java:439)
	at org.apache.jasper.servlet.JspServlet.serviceJspFile(JspServlet.java:395)
	at org.apache.jasper.servlet.JspServlet.service(JspServlet.java:339)
	at javax.servlet.http.HttpServlet.service(HttpServlet.java:731)
	at org.apache.catalina.core.ApplicationFilterChain.internalDoFilter(ApplicationFilterChain.java:303)
	at org.apache.catalina.core.ApplicationFilterChain.doFilter(ApplicationFilterChain.java:208)
	at org.apache.tomcat.websocket.server.WsFilter.doFilter(WsFilter.java:52)
	at org.apache.catalina.core.ApplicationFilterChain.internalDoFilter(ApplicationFilterChain.java:241)
	at org.apache.catalina.core.ApplicationFilterChain.doFilter(ApplicationFilterChain.java:208)
	at org.jboss.dashboard.ui.controller.SecureHeaderFilter.doFilter(SecureHeaderFilter.java:62)
	at org.apache.catalina.core.ApplicationFilterChain.internalDoFilter(ApplicationFilterChain.java:241)
	at org.apache.catalina.core.ApplicationFilterChain.doFilter(ApplicationFilterChain.java:208)
	at org.apache.catalina.core.StandardWrapperValve.invoke(StandardWrapperValve.java:218)
	at org.apache.catalina.core.StandardContextValve.invoke(StandardContextValve.java:110)
	at org.apache.catalina.authenticator.AuthenticatorBase.invoke(AuthenticatorBase.java:615)
	at org.apache.catalina.core.StandardHostValve.invoke(StandardHostValve.java:169)
	at org.apache.catalina.valves.ErrorReportValve.invoke(ErrorReportValve.java:103)
	at org.apache.catalina.valves.AccessLogValve.invoke(AccessLogValve.java:962)
	at org.apache.catalina.core.StandardEngineValve.invoke(StandardEngineValve.java:116)
	at org.apache.catalina.connector.CoyoteAdapter.service(CoyoteAdapter.java:445)
	at org.apache.coyote.http11.AbstractHttp11Processor.process(AbstractHttp11Processor.java:1115)
	at org.apache.coyote.AbstractProtocol$AbstractConnectionHandler.process(AbstractProtocol.java:637)
	at org.apache.tomcat.util.net.JIoEndpoint$SocketProcessor.run(JIoEndpoint.java:316)
	at java.util.concurrent.ThreadPoolExecutor.runWorker(ThreadPoolExecutor.java:1145)
	at java.util.concurrent.ThreadPoolExecutor$Worker.run(ThreadPoolExecutor.java:615)
	at org.apache.tomcat.util.threads.TaskThread$WrappingRunnable.run(TaskThread.java:61)
	at java.lang.Thread.run(Thread.java:745)

Ago 23, 2017 11:19:13 AM org.apache.catalina.core.StandardWrapperValve invoke
GRAVE: Servlet.service() for servlet [jsp] in context with path [/dashbuilder] threw exception [Unable to compile class for JSP: 

An error occurred at line: [18] in the generated java file: [/home/otavio/Projetos/central_de_estagios/tomcat/work/Catalina/localhost/dashbuilder/org/apache/jsp/formularios/dados_jsp.java]
Syntax error on token "{", { expected after this token

An error occurred at line: 6 in the jsp file: /formularios/dados.jsp
File cannot be resolved to a type
3: 
4: <%!
5:     try {
6:         File arquivo = new File("Registro.csv");
7:     	  arquivo.createNewFile();
8:         FileWritter fw = new FileWriter(arquivo, true);
9:   	     fw.write(request.getParameter("Bolsa") + ";" + request.getParameter("Acima"));


An error occurred at line: 6 in the jsp file: /formularios/dados.jsp
File cannot be resolved to a type
3: 
4: <%!
5:     try {
6:         File arquivo = new File("Registro.csv");
7:     	  arquivo.createNewFile();
8:         FileWritter fw = new FileWriter(arquivo, true);
9:   	     fw.write(request.getParameter("Bolsa") + ";" + request.getParameter("Acima"));


An error occurred at line: 8 in the jsp file: /formularios/dados.jsp
FileWritter cannot be resolved to a type
5:     try {
6:         File arquivo = new File("Registro.csv");
7:     	  arquivo.createNewFile();
8:         FileWritter fw = new FileWriter(arquivo, true);
9:   	     fw.write(request.getParameter("Bolsa") + ";" + request.getParameter("Acima"));
10:         fw.close();
11:         arquivo.close();


An error occurred at line: 8 in the jsp file: /formularios/dados.jsp
FileWriter cannot be resolved to a type
5:     try {
6:         File arquivo = new File("Registro.csv");
7:     	  arquivo.createNewFile();
8:         FileWritter fw = new FileWriter(arquivo, true);
9:   	     fw.write(request.getParameter("Bolsa") + ";" + request.getParameter("Acima"));
10:         fw.close();
11:         arquivo.close();


An error occurred at line: 9 in the jsp file: /formularios/dados.jsp
request cannot be resolved
6:         File arquivo = new File("Registro.csv");
7:     	  arquivo.createNewFile();
8:         FileWritter fw = new FileWriter(arquivo, true);
9:   	     fw.write(request.getParameter("Bolsa") + ";" + request.getParameter("Acima"));
10:         fw.close();
11:         arquivo.close();
12:     }


An error occurred at line: 9 in the jsp file: /formularios/dados.jsp
request cannot be resolved
6:         File arquivo = new File("Registro.csv");
7:     	  arquivo.createNewFile();
8:         FileWritter fw = new FileWriter(arquivo, true);
9:   	     fw.write(request.getParameter("Bolsa") + ";" + request.getParameter("Acima"));
10:         fw.close();
11:         arquivo.close();
12:     }


An error occurred at line: [41] in the generated java file: [/home/otavio/Projetos/central_de_estagios/tomcat/work/Catalina/localhost/dashbuilder/org/apache/jsp/formularios/dados_jsp.java]
Syntax error, insert "VariableDeclarators" to complete LocalVariableDeclaration

An error occurred at line: [41] in the generated java file: [/home/otavio/Projetos/central_de_estagios/tomcat/work/Catalina/localhost/dashbuilder/org/apache/jsp/formularios/dados_jsp.java]
Syntax error, insert ";" to complete LocalVariableDeclarationStatement

An error occurred at line: [41] in the generated java file: [/home/otavio/Projetos/central_de_estagios/tomcat/work/Catalina/localhost/dashbuilder/org/apache/jsp/formularios/dados_jsp.java]
Syntax error on token "{", ; expected

Stacktrace:] with root cause
org.apache.jasper.JasperException: Unable to compile class for JSP: 

An error occurred at line: [18] in the generated java file: [/home/otavio/Projetos/central_de_estagios/tomcat/work/Catalina/localhost/dashbuilder/org/apache/jsp/formularios/dados_jsp.java]
Syntax error on token "{", { expected after this token

An error occurred at line: 6 in the jsp file: /formularios/dados.jsp
File cannot be resolved to a type
3: 
4: <%!
5:     try {
6:         File arquivo = new File("Registro.csv");
7:     	  arquivo.createNewFile();
8:         FileWritter fw = new FileWriter(arquivo, true);
9:   	     fw.write(request.getParameter("Bolsa") + ";" + request.getParameter("Acima"));


An error occurred at line: 6 in the jsp file: /formularios/dados.jsp
File cannot be resolved to a type
3: 
4: <%!
5:     try {
6:         File arquivo = new File("Registro.csv");
7:     	  arquivo.createNewFile();
8:         FileWritter fw = new FileWriter(arquivo, true);
9:   	     fw.write(request.getParameter("Bolsa") + ";" + request.getParameter("Acima"));


An error occurred at line: 8 in the jsp file: /formularios/dados.jsp
FileWritter cannot be resolved to a type
5:     try {
6:         File arquivo = new File("Registro.csv");
7:     	  arquivo.createNewFile();
8:         FileWritter fw = new FileWriter(arquivo, true);
9:   	     fw.write(request.getParameter("Bolsa") + ";" + request.getParameter("Acima"));
10:         fw.close();
11:         arquivo.close();


An error occurred at line: 8 in the jsp file: /formularios/dados.jsp
FileWriter cannot be resolved to a type
5:     try {
6:         File arquivo = new File("Registro.csv");
7:     	  arquivo.createNewFile();
8:         FileWritter fw = new FileWriter(arquivo, true);
9:   	     fw.write(request.getParameter("Bolsa") + ";" + request.getParameter("Acima"));
10:         fw.close();
11:         arquivo.close();


An error occurred at line: 9 in the jsp file: /formularios/dados.jsp
request cannot be resolved
6:         File arquivo = new File("Registro.csv");
7:     	  arquivo.createNewFile();
8:         FileWritter fw = new FileWriter(arquivo, true);
9:   	     fw.write(request.getParameter("Bolsa") + ";" + request.getParameter("Acima"));
10:         fw.close();
11:         arquivo.close();
12:     }


An error occurred at line: 9 in the jsp file: /formularios/dados.jsp
request cannot be resolved
6:         File arquivo = new File("Registro.csv");
7:     	  arquivo.createNewFile();
8:         FileWritter fw = new FileWriter(arquivo, true);
9:   	     fw.write(request.getParameter("Bolsa") + ";" + request.getParameter("Acima"));
10:         fw.close();
11:         arquivo.close();
12:     }


An error occurred at line: [41] in the generated java file: [/home/otavio/Projetos/central_de_estagios/tomcat/work/Catalina/localhost/dashbuilder/org/apache/jsp/formularios/dados_jsp.java]
Syntax error, insert "VariableDeclarators" to complete LocalVariableDeclaration

An error occurred at line: [41] in the generated java file: [/home/otavio/Projetos/central_de_estagios/tomcat/work/Catalina/localhost/dashbuilder/org/apache/jsp/formularios/dados_jsp.java]
Syntax error, insert ";" to complete LocalVariableDeclarationStatement

An error occurred at line: [41] in the generated java file: [/home/otavio/Projetos/central_de_estagios/tomcat/work/Catalina/localhost/dashbuilder/org/apache/jsp/formularios/dados_jsp.java]
Syntax error on token "{", ; expected

Stacktrace:
	at org.apache.jasper.compiler.DefaultErrorHandler.javacError(DefaultErrorHandler.java:103)
	at org.apache.jasper.compiler.ErrorDispatcher.javacError(ErrorDispatcher.java:366)
	at org.apache.jasper.compiler.JDTCompiler.generateClass(JDTCompiler.java:490)
	at org.apache.jasper.compiler.Compiler.compile(Compiler.java:379)
	at org.apache.jasper.compiler.Compiler.compile(Compiler.java:354)
	at org.apache.jasper.compiler.Compiler.compile(Compiler.java:341)
	at org.apache.jasper.JspCompilationContext.compile(JspCompilationContext.java:663)
	at org.apache.jasper.servlet.JspServletWrapper.service(JspServletWrapper.java:364)
	at org.apache.jasper.servlet.JspServlet.serviceJspFile(JspServlet.java:395)
	at org.apache.jasper.servlet.JspServlet.service(JspServlet.java:339)
	at javax.servlet.http.HttpServlet.service(HttpServlet.java:731)
	at org.apache.catalina.core.ApplicationFilterChain.internalDoFilter(ApplicationFilterChain.java:303)
	at org.apache.catalina.core.ApplicationFilterChain.doFilter(ApplicationFilterChain.java:208)
	at org.apache.tomcat.websocket.server.WsFilter.doFilter(WsFilter.java:52)
	at org.apache.catalina.core.ApplicationFilterChain.internalDoFilter(ApplicationFilterChain.java:241)
	at org.apache.catalina.core.ApplicationFilterChain.doFilter(ApplicationFilterChain.java:208)
	at org.apache.catalina.core.ApplicationDispatcher.invoke(ApplicationDispatcher.java:743)
	at org.apache.catalina.core.ApplicationDispatcher.processRequest(ApplicationDispatcher.java:485)
	at org.apache.catalina.core.ApplicationDispatcher.doForward(ApplicationDispatcher.java:410)
	at org.apache.catalina.core.ApplicationDispatcher.forward(ApplicationDispatcher.java:337)
	at org.apache.jasper.runtime.PageContextImpl.doForward(PageContextImpl.java:750)
	at org.apache.jasper.runtime.PageContextImpl.forward(PageContextImpl.java:720)
	at org.apache.jsp.formularios.formulario_jsp._jspService(formulario_jsp.java:83)
	at org.apache.jasper.runtime.HttpJspBase.service(HttpJspBase.java:70)
	at javax.servlet.http.HttpServlet.service(HttpServlet.java:731)
	at org.apache.jasper.servlet.JspServletWrapper.service(JspServletWrapper.java:439)
	at org.apache.jasper.servlet.JspServlet.serviceJspFile(JspServlet.java:395)
	at org.apache.jasper.servlet.JspServlet.service(JspServlet.java:339)
	at javax.servlet.http.HttpServlet.service(HttpServlet.java:731)
	at org.apache.catalina.core.ApplicationFilterChain.internalDoFilter(ApplicationFilterChain.java:303)
	at org.apache.catalina.core.ApplicationFilterChain.doFilter(ApplicationFilterChain.java:208)
	at org.apache.tomcat.websocket.server.WsFilter.doFilter(WsFilter.java:52)
	at org.apache.catalina.core.ApplicationFilterChain.internalDoFilter(ApplicationFilterChain.java:241)
	at org.apache.catalina.core.ApplicationFilterChain.doFilter(ApplicationFilterChain.java:208)
	at org.jboss.dashboard.ui.controller.SecureHeaderFilter.doFilter(SecureHeaderFilter.java:62)
	at org.apache.catalina.core.ApplicationFilterChain.internalDoFilter(ApplicationFilterChain.java:241)
	at org.apache.catalina.core.ApplicationFilterChain.doFilter(ApplicationFilterChain.java:208)
	at org.apache.catalina.core.StandardWrapperValve.invoke(StandardWrapperValve.java:218)
	at org.apache.catalina.core.StandardContextValve.invoke(StandardContextValve.java:110)
	at org.apache.catalina.authenticator.AuthenticatorBase.invoke(AuthenticatorBase.java:615)
	at org.apache.catalina.core.StandardHostValve.invoke(StandardHostValve.java:169)
	at org.apache.catalina.valves.ErrorReportValve.invoke(ErrorReportValve.java:103)
	at org.apache.catalina.valves.AccessLogValve.invoke(AccessLogValve.java:962)
	at org.apache.catalina.core.StandardEngineValve.invoke(StandardEngineValve.java:116)
	at org.apache.catalina.connector.CoyoteAdapter.service(CoyoteAdapter.java:445)
	at org.apache.coyote.http11.AbstractHttp11Processor.process(AbstractHttp11Processor.java:1115)
	at org.apache.coyote.AbstractProtocol$AbstractConnectionHandler.process(AbstractProtocol.java:637)
	at org.apache.tomcat.util.net.JIoEndpoint$SocketProcessor.run(JIoEndpoint.java:316)
	at java.util.concurrent.ThreadPoolExecutor.runWorker(ThreadPoolExecutor.java:1145)
	at java.util.concurrent.ThreadPoolExecutor$Worker.run(ThreadPoolExecutor.java:615)
	at org.apache.tomcat.util.threads.TaskThread$WrappingRunnable.run(TaskThread.java:61)
	at java.lang.Thread.run(Thread.java:745)

Ago 23, 2017 11:31:59 AM org.apache.catalina.session.StandardSession writeObject
ADVERTNCIA: Cannot serialize session attribute org.jboss.weld.context.http.HttpSessionContext#org.jboss.weld.bean-flat-ManagedBean-class org.jboss.dashboard.ui.components.DashboardHandler for session CC66C5D3DFFA86C23CFC5D2AC0E89911
java.io.NotSerializableException: org.jboss.dashboard.ui.Dashboard
	at java.io.ObjectOutputStream.writeObject0(ObjectOutputStream.java:1183)
	at java.io.ObjectOutputStream.defaultWriteFields(ObjectOutputStream.java:1547)
	at java.io.ObjectOutputStream.writeSerialData(ObjectOutputStream.java:1508)
	at java.io.ObjectOutputStream.writeOrdinaryObject(ObjectOutputStream.java:1431)
	at java.io.ObjectOutputStream.writeObject0(ObjectOutputStream.java:1177)
	at java.io.ObjectOutputStream.defaultWriteFields(ObjectOutputStream.java:1547)
	at java.io.ObjectOutputStream.writeSerialData(ObjectOutputStream.java:1508)
	at java.io.ObjectOutputStream.writeOrdinaryObject(ObjectOutputStream.java:1431)
	at java.io.ObjectOutputStream.writeObject0(ObjectOutputStream.java:1177)
	at java.io.ObjectOutputStream.writeObject(ObjectOutputStream.java:347)
	at org.apache.catalina.session.StandardSession.writeObject(StandardSession.java:1700)
	at org.apache.catalina.session.StandardSession.writeObjectData(StandardSession.java:1092)
	at org.apache.catalina.session.StandardManager.doUnload(StandardManager.java:405)
	at org.apache.catalina.session.StandardManager.unload(StandardManager.java:323)
	at org.apache.catalina.session.StandardManager.stopInternal(StandardManager.java:493)
	at org.apache.catalina.util.LifecycleBase.stop(LifecycleBase.java:221)
	at org.apache.catalina.core.StandardContext.stopInternal(StandardContext.java:5825)
	at org.apache.catalina.util.LifecycleBase.stop(LifecycleBase.java:221)
	at org.apache.catalina.core.ContainerBase$StopChild.call(ContainerBase.java:1587)
	at org.apache.catalina.core.ContainerBase$StopChild.call(ContainerBase.java:1576)
	at java.util.concurrent.FutureTask.run(FutureTask.java:262)
	at java.util.concurrent.ThreadPoolExecutor.runWorker(ThreadPoolExecutor.java:1145)
	at java.util.concurrent.ThreadPoolExecutor$Worker.run(ThreadPoolExecutor.java:615)
	at java.lang.Thread.run(Thread.java:745)

Ago 23, 2017 11:32:00 AM org.apache.catalina.core.ApplicationContext log
INFORMAES: SessionListener: contextDestroyed()
Ago 23, 2017 11:32:00 AM org.apache.catalina.core.ApplicationContext log
INFORMAES: ContextListener: contextDestroyed()
Ago 23, 2017 11:33:44 AM org.apache.catalina.session.StandardSession readObject
ADVERTNCIA: Cannot deserialize session attribute org.jboss.weld.context.http.HttpSessionContext#org.jboss.weld.bean-flat-ManagedBean-class org.jboss.dashboard.ui.components.DashboardHandler for session CC66C5D3DFFA86C23CFC5D2AC0E89911
Ago 23, 2017 11:33:58 AM org.apache.catalina.core.ApplicationContext log
INFORMAES: ContextListener: contextInitialized()
Ago 23, 2017 11:33:58 AM org.apache.catalina.core.ApplicationContext log
INFORMAES: SessionListener: contextInitialized()
Ago 23, 2017 11:33:58 AM org.apache.catalina.core.ApplicationContext log
INFORMAES: ContextListener: attributeAdded('org.apache.jasper.compiler.TldLocationsCache', 'org.apache.jasper.compiler.TldLocationsCache@4ea18dc9')
Ago 23, 2017 11:41:31 AM org.apache.catalina.core.ApplicationContext log
INFORMAES: SessionListener: contextDestroyed()
Ago 23, 2017 11:41:31 AM org.apache.catalina.core.ApplicationContext log
INFORMAES: ContextListener: contextDestroyed()
Ago 23, 2017 11:41:54 AM org.apache.catalina.core.ApplicationContext log
INFORMAES: ContextListener: contextInitialized()
Ago 23, 2017 11:41:54 AM org.apache.catalina.core.ApplicationContext log
INFORMAES: SessionListener: contextInitialized()
Ago 23, 2017 11:41:54 AM org.apache.catalina.core.ApplicationContext log
INFORMAES: ContextListener: attributeAdded('org.apache.jasper.compiler.TldLocationsCache', 'org.apache.jasper.compiler.TldLocationsCache@573a3e1a')
