Nov 17, 2017 8:37:54 AM org.apache.catalina.core.ApplicationContext log
INFORMAÇÕES: SessionListener: contextDestroyed()
Nov 17, 2017 8:37:54 AM org.apache.catalina.core.ApplicationContext log
INFORMAÇÕES: ContextListener: contextDestroyed()
Nov 17, 2017 8:37:58 AM org.apache.catalina.session.StandardSession writeObject
ADVERTÊNCIA: Cannot serialize session attribute org.jboss.weld.context.http.HttpSessionContext#org.jboss.weld.bean-flat-ManagedBean-class org.jboss.dashboard.dataset.DataSetManagerImpl for session 307EB000E468E709D5F0752794CEA352
java.io.NotSerializableException: org.jboss.dashboard.dataset.DataSetManagerImpl$DataSetHolder
	at java.io.ObjectOutputStream.writeObject0(ObjectOutputStream.java:1183)
	at java.io.ObjectOutputStream.writeObject(ObjectOutputStream.java:347)
	at java.util.HashMap.writeObject(HashMap.java:1129)
	at sun.reflect.NativeMethodAccessorImpl.invoke0(Native Method)
	at sun.reflect.NativeMethodAccessorImpl.invoke(NativeMethodAccessorImpl.java:57)
	at sun.reflect.DelegatingMethodAccessorImpl.invoke(DelegatingMethodAccessorImpl.java:43)
	at java.lang.reflect.Method.invoke(Method.java:606)
	at java.io.ObjectStreamClass.invokeWriteObject(ObjectStreamClass.java:1028)
	at java.io.ObjectOutputStream.writeSerialData(ObjectOutputStream.java:1495)
	at java.io.ObjectOutputStream.writeOrdinaryObject(ObjectOutputStream.java:1431)
	at java.io.ObjectOutputStream.writeObject0(ObjectOutputStream.java:1177)
	at java.io.ObjectOutputStream.defaultWriteFields(ObjectOutputStream.java:1547)
	at java.io.ObjectOutputStream.writeSerialData(ObjectOutputStream.java:1508)
	at java.io.ObjectOutputStream.writeOrdinaryObject(ObjectOutputStream.java:1431)
	at java.io.ObjectOutputStream.writeObject0(ObjectOutputStream.java:1177)
	at java.io.ObjectOutputStream.defaultWriteFields(ObjectOutputStream.java:1547)
	at java.io.ObjectOutputStream.writeSerialData(ObjectOutputStream.java:1508)
	at java.io.ObjectOutputStream.writeOrdinaryObject(ObjectOutputStream.java:1431)
	at java.io.ObjectOutputStream.writeObject0(ObjectOutputStream.java:1177)
	at java.io.ObjectOutputStream.writeObject(ObjectOutputStream.java:347)
	at org.apache.catalina.session.StandardSession.writeObject(StandardSession.java:1700)
	at org.apache.catalina.session.StandardSession.writeObjectData(StandardSession.java:1092)
	at org.apache.catalina.session.StandardManager.doUnload(StandardManager.java:405)
	at org.apache.catalina.session.StandardManager.unload(StandardManager.java:323)
	at org.apache.catalina.session.StandardManager.stopInternal(StandardManager.java:493)
	at org.apache.catalina.util.LifecycleBase.stop(LifecycleBase.java:221)
	at org.apache.catalina.core.StandardContext.stopInternal(StandardContext.java:5825)
	at org.apache.catalina.util.LifecycleBase.stop(LifecycleBase.java:221)
	at org.apache.catalina.core.ContainerBase$StopChild.call(ContainerBase.java:1587)
	at org.apache.catalina.core.ContainerBase$StopChild.call(ContainerBase.java:1576)
	at java.util.concurrent.FutureTask.run(FutureTask.java:262)
	at java.util.concurrent.ThreadPoolExecutor.runWorker(ThreadPoolExecutor.java:1152)
	at java.util.concurrent.ThreadPoolExecutor$Worker.run(ThreadPoolExecutor.java:622)
	at java.lang.Thread.run(Thread.java:748)

Nov 17, 2017 8:37:59 AM org.apache.catalina.session.StandardSession writeObject
ADVERTÊNCIA: Cannot serialize session attribute org.jboss.weld.context.http.HttpSessionContext#org.jboss.weld.bean-flat-ManagedBean-class org.jboss.dashboard.ui.components.ModalDialogComponent for session 307EB000E468E709D5F0752794CEA352
java.io.NotSerializableException: org.jboss.dashboard.ui.components.panelManagement.PanelManagementPanel$1
	at java.io.ObjectOutputStream.writeObject0(ObjectOutputStream.java:1183)
	at java.io.ObjectOutputStream.defaultWriteFields(ObjectOutputStream.java:1547)
	at java.io.ObjectOutputStream.writeSerialData(ObjectOutputStream.java:1508)
	at java.io.ObjectOutputStream.writeOrdinaryObject(ObjectOutputStream.java:1431)
	at java.io.ObjectOutputStream.writeObject0(ObjectOutputStream.java:1177)
	at java.io.ObjectOutputStream.defaultWriteFields(ObjectOutputStream.java:1547)
	at java.io.ObjectOutputStream.writeSerialData(ObjectOutputStream.java:1508)
	at java.io.ObjectOutputStream.writeOrdinaryObject(ObjectOutputStream.java:1431)
	at java.io.ObjectOutputStream.writeObject0(ObjectOutputStream.java:1177)
	at java.io.ObjectOutputStream.writeObject(ObjectOutputStream.java:347)
	at org.apache.catalina.session.StandardSession.writeObject(StandardSession.java:1700)
	at org.apache.catalina.session.StandardSession.writeObjectData(StandardSession.java:1092)
	at org.apache.catalina.session.StandardManager.doUnload(StandardManager.java:405)
	at org.apache.catalina.session.StandardManager.unload(StandardManager.java:323)
	at org.apache.catalina.session.StandardManager.stopInternal(StandardManager.java:493)
	at org.apache.catalina.util.LifecycleBase.stop(LifecycleBase.java:221)
	at org.apache.catalina.core.StandardContext.stopInternal(StandardContext.java:5825)
	at org.apache.catalina.util.LifecycleBase.stop(LifecycleBase.java:221)
	at org.apache.catalina.core.ContainerBase$StopChild.call(ContainerBase.java:1587)
	at org.apache.catalina.core.ContainerBase$StopChild.call(ContainerBase.java:1576)
	at java.util.concurrent.FutureTask.run(FutureTask.java:262)
	at java.util.concurrent.ThreadPoolExecutor.runWorker(ThreadPoolExecutor.java:1152)
	at java.util.concurrent.ThreadPoolExecutor$Worker.run(ThreadPoolExecutor.java:622)
	at java.lang.Thread.run(Thread.java:748)

Nov 17, 2017 8:37:59 AM org.apache.catalina.session.StandardSession writeObject
ADVERTÊNCIA: Cannot serialize session attribute org.jboss.weld.context.http.HttpSessionContext#org.jboss.weld.bean-flat-ManagedBean-class org.jboss.dashboard.ui.components.DashboardHandler for session 307EB000E468E709D5F0752794CEA352
java.io.NotSerializableException: org.jboss.dashboard.ui.Dashboard
	at java.io.ObjectOutputStream.writeObject0(ObjectOutputStream.java:1183)
	at java.io.ObjectOutputStream.defaultWriteFields(ObjectOutputStream.java:1547)
	at java.io.ObjectOutputStream.writeSerialData(ObjectOutputStream.java:1508)
	at java.io.ObjectOutputStream.writeOrdinaryObject(ObjectOutputStream.java:1431)
	at java.io.ObjectOutputStream.writeObject0(ObjectOutputStream.java:1177)
	at java.io.ObjectOutputStream.defaultWriteFields(ObjectOutputStream.java:1547)
	at java.io.ObjectOutputStream.writeSerialData(ObjectOutputStream.java:1508)
	at java.io.ObjectOutputStream.writeOrdinaryObject(ObjectOutputStream.java:1431)
	at java.io.ObjectOutputStream.writeObject0(ObjectOutputStream.java:1177)
	at java.io.ObjectOutputStream.writeObject(ObjectOutputStream.java:347)
	at org.apache.catalina.session.StandardSession.writeObject(StandardSession.java:1700)
	at org.apache.catalina.session.StandardSession.writeObjectData(StandardSession.java:1092)
	at org.apache.catalina.session.StandardManager.doUnload(StandardManager.java:405)
	at org.apache.catalina.session.StandardManager.unload(StandardManager.java:323)
	at org.apache.catalina.session.StandardManager.stopInternal(StandardManager.java:493)
	at org.apache.catalina.util.LifecycleBase.stop(LifecycleBase.java:221)
	at org.apache.catalina.core.StandardContext.stopInternal(StandardContext.java:5825)
	at org.apache.catalina.util.LifecycleBase.stop(LifecycleBase.java:221)
	at org.apache.catalina.core.ContainerBase$StopChild.call(ContainerBase.java:1587)
	at org.apache.catalina.core.ContainerBase$StopChild.call(ContainerBase.java:1576)
	at java.util.concurrent.FutureTask.run(FutureTask.java:262)
	at java.util.concurrent.ThreadPoolExecutor.runWorker(ThreadPoolExecutor.java:1152)
	at java.util.concurrent.ThreadPoolExecutor$Worker.run(ThreadPoolExecutor.java:622)
	at java.lang.Thread.run(Thread.java:748)

Nov 17, 2017 8:38:57 AM org.apache.catalina.session.StandardSession readObject
ADVERTÊNCIA: Cannot deserialize session attribute org.jboss.weld.context.http.HttpSessionContext#org.jboss.weld.bean-flat-ManagedBean-class org.jboss.dashboard.dataset.DataSetManagerImpl for session 307EB000E468E709D5F0752794CEA352
Nov 17, 2017 8:39:06 AM org.apache.catalina.core.ApplicationContext log
INFORMAÇÕES: ContextListener: contextInitialized()
Nov 17, 2017 8:39:06 AM org.apache.catalina.core.ApplicationContext log
INFORMAÇÕES: SessionListener: contextInitialized()
Nov 17, 2017 8:39:06 AM org.apache.catalina.core.ApplicationContext log
INFORMAÇÕES: ContextListener: attributeAdded('org.apache.jasper.compiler.TldLocationsCache', 'org.apache.jasper.compiler.TldLocationsCache@3f3bb1e3')
Nov 17, 2017 8:45:24 AM org.apache.catalina.core.ApplicationContext log
INFORMAÇÕES: SessionListener: contextDestroyed()
Nov 17, 2017 8:45:24 AM org.apache.catalina.core.ApplicationContext log
INFORMAÇÕES: ContextListener: contextDestroyed()
Nov 17, 2017 8:46:15 AM org.apache.catalina.core.ApplicationContext log
INFORMAÇÕES: ContextListener: contextInitialized()
Nov 17, 2017 8:46:15 AM org.apache.catalina.core.ApplicationContext log
INFORMAÇÕES: SessionListener: contextInitialized()
Nov 17, 2017 8:46:15 AM org.apache.catalina.core.ApplicationContext log
INFORMAÇÕES: ContextListener: attributeAdded('org.apache.jasper.compiler.TldLocationsCache', 'org.apache.jasper.compiler.TldLocationsCache@5ba3deeb')
Nov 17, 2017 9:09:48 AM org.apache.catalina.core.ApplicationContext log
INFORMAÇÕES: SessionListener: contextDestroyed()
Nov 17, 2017 9:09:48 AM org.apache.catalina.core.ApplicationContext log
INFORMAÇÕES: ContextListener: contextDestroyed()
Nov 17, 2017 9:11:13 AM org.apache.catalina.core.ApplicationContext log
INFORMAÇÕES: ContextListener: contextInitialized()
Nov 17, 2017 9:11:13 AM org.apache.catalina.core.ApplicationContext log
INFORMAÇÕES: SessionListener: contextInitialized()
Nov 17, 2017 9:11:13 AM org.apache.catalina.core.ApplicationContext log
INFORMAÇÕES: ContextListener: attributeAdded('org.apache.jasper.compiler.TldLocationsCache', 'org.apache.jasper.compiler.TldLocationsCache@61c729c1')
Nov 17, 2017 9:13:06 AM org.apache.catalina.core.ApplicationDispatcher invoke
GRAVE: Servlet.service() for servlet jsp threw exception
java.lang.NullPointerException
	at org.jboss.dashboard.displayer.chart.AbstractChartDisplayer.getDomainProperty(AbstractChartDisplayer.java:216)
	at org.jboss.dashboard.displayer.chart.AbstractChartDisplayer.buildXYDataSet(AbstractChartDisplayer.java:461)
	at org.apache.jsp.components.bam.displayer.chart.nvd3_005flinechart_005fviewer_jsp._jspService(nvd3_005flinechart_005fviewer_jsp.java:177)
	at org.apache.jasper.runtime.HttpJspBase.service(HttpJspBase.java:70)
	at javax.servlet.http.HttpServlet.service(HttpServlet.java:731)
	at org.apache.jasper.servlet.JspServletWrapper.service(JspServletWrapper.java:439)
	at org.apache.jasper.servlet.JspServlet.serviceJspFile(JspServlet.java:395)
	at org.apache.jasper.servlet.JspServlet.service(JspServlet.java:339)
	at javax.servlet.http.HttpServlet.service(HttpServlet.java:731)
	at org.apache.catalina.core.ApplicationFilterChain.internalDoFilter(ApplicationFilterChain.java:303)
	at org.apache.catalina.core.ApplicationFilterChain.doFilter(ApplicationFilterChain.java:208)
	at org.apache.catalina.core.ApplicationDispatcher.invoke(ApplicationDispatcher.java:743)
	at org.apache.catalina.core.ApplicationDispatcher.doInclude(ApplicationDispatcher.java:603)
	at org.apache.catalina.core.ApplicationDispatcher.include(ApplicationDispatcher.java:542)
	at org.apache.jasper.runtime.JspRuntimeLibrary.include(JspRuntimeLibrary.java:905)
	at org.apache.jasper.runtime.PageContextImpl.include(PageContextImpl.java:656)
	at org.jboss.dashboard.ui.taglib.BaseTag.jspInclude(BaseTag.java:51)
	at org.jboss.dashboard.ui.taglib.factory.UseComponentTag.doEndTag(UseComponentTag.java:59)
	at org.apache.jsp.components.bam.kpi_005fview_jsp._jspService(kpi_005fview_jsp.java:148)
	at org.apache.jasper.runtime.HttpJspBase.service(HttpJspBase.java:70)
	at javax.servlet.http.HttpServlet.service(HttpServlet.java:731)
	at org.apache.jasper.servlet.JspServletWrapper.service(JspServletWrapper.java:439)
	at org.apache.jasper.servlet.JspServlet.serviceJspFile(JspServlet.java:395)
	at org.apache.jasper.servlet.JspServlet.service(JspServlet.java:339)
	at javax.servlet.http.HttpServlet.service(HttpServlet.java:731)
	at org.apache.catalina.core.ApplicationFilterChain.internalDoFilter(ApplicationFilterChain.java:303)
	at org.apache.catalina.core.ApplicationFilterChain.doFilter(ApplicationFilterChain.java:208)
	at org.apache.catalina.core.ApplicationDispatcher.invoke(ApplicationDispatcher.java:743)
	at org.apache.catalina.core.ApplicationDispatcher.doInclude(ApplicationDispatcher.java:603)
	at org.apache.catalina.core.ApplicationDispatcher.include(ApplicationDispatcher.java:542)
	at org.apache.jasper.runtime.JspRuntimeLibrary.include(JspRuntimeLibrary.java:905)
	at org.apache.jasper.runtime.PageContextImpl.include(PageContextImpl.java:656)
	at org.jboss.dashboard.ui.taglib.BaseTag.jspInclude(BaseTag.java:51)
	at org.jboss.dashboard.ui.taglib.factory.UseComponentTag.doEndTag(UseComponentTag.java:59)
	at org.apache.jsp.panels.kpi.show_jsp._jspx_meth_factory_005fuseComponent_005f0(show_jsp.java:122)
	at org.apache.jsp.panels.kpi.show_jsp._jspService(show_jsp.java:88)
	at org.apache.jasper.runtime.HttpJspBase.service(HttpJspBase.java:70)
	at javax.servlet.http.HttpServlet.service(HttpServlet.java:731)
	at org.apache.jasper.servlet.JspServletWrapper.service(JspServletWrapper.java:439)
	at org.apache.jasper.servlet.JspServlet.serviceJspFile(JspServlet.java:395)
	at org.apache.jasper.servlet.JspServlet.service(JspServlet.java:339)
	at javax.servlet.http.HttpServlet.service(HttpServlet.java:731)
	at org.apache.catalina.core.ApplicationFilterChain.internalDoFilter(ApplicationFilterChain.java:303)
	at org.apache.catalina.core.ApplicationFilterChain.doFilter(ApplicationFilterChain.java:208)
	at org.apache.catalina.core.ApplicationDispatcher.invoke(ApplicationDispatcher.java:743)
	at org.apache.catalina.core.ApplicationDispatcher.doInclude(ApplicationDispatcher.java:603)
	at org.apache.catalina.core.ApplicationDispatcher.include(ApplicationDispatcher.java:542)
	at org.apache.jasper.runtime.JspRuntimeLibrary.include(JspRuntimeLibrary.java:905)
	at org.apache.jasper.runtime.PageContextImpl.include(PageContextImpl.java:656)
	at org.jboss.dashboard.ui.taglib.BaseTag.jspInclude(BaseTag.java:51)
	at org.jboss.dashboard.ui.taglib.JSPIncludeTag.doStartTag(JSPIncludeTag.java:48)
	at org.apache.jsp.section.render_005fpanel_005fcontent_jsp._jspService(render_005fpanel_005fcontent_jsp.java:318)
	at org.apache.jasper.runtime.HttpJspBase.service(HttpJspBase.java:70)
	at javax.servlet.http.HttpServlet.service(HttpServlet.java:731)
	at org.apache.jasper.servlet.JspServletWrapper.service(JspServletWrapper.java:439)
	at org.apache.jasper.servlet.JspServlet.serviceJspFile(JspServlet.java:395)
	at org.apache.jasper.servlet.JspServlet.service(JspServlet.java:339)
	at javax.servlet.http.HttpServlet.service(HttpServlet.java:731)
	at org.apache.catalina.core.ApplicationFilterChain.internalDoFilter(ApplicationFilterChain.java:303)
	at org.apache.catalina.core.ApplicationFilterChain.doFilter(ApplicationFilterChain.java:208)
	at org.apache.catalina.core.ApplicationDispatcher.invoke(ApplicationDispatcher.java:743)
	at org.apache.catalina.core.ApplicationDispatcher.doInclude(ApplicationDispatcher.java:603)
	at org.apache.catalina.core.ApplicationDispatcher.include(ApplicationDispatcher.java:542)
	at org.apache.jasper.runtime.JspRuntimeLibrary.include(JspRuntimeLibrary.java:905)
	at org.apache.jasper.runtime.PageContextImpl.include(PageContextImpl.java:656)
	at org.jboss.dashboard.ui.taglib.BaseTag.jspInclude(BaseTag.java:51)
	at org.jboss.dashboard.ui.taglib.JSPIncludeTag.doStartTag(JSPIncludeTag.java:48)
	at org.apache.jsp.section.render_005ftabbed_005fregion_jsp._jspx_meth_mvc_005finclude_005f1(render_005ftabbed_005fregion_jsp.java:1611)
	at org.apache.jsp.section.render_005ftabbed_005fregion_jsp._jspService(render_005ftabbed_005fregion_jsp.java:1000)
	at org.apache.jasper.runtime.HttpJspBase.service(HttpJspBase.java:70)
	at javax.servlet.http.HttpServlet.service(HttpServlet.java:731)
	at org.apache.jasper.servlet.JspServletWrapper.service(JspServletWrapper.java:439)
	at org.apache.jasper.servlet.JspServlet.serviceJspFile(JspServlet.java:395)
	at org.apache.jasper.servlet.JspServlet.service(JspServlet.java:339)
	at javax.servlet.http.HttpServlet.service(HttpServlet.java:731)
	at org.apache.catalina.core.ApplicationFilterChain.internalDoFilter(ApplicationFilterChain.java:303)
	at org.apache.catalina.core.ApplicationFilterChain.doFilter(ApplicationFilterChain.java:208)
	at org.apache.catalina.core.ApplicationDispatcher.invoke(ApplicationDispatcher.java:743)
	at org.apache.catalina.core.ApplicationDispatcher.doInclude(ApplicationDispatcher.java:603)
	at org.apache.catalina.core.ApplicationDispatcher.include(ApplicationDispatcher.java:542)
	at org.apache.jasper.runtime.JspRuntimeLibrary.include(JspRuntimeLibrary.java:905)
	at org.apache.jsp.section.render_005fsimple_005fregion_jsp._jspService(render_005fsimple_005fregion_jsp.java:257)
	at org.apache.jasper.runtime.HttpJspBase.service(HttpJspBase.java:70)
	at javax.servlet.http.HttpServlet.service(HttpServlet.java:731)
	at org.apache.jasper.servlet.JspServletWrapper.service(JspServletWrapper.java:439)
	at org.apache.jasper.servlet.JspServlet.serviceJspFile(JspServlet.java:395)
	at org.apache.jasper.servlet.JspServlet.service(JspServlet.java:339)
	at javax.servlet.http.HttpServlet.service(HttpServlet.java:731)
	at org.apache.catalina.core.ApplicationFilterChain.internalDoFilter(ApplicationFilterChain.java:303)
	at org.apache.catalina.core.ApplicationFilterChain.doFilter(ApplicationFilterChain.java:208)
	at org.apache.catalina.core.ApplicationDispatcher.invoke(ApplicationDispatcher.java:743)
	at org.apache.catalina.core.ApplicationDispatcher.doInclude(ApplicationDispatcher.java:603)
	at org.apache.catalina.core.ApplicationDispatcher.include(ApplicationDispatcher.java:542)
	at org.apache.jasper.runtime.JspRuntimeLibrary.include(JspRuntimeLibrary.java:905)
	at org.apache.jasper.runtime.PageContextImpl.include(PageContextImpl.java:656)
	at org.jboss.dashboard.ui.taglib.BaseTag.jspInclude(BaseTag.java:51)
	at org.jboss.dashboard.ui.taglib.RegionTag$1.txFragment(RegionTag.java:73)
	at org.jboss.dashboard.database.hibernate.HibernateTransaction.executeFragment(HibernateTransaction.java:252)
	at org.jboss.dashboard.database.hibernate.HibernateTxFragment.executeChild(HibernateTxFragment.java:194)
	at org.jboss.dashboard.database.hibernate.HibernateTxFragment.execute(HibernateTxFragment.java:168)
	at org.jboss.dashboard.ui.taglib.RegionTag.doEndTag(RegionTag.java:48)
	at org.apache.jsp.layouts.Layout_005fIFCE.slider_005fmenu_jsp._jspx_meth_panel_005fregion_005f7(slider_005fmenu_jsp.java:621)
	at org.apache.jsp.layouts.Layout_005fIFCE.slider_005fmenu_jsp._jspService(slider_005fmenu_jsp.java:349)
	at org.apache.jasper.runtime.HttpJspBase.service(HttpJspBase.java:70)
	at javax.servlet.http.HttpServlet.service(HttpServlet.java:731)
	at org.apache.jasper.servlet.JspServletWrapper.service(JspServletWrapper.java:439)
	at org.apache.jasper.servlet.JspServlet.serviceJspFile(JspServlet.java:395)
	at org.apache.jasper.servlet.JspServlet.service(JspServlet.java:339)
	at javax.servlet.http.HttpServlet.service(HttpServlet.java:731)
	at org.apache.catalina.core.ApplicationFilterChain.internalDoFilter(ApplicationFilterChain.java:303)
	at org.apache.catalina.core.ApplicationFilterChain.doFilter(ApplicationFilterChain.java:208)
	at org.apache.catalina.core.ApplicationDispatcher.invoke(ApplicationDispatcher.java:743)
	at org.apache.catalina.core.ApplicationDispatcher.doInclude(ApplicationDispatcher.java:603)
	at org.apache.catalina.core.ApplicationDispatcher.include(ApplicationDispatcher.java:542)
	at org.apache.jasper.runtime.JspRuntimeLibrary.include(JspRuntimeLibrary.java:905)
	at org.apache.jasper.runtime.PageContextImpl.include(PageContextImpl.java:656)
	at org.jboss.dashboard.ui.taglib.BaseTag.jspInclude(BaseTag.java:51)
	at org.jboss.dashboard.ui.taglib.JSPIncludeTag.doStartTag(JSPIncludeTag.java:48)
	at org.apache.jsp.templates.regular_005flayout_jsp._jspService(regular_005flayout_jsp.java:192)
	at org.apache.jasper.runtime.HttpJspBase.service(HttpJspBase.java:70)
	at javax.servlet.http.HttpServlet.service(HttpServlet.java:731)
	at org.apache.jasper.servlet.JspServletWrapper.service(JspServletWrapper.java:439)
	at org.apache.jasper.servlet.JspServlet.serviceJspFile(JspServlet.java:395)
	at org.apache.jasper.servlet.JspServlet.service(JspServlet.java:339)
	at javax.servlet.http.HttpServlet.service(HttpServlet.java:731)
	at org.apache.catalina.core.ApplicationFilterChain.internalDoFilter(ApplicationFilterChain.java:303)
	at org.apache.catalina.core.ApplicationFilterChain.doFilter(ApplicationFilterChain.java:208)
	at org.apache.catalina.core.ApplicationDispatcher.invoke(ApplicationDispatcher.java:743)
	at org.apache.catalina.core.ApplicationDispatcher.doInclude(ApplicationDispatcher.java:603)
	at org.apache.catalina.core.ApplicationDispatcher.include(ApplicationDispatcher.java:542)
	at org.apache.jasper.runtime.JspRuntimeLibrary.include(JspRuntimeLibrary.java:905)
	at org.apache.jasper.runtime.PageContextImpl.include(PageContextImpl.java:656)
	at org.jboss.dashboard.ui.taglib.BaseTag.jspInclude(BaseTag.java:51)
	at org.jboss.dashboard.ui.taglib.JSPIncludeTag.doStartTag(JSPIncludeTag.java:48)
	at org.apache.jsp.templates.content_jsp._jspx_meth_mvc_005finclude_005f0(content_jsp.java:157)
	at org.apache.jsp.templates.content_jsp._jspService(content_jsp.java:97)
	at org.apache.jasper.runtime.HttpJspBase.service(HttpJspBase.java:70)
	at javax.servlet.http.HttpServlet.service(HttpServlet.java:731)
	at org.apache.jasper.servlet.JspServletWrapper.service(JspServletWrapper.java:439)
	at org.apache.jasper.servlet.JspServlet.serviceJspFile(JspServlet.java:395)
	at org.apache.jasper.servlet.JspServlet.service(JspServlet.java:339)
	at javax.servlet.http.HttpServlet.service(HttpServlet.java:731)
	at org.apache.catalina.core.ApplicationFilterChain.internalDoFilter(ApplicationFilterChain.java:303)
	at org.apache.catalina.core.ApplicationFilterChain.doFilter(ApplicationFilterChain.java:208)
	at org.apache.catalina.core.ApplicationDispatcher.invoke(ApplicationDispatcher.java:743)
	at org.apache.catalina.core.ApplicationDispatcher.doInclude(ApplicationDispatcher.java:603)
	at org.apache.catalina.core.ApplicationDispatcher.include(ApplicationDispatcher.java:542)
	at org.apache.jasper.runtime.JspRuntimeLibrary.include(JspRuntimeLibrary.java:905)
	at org.apache.jasper.runtime.PageContextImpl.include(PageContextImpl.java:656)
	at org.jboss.dashboard.ui.taglib.BaseTag.jspInclude(BaseTag.java:51)
	at org.jboss.dashboard.ui.taglib.EnvelopeContentTag$1.txFragment(EnvelopeContentTag.java:45)
	at org.jboss.dashboard.database.hibernate.HibernateTransaction.executeFragment(HibernateTransaction.java:252)
	at org.jboss.dashboard.database.hibernate.HibernateTxFragment.executeChild(HibernateTxFragment.java:194)
	at org.jboss.dashboard.database.hibernate.HibernateTxFragment.execute(HibernateTxFragment.java:168)
	at org.jboss.dashboard.ui.taglib.EnvelopeContentTag.doStartTag(EnvelopeContentTag.java:43)
	at org.apache.jsp.envelopes.Envelope_005fIFCE.shared_jsp._jspx_meth_panel_005fenvelopeContent_005f0(shared_jsp.java:323)
	at org.apache.jsp.envelopes.Envelope_005fIFCE.shared_jsp._jspService(shared_jsp.java:205)
	at org.apache.jasper.runtime.HttpJspBase.service(HttpJspBase.java:70)
	at javax.servlet.http.HttpServlet.service(HttpServlet.java:731)
	at org.apache.jasper.servlet.JspServletWrapper.service(JspServletWrapper.java:439)
	at org.apache.jasper.servlet.JspServlet.serviceJspFile(JspServlet.java:395)
	at org.apache.jasper.servlet.JspServlet.service(JspServlet.java:339)
	at javax.servlet.http.HttpServlet.service(HttpServlet.java:731)
	at org.apache.catalina.core.ApplicationFilterChain.internalDoFilter(ApplicationFilterChain.java:303)
	at org.apache.catalina.core.ApplicationFilterChain.doFilter(ApplicationFilterChain.java:208)
	at org.apache.catalina.core.ApplicationDispatcher.invoke(ApplicationDispatcher.java:743)
	at org.apache.catalina.core.ApplicationDispatcher.doInclude(ApplicationDispatcher.java:603)
	at org.apache.catalina.core.ApplicationDispatcher.include(ApplicationDispatcher.java:542)
	at org.apache.jasper.runtime.JspRuntimeLibrary.include(JspRuntimeLibrary.java:905)
	at org.apache.jasper.runtime.PageContextImpl.include(PageContextImpl.java:656)
	at org.jboss.dashboard.ui.taglib.BaseTag.jspInclude(BaseTag.java:51)
	at org.jboss.dashboard.ui.taglib.JSPIncludeTag.doStartTag(JSPIncludeTag.java:48)
	at org.apache.jsp.templates.standard_005ftemplate_jsp._jspService(standard_005ftemplate_jsp.java:246)
	at org.apache.jasper.runtime.HttpJspBase.service(HttpJspBase.java:70)
	at javax.servlet.http.HttpServlet.service(HttpServlet.java:731)
	at org.apache.jasper.servlet.JspServletWrapper.service(JspServletWrapper.java:439)
	at org.apache.jasper.servlet.JspServlet.serviceJspFile(JspServlet.java:395)
	at org.apache.jasper.servlet.JspServlet.service(JspServlet.java:339)
	at javax.servlet.http.HttpServlet.service(HttpServlet.java:731)
	at org.apache.catalina.core.ApplicationFilterChain.internalDoFilter(ApplicationFilterChain.java:303)
	at org.apache.catalina.core.ApplicationFilterChain.doFilter(ApplicationFilterChain.java:208)
	at org.apache.catalina.core.ApplicationDispatcher.invoke(ApplicationDispatcher.java:743)
	at org.apache.catalina.core.ApplicationDispatcher.doInclude(ApplicationDispatcher.java:603)
	at org.apache.catalina.core.ApplicationDispatcher.include(ApplicationDispatcher.java:542)
	at org.jboss.dashboard.ui.controller.responses.ShowScreenResponse.execute(ShowScreenResponse.java:45)
	at org.jboss.dashboard.ui.controller.requestChain.RequestRenderer.processRequest(RequestRenderer.java:35)
	at org.jboss.dashboard.ui.controller.requestChain.RequestRenderer$Proxy$_$$_WeldClientProxy.processRequest(RequestRenderer$Proxy$_$$_WeldClientProxy.java)
	at org.jboss.dashboard.ui.ResponseProcessor.run(ResponseProcessor.java:49)
	at org.jboss.dashboard.ui.ResponseProcessor$Proxy$_$$_WeldClientProxy.run(ResponseProcessor$Proxy$_$$_WeldClientProxy.java)
	at org.jboss.dashboard.ui.controller.ControllerServlet$2.txFragment(ControllerServlet.java:192)
	at org.jboss.dashboard.database.hibernate.HibernateTransaction.executeFragment(HibernateTransaction.java:252)
	at org.jboss.dashboard.database.hibernate.HibernateTxFragment.executeInitiator(HibernateTxFragment.java:179)
	at org.jboss.dashboard.database.hibernate.HibernateTxFragment.execute(HibernateTxFragment.java:167)
	at org.jboss.dashboard.ui.controller.ControllerServlet.processTheView(ControllerServlet.java:189)
	at org.jboss.dashboard.ui.controller.ControllerServlet.service(ControllerServlet.java:138)
	at javax.servlet.http.HttpServlet.service(HttpServlet.java:731)
	at org.apache.catalina.core.ApplicationFilterChain.internalDoFilter(ApplicationFilterChain.java:303)
	at org.apache.catalina.core.ApplicationFilterChain.doFilter(ApplicationFilterChain.java:208)
	at org.apache.tomcat.websocket.server.WsFilter.doFilter(WsFilter.java:52)
	at org.apache.catalina.core.ApplicationFilterChain.internalDoFilter(ApplicationFilterChain.java:241)
	at org.apache.catalina.core.ApplicationFilterChain.doFilter(ApplicationFilterChain.java:208)
	at org.jboss.dashboard.ui.controller.SecureHeaderFilter.doFilter(SecureHeaderFilter.java:62)
	at org.apache.catalina.core.ApplicationFilterChain.internalDoFilter(ApplicationFilterChain.java:241)
	at org.apache.catalina.core.ApplicationFilterChain.doFilter(ApplicationFilterChain.java:208)
	at org.apache.catalina.core.StandardWrapperValve.invoke(StandardWrapperValve.java:218)
	at org.apache.catalina.core.StandardContextValve.invoke(StandardContextValve.java:110)
	at org.apache.catalina.authenticator.AuthenticatorBase.invoke(AuthenticatorBase.java:615)
	at org.apache.catalina.core.StandardHostValve.invoke(StandardHostValve.java:169)
	at org.apache.catalina.valves.ErrorReportValve.invoke(ErrorReportValve.java:103)
	at org.apache.catalina.valves.AccessLogValve.invoke(AccessLogValve.java:962)
	at org.apache.catalina.core.StandardEngineValve.invoke(StandardEngineValve.java:116)
	at org.apache.catalina.connector.CoyoteAdapter.service(CoyoteAdapter.java:445)
	at org.apache.coyote.http11.AbstractHttp11Processor.process(AbstractHttp11Processor.java:1115)
	at org.apache.coyote.AbstractProtocol$AbstractConnectionHandler.process(AbstractProtocol.java:637)
	at org.apache.tomcat.util.net.JIoEndpoint$SocketProcessor.run(JIoEndpoint.java:318)
	at java.util.concurrent.ThreadPoolExecutor.runWorker(ThreadPoolExecutor.java:1152)
	at java.util.concurrent.ThreadPoolExecutor$Worker.run(ThreadPoolExecutor.java:622)
	at org.apache.tomcat.util.threads.TaskThread$WrappingRunnable.run(TaskThread.java:61)
	at java.lang.Thread.run(Thread.java:748)

Nov 17, 2017 9:13:07 AM org.apache.catalina.core.ApplicationDispatcher invoke
GRAVE: Servlet.service() for servlet jsp threw exception
java.lang.NullPointerException
	at org.jboss.dashboard.displayer.chart.AbstractChartDisplayer.getDomainProperty(AbstractChartDisplayer.java:216)
	at org.jboss.dashboard.displayer.chart.AbstractChartDisplayer.buildXYDataSet(AbstractChartDisplayer.java:461)
	at org.apache.jsp.components.bam.displayer.chart.nvd3_005fbarchart_005fviewer_jsp._jspService(nvd3_005fbarchart_005fviewer_jsp.java:177)
	at org.apache.jasper.runtime.HttpJspBase.service(HttpJspBase.java:70)
	at javax.servlet.http.HttpServlet.service(HttpServlet.java:731)
	at org.apache.jasper.servlet.JspServletWrapper.service(JspServletWrapper.java:439)
	at org.apache.jasper.servlet.JspServlet.serviceJspFile(JspServlet.java:395)
	at org.apache.jasper.servlet.JspServlet.service(JspServlet.java:339)
	at javax.servlet.http.HttpServlet.service(HttpServlet.java:731)
	at org.apache.catalina.core.ApplicationFilterChain.internalDoFilter(ApplicationFilterChain.java:303)
	at org.apache.catalina.core.ApplicationFilterChain.doFilter(ApplicationFilterChain.java:208)
	at org.apache.catalina.core.ApplicationDispatcher.invoke(ApplicationDispatcher.java:743)
	at org.apache.catalina.core.ApplicationDispatcher.doInclude(ApplicationDispatcher.java:603)
	at org.apache.catalina.core.ApplicationDispatcher.include(ApplicationDispatcher.java:542)
	at org.apache.jasper.runtime.JspRuntimeLibrary.include(JspRuntimeLibrary.java:905)
	at org.apache.jasper.runtime.PageContextImpl.include(PageContextImpl.java:656)
	at org.jboss.dashboard.ui.taglib.BaseTag.jspInclude(BaseTag.java:51)
	at org.jboss.dashboard.ui.taglib.factory.UseComponentTag.doEndTag(UseComponentTag.java:59)
	at org.apache.jsp.components.bam.kpi_005fview_jsp._jspService(kpi_005fview_jsp.java:148)
	at org.apache.jasper.runtime.HttpJspBase.service(HttpJspBase.java:70)
	at javax.servlet.http.HttpServlet.service(HttpServlet.java:731)
	at org.apache.jasper.servlet.JspServletWrapper.service(JspServletWrapper.java:439)
	at org.apache.jasper.servlet.JspServlet.serviceJspFile(JspServlet.java:395)
	at org.apache.jasper.servlet.JspServlet.service(JspServlet.java:339)
	at javax.servlet.http.HttpServlet.service(HttpServlet.java:731)
	at org.apache.catalina.core.ApplicationFilterChain.internalDoFilter(ApplicationFilterChain.java:303)
	at org.apache.catalina.core.ApplicationFilterChain.doFilter(ApplicationFilterChain.java:208)
	at org.apache.catalina.core.ApplicationDispatcher.invoke(ApplicationDispatcher.java:743)
	at org.apache.catalina.core.ApplicationDispatcher.doInclude(ApplicationDispatcher.java:603)
	at org.apache.catalina.core.ApplicationDispatcher.include(ApplicationDispatcher.java:542)
	at org.apache.jasper.runtime.JspRuntimeLibrary.include(JspRuntimeLibrary.java:905)
	at org.apache.jasper.runtime.PageContextImpl.include(PageContextImpl.java:656)
	at org.jboss.dashboard.ui.taglib.BaseTag.jspInclude(BaseTag.java:51)
	at org.jboss.dashboard.ui.taglib.factory.UseComponentTag.doEndTag(UseComponentTag.java:59)
	at org.apache.jsp.panels.kpi.show_jsp._jspx_meth_factory_005fuseComponent_005f0(show_jsp.java:122)
	at org.apache.jsp.panels.kpi.show_jsp._jspService(show_jsp.java:88)
	at org.apache.jasper.runtime.HttpJspBase.service(HttpJspBase.java:70)
	at javax.servlet.http.HttpServlet.service(HttpServlet.java:731)
	at org.apache.jasper.servlet.JspServletWrapper.service(JspServletWrapper.java:439)
	at org.apache.jasper.servlet.JspServlet.serviceJspFile(JspServlet.java:395)
	at org.apache.jasper.servlet.JspServlet.service(JspServlet.java:339)
	at javax.servlet.http.HttpServlet.service(HttpServlet.java:731)
	at org.apache.catalina.core.ApplicationFilterChain.internalDoFilter(ApplicationFilterChain.java:303)
	at org.apache.catalina.core.ApplicationFilterChain.doFilter(ApplicationFilterChain.java:208)
	at org.apache.catalina.core.ApplicationDispatcher.invoke(ApplicationDispatcher.java:743)
	at org.apache.catalina.core.ApplicationDispatcher.doInclude(ApplicationDispatcher.java:603)
	at org.apache.catalina.core.ApplicationDispatcher.include(ApplicationDispatcher.java:542)
	at org.apache.jasper.runtime.JspRuntimeLibrary.include(JspRuntimeLibrary.java:905)
	at org.apache.jasper.runtime.PageContextImpl.include(PageContextImpl.java:656)
	at org.jboss.dashboard.ui.taglib.BaseTag.jspInclude(BaseTag.java:51)
	at org.jboss.dashboard.ui.taglib.JSPIncludeTag.doStartTag(JSPIncludeTag.java:48)
	at org.apache.jsp.section.render_005fpanel_005fcontent_jsp._jspService(render_005fpanel_005fcontent_jsp.java:318)
	at org.apache.jasper.runtime.HttpJspBase.service(HttpJspBase.java:70)
	at javax.servlet.http.HttpServlet.service(HttpServlet.java:731)
	at org.apache.jasper.servlet.JspServletWrapper.service(JspServletWrapper.java:439)
	at org.apache.jasper.servlet.JspServlet.serviceJspFile(JspServlet.java:395)
	at org.apache.jasper.servlet.JspServlet.service(JspServlet.java:339)
	at javax.servlet.http.HttpServlet.service(HttpServlet.java:731)
	at org.apache.catalina.core.ApplicationFilterChain.internalDoFilter(ApplicationFilterChain.java:303)
	at org.apache.catalina.core.ApplicationFilterChain.doFilter(ApplicationFilterChain.java:208)
	at org.apache.catalina.core.ApplicationDispatcher.invoke(ApplicationDispatcher.java:743)
	at org.apache.catalina.core.ApplicationDispatcher.doInclude(ApplicationDispatcher.java:603)
	at org.apache.catalina.core.ApplicationDispatcher.include(ApplicationDispatcher.java:542)
	at org.apache.jasper.runtime.JspRuntimeLibrary.include(JspRuntimeLibrary.java:905)
	at org.apache.jasper.runtime.PageContextImpl.include(PageContextImpl.java:656)
	at org.jboss.dashboard.ui.taglib.BaseTag.jspInclude(BaseTag.java:51)
	at org.jboss.dashboard.ui.taglib.JSPIncludeTag.doStartTag(JSPIncludeTag.java:48)
	at org.apache.jsp.section.render_005fsimple_005fregion_jsp._jspx_meth_mvc_005finclude_005f1(render_005fsimple_005fregion_jsp.java:1370)
	at org.apache.jsp.section.render_005fsimple_005fregion_jsp._jspService(render_005fsimple_005fregion_jsp.java:834)
	at org.apache.jasper.runtime.HttpJspBase.service(HttpJspBase.java:70)
	at javax.servlet.http.HttpServlet.service(HttpServlet.java:731)
	at org.apache.jasper.servlet.JspServletWrapper.service(JspServletWrapper.java:439)
	at org.apache.jasper.servlet.JspServlet.serviceJspFile(JspServlet.java:395)
	at org.apache.jasper.servlet.JspServlet.service(JspServlet.java:339)
	at javax.servlet.http.HttpServlet.service(HttpServlet.java:731)
	at org.apache.catalina.core.ApplicationFilterChain.internalDoFilter(ApplicationFilterChain.java:303)
	at org.apache.catalina.core.ApplicationFilterChain.doFilter(ApplicationFilterChain.java:208)
	at org.apache.catalina.core.ApplicationDispatcher.invoke(ApplicationDispatcher.java:743)
	at org.apache.catalina.core.ApplicationDispatcher.doInclude(ApplicationDispatcher.java:603)
	at org.apache.catalina.core.ApplicationDispatcher.include(ApplicationDispatcher.java:542)
	at org.apache.jasper.runtime.JspRuntimeLibrary.include(JspRuntimeLibrary.java:905)
	at org.apache.jasper.runtime.PageContextImpl.include(PageContextImpl.java:656)
	at org.jboss.dashboard.ui.taglib.BaseTag.jspInclude(BaseTag.java:51)
	at org.jboss.dashboard.ui.taglib.RegionTag$1.txFragment(RegionTag.java:73)
	at org.jboss.dashboard.database.hibernate.HibernateTransaction.executeFragment(HibernateTransaction.java:252)
	at org.jboss.dashboard.database.hibernate.HibernateTxFragment.executeChild(HibernateTxFragment.java:194)
	at org.jboss.dashboard.database.hibernate.HibernateTxFragment.execute(HibernateTxFragment.java:168)
	at org.jboss.dashboard.ui.taglib.RegionTag.doEndTag(RegionTag.java:48)
	at org.apache.jsp.layouts.Layout_005fIFCE.slider_005fmenu_jsp._jspx_meth_panel_005fregion_005f11(slider_005fmenu_jsp.java:717)
	at org.apache.jsp.layouts.Layout_005fIFCE.slider_005fmenu_jsp._jspService(slider_005fmenu_jsp.java:369)
	at org.apache.jasper.runtime.HttpJspBase.service(HttpJspBase.java:70)
	at javax.servlet.http.HttpServlet.service(HttpServlet.java:731)
	at org.apache.jasper.servlet.JspServletWrapper.service(JspServletWrapper.java:439)
	at org.apache.jasper.servlet.JspServlet.serviceJspFile(JspServlet.java:395)
	at org.apache.jasper.servlet.JspServlet.service(JspServlet.java:339)
	at javax.servlet.http.HttpServlet.service(HttpServlet.java:731)
	at org.apache.catalina.core.ApplicationFilterChain.internalDoFilter(ApplicationFilterChain.java:303)
	at org.apache.catalina.core.ApplicationFilterChain.doFilter(ApplicationFilterChain.java:208)
	at org.apache.catalina.core.ApplicationDispatcher.invoke(ApplicationDispatcher.java:743)
	at org.apache.catalina.core.ApplicationDispatcher.doInclude(ApplicationDispatcher.java:603)
	at org.apache.catalina.core.ApplicationDispatcher.include(ApplicationDispatcher.java:542)
	at org.apache.jasper.runtime.JspRuntimeLibrary.include(JspRuntimeLibrary.java:905)
	at org.apache.jasper.runtime.PageContextImpl.include(PageContextImpl.java:656)
	at org.jboss.dashboard.ui.taglib.BaseTag.jspInclude(BaseTag.java:51)
	at org.jboss.dashboard.ui.taglib.JSPIncludeTag.doStartTag(JSPIncludeTag.java:48)
	at org.apache.jsp.templates.regular_005flayout_jsp._jspService(regular_005flayout_jsp.java:192)
	at org.apache.jasper.runtime.HttpJspBase.service(HttpJspBase.java:70)
	at javax.servlet.http.HttpServlet.service(HttpServlet.java:731)
	at org.apache.jasper.servlet.JspServletWrapper.service(JspServletWrapper.java:439)
	at org.apache.jasper.servlet.JspServlet.serviceJspFile(JspServlet.java:395)
	at org.apache.jasper.servlet.JspServlet.service(JspServlet.java:339)
	at javax.servlet.http.HttpServlet.service(HttpServlet.java:731)
	at org.apache.catalina.core.ApplicationFilterChain.internalDoFilter(ApplicationFilterChain.java:303)
	at org.apache.catalina.core.ApplicationFilterChain.doFilter(ApplicationFilterChain.java:208)
	at org.apache.catalina.core.ApplicationDispatcher.invoke(ApplicationDispatcher.java:743)
	at org.apache.catalina.core.ApplicationDispatcher.doInclude(ApplicationDispatcher.java:603)
	at org.apache.catalina.core.ApplicationDispatcher.include(ApplicationDispatcher.java:542)
	at org.apache.jasper.runtime.JspRuntimeLibrary.include(JspRuntimeLibrary.java:905)
	at org.apache.jasper.runtime.PageContextImpl.include(PageContextImpl.java:656)
	at org.jboss.dashboard.ui.taglib.BaseTag.jspInclude(BaseTag.java:51)
	at org.jboss.dashboard.ui.taglib.JSPIncludeTag.doStartTag(JSPIncludeTag.java:48)
	at org.apache.jsp.templates.content_jsp._jspx_meth_mvc_005finclude_005f0(content_jsp.java:157)
	at org.apache.jsp.templates.content_jsp._jspService(content_jsp.java:97)
	at org.apache.jasper.runtime.HttpJspBase.service(HttpJspBase.java:70)
	at javax.servlet.http.HttpServlet.service(HttpServlet.java:731)
	at org.apache.jasper.servlet.JspServletWrapper.service(JspServletWrapper.java:439)
	at org.apache.jasper.servlet.JspServlet.serviceJspFile(JspServlet.java:395)
	at org.apache.jasper.servlet.JspServlet.service(JspServlet.java:339)
	at javax.servlet.http.HttpServlet.service(HttpServlet.java:731)
	at org.apache.catalina.core.ApplicationFilterChain.internalDoFilter(ApplicationFilterChain.java:303)
	at org.apache.catalina.core.ApplicationFilterChain.doFilter(ApplicationFilterChain.java:208)
	at org.apache.catalina.core.ApplicationDispatcher.invoke(ApplicationDispatcher.java:743)
	at org.apache.catalina.core.ApplicationDispatcher.doInclude(ApplicationDispatcher.java:603)
	at org.apache.catalina.core.ApplicationDispatcher.include(ApplicationDispatcher.java:542)
	at org.apache.jasper.runtime.JspRuntimeLibrary.include(JspRuntimeLibrary.java:905)
	at org.apache.jasper.runtime.PageContextImpl.include(PageContextImpl.java:656)
	at org.jboss.dashboard.ui.taglib.BaseTag.jspInclude(BaseTag.java:51)
	at org.jboss.dashboard.ui.taglib.EnvelopeContentTag$1.txFragment(EnvelopeContentTag.java:45)
	at org.jboss.dashboard.database.hibernate.HibernateTransaction.executeFragment(HibernateTransaction.java:252)
	at org.jboss.dashboard.database.hibernate.HibernateTxFragment.executeChild(HibernateTxFragment.java:194)
	at org.jboss.dashboard.database.hibernate.HibernateTxFragment.execute(HibernateTxFragment.java:168)
	at org.jboss.dashboard.ui.taglib.EnvelopeContentTag.doStartTag(EnvelopeContentTag.java:43)
	at org.apache.jsp.envelopes.Envelope_005fIFCE.shared_jsp._jspx_meth_panel_005fenvelopeContent_005f0(shared_jsp.java:323)
	at org.apache.jsp.envelopes.Envelope_005fIFCE.shared_jsp._jspService(shared_jsp.java:205)
	at org.apache.jasper.runtime.HttpJspBase.service(HttpJspBase.java:70)
	at javax.servlet.http.HttpServlet.service(HttpServlet.java:731)
	at org.apache.jasper.servlet.JspServletWrapper.service(JspServletWrapper.java:439)
	at org.apache.jasper.servlet.JspServlet.serviceJspFile(JspServlet.java:395)
	at org.apache.jasper.servlet.JspServlet.service(JspServlet.java:339)
	at javax.servlet.http.HttpServlet.service(HttpServlet.java:731)
	at org.apache.catalina.core.ApplicationFilterChain.internalDoFilter(ApplicationFilterChain.java:303)
	at org.apache.catalina.core.ApplicationFilterChain.doFilter(ApplicationFilterChain.java:208)
	at org.apache.catalina.core.ApplicationDispatcher.invoke(ApplicationDispatcher.java:743)
	at org.apache.catalina.core.ApplicationDispatcher.doInclude(ApplicationDispatcher.java:603)
	at org.apache.catalina.core.ApplicationDispatcher.include(ApplicationDispatcher.java:542)
	at org.apache.jasper.runtime.JspRuntimeLibrary.include(JspRuntimeLibrary.java:905)
	at org.apache.jasper.runtime.PageContextImpl.include(PageContextImpl.java:656)
	at org.jboss.dashboard.ui.taglib.BaseTag.jspInclude(BaseTag.java:51)
	at org.jboss.dashboard.ui.taglib.JSPIncludeTag.doStartTag(JSPIncludeTag.java:48)
	at org.apache.jsp.templates.standard_005ftemplate_jsp._jspService(standard_005ftemplate_jsp.java:246)
	at org.apache.jasper.runtime.HttpJspBase.service(HttpJspBase.java:70)
	at javax.servlet.http.HttpServlet.service(HttpServlet.java:731)
	at org.apache.jasper.servlet.JspServletWrapper.service(JspServletWrapper.java:439)
	at org.apache.jasper.servlet.JspServlet.serviceJspFile(JspServlet.java:395)
	at org.apache.jasper.servlet.JspServlet.service(JspServlet.java:339)
	at javax.servlet.http.HttpServlet.service(HttpServlet.java:731)
	at org.apache.catalina.core.ApplicationFilterChain.internalDoFilter(ApplicationFilterChain.java:303)
	at org.apache.catalina.core.ApplicationFilterChain.doFilter(ApplicationFilterChain.java:208)
	at org.apache.catalina.core.ApplicationDispatcher.invoke(ApplicationDispatcher.java:743)
	at org.apache.catalina.core.ApplicationDispatcher.doInclude(ApplicationDispatcher.java:603)
	at org.apache.catalina.core.ApplicationDispatcher.include(ApplicationDispatcher.java:542)
	at org.jboss.dashboard.ui.controller.responses.ShowScreenResponse.execute(ShowScreenResponse.java:45)
	at org.jboss.dashboard.ui.controller.requestChain.RequestRenderer.processRequest(RequestRenderer.java:35)
	at org.jboss.dashboard.ui.controller.requestChain.RequestRenderer$Proxy$_$$_WeldClientProxy.processRequest(RequestRenderer$Proxy$_$$_WeldClientProxy.java)
	at org.jboss.dashboard.ui.ResponseProcessor.run(ResponseProcessor.java:49)
	at org.jboss.dashboard.ui.ResponseProcessor$Proxy$_$$_WeldClientProxy.run(ResponseProcessor$Proxy$_$$_WeldClientProxy.java)
	at org.jboss.dashboard.ui.controller.ControllerServlet$2.txFragment(ControllerServlet.java:192)
	at org.jboss.dashboard.database.hibernate.HibernateTransaction.executeFragment(HibernateTransaction.java:252)
	at org.jboss.dashboard.database.hibernate.HibernateTxFragment.executeInitiator(HibernateTxFragment.java:179)
	at org.jboss.dashboard.database.hibernate.HibernateTxFragment.execute(HibernateTxFragment.java:167)
	at org.jboss.dashboard.ui.controller.ControllerServlet.processTheView(ControllerServlet.java:189)
	at org.jboss.dashboard.ui.controller.ControllerServlet.service(ControllerServlet.java:138)
	at javax.servlet.http.HttpServlet.service(HttpServlet.java:731)
	at org.apache.catalina.core.ApplicationFilterChain.internalDoFilter(ApplicationFilterChain.java:303)
	at org.apache.catalina.core.ApplicationFilterChain.doFilter(ApplicationFilterChain.java:208)
	at org.apache.tomcat.websocket.server.WsFilter.doFilter(WsFilter.java:52)
	at org.apache.catalina.core.ApplicationFilterChain.internalDoFilter(ApplicationFilterChain.java:241)
	at org.apache.catalina.core.ApplicationFilterChain.doFilter(ApplicationFilterChain.java:208)
	at org.jboss.dashboard.ui.controller.SecureHeaderFilter.doFilter(SecureHeaderFilter.java:62)
	at org.apache.catalina.core.ApplicationFilterChain.internalDoFilter(ApplicationFilterChain.java:241)
	at org.apache.catalina.core.ApplicationFilterChain.doFilter(ApplicationFilterChain.java:208)
	at org.apache.catalina.core.StandardWrapperValve.invoke(StandardWrapperValve.java:218)
	at org.apache.catalina.core.StandardContextValve.invoke(StandardContextValve.java:110)
	at org.apache.catalina.authenticator.AuthenticatorBase.invoke(AuthenticatorBase.java:615)
	at org.apache.catalina.core.StandardHostValve.invoke(StandardHostValve.java:169)
	at org.apache.catalina.valves.ErrorReportValve.invoke(ErrorReportValve.java:103)
	at org.apache.catalina.valves.AccessLogValve.invoke(AccessLogValve.java:962)
	at org.apache.catalina.core.StandardEngineValve.invoke(StandardEngineValve.java:116)
	at org.apache.catalina.connector.CoyoteAdapter.service(CoyoteAdapter.java:445)
	at org.apache.coyote.http11.AbstractHttp11Processor.process(AbstractHttp11Processor.java:1115)
	at org.apache.coyote.AbstractProtocol$AbstractConnectionHandler.process(AbstractProtocol.java:637)
	at org.apache.tomcat.util.net.JIoEndpoint$SocketProcessor.run(JIoEndpoint.java:318)
	at java.util.concurrent.ThreadPoolExecutor.runWorker(ThreadPoolExecutor.java:1152)
	at java.util.concurrent.ThreadPoolExecutor$Worker.run(ThreadPoolExecutor.java:622)
	at org.apache.tomcat.util.threads.TaskThread$WrappingRunnable.run(TaskThread.java:61)
	at java.lang.Thread.run(Thread.java:748)

Nov 17, 2017 9:13:07 AM org.apache.catalina.core.ApplicationDispatcher invoke
GRAVE: Servlet.service() for servlet jsp threw exception
java.lang.NullPointerException
	at org.jboss.dashboard.displayer.chart.AbstractChartDisplayer.getDomainProperty(AbstractChartDisplayer.java:216)
	at org.jboss.dashboard.displayer.chart.AbstractChartDisplayer.buildXYDataSet(AbstractChartDisplayer.java:461)
	at org.apache.jsp.components.bam.displayer.chart.nvd3_005fpiechart_005fviewer_jsp._jspService(nvd3_005fpiechart_005fviewer_jsp.java:177)
	at org.apache.jasper.runtime.HttpJspBase.service(HttpJspBase.java:70)
	at javax.servlet.http.HttpServlet.service(HttpServlet.java:731)
	at org.apache.jasper.servlet.JspServletWrapper.service(JspServletWrapper.java:439)
	at org.apache.jasper.servlet.JspServlet.serviceJspFile(JspServlet.java:395)
	at org.apache.jasper.servlet.JspServlet.service(JspServlet.java:339)
	at javax.servlet.http.HttpServlet.service(HttpServlet.java:731)
	at org.apache.catalina.core.ApplicationFilterChain.internalDoFilter(ApplicationFilterChain.java:303)
	at org.apache.catalina.core.ApplicationFilterChain.doFilter(ApplicationFilterChain.java:208)
	at org.apache.catalina.core.ApplicationDispatcher.invoke(ApplicationDispatcher.java:743)
	at org.apache.catalina.core.ApplicationDispatcher.doInclude(ApplicationDispatcher.java:603)
	at org.apache.catalina.core.ApplicationDispatcher.include(ApplicationDispatcher.java:542)
	at org.apache.jasper.runtime.JspRuntimeLibrary.include(JspRuntimeLibrary.java:905)
	at org.apache.jasper.runtime.PageContextImpl.include(PageContextImpl.java:656)
	at org.jboss.dashboard.ui.taglib.BaseTag.jspInclude(BaseTag.java:51)
	at org.jboss.dashboard.ui.taglib.factory.UseComponentTag.doEndTag(UseComponentTag.java:59)
	at org.apache.jsp.components.bam.kpi_005fview_jsp._jspService(kpi_005fview_jsp.java:148)
	at org.apache.jasper.runtime.HttpJspBase.service(HttpJspBase.java:70)
	at javax.servlet.http.HttpServlet.service(HttpServlet.java:731)
	at org.apache.jasper.servlet.JspServletWrapper.service(JspServletWrapper.java:439)
	at org.apache.jasper.servlet.JspServlet.serviceJspFile(JspServlet.java:395)
	at org.apache.jasper.servlet.JspServlet.service(JspServlet.java:339)
	at javax.servlet.http.HttpServlet.service(HttpServlet.java:731)
	at org.apache.catalina.core.ApplicationFilterChain.internalDoFilter(ApplicationFilterChain.java:303)
	at org.apache.catalina.core.ApplicationFilterChain.doFilter(ApplicationFilterChain.java:208)
	at org.apache.catalina.core.ApplicationDispatcher.invoke(ApplicationDispatcher.java:743)
	at org.apache.catalina.core.ApplicationDispatcher.doInclude(ApplicationDispatcher.java:603)
	at org.apache.catalina.core.ApplicationDispatcher.include(ApplicationDispatcher.java:542)
	at org.apache.jasper.runtime.JspRuntimeLibrary.include(JspRuntimeLibrary.java:905)
	at org.apache.jasper.runtime.PageContextImpl.include(PageContextImpl.java:656)
	at org.jboss.dashboard.ui.taglib.BaseTag.jspInclude(BaseTag.java:51)
	at org.jboss.dashboard.ui.taglib.factory.UseComponentTag.doEndTag(UseComponentTag.java:59)
	at org.apache.jsp.panels.kpi.show_jsp._jspx_meth_factory_005fuseComponent_005f0(show_jsp.java:122)
	at org.apache.jsp.panels.kpi.show_jsp._jspService(show_jsp.java:88)
	at org.apache.jasper.runtime.HttpJspBase.service(HttpJspBase.java:70)
	at javax.servlet.http.HttpServlet.service(HttpServlet.java:731)
	at org.apache.jasper.servlet.JspServletWrapper.service(JspServletWrapper.java:439)
	at org.apache.jasper.servlet.JspServlet.serviceJspFile(JspServlet.java:395)
	at org.apache.jasper.servlet.JspServlet.service(JspServlet.java:339)
	at javax.servlet.http.HttpServlet.service(HttpServlet.java:731)
	at org.apache.catalina.core.ApplicationFilterChain.internalDoFilter(ApplicationFilterChain.java:303)
	at org.apache.catalina.core.ApplicationFilterChain.doFilter(ApplicationFilterChain.java:208)
	at org.apache.catalina.core.ApplicationDispatcher.invoke(ApplicationDispatcher.java:743)
	at org.apache.catalina.core.ApplicationDispatcher.doInclude(ApplicationDispatcher.java:603)
	at org.apache.catalina.core.ApplicationDispatcher.include(ApplicationDispatcher.java:542)
	at org.apache.jasper.runtime.JspRuntimeLibrary.include(JspRuntimeLibrary.java:905)
	at org.apache.jasper.runtime.PageContextImpl.include(PageContextImpl.java:656)
	at org.jboss.dashboard.ui.taglib.BaseTag.jspInclude(BaseTag.java:51)
	at org.jboss.dashboard.ui.taglib.JSPIncludeTag.doStartTag(JSPIncludeTag.java:48)
	at org.apache.jsp.section.render_005fpanel_005fcontent_jsp._jspService(render_005fpanel_005fcontent_jsp.java:318)
	at org.apache.jasper.runtime.HttpJspBase.service(HttpJspBase.java:70)
	at javax.servlet.http.HttpServlet.service(HttpServlet.java:731)
	at org.apache.jasper.servlet.JspServletWrapper.service(JspServletWrapper.java:439)
	at org.apache.jasper.servlet.JspServlet.serviceJspFile(JspServlet.java:395)
	at org.apache.jasper.servlet.JspServlet.service(JspServlet.java:339)
	at javax.servlet.http.HttpServlet.service(HttpServlet.java:731)
	at org.apache.catalina.core.ApplicationFilterChain.internalDoFilter(ApplicationFilterChain.java:303)
	at org.apache.catalina.core.ApplicationFilterChain.doFilter(ApplicationFilterChain.java:208)
	at org.apache.catalina.core.ApplicationDispatcher.invoke(ApplicationDispatcher.java:743)
	at org.apache.catalina.core.ApplicationDispatcher.doInclude(ApplicationDispatcher.java:603)
	at org.apache.catalina.core.ApplicationDispatcher.include(ApplicationDispatcher.java:542)
	at org.apache.jasper.runtime.JspRuntimeLibrary.include(JspRuntimeLibrary.java:905)
	at org.apache.jasper.runtime.PageContextImpl.include(PageContextImpl.java:656)
	at org.jboss.dashboard.ui.taglib.BaseTag.jspInclude(BaseTag.java:51)
	at org.jboss.dashboard.ui.taglib.JSPIncludeTag.doStartTag(JSPIncludeTag.java:48)
	at org.apache.jsp.section.render_005fsimple_005fregion_jsp._jspx_meth_mvc_005finclude_005f1(render_005fsimple_005fregion_jsp.java:1370)
	at org.apache.jsp.section.render_005fsimple_005fregion_jsp._jspService(render_005fsimple_005fregion_jsp.java:834)
	at org.apache.jasper.runtime.HttpJspBase.service(HttpJspBase.java:70)
	at javax.servlet.http.HttpServlet.service(HttpServlet.java:731)
	at org.apache.jasper.servlet.JspServletWrapper.service(JspServletWrapper.java:439)
	at org.apache.jasper.servlet.JspServlet.serviceJspFile(JspServlet.java:395)
	at org.apache.jasper.servlet.JspServlet.service(JspServlet.java:339)
	at javax.servlet.http.HttpServlet.service(HttpServlet.java:731)
	at org.apache.catalina.core.ApplicationFilterChain.internalDoFilter(ApplicationFilterChain.java:303)
	at org.apache.catalina.core.ApplicationFilterChain.doFilter(ApplicationFilterChain.java:208)
	at org.apache.catalina.core.ApplicationDispatcher.invoke(ApplicationDispatcher.java:743)
	at org.apache.catalina.core.ApplicationDispatcher.doInclude(ApplicationDispatcher.java:603)
	at org.apache.catalina.core.ApplicationDispatcher.include(ApplicationDispatcher.java:542)
	at org.apache.jasper.runtime.JspRuntimeLibrary.include(JspRuntimeLibrary.java:905)
	at org.apache.jasper.runtime.PageContextImpl.include(PageContextImpl.java:656)
	at org.jboss.dashboard.ui.taglib.BaseTag.jspInclude(BaseTag.java:51)
	at org.jboss.dashboard.ui.taglib.RegionTag$1.txFragment(RegionTag.java:73)
	at org.jboss.dashboard.database.hibernate.HibernateTransaction.executeFragment(HibernateTransaction.java:252)
	at org.jboss.dashboard.database.hibernate.HibernateTxFragment.executeChild(HibernateTxFragment.java:194)
	at org.jboss.dashboard.database.hibernate.HibernateTxFragment.execute(HibernateTxFragment.java:168)
	at org.jboss.dashboard.ui.taglib.RegionTag.doEndTag(RegionTag.java:48)
	at org.apache.jsp.layouts.Layout_005fIFCE.slider_005fmenu_jsp._jspx_meth_panel_005fregion_005f12(slider_005fmenu_jsp.java:741)
	at org.apache.jsp.layouts.Layout_005fIFCE.slider_005fmenu_jsp._jspService(slider_005fmenu_jsp.java:373)
	at org.apache.jasper.runtime.HttpJspBase.service(HttpJspBase.java:70)
	at javax.servlet.http.HttpServlet.service(HttpServlet.java:731)
	at org.apache.jasper.servlet.JspServletWrapper.service(JspServletWrapper.java:439)
	at org.apache.jasper.servlet.JspServlet.serviceJspFile(JspServlet.java:395)
	at org.apache.jasper.servlet.JspServlet.service(JspServlet.java:339)
	at javax.servlet.http.HttpServlet.service(HttpServlet.java:731)
	at org.apache.catalina.core.ApplicationFilterChain.internalDoFilter(ApplicationFilterChain.java:303)
	at org.apache.catalina.core.ApplicationFilterChain.doFilter(ApplicationFilterChain.java:208)
	at org.apache.catalina.core.ApplicationDispatcher.invoke(ApplicationDispatcher.java:743)
	at org.apache.catalina.core.ApplicationDispatcher.doInclude(ApplicationDispatcher.java:603)
	at org.apache.catalina.core.ApplicationDispatcher.include(ApplicationDispatcher.java:542)
	at org.apache.jasper.runtime.JspRuntimeLibrary.include(JspRuntimeLibrary.java:905)
	at org.apache.jasper.runtime.PageContextImpl.include(PageContextImpl.java:656)
	at org.jboss.dashboard.ui.taglib.BaseTag.jspInclude(BaseTag.java:51)
	at org.jboss.dashboard.ui.taglib.JSPIncludeTag.doStartTag(JSPIncludeTag.java:48)
	at org.apache.jsp.templates.regular_005flayout_jsp._jspService(regular_005flayout_jsp.java:192)
	at org.apache.jasper.runtime.HttpJspBase.service(HttpJspBase.java:70)
	at javax.servlet.http.HttpServlet.service(HttpServlet.java:731)
	at org.apache.jasper.servlet.JspServletWrapper.service(JspServletWrapper.java:439)
	at org.apache.jasper.servlet.JspServlet.serviceJspFile(JspServlet.java:395)
	at org.apache.jasper.servlet.JspServlet.service(JspServlet.java:339)
	at javax.servlet.http.HttpServlet.service(HttpServlet.java:731)
	at org.apache.catalina.core.ApplicationFilterChain.internalDoFilter(ApplicationFilterChain.java:303)
	at org.apache.catalina.core.ApplicationFilterChain.doFilter(ApplicationFilterChain.java:208)
	at org.apache.catalina.core.ApplicationDispatcher.invoke(ApplicationDispatcher.java:743)
	at org.apache.catalina.core.ApplicationDispatcher.doInclude(ApplicationDispatcher.java:603)
	at org.apache.catalina.core.ApplicationDispatcher.include(ApplicationDispatcher.java:542)
	at org.apache.jasper.runtime.JspRuntimeLibrary.include(JspRuntimeLibrary.java:905)
	at org.apache.jasper.runtime.PageContextImpl.include(PageContextImpl.java:656)
	at org.jboss.dashboard.ui.taglib.BaseTag.jspInclude(BaseTag.java:51)
	at org.jboss.dashboard.ui.taglib.JSPIncludeTag.doStartTag(JSPIncludeTag.java:48)
	at org.apache.jsp.templates.content_jsp._jspx_meth_mvc_005finclude_005f0(content_jsp.java:157)
	at org.apache.jsp.templates.content_jsp._jspService(content_jsp.java:97)
	at org.apache.jasper.runtime.HttpJspBase.service(HttpJspBase.java:70)
	at javax.servlet.http.HttpServlet.service(HttpServlet.java:731)
	at org.apache.jasper.servlet.JspServletWrapper.service(JspServletWrapper.java:439)
	at org.apache.jasper.servlet.JspServlet.serviceJspFile(JspServlet.java:395)
	at org.apache.jasper.servlet.JspServlet.service(JspServlet.java:339)
	at javax.servlet.http.HttpServlet.service(HttpServlet.java:731)
	at org.apache.catalina.core.ApplicationFilterChain.internalDoFilter(ApplicationFilterChain.java:303)
	at org.apache.catalina.core.ApplicationFilterChain.doFilter(ApplicationFilterChain.java:208)
	at org.apache.catalina.core.ApplicationDispatcher.invoke(ApplicationDispatcher.java:743)
	at org.apache.catalina.core.ApplicationDispatcher.doInclude(ApplicationDispatcher.java:603)
	at org.apache.catalina.core.ApplicationDispatcher.include(ApplicationDispatcher.java:542)
	at org.apache.jasper.runtime.JspRuntimeLibrary.include(JspRuntimeLibrary.java:905)
	at org.apache.jasper.runtime.PageContextImpl.include(PageContextImpl.java:656)
	at org.jboss.dashboard.ui.taglib.BaseTag.jspInclude(BaseTag.java:51)
	at org.jboss.dashboard.ui.taglib.EnvelopeContentTag$1.txFragment(EnvelopeContentTag.java:45)
	at org.jboss.dashboard.database.hibernate.HibernateTransaction.executeFragment(HibernateTransaction.java:252)
	at org.jboss.dashboard.database.hibernate.HibernateTxFragment.executeChild(HibernateTxFragment.java:194)
	at org.jboss.dashboard.database.hibernate.HibernateTxFragment.execute(HibernateTxFragment.java:168)
	at org.jboss.dashboard.ui.taglib.EnvelopeContentTag.doStartTag(EnvelopeContentTag.java:43)
	at org.apache.jsp.envelopes.Envelope_005fIFCE.shared_jsp._jspx_meth_panel_005fenvelopeContent_005f0(shared_jsp.java:323)
	at org.apache.jsp.envelopes.Envelope_005fIFCE.shared_jsp._jspService(shared_jsp.java:205)
	at org.apache.jasper.runtime.HttpJspBase.service(HttpJspBase.java:70)
	at javax.servlet.http.HttpServlet.service(HttpServlet.java:731)
	at org.apache.jasper.servlet.JspServletWrapper.service(JspServletWrapper.java:439)
	at org.apache.jasper.servlet.JspServlet.serviceJspFile(JspServlet.java:395)
	at org.apache.jasper.servlet.JspServlet.service(JspServlet.java:339)
	at javax.servlet.http.HttpServlet.service(HttpServlet.java:731)
	at org.apache.catalina.core.ApplicationFilterChain.internalDoFilter(ApplicationFilterChain.java:303)
	at org.apache.catalina.core.ApplicationFilterChain.doFilter(ApplicationFilterChain.java:208)
	at org.apache.catalina.core.ApplicationDispatcher.invoke(ApplicationDispatcher.java:743)
	at org.apache.catalina.core.ApplicationDispatcher.doInclude(ApplicationDispatcher.java:603)
	at org.apache.catalina.core.ApplicationDispatcher.include(ApplicationDispatcher.java:542)
	at org.apache.jasper.runtime.JspRuntimeLibrary.include(JspRuntimeLibrary.java:905)
	at org.apache.jasper.runtime.PageContextImpl.include(PageContextImpl.java:656)
	at org.jboss.dashboard.ui.taglib.BaseTag.jspInclude(BaseTag.java:51)
	at org.jboss.dashboard.ui.taglib.JSPIncludeTag.doStartTag(JSPIncludeTag.java:48)
	at org.apache.jsp.templates.standard_005ftemplate_jsp._jspService(standard_005ftemplate_jsp.java:246)
	at org.apache.jasper.runtime.HttpJspBase.service(HttpJspBase.java:70)
	at javax.servlet.http.HttpServlet.service(HttpServlet.java:731)
	at org.apache.jasper.servlet.JspServletWrapper.service(JspServletWrapper.java:439)
	at org.apache.jasper.servlet.JspServlet.serviceJspFile(JspServlet.java:395)
	at org.apache.jasper.servlet.JspServlet.service(JspServlet.java:339)
	at javax.servlet.http.HttpServlet.service(HttpServlet.java:731)
	at org.apache.catalina.core.ApplicationFilterChain.internalDoFilter(ApplicationFilterChain.java:303)
	at org.apache.catalina.core.ApplicationFilterChain.doFilter(ApplicationFilterChain.java:208)
	at org.apache.catalina.core.ApplicationDispatcher.invoke(ApplicationDispatcher.java:743)
	at org.apache.catalina.core.ApplicationDispatcher.doInclude(ApplicationDispatcher.java:603)
	at org.apache.catalina.core.ApplicationDispatcher.include(ApplicationDispatcher.java:542)
	at org.jboss.dashboard.ui.controller.responses.ShowScreenResponse.execute(ShowScreenResponse.java:45)
	at org.jboss.dashboard.ui.controller.requestChain.RequestRenderer.processRequest(RequestRenderer.java:35)
	at org.jboss.dashboard.ui.controller.requestChain.RequestRenderer$Proxy$_$$_WeldClientProxy.processRequest(RequestRenderer$Proxy$_$$_WeldClientProxy.java)
	at org.jboss.dashboard.ui.ResponseProcessor.run(ResponseProcessor.java:49)
	at org.jboss.dashboard.ui.ResponseProcessor$Proxy$_$$_WeldClientProxy.run(ResponseProcessor$Proxy$_$$_WeldClientProxy.java)
	at org.jboss.dashboard.ui.controller.ControllerServlet$2.txFragment(ControllerServlet.java:192)
	at org.jboss.dashboard.database.hibernate.HibernateTransaction.executeFragment(HibernateTransaction.java:252)
	at org.jboss.dashboard.database.hibernate.HibernateTxFragment.executeInitiator(HibernateTxFragment.java:179)
	at org.jboss.dashboard.database.hibernate.HibernateTxFragment.execute(HibernateTxFragment.java:167)
	at org.jboss.dashboard.ui.controller.ControllerServlet.processTheView(ControllerServlet.java:189)
	at org.jboss.dashboard.ui.controller.ControllerServlet.service(ControllerServlet.java:138)
	at javax.servlet.http.HttpServlet.service(HttpServlet.java:731)
	at org.apache.catalina.core.ApplicationFilterChain.internalDoFilter(ApplicationFilterChain.java:303)
	at org.apache.catalina.core.ApplicationFilterChain.doFilter(ApplicationFilterChain.java:208)
	at org.apache.tomcat.websocket.server.WsFilter.doFilter(WsFilter.java:52)
	at org.apache.catalina.core.ApplicationFilterChain.internalDoFilter(ApplicationFilterChain.java:241)
	at org.apache.catalina.core.ApplicationFilterChain.doFilter(ApplicationFilterChain.java:208)
	at org.jboss.dashboard.ui.controller.SecureHeaderFilter.doFilter(SecureHeaderFilter.java:62)
	at org.apache.catalina.core.ApplicationFilterChain.internalDoFilter(ApplicationFilterChain.java:241)
	at org.apache.catalina.core.ApplicationFilterChain.doFilter(ApplicationFilterChain.java:208)
	at org.apache.catalina.core.StandardWrapperValve.invoke(StandardWrapperValve.java:218)
	at org.apache.catalina.core.StandardContextValve.invoke(StandardContextValve.java:110)
	at org.apache.catalina.authenticator.AuthenticatorBase.invoke(AuthenticatorBase.java:615)
	at org.apache.catalina.core.StandardHostValve.invoke(StandardHostValve.java:169)
	at org.apache.catalina.valves.ErrorReportValve.invoke(ErrorReportValve.java:103)
	at org.apache.catalina.valves.AccessLogValve.invoke(AccessLogValve.java:962)
	at org.apache.catalina.core.StandardEngineValve.invoke(StandardEngineValve.java:116)
	at org.apache.catalina.connector.CoyoteAdapter.service(CoyoteAdapter.java:445)
	at org.apache.coyote.http11.AbstractHttp11Processor.process(AbstractHttp11Processor.java:1115)
	at org.apache.coyote.AbstractProtocol$AbstractConnectionHandler.process(AbstractProtocol.java:637)
	at org.apache.tomcat.util.net.JIoEndpoint$SocketProcessor.run(JIoEndpoint.java:318)
	at java.util.concurrent.ThreadPoolExecutor.runWorker(ThreadPoolExecutor.java:1152)
	at java.util.concurrent.ThreadPoolExecutor$Worker.run(ThreadPoolExecutor.java:622)
	at org.apache.tomcat.util.threads.TaskThread$WrappingRunnable.run(TaskThread.java:61)
	at java.lang.Thread.run(Thread.java:748)

Nov 17, 2017 9:14:50 AM org.apache.catalina.core.ApplicationContext log
INFORMAÇÕES: SessionListener: contextDestroyed()
Nov 17, 2017 9:14:50 AM org.apache.catalina.core.ApplicationContext log
INFORMAÇÕES: ContextListener: contextDestroyed()
Nov 17, 2017 9:15:31 AM org.apache.catalina.core.ApplicationContext log
INFORMAÇÕES: ContextListener: contextInitialized()
Nov 17, 2017 9:15:31 AM org.apache.catalina.core.ApplicationContext log
INFORMAÇÕES: SessionListener: contextInitialized()
Nov 17, 2017 9:15:31 AM org.apache.catalina.core.ApplicationContext log
INFORMAÇÕES: ContextListener: attributeAdded('org.apache.jasper.compiler.TldLocationsCache', 'org.apache.jasper.compiler.TldLocationsCache@664a7d46')
Nov 17, 2017 9:31:52 AM org.apache.catalina.core.ApplicationContext log
INFORMAÇÕES: SessionListener: contextDestroyed()
Nov 17, 2017 9:31:52 AM org.apache.catalina.core.ApplicationContext log
INFORMAÇÕES: ContextListener: contextDestroyed()
Nov 17, 2017 9:32:31 AM org.apache.catalina.core.ApplicationContext log
INFORMAÇÕES: ContextListener: contextInitialized()
Nov 17, 2017 9:32:31 AM org.apache.catalina.core.ApplicationContext log
INFORMAÇÕES: SessionListener: contextInitialized()
Nov 17, 2017 9:32:31 AM org.apache.catalina.core.ApplicationContext log
INFORMAÇÕES: ContextListener: attributeAdded('org.apache.jasper.compiler.TldLocationsCache', 'org.apache.jasper.compiler.TldLocationsCache@2466b321')
Nov 17, 2017 9:33:00 AM org.apache.catalina.core.ApplicationContext log
INFORMAÇÕES: SessionListener: contextDestroyed()
Nov 17, 2017 9:33:00 AM org.apache.catalina.core.ApplicationContext log
INFORMAÇÕES: ContextListener: contextDestroyed()
Nov 17, 2017 9:33:04 AM org.apache.catalina.session.StandardSession writeObject
ADVERTÊNCIA: Cannot serialize session attribute org.jboss.weld.context.http.HttpSessionContext#org.jboss.weld.bean-flat-ManagedBean-class org.jboss.dashboard.dataset.DataSetManagerImpl for session 740D7BC40D43B12D5A167903913C99F0
java.io.NotSerializableException: org.jboss.dashboard.dataset.DataSetManagerImpl$DataSetHolder
	at java.io.ObjectOutputStream.writeObject0(ObjectOutputStream.java:1183)
	at java.io.ObjectOutputStream.writeObject(ObjectOutputStream.java:347)
	at java.util.HashMap.writeObject(HashMap.java:1129)
	at sun.reflect.NativeMethodAccessorImpl.invoke0(Native Method)
	at sun.reflect.NativeMethodAccessorImpl.invoke(NativeMethodAccessorImpl.java:57)
	at sun.reflect.DelegatingMethodAccessorImpl.invoke(DelegatingMethodAccessorImpl.java:43)
	at java.lang.reflect.Method.invoke(Method.java:606)
	at java.io.ObjectStreamClass.invokeWriteObject(ObjectStreamClass.java:1028)
	at java.io.ObjectOutputStream.writeSerialData(ObjectOutputStream.java:1495)
	at java.io.ObjectOutputStream.writeOrdinaryObject(ObjectOutputStream.java:1431)
	at java.io.ObjectOutputStream.writeObject0(ObjectOutputStream.java:1177)
	at java.io.ObjectOutputStream.defaultWriteFields(ObjectOutputStream.java:1547)
	at java.io.ObjectOutputStream.writeSerialData(ObjectOutputStream.java:1508)
	at java.io.ObjectOutputStream.writeOrdinaryObject(ObjectOutputStream.java:1431)
	at java.io.ObjectOutputStream.writeObject0(ObjectOutputStream.java:1177)
	at java.io.ObjectOutputStream.defaultWriteFields(ObjectOutputStream.java:1547)
	at java.io.ObjectOutputStream.writeSerialData(ObjectOutputStream.java:1508)
	at java.io.ObjectOutputStream.writeOrdinaryObject(ObjectOutputStream.java:1431)
	at java.io.ObjectOutputStream.writeObject0(ObjectOutputStream.java:1177)
	at java.io.ObjectOutputStream.writeObject(ObjectOutputStream.java:347)
	at org.apache.catalina.session.StandardSession.writeObject(StandardSession.java:1700)
	at org.apache.catalina.session.StandardSession.writeObjectData(StandardSession.java:1092)
	at org.apache.catalina.session.StandardManager.doUnload(StandardManager.java:405)
	at org.apache.catalina.session.StandardManager.unload(StandardManager.java:323)
	at org.apache.catalina.session.StandardManager.stopInternal(StandardManager.java:493)
	at org.apache.catalina.util.LifecycleBase.stop(LifecycleBase.java:221)
	at org.apache.catalina.core.StandardContext.stopInternal(StandardContext.java:5825)
	at org.apache.catalina.util.LifecycleBase.stop(LifecycleBase.java:221)
	at org.apache.catalina.core.ContainerBase$StopChild.call(ContainerBase.java:1587)
	at org.apache.catalina.core.ContainerBase$StopChild.call(ContainerBase.java:1576)
	at java.util.concurrent.FutureTask.run(FutureTask.java:262)
	at java.util.concurrent.ThreadPoolExecutor.runWorker(ThreadPoolExecutor.java:1152)
	at java.util.concurrent.ThreadPoolExecutor$Worker.run(ThreadPoolExecutor.java:622)
	at java.lang.Thread.run(Thread.java:748)

Nov 17, 2017 9:33:05 AM org.apache.catalina.session.StandardSession writeObject
ADVERTÊNCIA: Cannot serialize session attribute org.jboss.weld.context.http.HttpSessionContext#org.jboss.weld.bean-flat-ManagedBean-class org.jboss.dashboard.ui.components.DashboardHandler for session 740D7BC40D43B12D5A167903913C99F0
java.io.NotSerializableException: org.jboss.dashboard.ui.Dashboard
	at java.io.ObjectOutputStream.writeObject0(ObjectOutputStream.java:1183)
	at java.io.ObjectOutputStream.defaultWriteFields(ObjectOutputStream.java:1547)
	at java.io.ObjectOutputStream.writeSerialData(ObjectOutputStream.java:1508)
	at java.io.ObjectOutputStream.writeOrdinaryObject(ObjectOutputStream.java:1431)
	at java.io.ObjectOutputStream.writeObject0(ObjectOutputStream.java:1177)
	at java.io.ObjectOutputStream.defaultWriteFields(ObjectOutputStream.java:1547)
	at java.io.ObjectOutputStream.writeSerialData(ObjectOutputStream.java:1508)
	at java.io.ObjectOutputStream.writeOrdinaryObject(ObjectOutputStream.java:1431)
	at java.io.ObjectOutputStream.writeObject0(ObjectOutputStream.java:1177)
	at java.io.ObjectOutputStream.writeObject(ObjectOutputStream.java:347)
	at org.apache.catalina.session.StandardSession.writeObject(StandardSession.java:1700)
	at org.apache.catalina.session.StandardSession.writeObjectData(StandardSession.java:1092)
	at org.apache.catalina.session.StandardManager.doUnload(StandardManager.java:405)
	at org.apache.catalina.session.StandardManager.unload(StandardManager.java:323)
	at org.apache.catalina.session.StandardManager.stopInternal(StandardManager.java:493)
	at org.apache.catalina.util.LifecycleBase.stop(LifecycleBase.java:221)
	at org.apache.catalina.core.StandardContext.stopInternal(StandardContext.java:5825)
	at org.apache.catalina.util.LifecycleBase.stop(LifecycleBase.java:221)
	at org.apache.catalina.core.ContainerBase$StopChild.call(ContainerBase.java:1587)
	at org.apache.catalina.core.ContainerBase$StopChild.call(ContainerBase.java:1576)
	at java.util.concurrent.FutureTask.run(FutureTask.java:262)
	at java.util.concurrent.ThreadPoolExecutor.runWorker(ThreadPoolExecutor.java:1152)
	at java.util.concurrent.ThreadPoolExecutor$Worker.run(ThreadPoolExecutor.java:622)
	at java.lang.Thread.run(Thread.java:748)

Nov 17, 2017 9:33:19 AM org.apache.catalina.session.StandardSession readObject
ADVERTÊNCIA: Cannot deserialize session attribute org.jboss.weld.context.http.HttpSessionContext#org.jboss.weld.bean-flat-ManagedBean-class org.jboss.dashboard.dataset.DataSetManagerImpl for session 740D7BC40D43B12D5A167903913C99F0
Nov 17, 2017 9:33:27 AM org.apache.catalina.core.ApplicationContext log
INFORMAÇÕES: ContextListener: contextInitialized()
Nov 17, 2017 9:33:27 AM org.apache.catalina.core.ApplicationContext log
INFORMAÇÕES: SessionListener: contextInitialized()
Nov 17, 2017 9:33:27 AM org.apache.catalina.core.ApplicationContext log
INFORMAÇÕES: ContextListener: attributeAdded('org.apache.jasper.compiler.TldLocationsCache', 'org.apache.jasper.compiler.TldLocationsCache@70a7ea44')
