Mar 12, 2018 9:12:26 AM org.apache.catalina.realm.LockOutRealm filterLockedAccounts
ADVERTÊNCIA: An attempt was made to authenticate the locked user "root"
Mar 12, 2018 9:12:30 AM org.apache.catalina.realm.LockOutRealm filterLockedAccounts
ADVERTÊNCIA: An attempt was made to authenticate the locked user "root"
Mar 12, 2018 9:12:41 AM org.apache.catalina.realm.LockOutRealm filterLockedAccounts
ADVERTÊNCIA: An attempt was made to authenticate the locked user "root"
Mar 12, 2018 9:12:41 AM org.apache.catalina.realm.LockOutRealm filterLockedAccounts
ADVERTÊNCIA: An attempt was made to authenticate the locked user "root"
Mar 12, 2018 9:12:42 AM org.apache.catalina.realm.LockOutRealm filterLockedAccounts
ADVERTÊNCIA: An attempt was made to authenticate the locked user "root"
Mar 12, 2018 9:12:42 AM org.apache.catalina.realm.LockOutRealm filterLockedAccounts
ADVERTÊNCIA: An attempt was made to authenticate the locked user "root"
Mar 12, 2018 9:12:43 AM org.apache.catalina.realm.LockOutRealm filterLockedAccounts
ADVERTÊNCIA: An attempt was made to authenticate the locked user "root"
Mar 12, 2018 2:10:14 PM org.apache.coyote.http11.AbstractHttp11Processor process
INFORMAÇÕES: Error parsing HTTP request header
 Note: further occurrences of HTTP header parsing errors will be logged at DEBUG level.
java.lang.IllegalArgumentException: Invalid character found in method name. HTTP method names must be tokens
	at org.apache.coyote.http11.InternalInputBuffer.parseRequestLine(InternalInputBuffer.java:136)
	at org.apache.coyote.http11.AbstractHttp11Processor.process(AbstractHttp11Processor.java:1028)
	at org.apache.coyote.AbstractProtocol$AbstractConnectionHandler.process(AbstractProtocol.java:637)
	at org.apache.tomcat.util.net.JIoEndpoint$SocketProcessor.run(JIoEndpoint.java:316)
	at java.util.concurrent.ThreadPoolExecutor.runWorker(ThreadPoolExecutor.java:1152)
	at java.util.concurrent.ThreadPoolExecutor$Worker.run(ThreadPoolExecutor.java:622)
	at org.apache.tomcat.util.threads.TaskThread$WrappingRunnable.run(TaskThread.java:61)
	at java.lang.Thread.run(Thread.java:748)

Mar 12, 2018 7:18:30 PM org.apache.catalina.realm.LockOutRealm filterLockedAccounts
ADVERTÊNCIA: An attempt was made to authenticate the locked user ""
Mar 12, 2018 7:18:31 PM org.apache.catalina.realm.LockOutRealm filterLockedAccounts
ADVERTÊNCIA: An attempt was made to authenticate the locked user "admin"
Mar 12, 2018 7:18:32 PM org.apache.catalina.realm.LockOutRealm filterLockedAccounts
ADVERTÊNCIA: An attempt was made to authenticate the locked user "admin"
Mar 12, 2018 7:18:32 PM org.apache.catalina.realm.LockOutRealm filterLockedAccounts
ADVERTÊNCIA: An attempt was made to authenticate the locked user "admin"
Mar 12, 2018 7:18:32 PM org.apache.catalina.realm.LockOutRealm filterLockedAccounts
ADVERTÊNCIA: An attempt was made to authenticate the locked user "admin"
Mar 12, 2018 7:18:33 PM org.apache.catalina.realm.LockOutRealm filterLockedAccounts
ADVERTÊNCIA: An attempt was made to authenticate the locked user "admin"
Mar 12, 2018 7:18:33 PM org.apache.catalina.realm.LockOutRealm filterLockedAccounts
ADVERTÊNCIA: An attempt was made to authenticate the locked user "admin"
Mar 12, 2018 7:18:34 PM org.apache.catalina.realm.LockOutRealm filterLockedAccounts
ADVERTÊNCIA: An attempt was made to authenticate the locked user "admin"
Mar 12, 2018 7:18:34 PM org.apache.catalina.realm.LockOutRealm filterLockedAccounts
ADVERTÊNCIA: An attempt was made to authenticate the locked user "admin"
Mar 12, 2018 7:18:35 PM org.apache.catalina.realm.LockOutRealm filterLockedAccounts
ADVERTÊNCIA: An attempt was made to authenticate the locked user "admin"
Mar 12, 2018 7:18:35 PM org.apache.catalina.realm.LockOutRealm filterLockedAccounts
ADVERTÊNCIA: An attempt was made to authenticate the locked user "admin"
Mar 12, 2018 7:18:35 PM org.apache.catalina.realm.LockOutRealm filterLockedAccounts
ADVERTÊNCIA: An attempt was made to authenticate the locked user "admin"
Mar 12, 2018 7:18:36 PM org.apache.catalina.realm.LockOutRealm filterLockedAccounts
ADVERTÊNCIA: An attempt was made to authenticate the locked user "admin"
Mar 12, 2018 7:18:36 PM org.apache.catalina.realm.LockOutRealm filterLockedAccounts
ADVERTÊNCIA: An attempt was made to authenticate the locked user "admin"
Mar 12, 2018 7:18:37 PM org.apache.catalina.realm.LockOutRealm filterLockedAccounts
ADVERTÊNCIA: An attempt was made to authenticate the locked user "admin"
Mar 12, 2018 7:18:37 PM org.apache.catalina.realm.LockOutRealm filterLockedAccounts
ADVERTÊNCIA: An attempt was made to authenticate the locked user "admin"
Mar 12, 2018 7:18:39 PM org.apache.catalina.realm.LockOutRealm filterLockedAccounts
ADVERTÊNCIA: An attempt was made to authenticate the locked user "tomcat"
Mar 12, 2018 7:18:40 PM org.apache.catalina.realm.LockOutRealm filterLockedAccounts
ADVERTÊNCIA: An attempt was made to authenticate the locked user "tomcat"
Mar 12, 2018 7:18:40 PM org.apache.catalina.realm.LockOutRealm filterLockedAccounts
ADVERTÊNCIA: An attempt was made to authenticate the locked user "tomcat"
Mar 12, 2018 7:18:40 PM org.apache.catalina.realm.LockOutRealm filterLockedAccounts
ADVERTÊNCIA: An attempt was made to authenticate the locked user "tomcat"
Mar 12, 2018 7:18:41 PM org.apache.catalina.realm.LockOutRealm filterLockedAccounts
ADVERTÊNCIA: An attempt was made to authenticate the locked user "tomcat"
Mar 12, 2018 7:18:41 PM org.apache.catalina.realm.LockOutRealm filterLockedAccounts
ADVERTÊNCIA: An attempt was made to authenticate the locked user "tomcat"
Mar 12, 2018 7:18:42 PM org.apache.catalina.realm.LockOutRealm filterLockedAccounts
ADVERTÊNCIA: An attempt was made to authenticate the locked user "tomcat"
Mar 12, 2018 7:18:42 PM org.apache.catalina.realm.LockOutRealm filterLockedAccounts
ADVERTÊNCIA: An attempt was made to authenticate the locked user "tomcat"
Mar 12, 2018 7:18:43 PM org.apache.catalina.realm.LockOutRealm filterLockedAccounts
ADVERTÊNCIA: An attempt was made to authenticate the locked user "tomcat"
Mar 12, 2018 7:18:43 PM org.apache.catalina.realm.LockOutRealm filterLockedAccounts
ADVERTÊNCIA: An attempt was made to authenticate the locked user "tomcat"
Mar 12, 2018 7:18:43 PM org.apache.catalina.realm.LockOutRealm filterLockedAccounts
ADVERTÊNCIA: An attempt was made to authenticate the locked user "tomcat"
Mar 12, 2018 7:18:44 PM org.apache.catalina.realm.LockOutRealm filterLockedAccounts
ADVERTÊNCIA: An attempt was made to authenticate the locked user "tomcat"
