Set 22, 2017 10:04:19 AM org.apache.catalina.session.StandardSession writeObject
ADVERTÊNCIA: Cannot serialize session attribute org.jboss.weld.context.http.HttpSessionContext#org.jboss.weld.bean-flat-ManagedBean-class org.jboss.dashboard.ui.components.DashboardHandler for session 9B7ABD6196DD1ADA9038BAED48994648
java.io.NotSerializableException: org.jboss.dashboard.ui.Dashboard
	at java.io.ObjectOutputStream.writeObject0(ObjectOutputStream.java:1183)
	at java.io.ObjectOutputStream.defaultWriteFields(ObjectOutputStream.java:1547)
	at java.io.ObjectOutputStream.writeSerialData(ObjectOutputStream.java:1508)
	at java.io.ObjectOutputStream.writeOrdinaryObject(ObjectOutputStream.java:1431)
	at java.io.ObjectOutputStream.writeObject0(ObjectOutputStream.java:1177)
	at java.io.ObjectOutputStream.defaultWriteFields(ObjectOutputStream.java:1547)
	at java.io.ObjectOutputStream.writeSerialData(ObjectOutputStream.java:1508)
	at java.io.ObjectOutputStream.writeOrdinaryObject(ObjectOutputStream.java:1431)
	at java.io.ObjectOutputStream.writeObject0(ObjectOutputStream.java:1177)
	at java.io.ObjectOutputStream.writeObject(ObjectOutputStream.java:347)
	at org.apache.catalina.session.StandardSession.writeObject(StandardSession.java:1700)
	at org.apache.catalina.session.StandardSession.writeObjectData(StandardSession.java:1092)
	at org.apache.catalina.session.StandardManager.doUnload(StandardManager.java:405)
	at org.apache.catalina.session.StandardManager.unload(StandardManager.java:323)
	at org.apache.catalina.session.StandardManager.stopInternal(StandardManager.java:493)
	at org.apache.catalina.util.LifecycleBase.stop(LifecycleBase.java:221)
	at org.apache.catalina.core.StandardContext.stopInternal(StandardContext.java:5825)
	at org.apache.catalina.util.LifecycleBase.stop(LifecycleBase.java:221)
	at org.apache.catalina.core.StandardContext.reload(StandardContext.java:4131)
	at org.apache.catalina.startup.HostConfig.reload(HostConfig.java:1575)
	at org.apache.catalina.startup.HostConfig.checkResources(HostConfig.java:1548)
	at org.apache.catalina.startup.HostConfig.check(HostConfig.java:1784)
	at org.apache.catalina.startup.HostConfig.lifecycleEvent(HostConfig.java:366)
	at org.apache.catalina.util.LifecycleSupport.fireLifecycleEvent(LifecycleSupport.java:117)
	at org.apache.catalina.util.LifecycleBase.fireLifecycleEvent(LifecycleBase.java:90)
	at org.apache.catalina.core.ContainerBase.backgroundProcess(ContainerBase.java:1370)
	at org.apache.catalina.core.ContainerBase$ContainerBackgroundProcessor.processChildren(ContainerBase.java:1542)
	at org.apache.catalina.core.ContainerBase$ContainerBackgroundProcessor.processChildren(ContainerBase.java:1552)
	at org.apache.catalina.core.ContainerBase$ContainerBackgroundProcessor.run(ContainerBase.java:1520)
	at java.lang.Thread.run(Thread.java:748)

Set 22, 2017 10:04:28 AM org.apache.catalina.session.StandardSession readObject
ADVERTÊNCIA: Cannot deserialize session attribute org.jboss.weld.context.http.HttpSessionContext#org.jboss.weld.bean-flat-ManagedBean-class org.jboss.dashboard.ui.components.DashboardHandler for session 9B7ABD6196DD1ADA9038BAED48994648
Set 22, 2017 10:07:36 AM org.apache.catalina.core.ApplicationContext log
INFORMAÇÕES: SessionListener: contextDestroyed()
Set 22, 2017 10:07:36 AM org.apache.catalina.core.ApplicationContext log
INFORMAÇÕES: ContextListener: contextDestroyed()
Set 22, 2017 10:08:11 AM org.apache.catalina.core.ApplicationContext log
INFORMAÇÕES: ContextListener: contextInitialized()
Set 22, 2017 10:08:11 AM org.apache.catalina.core.ApplicationContext log
INFORMAÇÕES: SessionListener: contextInitialized()
Set 22, 2017 10:08:11 AM org.apache.catalina.core.ApplicationContext log
INFORMAÇÕES: ContextListener: attributeAdded('org.apache.jasper.compiler.TldLocationsCache', 'org.apache.jasper.compiler.TldLocationsCache@29244029')
Set 22, 2017 10:08:21 AM org.apache.catalina.core.ApplicationDispatcher invoke
GRAVE: Servlet.service() for servlet jsp threw exception
java.lang.NullPointerException
	at org.apache.jasper.runtime.JspRuntimeLibrary.include(JspRuntimeLibrary.java:905)
	at org.apache.jsp.configuration.show_jsp._jspx_meth_mvc_005ffragment_005f1(show_jsp.java:814)
	at org.apache.jsp.configuration.show_jsp._jspService(show_jsp.java:655)
	at org.apache.jasper.runtime.HttpJspBase.service(HttpJspBase.java:70)
	at javax.servlet.http.HttpServlet.service(HttpServlet.java:731)
	at org.apache.jasper.servlet.JspServletWrapper.service(JspServletWrapper.java:439)
	at org.apache.jasper.servlet.JspServlet.serviceJspFile(JspServlet.java:395)
	at org.apache.jasper.servlet.JspServlet.service(JspServlet.java:339)
	at javax.servlet.http.HttpServlet.service(HttpServlet.java:731)
	at org.apache.catalina.core.ApplicationFilterChain.internalDoFilter(ApplicationFilterChain.java:303)
	at org.apache.catalina.core.ApplicationFilterChain.doFilter(ApplicationFilterChain.java:208)
	at org.apache.catalina.core.ApplicationDispatcher.invoke(ApplicationDispatcher.java:743)
	at org.apache.catalina.core.ApplicationDispatcher.doInclude(ApplicationDispatcher.java:603)
	at org.apache.catalina.core.ApplicationDispatcher.include(ApplicationDispatcher.java:542)
	at org.apache.jasper.runtime.JspRuntimeLibrary.include(JspRuntimeLibrary.java:905)
	at org.apache.jasper.runtime.PageContextImpl.include(PageContextImpl.java:656)
	at org.jboss.dashboard.ui.taglib.BaseTag.jspInclude(BaseTag.java:51)
	at org.jboss.dashboard.ui.taglib.PaneTag.doEndTag(PaneTag.java:38)
	at org.apache.jsp.envelopes.IFCE_005fEnvelope.full_jsp._jspx_meth_mvc_005fpane_005f0(full_jsp.java:335)
	at org.apache.jsp.envelopes.IFCE_005fEnvelope.full_jsp._jspService(full_jsp.java:207)
	at org.apache.jasper.runtime.HttpJspBase.service(HttpJspBase.java:70)
	at javax.servlet.http.HttpServlet.service(HttpServlet.java:731)
	at org.apache.jasper.servlet.JspServletWrapper.service(JspServletWrapper.java:439)
	at org.apache.jasper.servlet.JspServlet.serviceJspFile(JspServlet.java:395)
	at org.apache.jasper.servlet.JspServlet.service(JspServlet.java:339)
	at javax.servlet.http.HttpServlet.service(HttpServlet.java:731)
	at org.apache.catalina.core.ApplicationFilterChain.internalDoFilter(ApplicationFilterChain.java:303)
	at org.apache.catalina.core.ApplicationFilterChain.doFilter(ApplicationFilterChain.java:208)
	at org.apache.catalina.core.ApplicationDispatcher.invoke(ApplicationDispatcher.java:743)
	at org.apache.catalina.core.ApplicationDispatcher.doInclude(ApplicationDispatcher.java:603)
	at org.apache.catalina.core.ApplicationDispatcher.include(ApplicationDispatcher.java:542)
	at org.apache.jasper.runtime.JspRuntimeLibrary.include(JspRuntimeLibrary.java:905)
	at org.apache.jasper.runtime.PageContextImpl.include(PageContextImpl.java:656)
	at org.jboss.dashboard.ui.taglib.BaseTag.jspInclude(BaseTag.java:51)
	at org.jboss.dashboard.ui.taglib.JSPIncludeTag.doStartTag(JSPIncludeTag.java:48)
	at org.apache.jsp.templates.standard_005ftemplate_jsp._jspService(standard_005ftemplate_jsp.java:166)
	at org.apache.jasper.runtime.HttpJspBase.service(HttpJspBase.java:70)
	at javax.servlet.http.HttpServlet.service(HttpServlet.java:731)
	at org.apache.jasper.servlet.JspServletWrapper.service(JspServletWrapper.java:439)
	at org.apache.jasper.servlet.JspServlet.serviceJspFile(JspServlet.java:395)
	at org.apache.jasper.servlet.JspServlet.service(JspServlet.java:339)
	at javax.servlet.http.HttpServlet.service(HttpServlet.java:731)
	at org.apache.catalina.core.ApplicationFilterChain.internalDoFilter(ApplicationFilterChain.java:303)
	at org.apache.catalina.core.ApplicationFilterChain.doFilter(ApplicationFilterChain.java:208)
	at org.apache.catalina.core.ApplicationDispatcher.invoke(ApplicationDispatcher.java:743)
	at org.apache.catalina.core.ApplicationDispatcher.doInclude(ApplicationDispatcher.java:603)
	at org.apache.catalina.core.ApplicationDispatcher.include(ApplicationDispatcher.java:542)
	at org.jboss.dashboard.ui.controller.responses.ShowScreenResponse.execute(ShowScreenResponse.java:45)
	at org.jboss.dashboard.ui.controller.requestChain.RequestRenderer.processRequest(RequestRenderer.java:35)
	at org.jboss.dashboard.ui.controller.requestChain.RequestRenderer$Proxy$_$$_WeldClientProxy.processRequest(RequestRenderer$Proxy$_$$_WeldClientProxy.java)
	at org.jboss.dashboard.ui.ResponseProcessor.run(ResponseProcessor.java:49)
	at org.jboss.dashboard.ui.ResponseProcessor$Proxy$_$$_WeldClientProxy.run(ResponseProcessor$Proxy$_$$_WeldClientProxy.java)
	at org.jboss.dashboard.ui.controller.ControllerServlet$2.txFragment(ControllerServlet.java:192)
	at org.jboss.dashboard.database.hibernate.HibernateTransaction.executeFragment(HibernateTransaction.java:252)
	at org.jboss.dashboard.database.hibernate.HibernateTxFragment.executeInitiator(HibernateTxFragment.java:179)
	at org.jboss.dashboard.database.hibernate.HibernateTxFragment.execute(HibernateTxFragment.java:167)
	at org.jboss.dashboard.ui.controller.ControllerServlet.processTheView(ControllerServlet.java:189)
	at org.jboss.dashboard.ui.controller.ControllerServlet.service(ControllerServlet.java:138)
	at javax.servlet.http.HttpServlet.service(HttpServlet.java:731)
	at org.apache.catalina.core.ApplicationFilterChain.internalDoFilter(ApplicationFilterChain.java:303)
	at org.apache.catalina.core.ApplicationFilterChain.doFilter(ApplicationFilterChain.java:208)
	at org.apache.tomcat.websocket.server.WsFilter.doFilter(WsFilter.java:52)
	at org.apache.catalina.core.ApplicationFilterChain.internalDoFilter(ApplicationFilterChain.java:241)
	at org.apache.catalina.core.ApplicationFilterChain.doFilter(ApplicationFilterChain.java:208)
	at org.jboss.dashboard.ui.controller.SecureHeaderFilter.doFilter(SecureHeaderFilter.java:62)
	at org.apache.catalina.core.ApplicationFilterChain.internalDoFilter(ApplicationFilterChain.java:241)
	at org.apache.catalina.core.ApplicationFilterChain.doFilter(ApplicationFilterChain.java:208)
	at org.apache.catalina.core.StandardWrapperValve.invoke(StandardWrapperValve.java:218)
	at org.apache.catalina.core.StandardContextValve.invoke(StandardContextValve.java:110)
	at org.apache.catalina.authenticator.AuthenticatorBase.invoke(AuthenticatorBase.java:615)
	at org.apache.catalina.core.StandardHostValve.invoke(StandardHostValve.java:169)
	at org.apache.catalina.valves.ErrorReportValve.invoke(ErrorReportValve.java:103)
	at org.apache.catalina.valves.AccessLogValve.invoke(AccessLogValve.java:962)
	at org.apache.catalina.core.StandardEngineValve.invoke(StandardEngineValve.java:116)
	at org.apache.catalina.connector.CoyoteAdapter.service(CoyoteAdapter.java:445)
	at org.apache.coyote.http11.AbstractHttp11Processor.process(AbstractHttp11Processor.java:1115)
	at org.apache.coyote.AbstractProtocol$AbstractConnectionHandler.process(AbstractProtocol.java:637)
	at org.apache.tomcat.util.net.JIoEndpoint$SocketProcessor.run(JIoEndpoint.java:318)
	at java.util.concurrent.ThreadPoolExecutor.runWorker(ThreadPoolExecutor.java:1152)
	at java.util.concurrent.ThreadPoolExecutor$Worker.run(ThreadPoolExecutor.java:622)
	at org.apache.tomcat.util.threads.TaskThread$WrappingRunnable.run(TaskThread.java:61)
	at java.lang.Thread.run(Thread.java:748)

Set 22, 2017 10:08:25 AM org.apache.catalina.core.ApplicationDispatcher invoke
GRAVE: Servlet.service() for servlet jsp threw exception
java.lang.NullPointerException
	at org.apache.jasper.runtime.JspRuntimeLibrary.include(JspRuntimeLibrary.java:905)
	at org.apache.jsp.configuration.show_jsp._jspx_meth_mvc_005ffragment_005f1(show_jsp.java:814)
	at org.apache.jsp.configuration.show_jsp._jspService(show_jsp.java:655)
	at org.apache.jasper.runtime.HttpJspBase.service(HttpJspBase.java:70)
	at javax.servlet.http.HttpServlet.service(HttpServlet.java:731)
	at org.apache.jasper.servlet.JspServletWrapper.service(JspServletWrapper.java:439)
	at org.apache.jasper.servlet.JspServlet.serviceJspFile(JspServlet.java:395)
	at org.apache.jasper.servlet.JspServlet.service(JspServlet.java:339)
	at javax.servlet.http.HttpServlet.service(HttpServlet.java:731)
	at org.apache.catalina.core.ApplicationFilterChain.internalDoFilter(ApplicationFilterChain.java:303)
	at org.apache.catalina.core.ApplicationFilterChain.doFilter(ApplicationFilterChain.java:208)
	at org.apache.catalina.core.ApplicationDispatcher.invoke(ApplicationDispatcher.java:743)
	at org.apache.catalina.core.ApplicationDispatcher.doInclude(ApplicationDispatcher.java:603)
	at org.apache.catalina.core.ApplicationDispatcher.include(ApplicationDispatcher.java:542)
	at org.apache.jasper.runtime.JspRuntimeLibrary.include(JspRuntimeLibrary.java:905)
	at org.apache.jasper.runtime.PageContextImpl.include(PageContextImpl.java:656)
	at org.jboss.dashboard.ui.taglib.BaseTag.jspInclude(BaseTag.java:51)
	at org.jboss.dashboard.ui.taglib.PaneTag.doEndTag(PaneTag.java:38)
	at org.apache.jsp.envelopes.IFCE_005fEnvelope.full_jsp._jspx_meth_mvc_005fpane_005f0(full_jsp.java:335)
	at org.apache.jsp.envelopes.IFCE_005fEnvelope.full_jsp._jspService(full_jsp.java:207)
	at org.apache.jasper.runtime.HttpJspBase.service(HttpJspBase.java:70)
	at javax.servlet.http.HttpServlet.service(HttpServlet.java:731)
	at org.apache.jasper.servlet.JspServletWrapper.service(JspServletWrapper.java:439)
	at org.apache.jasper.servlet.JspServlet.serviceJspFile(JspServlet.java:395)
	at org.apache.jasper.servlet.JspServlet.service(JspServlet.java:339)
	at javax.servlet.http.HttpServlet.service(HttpServlet.java:731)
	at org.apache.catalina.core.ApplicationFilterChain.internalDoFilter(ApplicationFilterChain.java:303)
	at org.apache.catalina.core.ApplicationFilterChain.doFilter(ApplicationFilterChain.java:208)
	at org.apache.catalina.core.ApplicationDispatcher.invoke(ApplicationDispatcher.java:743)
	at org.apache.catalina.core.ApplicationDispatcher.doInclude(ApplicationDispatcher.java:603)
	at org.apache.catalina.core.ApplicationDispatcher.include(ApplicationDispatcher.java:542)
	at org.apache.jasper.runtime.JspRuntimeLibrary.include(JspRuntimeLibrary.java:905)
	at org.apache.jasper.runtime.PageContextImpl.include(PageContextImpl.java:656)
	at org.jboss.dashboard.ui.taglib.BaseTag.jspInclude(BaseTag.java:51)
	at org.jboss.dashboard.ui.taglib.JSPIncludeTag.doStartTag(JSPIncludeTag.java:48)
	at org.apache.jsp.templates.standard_005ftemplate_jsp._jspService(standard_005ftemplate_jsp.java:166)
	at org.apache.jasper.runtime.HttpJspBase.service(HttpJspBase.java:70)
	at javax.servlet.http.HttpServlet.service(HttpServlet.java:731)
	at org.apache.jasper.servlet.JspServletWrapper.service(JspServletWrapper.java:439)
	at org.apache.jasper.servlet.JspServlet.serviceJspFile(JspServlet.java:395)
	at org.apache.jasper.servlet.JspServlet.service(JspServlet.java:339)
	at javax.servlet.http.HttpServlet.service(HttpServlet.java:731)
	at org.apache.catalina.core.ApplicationFilterChain.internalDoFilter(ApplicationFilterChain.java:303)
	at org.apache.catalina.core.ApplicationFilterChain.doFilter(ApplicationFilterChain.java:208)
	at org.apache.catalina.core.ApplicationDispatcher.invoke(ApplicationDispatcher.java:743)
	at org.apache.catalina.core.ApplicationDispatcher.doInclude(ApplicationDispatcher.java:603)
	at org.apache.catalina.core.ApplicationDispatcher.include(ApplicationDispatcher.java:542)
	at org.jboss.dashboard.ui.controller.responses.ShowScreenResponse.execute(ShowScreenResponse.java:45)
	at org.jboss.dashboard.ui.controller.requestChain.RequestRenderer.processRequest(RequestRenderer.java:35)
	at org.jboss.dashboard.ui.controller.requestChain.RequestRenderer$Proxy$_$$_WeldClientProxy.processRequest(RequestRenderer$Proxy$_$$_WeldClientProxy.java)
	at org.jboss.dashboard.ui.ResponseProcessor.run(ResponseProcessor.java:49)
	at org.jboss.dashboard.ui.ResponseProcessor$Proxy$_$$_WeldClientProxy.run(ResponseProcessor$Proxy$_$$_WeldClientProxy.java)
	at org.jboss.dashboard.ui.controller.ControllerServlet$2.txFragment(ControllerServlet.java:192)
	at org.jboss.dashboard.database.hibernate.HibernateTransaction.executeFragment(HibernateTransaction.java:252)
	at org.jboss.dashboard.database.hibernate.HibernateTxFragment.executeInitiator(HibernateTxFragment.java:179)
	at org.jboss.dashboard.database.hibernate.HibernateTxFragment.execute(HibernateTxFragment.java:167)
	at org.jboss.dashboard.ui.controller.ControllerServlet.processTheView(ControllerServlet.java:189)
	at org.jboss.dashboard.ui.controller.ControllerServlet.service(ControllerServlet.java:138)
	at javax.servlet.http.HttpServlet.service(HttpServlet.java:731)
	at org.apache.catalina.core.ApplicationFilterChain.internalDoFilter(ApplicationFilterChain.java:303)
	at org.apache.catalina.core.ApplicationFilterChain.doFilter(ApplicationFilterChain.java:208)
	at org.apache.tomcat.websocket.server.WsFilter.doFilter(WsFilter.java:52)
	at org.apache.catalina.core.ApplicationFilterChain.internalDoFilter(ApplicationFilterChain.java:241)
	at org.apache.catalina.core.ApplicationFilterChain.doFilter(ApplicationFilterChain.java:208)
	at org.jboss.dashboard.ui.controller.SecureHeaderFilter.doFilter(SecureHeaderFilter.java:62)
	at org.apache.catalina.core.ApplicationFilterChain.internalDoFilter(ApplicationFilterChain.java:241)
	at org.apache.catalina.core.ApplicationFilterChain.doFilter(ApplicationFilterChain.java:208)
	at org.apache.catalina.core.StandardWrapperValve.invoke(StandardWrapperValve.java:218)
	at org.apache.catalina.core.StandardContextValve.invoke(StandardContextValve.java:110)
	at org.apache.catalina.authenticator.AuthenticatorBase.invoke(AuthenticatorBase.java:615)
	at org.apache.catalina.core.StandardHostValve.invoke(StandardHostValve.java:169)
	at org.apache.catalina.valves.ErrorReportValve.invoke(ErrorReportValve.java:103)
	at org.apache.catalina.valves.AccessLogValve.invoke(AccessLogValve.java:962)
	at org.apache.catalina.core.StandardEngineValve.invoke(StandardEngineValve.java:116)
	at org.apache.catalina.connector.CoyoteAdapter.service(CoyoteAdapter.java:445)
	at org.apache.coyote.http11.AbstractHttp11Processor.process(AbstractHttp11Processor.java:1115)
	at org.apache.coyote.AbstractProtocol$AbstractConnectionHandler.process(AbstractProtocol.java:637)
	at org.apache.tomcat.util.net.JIoEndpoint$SocketProcessor.run(JIoEndpoint.java:318)
	at java.util.concurrent.ThreadPoolExecutor.runWorker(ThreadPoolExecutor.java:1152)
	at java.util.concurrent.ThreadPoolExecutor$Worker.run(ThreadPoolExecutor.java:622)
	at org.apache.tomcat.util.threads.TaskThread$WrappingRunnable.run(TaskThread.java:61)
	at java.lang.Thread.run(Thread.java:748)

Set 22, 2017 10:08:27 AM org.apache.catalina.core.ApplicationDispatcher invoke
GRAVE: Servlet.service() for servlet jsp threw exception
java.lang.NullPointerException
	at org.apache.jasper.runtime.JspRuntimeLibrary.include(JspRuntimeLibrary.java:905)
	at org.apache.jsp.configuration.show_jsp._jspx_meth_mvc_005ffragment_005f1(show_jsp.java:814)
	at org.apache.jsp.configuration.show_jsp._jspService(show_jsp.java:655)
	at org.apache.jasper.runtime.HttpJspBase.service(HttpJspBase.java:70)
	at javax.servlet.http.HttpServlet.service(HttpServlet.java:731)
	at org.apache.jasper.servlet.JspServletWrapper.service(JspServletWrapper.java:439)
	at org.apache.jasper.servlet.JspServlet.serviceJspFile(JspServlet.java:395)
	at org.apache.jasper.servlet.JspServlet.service(JspServlet.java:339)
	at javax.servlet.http.HttpServlet.service(HttpServlet.java:731)
	at org.apache.catalina.core.ApplicationFilterChain.internalDoFilter(ApplicationFilterChain.java:303)
	at org.apache.catalina.core.ApplicationFilterChain.doFilter(ApplicationFilterChain.java:208)
	at org.apache.catalina.core.ApplicationDispatcher.invoke(ApplicationDispatcher.java:743)
	at org.apache.catalina.core.ApplicationDispatcher.doInclude(ApplicationDispatcher.java:603)
	at org.apache.catalina.core.ApplicationDispatcher.include(ApplicationDispatcher.java:542)
	at org.apache.jasper.runtime.JspRuntimeLibrary.include(JspRuntimeLibrary.java:905)
	at org.apache.jasper.runtime.PageContextImpl.include(PageContextImpl.java:656)
	at org.jboss.dashboard.ui.taglib.BaseTag.jspInclude(BaseTag.java:51)
	at org.jboss.dashboard.ui.taglib.PaneTag.doEndTag(PaneTag.java:38)
	at org.apache.jsp.envelopes.IFCE_005fEnvelope.full_jsp._jspx_meth_mvc_005fpane_005f0(full_jsp.java:335)
	at org.apache.jsp.envelopes.IFCE_005fEnvelope.full_jsp._jspService(full_jsp.java:207)
	at org.apache.jasper.runtime.HttpJspBase.service(HttpJspBase.java:70)
	at javax.servlet.http.HttpServlet.service(HttpServlet.java:731)
	at org.apache.jasper.servlet.JspServletWrapper.service(JspServletWrapper.java:439)
	at org.apache.jasper.servlet.JspServlet.serviceJspFile(JspServlet.java:395)
	at org.apache.jasper.servlet.JspServlet.service(JspServlet.java:339)
	at javax.servlet.http.HttpServlet.service(HttpServlet.java:731)
	at org.apache.catalina.core.ApplicationFilterChain.internalDoFilter(ApplicationFilterChain.java:303)
	at org.apache.catalina.core.ApplicationFilterChain.doFilter(ApplicationFilterChain.java:208)
	at org.apache.catalina.core.ApplicationDispatcher.invoke(ApplicationDispatcher.java:743)
	at org.apache.catalina.core.ApplicationDispatcher.doInclude(ApplicationDispatcher.java:603)
	at org.apache.catalina.core.ApplicationDispatcher.include(ApplicationDispatcher.java:542)
	at org.apache.jasper.runtime.JspRuntimeLibrary.include(JspRuntimeLibrary.java:905)
	at org.apache.jasper.runtime.PageContextImpl.include(PageContextImpl.java:656)
	at org.jboss.dashboard.ui.taglib.BaseTag.jspInclude(BaseTag.java:51)
	at org.jboss.dashboard.ui.taglib.JSPIncludeTag.doStartTag(JSPIncludeTag.java:48)
	at org.apache.jsp.templates.standard_005ftemplate_jsp._jspService(standard_005ftemplate_jsp.java:166)
	at org.apache.jasper.runtime.HttpJspBase.service(HttpJspBase.java:70)
	at javax.servlet.http.HttpServlet.service(HttpServlet.java:731)
	at org.apache.jasper.servlet.JspServletWrapper.service(JspServletWrapper.java:439)
	at org.apache.jasper.servlet.JspServlet.serviceJspFile(JspServlet.java:395)
	at org.apache.jasper.servlet.JspServlet.service(JspServlet.java:339)
	at javax.servlet.http.HttpServlet.service(HttpServlet.java:731)
	at org.apache.catalina.core.ApplicationFilterChain.internalDoFilter(ApplicationFilterChain.java:303)
	at org.apache.catalina.core.ApplicationFilterChain.doFilter(ApplicationFilterChain.java:208)
	at org.apache.catalina.core.ApplicationDispatcher.invoke(ApplicationDispatcher.java:743)
	at org.apache.catalina.core.ApplicationDispatcher.doInclude(ApplicationDispatcher.java:603)
	at org.apache.catalina.core.ApplicationDispatcher.include(ApplicationDispatcher.java:542)
	at org.jboss.dashboard.ui.controller.responses.ShowScreenResponse.execute(ShowScreenResponse.java:45)
	at org.jboss.dashboard.ui.controller.requestChain.RequestRenderer.processRequest(RequestRenderer.java:35)
	at org.jboss.dashboard.ui.controller.requestChain.RequestRenderer$Proxy$_$$_WeldClientProxy.processRequest(RequestRenderer$Proxy$_$$_WeldClientProxy.java)
	at org.jboss.dashboard.ui.ResponseProcessor.run(ResponseProcessor.java:49)
	at org.jboss.dashboard.ui.ResponseProcessor$Proxy$_$$_WeldClientProxy.run(ResponseProcessor$Proxy$_$$_WeldClientProxy.java)
	at org.jboss.dashboard.ui.controller.ControllerServlet$2.txFragment(ControllerServlet.java:192)
	at org.jboss.dashboard.database.hibernate.HibernateTransaction.executeFragment(HibernateTransaction.java:252)
	at org.jboss.dashboard.database.hibernate.HibernateTxFragment.executeInitiator(HibernateTxFragment.java:179)
	at org.jboss.dashboard.database.hibernate.HibernateTxFragment.execute(HibernateTxFragment.java:167)
	at org.jboss.dashboard.ui.controller.ControllerServlet.processTheView(ControllerServlet.java:189)
	at org.jboss.dashboard.ui.controller.ControllerServlet.service(ControllerServlet.java:138)
	at javax.servlet.http.HttpServlet.service(HttpServlet.java:731)
	at org.apache.catalina.core.ApplicationFilterChain.internalDoFilter(ApplicationFilterChain.java:303)
	at org.apache.catalina.core.ApplicationFilterChain.doFilter(ApplicationFilterChain.java:208)
	at org.apache.tomcat.websocket.server.WsFilter.doFilter(WsFilter.java:52)
	at org.apache.catalina.core.ApplicationFilterChain.internalDoFilter(ApplicationFilterChain.java:241)
	at org.apache.catalina.core.ApplicationFilterChain.doFilter(ApplicationFilterChain.java:208)
	at org.jboss.dashboard.ui.controller.SecureHeaderFilter.doFilter(SecureHeaderFilter.java:62)
	at org.apache.catalina.core.ApplicationFilterChain.internalDoFilter(ApplicationFilterChain.java:241)
	at org.apache.catalina.core.ApplicationFilterChain.doFilter(ApplicationFilterChain.java:208)
	at org.apache.catalina.core.StandardWrapperValve.invoke(StandardWrapperValve.java:218)
	at org.apache.catalina.core.StandardContextValve.invoke(StandardContextValve.java:110)
	at org.apache.catalina.authenticator.AuthenticatorBase.invoke(AuthenticatorBase.java:615)
	at org.apache.catalina.core.StandardHostValve.invoke(StandardHostValve.java:169)
	at org.apache.catalina.valves.ErrorReportValve.invoke(ErrorReportValve.java:103)
	at org.apache.catalina.valves.AccessLogValve.invoke(AccessLogValve.java:962)
	at org.apache.catalina.core.StandardEngineValve.invoke(StandardEngineValve.java:116)
	at org.apache.catalina.connector.CoyoteAdapter.service(CoyoteAdapter.java:445)
	at org.apache.coyote.http11.AbstractHttp11Processor.process(AbstractHttp11Processor.java:1115)
	at org.apache.coyote.AbstractProtocol$AbstractConnectionHandler.process(AbstractProtocol.java:637)
	at org.apache.tomcat.util.net.JIoEndpoint$SocketProcessor.run(JIoEndpoint.java:318)
	at java.util.concurrent.ThreadPoolExecutor.runWorker(ThreadPoolExecutor.java:1152)
	at java.util.concurrent.ThreadPoolExecutor$Worker.run(ThreadPoolExecutor.java:622)
	at org.apache.tomcat.util.threads.TaskThread$WrappingRunnable.run(TaskThread.java:61)
	at java.lang.Thread.run(Thread.java:748)

Set 22, 2017 10:08:28 AM org.apache.catalina.core.ApplicationDispatcher invoke
GRAVE: Servlet.service() for servlet jsp threw exception
java.lang.NullPointerException
	at org.apache.jasper.runtime.JspRuntimeLibrary.include(JspRuntimeLibrary.java:905)
	at org.apache.jsp.configuration.show_jsp._jspx_meth_mvc_005ffragment_005f1(show_jsp.java:814)
	at org.apache.jsp.configuration.show_jsp._jspService(show_jsp.java:655)
	at org.apache.jasper.runtime.HttpJspBase.service(HttpJspBase.java:70)
	at javax.servlet.http.HttpServlet.service(HttpServlet.java:731)
	at org.apache.jasper.servlet.JspServletWrapper.service(JspServletWrapper.java:439)
	at org.apache.jasper.servlet.JspServlet.serviceJspFile(JspServlet.java:395)
	at org.apache.jasper.servlet.JspServlet.service(JspServlet.java:339)
	at javax.servlet.http.HttpServlet.service(HttpServlet.java:731)
	at org.apache.catalina.core.ApplicationFilterChain.internalDoFilter(ApplicationFilterChain.java:303)
	at org.apache.catalina.core.ApplicationFilterChain.doFilter(ApplicationFilterChain.java:208)
	at org.apache.catalina.core.ApplicationDispatcher.invoke(ApplicationDispatcher.java:743)
	at org.apache.catalina.core.ApplicationDispatcher.doInclude(ApplicationDispatcher.java:603)
	at org.apache.catalina.core.ApplicationDispatcher.include(ApplicationDispatcher.java:542)
	at org.apache.jasper.runtime.JspRuntimeLibrary.include(JspRuntimeLibrary.java:905)
	at org.apache.jasper.runtime.PageContextImpl.include(PageContextImpl.java:656)
	at org.jboss.dashboard.ui.taglib.BaseTag.jspInclude(BaseTag.java:51)
	at org.jboss.dashboard.ui.taglib.PaneTag.doEndTag(PaneTag.java:38)
	at org.apache.jsp.envelopes.IFCE_005fEnvelope.full_jsp._jspx_meth_mvc_005fpane_005f0(full_jsp.java:335)
	at org.apache.jsp.envelopes.IFCE_005fEnvelope.full_jsp._jspService(full_jsp.java:207)
	at org.apache.jasper.runtime.HttpJspBase.service(HttpJspBase.java:70)
	at javax.servlet.http.HttpServlet.service(HttpServlet.java:731)
	at org.apache.jasper.servlet.JspServletWrapper.service(JspServletWrapper.java:439)
	at org.apache.jasper.servlet.JspServlet.serviceJspFile(JspServlet.java:395)
	at org.apache.jasper.servlet.JspServlet.service(JspServlet.java:339)
	at javax.servlet.http.HttpServlet.service(HttpServlet.java:731)
	at org.apache.catalina.core.ApplicationFilterChain.internalDoFilter(ApplicationFilterChain.java:303)
	at org.apache.catalina.core.ApplicationFilterChain.doFilter(ApplicationFilterChain.java:208)
	at org.apache.catalina.core.ApplicationDispatcher.invoke(ApplicationDispatcher.java:743)
	at org.apache.catalina.core.ApplicationDispatcher.doInclude(ApplicationDispatcher.java:603)
	at org.apache.catalina.core.ApplicationDispatcher.include(ApplicationDispatcher.java:542)
	at org.apache.jasper.runtime.JspRuntimeLibrary.include(JspRuntimeLibrary.java:905)
	at org.apache.jasper.runtime.PageContextImpl.include(PageContextImpl.java:656)
	at org.jboss.dashboard.ui.taglib.BaseTag.jspInclude(BaseTag.java:51)
	at org.jboss.dashboard.ui.taglib.JSPIncludeTag.doStartTag(JSPIncludeTag.java:48)
	at org.apache.jsp.templates.standard_005ftemplate_jsp._jspService(standard_005ftemplate_jsp.java:166)
	at org.apache.jasper.runtime.HttpJspBase.service(HttpJspBase.java:70)
	at javax.servlet.http.HttpServlet.service(HttpServlet.java:731)
	at org.apache.jasper.servlet.JspServletWrapper.service(JspServletWrapper.java:439)
	at org.apache.jasper.servlet.JspServlet.serviceJspFile(JspServlet.java:395)
	at org.apache.jasper.servlet.JspServlet.service(JspServlet.java:339)
	at javax.servlet.http.HttpServlet.service(HttpServlet.java:731)
	at org.apache.catalina.core.ApplicationFilterChain.internalDoFilter(ApplicationFilterChain.java:303)
	at org.apache.catalina.core.ApplicationFilterChain.doFilter(ApplicationFilterChain.java:208)
	at org.apache.catalina.core.ApplicationDispatcher.invoke(ApplicationDispatcher.java:743)
	at org.apache.catalina.core.ApplicationDispatcher.doInclude(ApplicationDispatcher.java:603)
	at org.apache.catalina.core.ApplicationDispatcher.include(ApplicationDispatcher.java:542)
	at org.jboss.dashboard.ui.controller.responses.ShowScreenResponse.execute(ShowScreenResponse.java:45)
	at org.jboss.dashboard.ui.controller.requestChain.RequestRenderer.processRequest(RequestRenderer.java:35)
	at org.jboss.dashboard.ui.controller.requestChain.RequestRenderer$Proxy$_$$_WeldClientProxy.processRequest(RequestRenderer$Proxy$_$$_WeldClientProxy.java)
	at org.jboss.dashboard.ui.ResponseProcessor.run(ResponseProcessor.java:49)
	at org.jboss.dashboard.ui.ResponseProcessor$Proxy$_$$_WeldClientProxy.run(ResponseProcessor$Proxy$_$$_WeldClientProxy.java)
	at org.jboss.dashboard.ui.controller.ControllerServlet$2.txFragment(ControllerServlet.java:192)
	at org.jboss.dashboard.database.hibernate.HibernateTransaction.executeFragment(HibernateTransaction.java:252)
	at org.jboss.dashboard.database.hibernate.HibernateTxFragment.executeInitiator(HibernateTxFragment.java:179)
	at org.jboss.dashboard.database.hibernate.HibernateTxFragment.execute(HibernateTxFragment.java:167)
	at org.jboss.dashboard.ui.controller.ControllerServlet.processTheView(ControllerServlet.java:189)
	at org.jboss.dashboard.ui.controller.ControllerServlet.service(ControllerServlet.java:138)
	at javax.servlet.http.HttpServlet.service(HttpServlet.java:731)
	at org.apache.catalina.core.ApplicationFilterChain.internalDoFilter(ApplicationFilterChain.java:303)
	at org.apache.catalina.core.ApplicationFilterChain.doFilter(ApplicationFilterChain.java:208)
	at org.apache.tomcat.websocket.server.WsFilter.doFilter(WsFilter.java:52)
	at org.apache.catalina.core.ApplicationFilterChain.internalDoFilter(ApplicationFilterChain.java:241)
	at org.apache.catalina.core.ApplicationFilterChain.doFilter(ApplicationFilterChain.java:208)
	at org.jboss.dashboard.ui.controller.SecureHeaderFilter.doFilter(SecureHeaderFilter.java:62)
	at org.apache.catalina.core.ApplicationFilterChain.internalDoFilter(ApplicationFilterChain.java:241)
	at org.apache.catalina.core.ApplicationFilterChain.doFilter(ApplicationFilterChain.java:208)
	at org.apache.catalina.core.StandardWrapperValve.invoke(StandardWrapperValve.java:218)
	at org.apache.catalina.core.StandardContextValve.invoke(StandardContextValve.java:110)
	at org.apache.catalina.authenticator.AuthenticatorBase.invoke(AuthenticatorBase.java:615)
	at org.apache.catalina.core.StandardHostValve.invoke(StandardHostValve.java:169)
	at org.apache.catalina.valves.ErrorReportValve.invoke(ErrorReportValve.java:103)
	at org.apache.catalina.valves.AccessLogValve.invoke(AccessLogValve.java:962)
	at org.apache.catalina.core.StandardEngineValve.invoke(StandardEngineValve.java:116)
	at org.apache.catalina.connector.CoyoteAdapter.service(CoyoteAdapter.java:445)
	at org.apache.coyote.http11.AbstractHttp11Processor.process(AbstractHttp11Processor.java:1115)
	at org.apache.coyote.AbstractProtocol$AbstractConnectionHandler.process(AbstractProtocol.java:637)
	at org.apache.tomcat.util.net.JIoEndpoint$SocketProcessor.run(JIoEndpoint.java:318)
	at java.util.concurrent.ThreadPoolExecutor.runWorker(ThreadPoolExecutor.java:1152)
	at java.util.concurrent.ThreadPoolExecutor$Worker.run(ThreadPoolExecutor.java:622)
	at org.apache.tomcat.util.threads.TaskThread$WrappingRunnable.run(TaskThread.java:61)
	at java.lang.Thread.run(Thread.java:748)

Set 22, 2017 10:08:34 AM org.apache.catalina.core.ApplicationDispatcher invoke
GRAVE: Servlet.service() for servlet jsp threw exception
java.lang.NullPointerException
	at org.apache.jasper.runtime.JspRuntimeLibrary.include(JspRuntimeLibrary.java:905)
	at org.apache.jsp.configuration.show_jsp._jspx_meth_mvc_005ffragment_005f1(show_jsp.java:814)
	at org.apache.jsp.configuration.show_jsp._jspService(show_jsp.java:655)
	at org.apache.jasper.runtime.HttpJspBase.service(HttpJspBase.java:70)
	at javax.servlet.http.HttpServlet.service(HttpServlet.java:731)
	at org.apache.jasper.servlet.JspServletWrapper.service(JspServletWrapper.java:439)
	at org.apache.jasper.servlet.JspServlet.serviceJspFile(JspServlet.java:395)
	at org.apache.jasper.servlet.JspServlet.service(JspServlet.java:339)
	at javax.servlet.http.HttpServlet.service(HttpServlet.java:731)
	at org.apache.catalina.core.ApplicationFilterChain.internalDoFilter(ApplicationFilterChain.java:303)
	at org.apache.catalina.core.ApplicationFilterChain.doFilter(ApplicationFilterChain.java:208)
	at org.apache.catalina.core.ApplicationDispatcher.invoke(ApplicationDispatcher.java:743)
	at org.apache.catalina.core.ApplicationDispatcher.doInclude(ApplicationDispatcher.java:603)
	at org.apache.catalina.core.ApplicationDispatcher.include(ApplicationDispatcher.java:542)
	at org.apache.jasper.runtime.JspRuntimeLibrary.include(JspRuntimeLibrary.java:905)
	at org.apache.jasper.runtime.PageContextImpl.include(PageContextImpl.java:656)
	at org.jboss.dashboard.ui.taglib.BaseTag.jspInclude(BaseTag.java:51)
	at org.jboss.dashboard.ui.taglib.PaneTag.doEndTag(PaneTag.java:38)
	at org.apache.jsp.envelopes.IFCE_005fEnvelope.full_jsp._jspx_meth_mvc_005fpane_005f0(full_jsp.java:335)
	at org.apache.jsp.envelopes.IFCE_005fEnvelope.full_jsp._jspService(full_jsp.java:207)
	at org.apache.jasper.runtime.HttpJspBase.service(HttpJspBase.java:70)
	at javax.servlet.http.HttpServlet.service(HttpServlet.java:731)
	at org.apache.jasper.servlet.JspServletWrapper.service(JspServletWrapper.java:439)
	at org.apache.jasper.servlet.JspServlet.serviceJspFile(JspServlet.java:395)
	at org.apache.jasper.servlet.JspServlet.service(JspServlet.java:339)
	at javax.servlet.http.HttpServlet.service(HttpServlet.java:731)
	at org.apache.catalina.core.ApplicationFilterChain.internalDoFilter(ApplicationFilterChain.java:303)
	at org.apache.catalina.core.ApplicationFilterChain.doFilter(ApplicationFilterChain.java:208)
	at org.apache.catalina.core.ApplicationDispatcher.invoke(ApplicationDispatcher.java:743)
	at org.apache.catalina.core.ApplicationDispatcher.doInclude(ApplicationDispatcher.java:603)
	at org.apache.catalina.core.ApplicationDispatcher.include(ApplicationDispatcher.java:542)
	at org.apache.jasper.runtime.JspRuntimeLibrary.include(JspRuntimeLibrary.java:905)
	at org.apache.jasper.runtime.PageContextImpl.include(PageContextImpl.java:656)
	at org.jboss.dashboard.ui.taglib.BaseTag.jspInclude(BaseTag.java:51)
	at org.jboss.dashboard.ui.taglib.JSPIncludeTag.doStartTag(JSPIncludeTag.java:48)
	at org.apache.jsp.templates.standard_005ftemplate_jsp._jspService(standard_005ftemplate_jsp.java:166)
	at org.apache.jasper.runtime.HttpJspBase.service(HttpJspBase.java:70)
	at javax.servlet.http.HttpServlet.service(HttpServlet.java:731)
	at org.apache.jasper.servlet.JspServletWrapper.service(JspServletWrapper.java:439)
	at org.apache.jasper.servlet.JspServlet.serviceJspFile(JspServlet.java:395)
	at org.apache.jasper.servlet.JspServlet.service(JspServlet.java:339)
	at javax.servlet.http.HttpServlet.service(HttpServlet.java:731)
	at org.apache.catalina.core.ApplicationFilterChain.internalDoFilter(ApplicationFilterChain.java:303)
	at org.apache.catalina.core.ApplicationFilterChain.doFilter(ApplicationFilterChain.java:208)
	at org.apache.catalina.core.ApplicationDispatcher.invoke(ApplicationDispatcher.java:743)
	at org.apache.catalina.core.ApplicationDispatcher.doInclude(ApplicationDispatcher.java:603)
	at org.apache.catalina.core.ApplicationDispatcher.include(ApplicationDispatcher.java:542)
	at org.jboss.dashboard.ui.controller.responses.ShowScreenResponse.execute(ShowScreenResponse.java:45)
	at org.jboss.dashboard.ui.controller.requestChain.RequestRenderer.processRequest(RequestRenderer.java:35)
	at org.jboss.dashboard.ui.controller.requestChain.RequestRenderer$Proxy$_$$_WeldClientProxy.processRequest(RequestRenderer$Proxy$_$$_WeldClientProxy.java)
	at org.jboss.dashboard.ui.ResponseProcessor.run(ResponseProcessor.java:49)
	at org.jboss.dashboard.ui.ResponseProcessor$Proxy$_$$_WeldClientProxy.run(ResponseProcessor$Proxy$_$$_WeldClientProxy.java)
	at org.jboss.dashboard.ui.controller.ControllerServlet$2.txFragment(ControllerServlet.java:192)
	at org.jboss.dashboard.database.hibernate.HibernateTransaction.executeFragment(HibernateTransaction.java:252)
	at org.jboss.dashboard.database.hibernate.HibernateTxFragment.executeInitiator(HibernateTxFragment.java:179)
	at org.jboss.dashboard.database.hibernate.HibernateTxFragment.execute(HibernateTxFragment.java:167)
	at org.jboss.dashboard.ui.controller.ControllerServlet.processTheView(ControllerServlet.java:189)
	at org.jboss.dashboard.ui.controller.ControllerServlet.service(ControllerServlet.java:138)
	at javax.servlet.http.HttpServlet.service(HttpServlet.java:731)
	at org.apache.catalina.core.ApplicationFilterChain.internalDoFilter(ApplicationFilterChain.java:303)
	at org.apache.catalina.core.ApplicationFilterChain.doFilter(ApplicationFilterChain.java:208)
	at org.apache.tomcat.websocket.server.WsFilter.doFilter(WsFilter.java:52)
	at org.apache.catalina.core.ApplicationFilterChain.internalDoFilter(ApplicationFilterChain.java:241)
	at org.apache.catalina.core.ApplicationFilterChain.doFilter(ApplicationFilterChain.java:208)
	at org.apache.catalina.core.ApplicationDispatcher.invoke(ApplicationDispatcher.java:743)
	at org.apache.catalina.core.ApplicationDispatcher.processRequest(ApplicationDispatcher.java:485)
	at org.apache.catalina.core.ApplicationDispatcher.doForward(ApplicationDispatcher.java:410)
	at org.apache.catalina.core.ApplicationDispatcher.forward(ApplicationDispatcher.java:337)
	at org.apache.jasper.runtime.PageContextImpl.doForward(PageContextImpl.java:750)
	at org.apache.jasper.runtime.PageContextImpl.forward(PageContextImpl.java:720)
	at org.apache.jsp.index_jsp._jspService(index_jsp.java:84)
	at org.apache.jasper.runtime.HttpJspBase.service(HttpJspBase.java:70)
	at javax.servlet.http.HttpServlet.service(HttpServlet.java:731)
	at org.apache.jasper.servlet.JspServletWrapper.service(JspServletWrapper.java:439)
	at org.apache.jasper.servlet.JspServlet.serviceJspFile(JspServlet.java:395)
	at org.apache.jasper.servlet.JspServlet.service(JspServlet.java:339)
	at javax.servlet.http.HttpServlet.service(HttpServlet.java:731)
	at org.apache.catalina.core.ApplicationFilterChain.internalDoFilter(ApplicationFilterChain.java:303)
	at org.apache.catalina.core.ApplicationFilterChain.doFilter(ApplicationFilterChain.java:208)
	at org.apache.tomcat.websocket.server.WsFilter.doFilter(WsFilter.java:52)
	at org.apache.catalina.core.ApplicationFilterChain.internalDoFilter(ApplicationFilterChain.java:241)
	at org.apache.catalina.core.ApplicationFilterChain.doFilter(ApplicationFilterChain.java:208)
	at org.jboss.dashboard.ui.controller.SecureHeaderFilter.doFilter(SecureHeaderFilter.java:62)
	at org.apache.catalina.core.ApplicationFilterChain.internalDoFilter(ApplicationFilterChain.java:241)
	at org.apache.catalina.core.ApplicationFilterChain.doFilter(ApplicationFilterChain.java:208)
	at org.apache.catalina.core.StandardWrapperValve.invoke(StandardWrapperValve.java:218)
	at org.apache.catalina.core.StandardContextValve.invoke(StandardContextValve.java:110)
	at org.apache.catalina.authenticator.AuthenticatorBase.invoke(AuthenticatorBase.java:615)
	at org.apache.catalina.core.StandardHostValve.invoke(StandardHostValve.java:169)
	at org.apache.catalina.valves.ErrorReportValve.invoke(ErrorReportValve.java:103)
	at org.apache.catalina.valves.AccessLogValve.invoke(AccessLogValve.java:962)
	at org.apache.catalina.core.StandardEngineValve.invoke(StandardEngineValve.java:116)
	at org.apache.catalina.connector.CoyoteAdapter.service(CoyoteAdapter.java:445)
	at org.apache.coyote.http11.AbstractHttp11Processor.process(AbstractHttp11Processor.java:1115)
	at org.apache.coyote.AbstractProtocol$AbstractConnectionHandler.process(AbstractProtocol.java:637)
	at org.apache.tomcat.util.net.JIoEndpoint$SocketProcessor.run(JIoEndpoint.java:318)
	at java.util.concurrent.ThreadPoolExecutor.runWorker(ThreadPoolExecutor.java:1152)
	at java.util.concurrent.ThreadPoolExecutor$Worker.run(ThreadPoolExecutor.java:622)
	at org.apache.tomcat.util.threads.TaskThread$WrappingRunnable.run(TaskThread.java:61)
	at java.lang.Thread.run(Thread.java:748)

Set 22, 2017 10:08:49 AM org.apache.catalina.session.StandardSession writeObject
ADVERTÊNCIA: Cannot serialize session attribute org.jboss.weld.context.http.HttpSessionContext#org.jboss.weld.bean-flat-ManagedBean-class org.jboss.dashboard.ui.components.ModalDialogComponent for session A01DBFD43169D2613D135969EDBA15E0
java.io.NotSerializableException: org.jboss.dashboard.ui.controller.ControllerServlet$4
	at java.io.ObjectOutputStream.writeObject0(ObjectOutputStream.java:1183)
	at java.io.ObjectOutputStream.defaultWriteFields(ObjectOutputStream.java:1547)
	at java.io.ObjectOutputStream.writeSerialData(ObjectOutputStream.java:1508)
	at java.io.ObjectOutputStream.writeOrdinaryObject(ObjectOutputStream.java:1431)
	at java.io.ObjectOutputStream.writeObject0(ObjectOutputStream.java:1177)
	at java.io.ObjectOutputStream.defaultWriteFields(ObjectOutputStream.java:1547)
	at java.io.ObjectOutputStream.writeSerialData(ObjectOutputStream.java:1508)
	at java.io.ObjectOutputStream.writeOrdinaryObject(ObjectOutputStream.java:1431)
	at java.io.ObjectOutputStream.writeObject0(ObjectOutputStream.java:1177)
	at java.io.ObjectOutputStream.writeObject(ObjectOutputStream.java:347)
	at org.apache.catalina.session.StandardSession.writeObject(StandardSession.java:1700)
	at org.apache.catalina.session.StandardSession.writeObjectData(StandardSession.java:1092)
	at org.apache.catalina.session.StandardManager.doUnload(StandardManager.java:405)
	at org.apache.catalina.session.StandardManager.unload(StandardManager.java:323)
	at org.apache.catalina.session.StandardManager.stopInternal(StandardManager.java:493)
	at org.apache.catalina.util.LifecycleBase.stop(LifecycleBase.java:221)
	at org.apache.catalina.core.StandardContext.stopInternal(StandardContext.java:5825)
	at org.apache.catalina.util.LifecycleBase.stop(LifecycleBase.java:221)
	at org.apache.catalina.core.ContainerBase$StopChild.call(ContainerBase.java:1587)
	at org.apache.catalina.core.ContainerBase$StopChild.call(ContainerBase.java:1576)
	at java.util.concurrent.FutureTask.run(FutureTask.java:262)
	at java.util.concurrent.ThreadPoolExecutor.runWorker(ThreadPoolExecutor.java:1152)
	at java.util.concurrent.ThreadPoolExecutor$Worker.run(ThreadPoolExecutor.java:622)
	at java.lang.Thread.run(Thread.java:748)

Set 22, 2017 10:08:49 AM org.apache.catalina.session.StandardSession writeObject
ADVERTÊNCIA: Cannot serialize session attribute org.jboss.weld.context.http.HttpSessionContext#org.jboss.weld.bean-flat-ManagedBean-class org.jboss.dashboard.ui.components.ErrorReportHandler for session A01DBFD43169D2613D135969EDBA15E0
java.io.NotSerializableException: org.jboss.dashboard.ui.controller.ControllerServlet$3
	at java.io.ObjectOutputStream.writeObject0(ObjectOutputStream.java:1183)
	at java.io.ObjectOutputStream.defaultWriteFields(ObjectOutputStream.java:1547)
	at java.io.ObjectOutputStream.writeSerialData(ObjectOutputStream.java:1508)
	at java.io.ObjectOutputStream.writeOrdinaryObject(ObjectOutputStream.java:1431)
	at java.io.ObjectOutputStream.writeObject0(ObjectOutputStream.java:1177)
	at java.io.ObjectOutputStream.defaultWriteFields(ObjectOutputStream.java:1547)
	at java.io.ObjectOutputStream.writeSerialData(ObjectOutputStream.java:1508)
	at java.io.ObjectOutputStream.writeOrdinaryObject(ObjectOutputStream.java:1431)
	at java.io.ObjectOutputStream.writeObject0(ObjectOutputStream.java:1177)
	at java.io.ObjectOutputStream.writeObject(ObjectOutputStream.java:347)
	at org.apache.catalina.session.StandardSession.writeObject(StandardSession.java:1700)
	at org.apache.catalina.session.StandardSession.writeObjectData(StandardSession.java:1092)
	at org.apache.catalina.session.StandardManager.doUnload(StandardManager.java:405)
	at org.apache.catalina.session.StandardManager.unload(StandardManager.java:323)
	at org.apache.catalina.session.StandardManager.stopInternal(StandardManager.java:493)
	at org.apache.catalina.util.LifecycleBase.stop(LifecycleBase.java:221)
	at org.apache.catalina.core.StandardContext.stopInternal(StandardContext.java:5825)
	at org.apache.catalina.util.LifecycleBase.stop(LifecycleBase.java:221)
	at org.apache.catalina.core.ContainerBase$StopChild.call(ContainerBase.java:1587)
	at org.apache.catalina.core.ContainerBase$StopChild.call(ContainerBase.java:1576)
	at java.util.concurrent.FutureTask.run(FutureTask.java:262)
	at java.util.concurrent.ThreadPoolExecutor.runWorker(ThreadPoolExecutor.java:1152)
	at java.util.concurrent.ThreadPoolExecutor$Worker.run(ThreadPoolExecutor.java:622)
	at java.lang.Thread.run(Thread.java:748)

Set 22, 2017 10:08:49 AM org.apache.catalina.core.ApplicationContext log
INFORMAÇÕES: SessionListener: contextDestroyed()
Set 22, 2017 10:08:49 AM org.apache.catalina.core.ApplicationContext log
INFORMAÇÕES: ContextListener: contextDestroyed()
Set 22, 2017 10:09:04 AM org.apache.catalina.session.StandardSession readObject
ADVERTÊNCIA: Cannot deserialize session attribute org.jboss.weld.context.http.HttpSessionContext#org.jboss.weld.bean-flat-ManagedBean-class org.jboss.dashboard.ui.components.ModalDialogComponent for session A01DBFD43169D2613D135969EDBA15E0
Set 22, 2017 10:09:13 AM org.apache.catalina.core.ApplicationContext log
INFORMAÇÕES: ContextListener: contextInitialized()
Set 22, 2017 10:09:13 AM org.apache.catalina.core.ApplicationContext log
INFORMAÇÕES: SessionListener: contextInitialized()
Set 22, 2017 10:09:13 AM org.apache.catalina.core.ApplicationContext log
INFORMAÇÕES: ContextListener: attributeAdded('org.apache.jasper.compiler.TldLocationsCache', 'org.apache.jasper.compiler.TldLocationsCache@32e8d237')
Set 22, 2017 10:09:50 AM org.apache.catalina.session.StandardSession writeObject
ADVERTÊNCIA: Cannot serialize session attribute org.jboss.weld.context.http.HttpSessionContext#org.jboss.weld.bean-flat-ManagedBean-class org.jboss.dashboard.dataset.DataSetManagerImpl for session D5B8A15D9E8BDD7B7E5D7D48D1DD4C30
java.io.NotSerializableException: org.jboss.dashboard.dataset.DataSetManagerImpl$DataSetHolder
	at java.io.ObjectOutputStream.writeObject0(ObjectOutputStream.java:1183)
	at java.io.ObjectOutputStream.writeObject(ObjectOutputStream.java:347)
	at java.util.HashMap.writeObject(HashMap.java:1129)
	at sun.reflect.NativeMethodAccessorImpl.invoke0(Native Method)
	at sun.reflect.NativeMethodAccessorImpl.invoke(NativeMethodAccessorImpl.java:57)
	at sun.reflect.DelegatingMethodAccessorImpl.invoke(DelegatingMethodAccessorImpl.java:43)
	at java.lang.reflect.Method.invoke(Method.java:606)
	at java.io.ObjectStreamClass.invokeWriteObject(ObjectStreamClass.java:1028)
	at java.io.ObjectOutputStream.writeSerialData(ObjectOutputStream.java:1495)
	at java.io.ObjectOutputStream.writeOrdinaryObject(ObjectOutputStream.java:1431)
	at java.io.ObjectOutputStream.writeObject0(ObjectOutputStream.java:1177)
	at java.io.ObjectOutputStream.defaultWriteFields(ObjectOutputStream.java:1547)
	at java.io.ObjectOutputStream.writeSerialData(ObjectOutputStream.java:1508)
	at java.io.ObjectOutputStream.writeOrdinaryObject(ObjectOutputStream.java:1431)
	at java.io.ObjectOutputStream.writeObject0(ObjectOutputStream.java:1177)
	at java.io.ObjectOutputStream.defaultWriteFields(ObjectOutputStream.java:1547)
	at java.io.ObjectOutputStream.writeSerialData(ObjectOutputStream.java:1508)
	at java.io.ObjectOutputStream.writeOrdinaryObject(ObjectOutputStream.java:1431)
	at java.io.ObjectOutputStream.writeObject0(ObjectOutputStream.java:1177)
	at java.io.ObjectOutputStream.writeObject(ObjectOutputStream.java:347)
	at org.apache.catalina.session.StandardSession.writeObject(StandardSession.java:1700)
	at org.apache.catalina.session.StandardSession.writeObjectData(StandardSession.java:1092)
	at org.apache.catalina.session.StandardManager.doUnload(StandardManager.java:405)
	at org.apache.catalina.session.StandardManager.unload(StandardManager.java:323)
	at org.apache.catalina.session.StandardManager.stopInternal(StandardManager.java:493)
	at org.apache.catalina.util.LifecycleBase.stop(LifecycleBase.java:221)
	at org.apache.catalina.core.StandardContext.stopInternal(StandardContext.java:5825)
	at org.apache.catalina.util.LifecycleBase.stop(LifecycleBase.java:221)
	at org.apache.catalina.core.ContainerBase$StopChild.call(ContainerBase.java:1587)
	at org.apache.catalina.core.ContainerBase$StopChild.call(ContainerBase.java:1576)
	at java.util.concurrent.FutureTask.run(FutureTask.java:262)
	at java.util.concurrent.ThreadPoolExecutor.runWorker(ThreadPoolExecutor.java:1152)
	at java.util.concurrent.ThreadPoolExecutor$Worker.run(ThreadPoolExecutor.java:622)
	at java.lang.Thread.run(Thread.java:748)

Set 22, 2017 10:09:50 AM org.apache.catalina.session.StandardSession writeObject
ADVERTÊNCIA: Cannot serialize session attribute org.jboss.weld.context.http.HttpSessionContext#org.jboss.weld.bean-flat-ManagedBean-class org.jboss.dashboard.ui.components.DashboardHandler for session D5B8A15D9E8BDD7B7E5D7D48D1DD4C30
java.io.NotSerializableException: org.jboss.dashboard.ui.Dashboard
	at java.io.ObjectOutputStream.writeObject0(ObjectOutputStream.java:1183)
	at java.io.ObjectOutputStream.defaultWriteFields(ObjectOutputStream.java:1547)
	at java.io.ObjectOutputStream.writeSerialData(ObjectOutputStream.java:1508)
	at java.io.ObjectOutputStream.writeOrdinaryObject(ObjectOutputStream.java:1431)
	at java.io.ObjectOutputStream.writeObject0(ObjectOutputStream.java:1177)
	at java.io.ObjectOutputStream.defaultWriteFields(ObjectOutputStream.java:1547)
	at java.io.ObjectOutputStream.writeSerialData(ObjectOutputStream.java:1508)
	at java.io.ObjectOutputStream.writeOrdinaryObject(ObjectOutputStream.java:1431)
	at java.io.ObjectOutputStream.writeObject0(ObjectOutputStream.java:1177)
	at java.io.ObjectOutputStream.writeObject(ObjectOutputStream.java:347)
	at org.apache.catalina.session.StandardSession.writeObject(StandardSession.java:1700)
	at org.apache.catalina.session.StandardSession.writeObjectData(StandardSession.java:1092)
	at org.apache.catalina.session.StandardManager.doUnload(StandardManager.java:405)
	at org.apache.catalina.session.StandardManager.unload(StandardManager.java:323)
	at org.apache.catalina.session.StandardManager.stopInternal(StandardManager.java:493)
	at org.apache.catalina.util.LifecycleBase.stop(LifecycleBase.java:221)
	at org.apache.catalina.core.StandardContext.stopInternal(StandardContext.java:5825)
	at org.apache.catalina.util.LifecycleBase.stop(LifecycleBase.java:221)
	at org.apache.catalina.core.ContainerBase$StopChild.call(ContainerBase.java:1587)
	at org.apache.catalina.core.ContainerBase$StopChild.call(ContainerBase.java:1576)
	at java.util.concurrent.FutureTask.run(FutureTask.java:262)
	at java.util.concurrent.ThreadPoolExecutor.runWorker(ThreadPoolExecutor.java:1152)
	at java.util.concurrent.ThreadPoolExecutor$Worker.run(ThreadPoolExecutor.java:622)
	at java.lang.Thread.run(Thread.java:748)

Set 22, 2017 10:09:51 AM org.apache.catalina.core.ApplicationContext log
INFORMAÇÕES: SessionListener: contextDestroyed()
Set 22, 2017 10:09:51 AM org.apache.catalina.core.ApplicationContext log
INFORMAÇÕES: ContextListener: contextDestroyed()
Set 22, 2017 10:10:05 AM org.apache.catalina.session.StandardSession readObject
ADVERTÊNCIA: Cannot deserialize session attribute org.jboss.weld.context.http.HttpSessionContext#org.jboss.weld.bean-flat-ManagedBean-class org.jboss.dashboard.dataset.DataSetManagerImpl for session D5B8A15D9E8BDD7B7E5D7D48D1DD4C30
Set 22, 2017 10:10:13 AM org.apache.catalina.core.ApplicationContext log
INFORMAÇÕES: ContextListener: contextInitialized()
Set 22, 2017 10:10:13 AM org.apache.catalina.core.ApplicationContext log
INFORMAÇÕES: SessionListener: contextInitialized()
Set 22, 2017 10:10:13 AM org.apache.catalina.core.ApplicationContext log
INFORMAÇÕES: ContextListener: attributeAdded('org.apache.jasper.compiler.TldLocationsCache', 'org.apache.jasper.compiler.TldLocationsCache@4036f582')
