ago 01, 2017 10:18:55 AM org.apache.catalina.session.StandardSession readObject
ADVERTÊNCIA: Cannot deserialize session attribute org.jboss.weld.context.http.HttpSessionContext#org.jboss.weld.bean-flat-ManagedBean-class org.jboss.dashboard.ui.components.DashboardHandler for session 1C155455F0A9EBD99A1D630584F28682
ago 01, 2017 10:19:06 AM org.apache.catalina.core.ApplicationContext log
INFORMAÇÕES: ContextListener: contextInitialized()
ago 01, 2017 10:19:06 AM org.apache.catalina.core.ApplicationContext log
INFORMAÇÕES: SessionListener: contextInitialized()
ago 01, 2017 10:19:06 AM org.apache.catalina.core.ApplicationContext log
INFORMAÇÕES: ContextListener: attributeAdded('org.apache.jasper.compiler.TldLocationsCache', 'org.apache.jasper.compiler.TldLocationsCache@1f4a98e')
ago 01, 2017 10:26:38 AM org.apache.catalina.core.ApplicationDispatcher invoke
GRAVE: Servlet.service() for servlet jsp threw exception
java.util.MissingResourceException: Can't find resource for bundle java.util.PropertyResourceBundle, key index.jsp
	at java.util.ResourceBundle.getObject(ResourceBundle.java:450)
	at java.util.ResourceBundle.getString(ResourceBundle.java:407)
	at org.apache.jsp.login_jsp._jspService(login_jsp.java:247)
	at org.apache.jasper.runtime.HttpJspBase.service(HttpJspBase.java:70)
	at javax.servlet.http.HttpServlet.service(HttpServlet.java:731)
	at org.apache.jasper.servlet.JspServletWrapper.service(JspServletWrapper.java:439)
	at org.apache.jasper.servlet.JspServlet.serviceJspFile(JspServlet.java:395)
	at org.apache.jasper.servlet.JspServlet.service(JspServlet.java:339)
	at javax.servlet.http.HttpServlet.service(HttpServlet.java:731)
	at org.apache.catalina.core.ApplicationFilterChain.internalDoFilter(ApplicationFilterChain.java:303)
	at org.apache.catalina.core.ApplicationFilterChain.doFilter(ApplicationFilterChain.java:208)
	at org.apache.tomcat.websocket.server.WsFilter.doFilter(WsFilter.java:52)
	at org.apache.catalina.core.ApplicationFilterChain.internalDoFilter(ApplicationFilterChain.java:241)
	at org.apache.catalina.core.ApplicationFilterChain.doFilter(ApplicationFilterChain.java:208)
	at org.apache.catalina.core.ApplicationDispatcher.invoke(ApplicationDispatcher.java:743)
	at org.apache.catalina.core.ApplicationDispatcher.processRequest(ApplicationDispatcher.java:485)
	at org.apache.catalina.core.ApplicationDispatcher.doForward(ApplicationDispatcher.java:410)
	at org.apache.catalina.core.ApplicationDispatcher.forward(ApplicationDispatcher.java:337)
	at org.apache.catalina.authenticator.FormAuthenticator.forwardToLoginPage(FormAuthenticator.java:410)
	at org.apache.catalina.authenticator.FormAuthenticator.authenticate(FormAuthenticator.java:265)
	at org.apache.catalina.authenticator.AuthenticatorBase.authenticate(AuthenticatorBase.java:686)
	at org.apache.catalina.authenticator.AuthenticatorBase.invoke(AuthenticatorBase.java:476)
	at org.apache.catalina.core.StandardHostValve.invoke(StandardHostValve.java:169)
	at org.apache.catalina.valves.ErrorReportValve.invoke(ErrorReportValve.java:103)
	at org.apache.catalina.valves.AccessLogValve.invoke(AccessLogValve.java:962)
	at org.apache.catalina.core.StandardEngineValve.invoke(StandardEngineValve.java:116)
	at org.apache.catalina.connector.CoyoteAdapter.service(CoyoteAdapter.java:445)
	at org.apache.coyote.http11.AbstractHttp11Processor.process(AbstractHttp11Processor.java:1115)
	at org.apache.coyote.AbstractProtocol$AbstractConnectionHandler.process(AbstractProtocol.java:637)
	at org.apache.tomcat.util.net.JIoEndpoint$SocketProcessor.run(JIoEndpoint.java:316)
	at java.util.concurrent.ThreadPoolExecutor.runWorker(ThreadPoolExecutor.java:1142)
	at java.util.concurrent.ThreadPoolExecutor$Worker.run(ThreadPoolExecutor.java:617)
	at org.apache.tomcat.util.threads.TaskThread$WrappingRunnable.run(TaskThread.java:61)
	at java.lang.Thread.run(Thread.java:748)

ago 01, 2017 10:29:39 AM org.apache.catalina.core.ApplicationDispatcher invoke
GRAVE: Servlet.service() for servlet jsp threw exception
java.util.MissingResourceException: Can't find resource for bundle java.util.PropertyResourceBundle, key deppi
	at java.util.ResourceBundle.getObject(ResourceBundle.java:450)
	at java.util.ResourceBundle.getString(ResourceBundle.java:407)
	at org.apache.jsp.login_jsp._jspService(login_jsp.java:253)
	at org.apache.jasper.runtime.HttpJspBase.service(HttpJspBase.java:70)
	at javax.servlet.http.HttpServlet.service(HttpServlet.java:731)
	at org.apache.jasper.servlet.JspServletWrapper.service(JspServletWrapper.java:439)
	at org.apache.jasper.servlet.JspServlet.serviceJspFile(JspServlet.java:395)
	at org.apache.jasper.servlet.JspServlet.service(JspServlet.java:339)
	at javax.servlet.http.HttpServlet.service(HttpServlet.java:731)
	at org.apache.catalina.core.ApplicationFilterChain.internalDoFilter(ApplicationFilterChain.java:303)
	at org.apache.catalina.core.ApplicationFilterChain.doFilter(ApplicationFilterChain.java:208)
	at org.apache.tomcat.websocket.server.WsFilter.doFilter(WsFilter.java:52)
	at org.apache.catalina.core.ApplicationFilterChain.internalDoFilter(ApplicationFilterChain.java:241)
	at org.apache.catalina.core.ApplicationFilterChain.doFilter(ApplicationFilterChain.java:208)
	at org.apache.catalina.core.ApplicationDispatcher.invoke(ApplicationDispatcher.java:743)
	at org.apache.catalina.core.ApplicationDispatcher.processRequest(ApplicationDispatcher.java:485)
	at org.apache.catalina.core.ApplicationDispatcher.doForward(ApplicationDispatcher.java:410)
	at org.apache.catalina.core.ApplicationDispatcher.forward(ApplicationDispatcher.java:337)
	at org.apache.catalina.authenticator.FormAuthenticator.forwardToLoginPage(FormAuthenticator.java:410)
	at org.apache.catalina.authenticator.FormAuthenticator.authenticate(FormAuthenticator.java:265)
	at org.apache.catalina.authenticator.AuthenticatorBase.authenticate(AuthenticatorBase.java:686)
	at org.apache.catalina.authenticator.AuthenticatorBase.invoke(AuthenticatorBase.java:476)
	at org.apache.catalina.core.StandardHostValve.invoke(StandardHostValve.java:169)
	at org.apache.catalina.valves.ErrorReportValve.invoke(ErrorReportValve.java:103)
	at org.apache.catalina.valves.AccessLogValve.invoke(AccessLogValve.java:962)
	at org.apache.catalina.core.StandardEngineValve.invoke(StandardEngineValve.java:116)
	at org.apache.catalina.connector.CoyoteAdapter.service(CoyoteAdapter.java:445)
	at org.apache.coyote.http11.AbstractHttp11Processor.process(AbstractHttp11Processor.java:1115)
	at org.apache.coyote.AbstractProtocol$AbstractConnectionHandler.process(AbstractProtocol.java:637)
	at org.apache.tomcat.util.net.JIoEndpoint$SocketProcessor.run(JIoEndpoint.java:316)
	at java.util.concurrent.ThreadPoolExecutor.runWorker(ThreadPoolExecutor.java:1142)
	at java.util.concurrent.ThreadPoolExecutor$Worker.run(ThreadPoolExecutor.java:617)
	at org.apache.tomcat.util.threads.TaskThread$WrappingRunnable.run(TaskThread.java:61)
	at java.lang.Thread.run(Thread.java:748)

ago 01, 2017 10:38:01 AM org.apache.catalina.core.ApplicationDispatcher invoke
GRAVE: Servlet.service() for servlet jsp threw exception
java.util.MissingResourceException: Can't find resource for bundle java.util.PropertyResourceBundle, key deppi
	at java.util.ResourceBundle.getObject(ResourceBundle.java:450)
	at java.util.ResourceBundle.getString(ResourceBundle.java:407)
	at org.apache.jsp.login_jsp._jspService(login_jsp.java:253)
	at org.apache.jasper.runtime.HttpJspBase.service(HttpJspBase.java:70)
	at javax.servlet.http.HttpServlet.service(HttpServlet.java:731)
	at org.apache.jasper.servlet.JspServletWrapper.service(JspServletWrapper.java:439)
	at org.apache.jasper.servlet.JspServlet.serviceJspFile(JspServlet.java:395)
	at org.apache.jasper.servlet.JspServlet.service(JspServlet.java:339)
	at javax.servlet.http.HttpServlet.service(HttpServlet.java:731)
	at org.apache.catalina.core.ApplicationFilterChain.internalDoFilter(ApplicationFilterChain.java:303)
	at org.apache.catalina.core.ApplicationFilterChain.doFilter(ApplicationFilterChain.java:208)
	at org.apache.tomcat.websocket.server.WsFilter.doFilter(WsFilter.java:52)
	at org.apache.catalina.core.ApplicationFilterChain.internalDoFilter(ApplicationFilterChain.java:241)
	at org.apache.catalina.core.ApplicationFilterChain.doFilter(ApplicationFilterChain.java:208)
	at org.apache.catalina.core.ApplicationDispatcher.invoke(ApplicationDispatcher.java:743)
	at org.apache.catalina.core.ApplicationDispatcher.processRequest(ApplicationDispatcher.java:485)
	at org.apache.catalina.core.ApplicationDispatcher.doForward(ApplicationDispatcher.java:410)
	at org.apache.catalina.core.ApplicationDispatcher.forward(ApplicationDispatcher.java:337)
	at org.apache.catalina.authenticator.FormAuthenticator.forwardToLoginPage(FormAuthenticator.java:410)
	at org.apache.catalina.authenticator.FormAuthenticator.authenticate(FormAuthenticator.java:265)
	at org.apache.catalina.authenticator.AuthenticatorBase.authenticate(AuthenticatorBase.java:686)
	at org.apache.catalina.authenticator.AuthenticatorBase.invoke(AuthenticatorBase.java:476)
	at org.apache.catalina.core.StandardHostValve.invoke(StandardHostValve.java:169)
	at org.apache.catalina.valves.ErrorReportValve.invoke(ErrorReportValve.java:103)
	at org.apache.catalina.valves.AccessLogValve.invoke(AccessLogValve.java:962)
	at org.apache.catalina.core.StandardEngineValve.invoke(StandardEngineValve.java:116)
	at org.apache.catalina.connector.CoyoteAdapter.service(CoyoteAdapter.java:445)
	at org.apache.coyote.http11.AbstractHttp11Processor.process(AbstractHttp11Processor.java:1115)
	at org.apache.coyote.AbstractProtocol$AbstractConnectionHandler.process(AbstractProtocol.java:637)
	at org.apache.tomcat.util.net.JIoEndpoint$SocketProcessor.run(JIoEndpoint.java:316)
	at java.util.concurrent.ThreadPoolExecutor.runWorker(ThreadPoolExecutor.java:1142)
	at java.util.concurrent.ThreadPoolExecutor$Worker.run(ThreadPoolExecutor.java:617)
	at org.apache.tomcat.util.threads.TaskThread$WrappingRunnable.run(TaskThread.java:61)
	at java.lang.Thread.run(Thread.java:748)

ago 01, 2017 10:38:05 AM org.apache.catalina.core.ApplicationDispatcher invoke
GRAVE: Servlet.service() for servlet jsp threw exception
java.util.MissingResourceException: Can't find resource for bundle java.util.PropertyResourceBundle, key deppi
	at java.util.ResourceBundle.getObject(ResourceBundle.java:450)
	at java.util.ResourceBundle.getString(ResourceBundle.java:407)
	at org.apache.jsp.login_jsp._jspService(login_jsp.java:253)
	at org.apache.jasper.runtime.HttpJspBase.service(HttpJspBase.java:70)
	at javax.servlet.http.HttpServlet.service(HttpServlet.java:731)
	at org.apache.jasper.servlet.JspServletWrapper.service(JspServletWrapper.java:439)
	at org.apache.jasper.servlet.JspServlet.serviceJspFile(JspServlet.java:395)
	at org.apache.jasper.servlet.JspServlet.service(JspServlet.java:339)
	at javax.servlet.http.HttpServlet.service(HttpServlet.java:731)
	at org.apache.catalina.core.ApplicationFilterChain.internalDoFilter(ApplicationFilterChain.java:303)
	at org.apache.catalina.core.ApplicationFilterChain.doFilter(ApplicationFilterChain.java:208)
	at org.apache.tomcat.websocket.server.WsFilter.doFilter(WsFilter.java:52)
	at org.apache.catalina.core.ApplicationFilterChain.internalDoFilter(ApplicationFilterChain.java:241)
	at org.apache.catalina.core.ApplicationFilterChain.doFilter(ApplicationFilterChain.java:208)
	at org.apache.catalina.core.ApplicationDispatcher.invoke(ApplicationDispatcher.java:743)
	at org.apache.catalina.core.ApplicationDispatcher.processRequest(ApplicationDispatcher.java:485)
	at org.apache.catalina.core.ApplicationDispatcher.doForward(ApplicationDispatcher.java:410)
	at org.apache.catalina.core.ApplicationDispatcher.forward(ApplicationDispatcher.java:337)
	at org.apache.catalina.authenticator.FormAuthenticator.forwardToLoginPage(FormAuthenticator.java:410)
	at org.apache.catalina.authenticator.FormAuthenticator.authenticate(FormAuthenticator.java:265)
	at org.apache.catalina.authenticator.AuthenticatorBase.authenticate(AuthenticatorBase.java:686)
	at org.apache.catalina.authenticator.AuthenticatorBase.invoke(AuthenticatorBase.java:476)
	at org.apache.catalina.core.StandardHostValve.invoke(StandardHostValve.java:169)
	at org.apache.catalina.valves.ErrorReportValve.invoke(ErrorReportValve.java:103)
	at org.apache.catalina.valves.AccessLogValve.invoke(AccessLogValve.java:962)
	at org.apache.catalina.core.StandardEngineValve.invoke(StandardEngineValve.java:116)
	at org.apache.catalina.connector.CoyoteAdapter.service(CoyoteAdapter.java:445)
	at org.apache.coyote.http11.AbstractHttp11Processor.process(AbstractHttp11Processor.java:1115)
	at org.apache.coyote.AbstractProtocol$AbstractConnectionHandler.process(AbstractProtocol.java:637)
	at org.apache.tomcat.util.net.JIoEndpoint$SocketProcessor.run(JIoEndpoint.java:316)
	at java.util.concurrent.ThreadPoolExecutor.runWorker(ThreadPoolExecutor.java:1142)
	at java.util.concurrent.ThreadPoolExecutor$Worker.run(ThreadPoolExecutor.java:617)
	at org.apache.tomcat.util.threads.TaskThread$WrappingRunnable.run(TaskThread.java:61)
	at java.lang.Thread.run(Thread.java:748)

ago 01, 2017 11:06:21 AM org.apache.catalina.session.StandardSession writeObject
ADVERTÊNCIA: Cannot serialize session attribute org.jboss.weld.context.http.HttpSessionContext#org.jboss.weld.bean-flat-ManagedBean-class org.jboss.dashboard.ui.components.ModalDialogComponent for session F242B590C51979E37182D9C2EF2E1174
java.io.NotSerializableException: org.jboss.dashboard.ui.controller.ControllerServlet$4
	at java.io.ObjectOutputStream.writeObject0(ObjectOutputStream.java:1184)
	at java.io.ObjectOutputStream.defaultWriteFields(ObjectOutputStream.java:1548)
	at java.io.ObjectOutputStream.writeSerialData(ObjectOutputStream.java:1509)
	at java.io.ObjectOutputStream.writeOrdinaryObject(ObjectOutputStream.java:1432)
	at java.io.ObjectOutputStream.writeObject0(ObjectOutputStream.java:1178)
	at java.io.ObjectOutputStream.defaultWriteFields(ObjectOutputStream.java:1548)
	at java.io.ObjectOutputStream.writeSerialData(ObjectOutputStream.java:1509)
	at java.io.ObjectOutputStream.writeOrdinaryObject(ObjectOutputStream.java:1432)
	at java.io.ObjectOutputStream.writeObject0(ObjectOutputStream.java:1178)
	at java.io.ObjectOutputStream.writeObject(ObjectOutputStream.java:348)
	at org.apache.catalina.session.StandardSession.writeObject(StandardSession.java:1700)
	at org.apache.catalina.session.StandardSession.writeObjectData(StandardSession.java:1092)
	at org.apache.catalina.session.StandardManager.doUnload(StandardManager.java:405)
	at org.apache.catalina.session.StandardManager.unload(StandardManager.java:323)
	at org.apache.catalina.session.StandardManager.stopInternal(StandardManager.java:493)
	at org.apache.catalina.util.LifecycleBase.stop(LifecycleBase.java:221)
	at org.apache.catalina.core.StandardContext.stopInternal(StandardContext.java:5825)
	at org.apache.catalina.util.LifecycleBase.stop(LifecycleBase.java:221)
	at org.apache.catalina.core.StandardContext.reload(StandardContext.java:4131)
	at org.apache.catalina.startup.HostConfig.reload(HostConfig.java:1575)
	at org.apache.catalina.startup.HostConfig.checkResources(HostConfig.java:1548)
	at org.apache.catalina.startup.HostConfig.check(HostConfig.java:1784)
	at org.apache.catalina.startup.HostConfig.lifecycleEvent(HostConfig.java:366)
	at org.apache.catalina.util.LifecycleSupport.fireLifecycleEvent(LifecycleSupport.java:117)
	at org.apache.catalina.util.LifecycleBase.fireLifecycleEvent(LifecycleBase.java:90)
	at org.apache.catalina.core.ContainerBase.backgroundProcess(ContainerBase.java:1370)
	at org.apache.catalina.core.ContainerBase$ContainerBackgroundProcessor.processChildren(ContainerBase.java:1542)
	at org.apache.catalina.core.ContainerBase$ContainerBackgroundProcessor.processChildren(ContainerBase.java:1552)
	at org.apache.catalina.core.ContainerBase$ContainerBackgroundProcessor.run(ContainerBase.java:1520)
	at java.lang.Thread.run(Thread.java:748)

ago 01, 2017 11:06:21 AM org.apache.catalina.session.StandardSession writeObject
ADVERTÊNCIA: Cannot serialize session attribute org.jboss.weld.context.http.HttpSessionContext#org.jboss.weld.bean-flat-ManagedBean-class org.jboss.dashboard.ui.components.ErrorReportHandler for session F242B590C51979E37182D9C2EF2E1174
java.io.NotSerializableException: org.jboss.dashboard.ui.controller.ControllerServlet$3
	at java.io.ObjectOutputStream.writeObject0(ObjectOutputStream.java:1184)
	at java.io.ObjectOutputStream.defaultWriteFields(ObjectOutputStream.java:1548)
	at java.io.ObjectOutputStream.writeSerialData(ObjectOutputStream.java:1509)
	at java.io.ObjectOutputStream.writeOrdinaryObject(ObjectOutputStream.java:1432)
	at java.io.ObjectOutputStream.writeObject0(ObjectOutputStream.java:1178)
	at java.io.ObjectOutputStream.defaultWriteFields(ObjectOutputStream.java:1548)
	at java.io.ObjectOutputStream.writeSerialData(ObjectOutputStream.java:1509)
	at java.io.ObjectOutputStream.writeOrdinaryObject(ObjectOutputStream.java:1432)
	at java.io.ObjectOutputStream.writeObject0(ObjectOutputStream.java:1178)
	at java.io.ObjectOutputStream.writeObject(ObjectOutputStream.java:348)
	at org.apache.catalina.session.StandardSession.writeObject(StandardSession.java:1700)
	at org.apache.catalina.session.StandardSession.writeObjectData(StandardSession.java:1092)
	at org.apache.catalina.session.StandardManager.doUnload(StandardManager.java:405)
	at org.apache.catalina.session.StandardManager.unload(StandardManager.java:323)
	at org.apache.catalina.session.StandardManager.stopInternal(StandardManager.java:493)
	at org.apache.catalina.util.LifecycleBase.stop(LifecycleBase.java:221)
	at org.apache.catalina.core.StandardContext.stopInternal(StandardContext.java:5825)
	at org.apache.catalina.util.LifecycleBase.stop(LifecycleBase.java:221)
	at org.apache.catalina.core.StandardContext.reload(StandardContext.java:4131)
	at org.apache.catalina.startup.HostConfig.reload(HostConfig.java:1575)
	at org.apache.catalina.startup.HostConfig.checkResources(HostConfig.java:1548)
	at org.apache.catalina.startup.HostConfig.check(HostConfig.java:1784)
	at org.apache.catalina.startup.HostConfig.lifecycleEvent(HostConfig.java:366)
	at org.apache.catalina.util.LifecycleSupport.fireLifecycleEvent(LifecycleSupport.java:117)
	at org.apache.catalina.util.LifecycleBase.fireLifecycleEvent(LifecycleBase.java:90)
	at org.apache.catalina.core.ContainerBase.backgroundProcess(ContainerBase.java:1370)
	at org.apache.catalina.core.ContainerBase$ContainerBackgroundProcessor.processChildren(ContainerBase.java:1542)
	at org.apache.catalina.core.ContainerBase$ContainerBackgroundProcessor.processChildren(ContainerBase.java:1552)
	at org.apache.catalina.core.ContainerBase$ContainerBackgroundProcessor.run(ContainerBase.java:1520)
	at java.lang.Thread.run(Thread.java:748)

ago 01, 2017 11:06:23 AM org.apache.catalina.session.StandardSession readObject
ADVERTÊNCIA: Cannot deserialize session attribute org.jboss.weld.context.http.HttpSessionContext#org.jboss.weld.bean-flat-ManagedBean-class org.jboss.dashboard.ui.components.ModalDialogComponent for session F242B590C51979E37182D9C2EF2E1174
ago 01, 2017 11:09:34 AM org.apache.catalina.session.StandardSession writeObject
ADVERTÊNCIA: Cannot serialize session attribute org.jboss.weld.context.http.HttpSessionContext#org.jboss.weld.bean-flat-ManagedBean-class org.jboss.dashboard.ui.components.ModalDialogComponent for session 269422E0A9D673268EB28CEEFFDB567B
java.io.NotSerializableException: org.jboss.dashboard.ui.controller.ControllerServlet$4
	at java.io.ObjectOutputStream.writeObject0(ObjectOutputStream.java:1184)
	at java.io.ObjectOutputStream.defaultWriteFields(ObjectOutputStream.java:1548)
	at java.io.ObjectOutputStream.writeSerialData(ObjectOutputStream.java:1509)
	at java.io.ObjectOutputStream.writeOrdinaryObject(ObjectOutputStream.java:1432)
	at java.io.ObjectOutputStream.writeObject0(ObjectOutputStream.java:1178)
	at java.io.ObjectOutputStream.defaultWriteFields(ObjectOutputStream.java:1548)
	at java.io.ObjectOutputStream.writeSerialData(ObjectOutputStream.java:1509)
	at java.io.ObjectOutputStream.writeOrdinaryObject(ObjectOutputStream.java:1432)
	at java.io.ObjectOutputStream.writeObject0(ObjectOutputStream.java:1178)
	at java.io.ObjectOutputStream.writeObject(ObjectOutputStream.java:348)
	at org.apache.catalina.session.StandardSession.writeObject(StandardSession.java:1700)
	at org.apache.catalina.session.StandardSession.writeObjectData(StandardSession.java:1092)
	at org.apache.catalina.session.StandardManager.doUnload(StandardManager.java:405)
	at org.apache.catalina.session.StandardManager.unload(StandardManager.java:323)
	at org.apache.catalina.session.StandardManager.stopInternal(StandardManager.java:493)
	at org.apache.catalina.util.LifecycleBase.stop(LifecycleBase.java:221)
	at org.apache.catalina.core.StandardContext.stopInternal(StandardContext.java:5825)
	at org.apache.catalina.util.LifecycleBase.stop(LifecycleBase.java:221)
	at org.apache.catalina.core.ContainerBase$StopChild.call(ContainerBase.java:1587)
	at org.apache.catalina.core.ContainerBase$StopChild.call(ContainerBase.java:1576)
	at java.util.concurrent.FutureTask.run(FutureTask.java:266)
	at java.util.concurrent.ThreadPoolExecutor.runWorker(ThreadPoolExecutor.java:1142)
	at java.util.concurrent.ThreadPoolExecutor$Worker.run(ThreadPoolExecutor.java:617)
	at java.lang.Thread.run(Thread.java:748)

ago 01, 2017 11:09:34 AM org.apache.catalina.session.StandardSession writeObject
ADVERTÊNCIA: Cannot serialize session attribute org.jboss.weld.context.http.HttpSessionContext#org.jboss.weld.bean-flat-ManagedBean-class org.jboss.dashboard.ui.components.ErrorReportHandler for session 269422E0A9D673268EB28CEEFFDB567B
java.io.NotSerializableException: org.jboss.dashboard.ui.controller.ControllerServlet$3
	at java.io.ObjectOutputStream.writeObject0(ObjectOutputStream.java:1184)
	at java.io.ObjectOutputStream.defaultWriteFields(ObjectOutputStream.java:1548)
	at java.io.ObjectOutputStream.writeSerialData(ObjectOutputStream.java:1509)
	at java.io.ObjectOutputStream.writeOrdinaryObject(ObjectOutputStream.java:1432)
	at java.io.ObjectOutputStream.writeObject0(ObjectOutputStream.java:1178)
	at java.io.ObjectOutputStream.defaultWriteFields(ObjectOutputStream.java:1548)
	at java.io.ObjectOutputStream.writeSerialData(ObjectOutputStream.java:1509)
	at java.io.ObjectOutputStream.writeOrdinaryObject(ObjectOutputStream.java:1432)
	at java.io.ObjectOutputStream.writeObject0(ObjectOutputStream.java:1178)
	at java.io.ObjectOutputStream.writeObject(ObjectOutputStream.java:348)
	at org.apache.catalina.session.StandardSession.writeObject(StandardSession.java:1700)
	at org.apache.catalina.session.StandardSession.writeObjectData(StandardSession.java:1092)
	at org.apache.catalina.session.StandardManager.doUnload(StandardManager.java:405)
	at org.apache.catalina.session.StandardManager.unload(StandardManager.java:323)
	at org.apache.catalina.session.StandardManager.stopInternal(StandardManager.java:493)
	at org.apache.catalina.util.LifecycleBase.stop(LifecycleBase.java:221)
	at org.apache.catalina.core.StandardContext.stopInternal(StandardContext.java:5825)
	at org.apache.catalina.util.LifecycleBase.stop(LifecycleBase.java:221)
	at org.apache.catalina.core.ContainerBase$StopChild.call(ContainerBase.java:1587)
	at org.apache.catalina.core.ContainerBase$StopChild.call(ContainerBase.java:1576)
	at java.util.concurrent.FutureTask.run(FutureTask.java:266)
	at java.util.concurrent.ThreadPoolExecutor.runWorker(ThreadPoolExecutor.java:1142)
	at java.util.concurrent.ThreadPoolExecutor$Worker.run(ThreadPoolExecutor.java:617)
	at java.lang.Thread.run(Thread.java:748)

ago 01, 2017 11:09:34 AM org.apache.catalina.core.ApplicationContext log
INFORMAÇÕES: SessionListener: contextDestroyed()
ago 01, 2017 11:09:34 AM org.apache.catalina.core.ApplicationContext log
INFORMAÇÕES: ContextListener: contextDestroyed()
ago 01, 2017 11:09:46 AM org.apache.catalina.session.StandardSession readObject
ADVERTÊNCIA: Cannot deserialize session attribute org.jboss.weld.context.http.HttpSessionContext#org.jboss.weld.bean-flat-ManagedBean-class org.jboss.dashboard.ui.components.ModalDialogComponent for session 269422E0A9D673268EB28CEEFFDB567B
ago 01, 2017 11:09:54 AM org.apache.catalina.core.ApplicationContext log
INFORMAÇÕES: ContextListener: contextInitialized()
ago 01, 2017 11:09:54 AM org.apache.catalina.core.ApplicationContext log
INFORMAÇÕES: SessionListener: contextInitialized()
ago 01, 2017 11:09:54 AM org.apache.catalina.core.ApplicationContext log
INFORMAÇÕES: ContextListener: attributeAdded('org.apache.jasper.compiler.TldLocationsCache', 'org.apache.jasper.compiler.TldLocationsCache@1b3bfbc')
ago 01, 2017 11:49:36 AM org.apache.catalina.session.StandardSession writeObject
ADVERTÊNCIA: Cannot serialize session attribute org.jboss.weld.context.http.HttpSessionContext#org.jboss.weld.bean-flat-ManagedBean-class org.jboss.dashboard.ui.components.DashboardHandler for session 5E2D99593EB4FB166FE92B3F8FF1C1F1
java.io.NotSerializableException: org.jboss.dashboard.ui.Dashboard
	at java.io.ObjectOutputStream.writeObject0(ObjectOutputStream.java:1184)
	at java.io.ObjectOutputStream.defaultWriteFields(ObjectOutputStream.java:1548)
	at java.io.ObjectOutputStream.writeSerialData(ObjectOutputStream.java:1509)
	at java.io.ObjectOutputStream.writeOrdinaryObject(ObjectOutputStream.java:1432)
	at java.io.ObjectOutputStream.writeObject0(ObjectOutputStream.java:1178)
	at java.io.ObjectOutputStream.defaultWriteFields(ObjectOutputStream.java:1548)
	at java.io.ObjectOutputStream.writeSerialData(ObjectOutputStream.java:1509)
	at java.io.ObjectOutputStream.writeOrdinaryObject(ObjectOutputStream.java:1432)
	at java.io.ObjectOutputStream.writeObject0(ObjectOutputStream.java:1178)
	at java.io.ObjectOutputStream.writeObject(ObjectOutputStream.java:348)
	at org.apache.catalina.session.StandardSession.writeObject(StandardSession.java:1700)
	at org.apache.catalina.session.StandardSession.writeObjectData(StandardSession.java:1092)
	at org.apache.catalina.session.StandardManager.doUnload(StandardManager.java:405)
	at org.apache.catalina.session.StandardManager.unload(StandardManager.java:323)
	at org.apache.catalina.session.StandardManager.stopInternal(StandardManager.java:493)
	at org.apache.catalina.util.LifecycleBase.stop(LifecycleBase.java:221)
	at org.apache.catalina.core.StandardContext.stopInternal(StandardContext.java:5825)
	at org.apache.catalina.util.LifecycleBase.stop(LifecycleBase.java:221)
	at org.apache.catalina.core.ContainerBase$StopChild.call(ContainerBase.java:1587)
	at org.apache.catalina.core.ContainerBase$StopChild.call(ContainerBase.java:1576)
	at java.util.concurrent.FutureTask.run(FutureTask.java:266)
	at java.util.concurrent.ThreadPoolExecutor.runWorker(ThreadPoolExecutor.java:1142)
	at java.util.concurrent.ThreadPoolExecutor$Worker.run(ThreadPoolExecutor.java:617)
	at java.lang.Thread.run(Thread.java:748)

ago 01, 2017 11:49:36 AM org.apache.catalina.core.ApplicationContext log
INFORMAÇÕES: SessionListener: contextDestroyed()
ago 01, 2017 11:49:36 AM org.apache.catalina.core.ApplicationContext log
INFORMAÇÕES: ContextListener: contextDestroyed()
