Ago 15, 2017 9:58:47 AM org.apache.catalina.core.ApplicationContext log
INFORMAÇÕES: HTMLManager: init: Associated with Deployer 'Catalina:type=Deployer,host=localhost'
Ago 15, 2017 9:58:47 AM org.apache.catalina.core.ApplicationContext log
INFORMAÇÕES: HTMLManager: init: Global resources are available
Ago 15, 2017 9:58:47 AM org.apache.catalina.core.ApplicationContext log
INFORMAÇÕES: HTMLManager: list: Listing contexts for virtual host 'localhost'
Ago 15, 2017 10:01:39 AM org.apache.catalina.core.ApplicationContext log
INFORMAÇÕES: HTMLManager: list: Listing contexts for virtual host 'localhost'
Ago 15, 2017 10:04:34 AM org.apache.catalina.core.ApplicationContext log
INFORMAÇÕES: HTMLManager: list: Listing contexts for virtual host 'localhost'
Ago 15, 2017 10:08:26 AM org.apache.catalina.core.ApplicationContext log
INFORMAÇÕES: HTMLManager: list: Listing contexts for virtual host 'localhost'
Ago 15, 2017 10:08:30 AM org.apache.catalina.core.ApplicationContext log
INFORMAÇÕES: HTMLManager: stop: Stopping web application '/dashbuilder'
Ago 15, 2017 10:08:31 AM org.apache.catalina.core.ApplicationContext log
INFORMAÇÕES: HTMLManager: list: Listing contexts for virtual host 'localhost'
Ago 15, 2017 10:08:33 AM org.apache.catalina.core.ApplicationContext log
INFORMAÇÕES: HTMLManager: undeploy: Undeploying web application at '/dashbuilder'
Ago 15, 2017 10:08:34 AM org.apache.catalina.core.ApplicationContext log
INFORMAÇÕES: HTMLManager: list: Listing contexts for virtual host 'localhost'
Ago 15, 2017 10:12:06 AM org.apache.catalina.core.ApplicationContext log
INFORMAÇÕES: HTMLManager: list: Listing contexts for virtual host 'localhost'
Ago 15, 2017 11:28:03 AM org.apache.catalina.core.ApplicationContext log
INFORMAÇÕES: HTMLManager: init: Associated with Deployer 'Catalina:type=Deployer,host=localhost'
Ago 15, 2017 11:28:03 AM org.apache.catalina.core.ApplicationContext log
INFORMAÇÕES: HTMLManager: init: Global resources are available
Ago 15, 2017 11:28:03 AM org.apache.catalina.core.ApplicationContext log
INFORMAÇÕES: HTMLManager: list: Listing contexts for virtual host 'localhost'
