Set 16, 2017 1:23:27 AM org.apache.coyote.http11.AbstractHttp11Processor process
INFORMAÇÕES: Error parsing HTTP request header
 Note: further occurrences of HTTP header parsing errors will be logged at DEBUG level.
java.lang.IllegalArgumentException: Invalid character found in method name. HTTP method names must be tokens
	at org.apache.coyote.http11.InternalInputBuffer.parseRequestLine(InternalInputBuffer.java:136)
	at org.apache.coyote.http11.AbstractHttp11Processor.process(AbstractHttp11Processor.java:1028)
	at org.apache.coyote.AbstractProtocol$AbstractConnectionHandler.process(AbstractProtocol.java:637)
	at org.apache.tomcat.util.net.JIoEndpoint$SocketProcessor.run(JIoEndpoint.java:316)
	at java.util.concurrent.ThreadPoolExecutor.runWorker(ThreadPoolExecutor.java:1152)
	at java.util.concurrent.ThreadPoolExecutor$Worker.run(ThreadPoolExecutor.java:622)
	at org.apache.tomcat.util.threads.TaskThread$WrappingRunnable.run(TaskThread.java:61)
	at java.lang.Thread.run(Thread.java:748)

Set 16, 2017 5:02:45 AM org.apache.catalina.realm.LockOutRealm filterLockedAccounts
ADVERTÊNCIA: An attempt was made to authenticate the locked user "admin"
Set 16, 2017 5:02:45 AM org.apache.catalina.realm.LockOutRealm filterLockedAccounts
ADVERTÊNCIA: An attempt was made to authenticate the locked user "admin"
Set 16, 2017 5:02:50 AM org.apache.catalina.realm.LockOutRealm filterLockedAccounts
ADVERTÊNCIA: An attempt was made to authenticate the locked user "admin"
Set 16, 2017 5:02:51 AM org.apache.catalina.realm.LockOutRealm filterLockedAccounts
ADVERTÊNCIA: An attempt was made to authenticate the locked user "admin"
Set 16, 2017 5:02:51 AM org.apache.catalina.realm.LockOutRealm filterLockedAccounts
ADVERTÊNCIA: An attempt was made to authenticate the locked user "admin"
Set 16, 2017 5:02:53 AM org.apache.catalina.realm.LockOutRealm filterLockedAccounts
ADVERTÊNCIA: An attempt was made to authenticate the locked user "admin"
Set 16, 2017 5:02:55 AM org.apache.catalina.realm.LockOutRealm filterLockedAccounts
ADVERTÊNCIA: An attempt was made to authenticate the locked user "admin"
Set 16, 2017 5:02:56 AM org.apache.catalina.realm.LockOutRealm filterLockedAccounts
ADVERTÊNCIA: An attempt was made to authenticate the locked user "admin"
Set 16, 2017 5:02:57 AM org.apache.catalina.realm.LockOutRealm filterLockedAccounts
ADVERTÊNCIA: An attempt was made to authenticate the locked user "admin"
Set 16, 2017 5:02:57 AM org.apache.catalina.realm.LockOutRealm filterLockedAccounts
ADVERTÊNCIA: An attempt was made to authenticate the locked user "admin"
Set 16, 2017 5:02:58 AM org.apache.catalina.realm.LockOutRealm filterLockedAccounts
ADVERTÊNCIA: An attempt was made to authenticate the locked user "admin"
Set 16, 2017 5:02:58 AM org.apache.catalina.realm.LockOutRealm filterLockedAccounts
ADVERTÊNCIA: An attempt was made to authenticate the locked user "admin"
Set 16, 2017 5:02:58 AM org.apache.catalina.realm.LockOutRealm filterLockedAccounts
ADVERTÊNCIA: An attempt was made to authenticate the locked user "admin"
Set 16, 2017 5:02:59 AM org.apache.catalina.realm.LockOutRealm filterLockedAccounts
ADVERTÊNCIA: An attempt was made to authenticate the locked user "admin"
Set 16, 2017 5:02:59 AM org.apache.catalina.realm.LockOutRealm filterLockedAccounts
ADVERTÊNCIA: An attempt was made to authenticate the locked user "admin"
Set 16, 2017 5:02:59 AM org.apache.catalina.realm.LockOutRealm filterLockedAccounts
ADVERTÊNCIA: An attempt was made to authenticate the locked user "admin"
Set 16, 2017 5:03:00 AM org.apache.catalina.realm.LockOutRealm filterLockedAccounts
ADVERTÊNCIA: An attempt was made to authenticate the locked user "admin"
Set 16, 2017 5:03:00 AM org.apache.catalina.realm.LockOutRealm filterLockedAccounts
ADVERTÊNCIA: An attempt was made to authenticate the locked user "admin"
Set 16, 2017 5:03:00 AM org.apache.catalina.realm.LockOutRealm filterLockedAccounts
ADVERTÊNCIA: An attempt was made to authenticate the locked user "admin"
Set 16, 2017 5:03:01 AM org.apache.catalina.realm.LockOutRealm filterLockedAccounts
ADVERTÊNCIA: An attempt was made to authenticate the locked user "admin"
Set 16, 2017 5:03:03 AM org.apache.catalina.realm.LockOutRealm filterLockedAccounts
ADVERTÊNCIA: An attempt was made to authenticate the locked user "admin"
Set 16, 2017 5:03:03 AM org.apache.catalina.realm.LockOutRealm filterLockedAccounts
ADVERTÊNCIA: An attempt was made to authenticate the locked user "admin"
Set 16, 2017 5:03:03 AM org.apache.catalina.realm.LockOutRealm filterLockedAccounts
ADVERTÊNCIA: An attempt was made to authenticate the locked user "admin"
Set 16, 2017 5:03:04 AM org.apache.catalina.realm.LockOutRealm filterLockedAccounts
ADVERTÊNCIA: An attempt was made to authenticate the locked user "admin"
Set 16, 2017 5:03:04 AM org.apache.catalina.realm.LockOutRealm filterLockedAccounts
ADVERTÊNCIA: An attempt was made to authenticate the locked user "admin"
Set 16, 2017 5:03:05 AM org.apache.catalina.realm.LockOutRealm filterLockedAccounts
ADVERTÊNCIA: An attempt was made to authenticate the locked user "admin"
Set 16, 2017 5:03:05 AM org.apache.catalina.realm.LockOutRealm filterLockedAccounts
ADVERTÊNCIA: An attempt was made to authenticate the locked user "admin"
Set 16, 2017 5:03:06 AM org.apache.catalina.realm.LockOutRealm filterLockedAccounts
ADVERTÊNCIA: An attempt was made to authenticate the locked user "admin"
Set 16, 2017 5:03:06 AM org.apache.catalina.realm.LockOutRealm filterLockedAccounts
ADVERTÊNCIA: An attempt was made to authenticate the locked user "admin"
Set 16, 2017 5:03:06 AM org.apache.catalina.realm.LockOutRealm filterLockedAccounts
ADVERTÊNCIA: An attempt was made to authenticate the locked user "admin"
Set 16, 2017 5:03:07 AM org.apache.catalina.realm.LockOutRealm filterLockedAccounts
ADVERTÊNCIA: An attempt was made to authenticate the locked user "admin"
Set 16, 2017 5:03:07 AM org.apache.catalina.realm.LockOutRealm filterLockedAccounts
ADVERTÊNCIA: An attempt was made to authenticate the locked user "admin"
Set 16, 2017 5:03:07 AM org.apache.catalina.realm.LockOutRealm filterLockedAccounts
ADVERTÊNCIA: An attempt was made to authenticate the locked user "admin"
Set 16, 2017 5:03:08 AM org.apache.catalina.realm.LockOutRealm filterLockedAccounts
ADVERTÊNCIA: An attempt was made to authenticate the locked user "admin"
Set 16, 2017 5:03:08 AM org.apache.catalina.realm.LockOutRealm filterLockedAccounts
ADVERTÊNCIA: An attempt was made to authenticate the locked user "admin"
Set 16, 2017 5:03:10 AM org.apache.catalina.realm.LockOutRealm filterLockedAccounts
ADVERTÊNCIA: An attempt was made to authenticate the locked user "admin"
Set 16, 2017 5:03:13 AM org.apache.catalina.realm.LockOutRealm filterLockedAccounts
ADVERTÊNCIA: An attempt was made to authenticate the locked user "admin"
Set 16, 2017 5:03:18 AM org.apache.catalina.realm.LockOutRealm filterLockedAccounts
ADVERTÊNCIA: An attempt was made to authenticate the locked user "admin"
Set 16, 2017 5:03:18 AM org.apache.catalina.realm.LockOutRealm filterLockedAccounts
ADVERTÊNCIA: An attempt was made to authenticate the locked user "admin"
Set 16, 2017 5:03:19 AM org.apache.catalina.realm.LockOutRealm filterLockedAccounts
ADVERTÊNCIA: An attempt was made to authenticate the locked user "admin"
Set 16, 2017 5:03:19 AM org.apache.catalina.realm.LockOutRealm filterLockedAccounts
ADVERTÊNCIA: An attempt was made to authenticate the locked user "admin"
Set 16, 2017 5:03:19 AM org.apache.catalina.realm.LockOutRealm filterLockedAccounts
ADVERTÊNCIA: An attempt was made to authenticate the locked user "admin"
Set 16, 2017 5:03:25 AM org.apache.catalina.realm.LockOutRealm filterLockedAccounts
ADVERTÊNCIA: An attempt was made to authenticate the locked user "admin"
Set 16, 2017 5:03:33 AM org.apache.catalina.realm.LockOutRealm filterLockedAccounts
ADVERTÊNCIA: An attempt was made to authenticate the locked user "admin"
Set 16, 2017 5:03:45 AM org.apache.catalina.realm.LockOutRealm filterLockedAccounts
ADVERTÊNCIA: An attempt was made to authenticate the locked user "admin"
Set 16, 2017 5:03:45 AM org.apache.catalina.realm.LockOutRealm filterLockedAccounts
ADVERTÊNCIA: An attempt was made to authenticate the locked user "admin"
Set 16, 2017 5:03:46 AM org.apache.catalina.realm.LockOutRealm filterLockedAccounts
ADVERTÊNCIA: An attempt was made to authenticate the locked user "admin"
Set 16, 2017 5:03:47 AM org.apache.catalina.realm.LockOutRealm filterLockedAccounts
ADVERTÊNCIA: An attempt was made to authenticate the locked user "admin"
Set 16, 2017 5:03:47 AM org.apache.catalina.realm.LockOutRealm filterLockedAccounts
ADVERTÊNCIA: An attempt was made to authenticate the locked user "admin"
Set 16, 2017 5:03:48 AM org.apache.catalina.realm.LockOutRealm filterLockedAccounts
ADVERTÊNCIA: An attempt was made to authenticate the locked user "admin"
Set 16, 2017 5:03:48 AM org.apache.catalina.realm.LockOutRealm filterLockedAccounts
ADVERTÊNCIA: An attempt was made to authenticate the locked user "admin"
Set 16, 2017 5:03:50 AM org.apache.catalina.realm.LockOutRealm filterLockedAccounts
ADVERTÊNCIA: An attempt was made to authenticate the locked user "admin"
Set 16, 2017 5:03:51 AM org.apache.catalina.realm.LockOutRealm filterLockedAccounts
ADVERTÊNCIA: An attempt was made to authenticate the locked user "admin"
Set 16, 2017 5:03:51 AM org.apache.catalina.realm.LockOutRealm filterLockedAccounts
ADVERTÊNCIA: An attempt was made to authenticate the locked user "admin"
Set 16, 2017 5:04:03 AM org.apache.catalina.realm.LockOutRealm filterLockedAccounts
ADVERTÊNCIA: An attempt was made to authenticate the locked user "admin"
Set 16, 2017 5:04:04 AM org.apache.catalina.realm.LockOutRealm filterLockedAccounts
ADVERTÊNCIA: An attempt was made to authenticate the locked user "admin"
Set 16, 2017 5:04:05 AM org.apache.catalina.realm.LockOutRealm filterLockedAccounts
ADVERTÊNCIA: An attempt was made to authenticate the locked user "admin"
Set 16, 2017 5:04:09 AM org.apache.catalina.realm.LockOutRealm filterLockedAccounts
ADVERTÊNCIA: An attempt was made to authenticate the locked user "admin"
Set 16, 2017 5:04:24 AM org.apache.catalina.realm.LockOutRealm filterLockedAccounts
ADVERTÊNCIA: An attempt was made to authenticate the locked user "admin"
Set 16, 2017 5:04:24 AM org.apache.catalina.realm.LockOutRealm filterLockedAccounts
ADVERTÊNCIA: An attempt was made to authenticate the locked user "admin"
Set 16, 2017 5:04:25 AM org.apache.catalina.realm.LockOutRealm filterLockedAccounts
ADVERTÊNCIA: An attempt was made to authenticate the locked user "admin"
Set 16, 2017 5:04:39 AM org.apache.catalina.realm.LockOutRealm filterLockedAccounts
ADVERTÊNCIA: An attempt was made to authenticate the locked user "admin"
Set 16, 2017 5:04:42 AM org.apache.catalina.realm.LockOutRealm filterLockedAccounts
ADVERTÊNCIA: An attempt was made to authenticate the locked user "admin"
Set 16, 2017 5:04:43 AM org.apache.catalina.realm.LockOutRealm filterLockedAccounts
ADVERTÊNCIA: An attempt was made to authenticate the locked user "admin"
Set 16, 2017 5:04:43 AM org.apache.catalina.realm.LockOutRealm filterLockedAccounts
ADVERTÊNCIA: An attempt was made to authenticate the locked user "admin"
Set 16, 2017 5:04:43 AM org.apache.catalina.realm.LockOutRealm filterLockedAccounts
ADVERTÊNCIA: An attempt was made to authenticate the locked user "admin"
Set 16, 2017 5:04:50 AM org.apache.catalina.realm.LockOutRealm filterLockedAccounts
ADVERTÊNCIA: An attempt was made to authenticate the locked user "admin"
Set 16, 2017 5:04:51 AM org.apache.catalina.realm.LockOutRealm filterLockedAccounts
ADVERTÊNCIA: An attempt was made to authenticate the locked user "admin"
Set 16, 2017 5:04:51 AM org.apache.catalina.realm.LockOutRealm filterLockedAccounts
ADVERTÊNCIA: An attempt was made to authenticate the locked user "admin"
Set 16, 2017 5:04:51 AM org.apache.catalina.realm.LockOutRealm filterLockedAccounts
ADVERTÊNCIA: An attempt was made to authenticate the locked user "admin"
Set 16, 2017 5:04:52 AM org.apache.catalina.realm.LockOutRealm filterLockedAccounts
ADVERTÊNCIA: An attempt was made to authenticate the locked user "admin"
Set 16, 2017 5:04:53 AM org.apache.catalina.realm.LockOutRealm filterLockedAccounts
ADVERTÊNCIA: An attempt was made to authenticate the locked user "admin"
Set 16, 2017 5:04:54 AM org.apache.catalina.realm.LockOutRealm filterLockedAccounts
ADVERTÊNCIA: An attempt was made to authenticate the locked user "admin"
Set 16, 2017 5:04:55 AM org.apache.catalina.realm.LockOutRealm filterLockedAccounts
ADVERTÊNCIA: An attempt was made to authenticate the locked user "admin"
Set 16, 2017 5:04:56 AM org.apache.catalina.realm.LockOutRealm filterLockedAccounts
ADVERTÊNCIA: An attempt was made to authenticate the locked user "admin"
Set 16, 2017 5:04:56 AM org.apache.catalina.realm.LockOutRealm filterLockedAccounts
ADVERTÊNCIA: An attempt was made to authenticate the locked user "admin"
Set 16, 2017 5:04:56 AM org.apache.catalina.realm.LockOutRealm filterLockedAccounts
ADVERTÊNCIA: An attempt was made to authenticate the locked user "admin"
Set 16, 2017 5:04:57 AM org.apache.catalina.realm.LockOutRealm filterLockedAccounts
ADVERTÊNCIA: An attempt was made to authenticate the locked user "admin"
Set 16, 2017 5:04:57 AM org.apache.catalina.realm.LockOutRealm filterLockedAccounts
ADVERTÊNCIA: An attempt was made to authenticate the locked user "admin"
Set 16, 2017 5:04:57 AM org.apache.catalina.realm.LockOutRealm filterLockedAccounts
ADVERTÊNCIA: An attempt was made to authenticate the locked user "admin"
Set 16, 2017 5:04:58 AM org.apache.catalina.realm.LockOutRealm filterLockedAccounts
ADVERTÊNCIA: An attempt was made to authenticate the locked user "admin"
Set 16, 2017 5:04:59 AM org.apache.catalina.realm.LockOutRealm filterLockedAccounts
ADVERTÊNCIA: An attempt was made to authenticate the locked user "admin"
Set 16, 2017 5:04:59 AM org.apache.catalina.realm.LockOutRealm filterLockedAccounts
ADVERTÊNCIA: An attempt was made to authenticate the locked user "admin"
Set 16, 2017 5:04:59 AM org.apache.catalina.realm.LockOutRealm filterLockedAccounts
ADVERTÊNCIA: An attempt was made to authenticate the locked user "admin"
Set 16, 2017 5:05:00 AM org.apache.catalina.realm.LockOutRealm filterLockedAccounts
ADVERTÊNCIA: An attempt was made to authenticate the locked user "admin"
Set 16, 2017 5:05:01 AM org.apache.catalina.realm.LockOutRealm filterLockedAccounts
ADVERTÊNCIA: An attempt was made to authenticate the locked user "admin"
Set 16, 2017 5:05:01 AM org.apache.catalina.realm.LockOutRealm filterLockedAccounts
ADVERTÊNCIA: An attempt was made to authenticate the locked user "admin"
Set 16, 2017 5:05:02 AM org.apache.catalina.realm.LockOutRealm filterLockedAccounts
ADVERTÊNCIA: An attempt was made to authenticate the locked user "admin"
Set 16, 2017 5:05:02 AM org.apache.catalina.realm.LockOutRealm filterLockedAccounts
ADVERTÊNCIA: An attempt was made to authenticate the locked user "admin"
Set 16, 2017 5:05:05 AM org.apache.catalina.realm.LockOutRealm filterLockedAccounts
ADVERTÊNCIA: An attempt was made to authenticate the locked user "admin"
Set 16, 2017 5:05:06 AM org.apache.catalina.realm.LockOutRealm filterLockedAccounts
ADVERTÊNCIA: An attempt was made to authenticate the locked user "admin"
Set 16, 2017 5:05:06 AM org.apache.catalina.realm.LockOutRealm filterLockedAccounts
ADVERTÊNCIA: An attempt was made to authenticate the locked user "admin"
Set 16, 2017 5:05:07 AM org.apache.catalina.realm.LockOutRealm filterLockedAccounts
ADVERTÊNCIA: An attempt was made to authenticate the locked user "admin"
Set 16, 2017 5:05:07 AM org.apache.catalina.realm.LockOutRealm filterLockedAccounts
ADVERTÊNCIA: An attempt was made to authenticate the locked user "admin"
Set 16, 2017 5:05:07 AM org.apache.catalina.realm.LockOutRealm filterLockedAccounts
ADVERTÊNCIA: An attempt was made to authenticate the locked user "admin"
Set 16, 2017 5:05:08 AM org.apache.catalina.realm.LockOutRealm filterLockedAccounts
ADVERTÊNCIA: An attempt was made to authenticate the locked user "admin"
Set 16, 2017 5:05:08 AM org.apache.catalina.realm.LockOutRealm filterLockedAccounts
ADVERTÊNCIA: An attempt was made to authenticate the locked user "admin"
Set 16, 2017 5:05:08 AM org.apache.catalina.realm.LockOutRealm filterLockedAccounts
ADVERTÊNCIA: An attempt was made to authenticate the locked user "admin"
Set 16, 2017 5:05:11 AM org.apache.catalina.realm.LockOutRealm filterLockedAccounts
ADVERTÊNCIA: An attempt was made to authenticate the locked user "admin"
Set 16, 2017 5:05:11 AM org.apache.catalina.realm.LockOutRealm filterLockedAccounts
ADVERTÊNCIA: An attempt was made to authenticate the locked user "admin"
Set 16, 2017 5:05:11 AM org.apache.catalina.realm.LockOutRealm filterLockedAccounts
ADVERTÊNCIA: An attempt was made to authenticate the locked user "admin"
Set 16, 2017 5:05:12 AM org.apache.catalina.realm.LockOutRealm filterLockedAccounts
ADVERTÊNCIA: An attempt was made to authenticate the locked user "admin"
Set 16, 2017 5:05:12 AM org.apache.catalina.realm.LockOutRealm filterLockedAccounts
ADVERTÊNCIA: An attempt was made to authenticate the locked user "admin"
Set 16, 2017 5:05:16 AM org.apache.catalina.realm.LockOutRealm filterLockedAccounts
ADVERTÊNCIA: An attempt was made to authenticate the locked user "weblct"
Set 16, 2017 5:05:17 AM org.apache.catalina.realm.LockOutRealm filterLockedAccounts
ADVERTÊNCIA: An attempt was made to authenticate the locked user "weblct"
Set 16, 2017 5:05:17 AM org.apache.catalina.realm.LockOutRealm filterLockedAccounts
ADVERTÊNCIA: An attempt was made to authenticate the locked user "weblct"
Set 16, 2017 5:05:17 AM org.apache.catalina.realm.LockOutRealm filterLockedAccounts
ADVERTÊNCIA: An attempt was made to authenticate the locked user "weblct"
Set 16, 2017 5:05:18 AM org.apache.catalina.realm.LockOutRealm filterLockedAccounts
ADVERTÊNCIA: An attempt was made to authenticate the locked user "weblct"
Set 16, 2017 5:05:18 AM org.apache.catalina.realm.LockOutRealm filterLockedAccounts
ADVERTÊNCIA: An attempt was made to authenticate the locked user "weblct"
Set 16, 2017 5:05:18 AM org.apache.catalina.realm.LockOutRealm filterLockedAccounts
ADVERTÊNCIA: An attempt was made to authenticate the locked user "weblct"
Set 16, 2017 5:05:19 AM org.apache.catalina.realm.LockOutRealm filterLockedAccounts
ADVERTÊNCIA: An attempt was made to authenticate the locked user "weblct"
Set 16, 2017 5:05:19 AM org.apache.catalina.realm.LockOutRealm filterLockedAccounts
ADVERTÊNCIA: An attempt was made to authenticate the locked user "weblct"
Set 16, 2017 5:05:19 AM org.apache.catalina.realm.LockOutRealm filterLockedAccounts
ADVERTÊNCIA: An attempt was made to authenticate the locked user "weblct"
Set 16, 2017 5:05:20 AM org.apache.catalina.realm.LockOutRealm filterLockedAccounts
ADVERTÊNCIA: An attempt was made to authenticate the locked user "weblct"
Set 16, 2017 5:05:20 AM org.apache.catalina.realm.LockOutRealm filterLockedAccounts
ADVERTÊNCIA: An attempt was made to authenticate the locked user "weblct"
Set 16, 2017 5:05:20 AM org.apache.catalina.realm.LockOutRealm filterLockedAccounts
ADVERTÊNCIA: An attempt was made to authenticate the locked user "weblct"
Set 16, 2017 5:05:21 AM org.apache.catalina.realm.LockOutRealm filterLockedAccounts
ADVERTÊNCIA: An attempt was made to authenticate the locked user "weblct"
Set 16, 2017 5:05:21 AM org.apache.catalina.realm.LockOutRealm filterLockedAccounts
ADVERTÊNCIA: An attempt was made to authenticate the locked user "weblct"
Set 16, 2017 5:05:21 AM org.apache.catalina.realm.LockOutRealm filterLockedAccounts
ADVERTÊNCIA: An attempt was made to authenticate the locked user "weblct"
Set 16, 2017 5:05:22 AM org.apache.catalina.realm.LockOutRealm filterLockedAccounts
ADVERTÊNCIA: An attempt was made to authenticate the locked user "weblct"
Set 16, 2017 5:05:22 AM org.apache.catalina.realm.LockOutRealm filterLockedAccounts
ADVERTÊNCIA: An attempt was made to authenticate the locked user "weblct"
Set 16, 2017 5:05:23 AM org.apache.catalina.realm.LockOutRealm filterLockedAccounts
ADVERTÊNCIA: An attempt was made to authenticate the locked user "weblct"
Set 16, 2017 5:05:23 AM org.apache.catalina.realm.LockOutRealm filterLockedAccounts
ADVERTÊNCIA: An attempt was made to authenticate the locked user "weblct"
Set 16, 2017 5:05:23 AM org.apache.catalina.realm.LockOutRealm filterLockedAccounts
ADVERTÊNCIA: An attempt was made to authenticate the locked user "weblct"
Set 16, 2017 5:05:24 AM org.apache.catalina.realm.LockOutRealm filterLockedAccounts
ADVERTÊNCIA: An attempt was made to authenticate the locked user "weblct"
Set 16, 2017 5:05:24 AM org.apache.catalina.realm.LockOutRealm filterLockedAccounts
ADVERTÊNCIA: An attempt was made to authenticate the locked user "weblct"
Set 16, 2017 5:05:24 AM org.apache.catalina.realm.LockOutRealm filterLockedAccounts
ADVERTÊNCIA: An attempt was made to authenticate the locked user "weblct"
Set 16, 2017 5:05:25 AM org.apache.catalina.realm.LockOutRealm filterLockedAccounts
ADVERTÊNCIA: An attempt was made to authenticate the locked user "weblct"
Set 16, 2017 5:05:26 AM org.apache.catalina.realm.LockOutRealm filterLockedAccounts
ADVERTÊNCIA: An attempt was made to authenticate the locked user "weblct"
Set 16, 2017 5:05:26 AM org.apache.catalina.realm.LockOutRealm filterLockedAccounts
ADVERTÊNCIA: An attempt was made to authenticate the locked user "weblct"
Set 16, 2017 5:05:26 AM org.apache.catalina.realm.LockOutRealm filterLockedAccounts
ADVERTÊNCIA: An attempt was made to authenticate the locked user "weblct"
Set 16, 2017 5:05:27 AM org.apache.catalina.realm.LockOutRealm filterLockedAccounts
ADVERTÊNCIA: An attempt was made to authenticate the locked user "weblct"
Set 16, 2017 5:05:28 AM org.apache.catalina.realm.LockOutRealm filterLockedAccounts
ADVERTÊNCIA: An attempt was made to authenticate the locked user "weblct"
Set 16, 2017 5:05:28 AM org.apache.catalina.realm.LockOutRealm filterLockedAccounts
ADVERTÊNCIA: An attempt was made to authenticate the locked user "weblct"
Set 16, 2017 5:05:29 AM org.apache.catalina.realm.LockOutRealm filterLockedAccounts
ADVERTÊNCIA: An attempt was made to authenticate the locked user "weblct"
Set 16, 2017 5:05:31 AM org.apache.catalina.realm.LockOutRealm filterLockedAccounts
ADVERTÊNCIA: An attempt was made to authenticate the locked user "weblct"
Set 16, 2017 5:05:32 AM org.apache.catalina.realm.LockOutRealm filterLockedAccounts
ADVERTÊNCIA: An attempt was made to authenticate the locked user "weblct"
Set 16, 2017 5:05:32 AM org.apache.catalina.realm.LockOutRealm filterLockedAccounts
ADVERTÊNCIA: An attempt was made to authenticate the locked user "weblct"
Set 16, 2017 5:05:32 AM org.apache.catalina.realm.LockOutRealm filterLockedAccounts
ADVERTÊNCIA: An attempt was made to authenticate the locked user "weblct"
Set 16, 2017 5:05:33 AM org.apache.catalina.realm.LockOutRealm filterLockedAccounts
ADVERTÊNCIA: An attempt was made to authenticate the locked user "weblct"
Set 16, 2017 5:05:33 AM org.apache.catalina.realm.LockOutRealm filterLockedAccounts
ADVERTÊNCIA: An attempt was made to authenticate the locked user "weblct"
Set 16, 2017 5:05:34 AM org.apache.catalina.realm.LockOutRealm filterLockedAccounts
ADVERTÊNCIA: An attempt was made to authenticate the locked user "weblct"
Set 16, 2017 5:05:39 AM org.apache.catalina.realm.LockOutRealm filterLockedAccounts
ADVERTÊNCIA: An attempt was made to authenticate the locked user "weblct"
Set 16, 2017 5:05:39 AM org.apache.catalina.realm.LockOutRealm filterLockedAccounts
ADVERTÊNCIA: An attempt was made to authenticate the locked user "weblct"
Set 16, 2017 5:05:39 AM org.apache.catalina.realm.LockOutRealm filterLockedAccounts
ADVERTÊNCIA: An attempt was made to authenticate the locked user "weblct"
Set 16, 2017 5:05:40 AM org.apache.catalina.realm.LockOutRealm filterLockedAccounts
ADVERTÊNCIA: An attempt was made to authenticate the locked user "weblct"
Set 16, 2017 5:05:40 AM org.apache.catalina.realm.LockOutRealm filterLockedAccounts
ADVERTÊNCIA: An attempt was made to authenticate the locked user "weblct"
Set 16, 2017 5:05:40 AM org.apache.catalina.realm.LockOutRealm filterLockedAccounts
ADVERTÊNCIA: An attempt was made to authenticate the locked user "weblct"
Set 16, 2017 5:05:41 AM org.apache.catalina.realm.LockOutRealm filterLockedAccounts
ADVERTÊNCIA: An attempt was made to authenticate the locked user "weblct"
Set 16, 2017 5:05:41 AM org.apache.catalina.realm.LockOutRealm filterLockedAccounts
ADVERTÊNCIA: An attempt was made to authenticate the locked user "weblct"
Set 16, 2017 5:05:41 AM org.apache.catalina.realm.LockOutRealm filterLockedAccounts
ADVERTÊNCIA: An attempt was made to authenticate the locked user "weblct"
Set 16, 2017 5:05:42 AM org.apache.catalina.realm.LockOutRealm filterLockedAccounts
ADVERTÊNCIA: An attempt was made to authenticate the locked user "weblct"
Set 16, 2017 5:05:42 AM org.apache.catalina.realm.LockOutRealm filterLockedAccounts
ADVERTÊNCIA: An attempt was made to authenticate the locked user "weblct"
Set 16, 2017 5:05:43 AM org.apache.catalina.realm.LockOutRealm filterLockedAccounts
ADVERTÊNCIA: An attempt was made to authenticate the locked user "weblct"
Set 16, 2017 5:05:43 AM org.apache.catalina.realm.LockOutRealm filterLockedAccounts
ADVERTÊNCIA: An attempt was made to authenticate the locked user "weblct"
Set 16, 2017 5:05:44 AM org.apache.catalina.realm.LockOutRealm filterLockedAccounts
ADVERTÊNCIA: An attempt was made to authenticate the locked user "weblct"
Set 16, 2017 5:05:44 AM org.apache.catalina.realm.LockOutRealm filterLockedAccounts
ADVERTÊNCIA: An attempt was made to authenticate the locked user "weblct"
Set 16, 2017 7:49:08 AM org.apache.catalina.realm.LockOutRealm filterLockedAccounts
ADVERTÊNCIA: An attempt was made to authenticate the locked user ""
Set 16, 2017 7:49:10 AM org.apache.catalina.realm.LockOutRealm filterLockedAccounts
ADVERTÊNCIA: An attempt was made to authenticate the locked user "admin"
Set 16, 2017 7:49:13 AM org.apache.catalina.realm.LockOutRealm filterLockedAccounts
ADVERTÊNCIA: An attempt was made to authenticate the locked user "manager"
Set 16, 2017 7:49:13 AM org.apache.catalina.realm.LockOutRealm filterLockedAccounts
ADVERTÊNCIA: An attempt was made to authenticate the locked user "tomcat"
Set 16, 2017 7:49:13 AM org.apache.catalina.realm.LockOutRealm filterLockedAccounts
ADVERTÊNCIA: An attempt was made to authenticate the locked user "tomcat"
Set 16, 2017 7:49:14 AM org.apache.catalina.realm.LockOutRealm filterLockedAccounts
ADVERTÊNCIA: An attempt was made to authenticate the locked user "tomcat"
Set 16, 2017 7:49:14 AM org.apache.catalina.realm.LockOutRealm filterLockedAccounts
ADVERTÊNCIA: An attempt was made to authenticate the locked user "tomcat"
Set 16, 2017 7:49:15 AM org.apache.catalina.realm.LockOutRealm filterLockedAccounts
ADVERTÊNCIA: An attempt was made to authenticate the locked user "tomcat"
Set 16, 2017 1:43:08 PM org.apache.catalina.realm.LockOutRealm filterLockedAccounts
ADVERTÊNCIA: An attempt was made to authenticate the locked user "admin"
Set 16, 2017 1:43:09 PM org.apache.catalina.realm.LockOutRealm filterLockedAccounts
ADVERTÊNCIA: An attempt was made to authenticate the locked user "admin"
Set 16, 2017 1:43:09 PM org.apache.catalina.realm.LockOutRealm filterLockedAccounts
ADVERTÊNCIA: An attempt was made to authenticate the locked user "admin"
Set 16, 2017 1:43:09 PM org.apache.catalina.realm.LockOutRealm filterLockedAccounts
ADVERTÊNCIA: An attempt was made to authenticate the locked user "admin"
Set 16, 2017 1:43:10 PM org.apache.catalina.realm.LockOutRealm filterLockedAccounts
ADVERTÊNCIA: An attempt was made to authenticate the locked user "admin"
Set 16, 2017 1:43:12 PM org.apache.catalina.realm.LockOutRealm filterLockedAccounts
ADVERTÊNCIA: An attempt was made to authenticate the locked user "tomcat"
Set 16, 2017 5:14:46 PM org.apache.coyote.http11.AbstractHttp11Processor process
INFORMAÇÕES: Error parsing HTTP request header
 Note: further occurrences of HTTP header parsing errors will be logged at DEBUG level.
java.lang.IllegalArgumentException: Invalid character found in method name. HTTP method names must be tokens
	at org.apache.coyote.http11.InternalInputBuffer.parseRequestLine(InternalInputBuffer.java:136)
	at org.apache.coyote.http11.AbstractHttp11Processor.process(AbstractHttp11Processor.java:1028)
	at org.apache.coyote.AbstractProtocol$AbstractConnectionHandler.process(AbstractProtocol.java:637)
	at org.apache.tomcat.util.net.JIoEndpoint$SocketProcessor.run(JIoEndpoint.java:316)
	at java.util.concurrent.ThreadPoolExecutor.runWorker(ThreadPoolExecutor.java:1152)
	at java.util.concurrent.ThreadPoolExecutor$Worker.run(ThreadPoolExecutor.java:622)
	at org.apache.tomcat.util.threads.TaskThread$WrappingRunnable.run(TaskThread.java:61)
	at java.lang.Thread.run(Thread.java:748)

Set 16, 2017 6:55:57 PM org.apache.coyote.http11.AbstractHttp11Processor process
INFORMAÇÕES: Error parsing HTTP request header
 Note: further occurrences of HTTP header parsing errors will be logged at DEBUG level.
java.lang.IllegalArgumentException: Invalid character found in method name. HTTP method names must be tokens
	at org.apache.coyote.http11.InternalInputBuffer.parseRequestLine(InternalInputBuffer.java:136)
	at org.apache.coyote.http11.AbstractHttp11Processor.process(AbstractHttp11Processor.java:1028)
	at org.apache.coyote.AbstractProtocol$AbstractConnectionHandler.process(AbstractProtocol.java:637)
	at org.apache.tomcat.util.net.JIoEndpoint$SocketProcessor.run(JIoEndpoint.java:316)
	at java.util.concurrent.ThreadPoolExecutor.runWorker(ThreadPoolExecutor.java:1152)
	at java.util.concurrent.ThreadPoolExecutor$Worker.run(ThreadPoolExecutor.java:622)
	at org.apache.tomcat.util.threads.TaskThread$WrappingRunnable.run(TaskThread.java:61)
	at java.lang.Thread.run(Thread.java:748)

