Jan 04, 2018 1:45:46 AM org.apache.catalina.realm.LockOutRealm filterLockedAccounts
ADVERTÊNCIA: An attempt was made to authenticate the locked user "root"
Jan 04, 2018 2:22:40 AM org.apache.coyote.http11.AbstractHttp11Processor process
INFORMAÇÕES: Error parsing HTTP request header
 Note: further occurrences of HTTP header parsing errors will be logged at DEBUG level.
java.lang.IllegalArgumentException: Invalid character found in method name. HTTP method names must be tokens
	at org.apache.coyote.http11.InternalInputBuffer.parseRequestLine(InternalInputBuffer.java:136)
	at org.apache.coyote.http11.AbstractHttp11Processor.process(AbstractHttp11Processor.java:1028)
	at org.apache.coyote.AbstractProtocol$AbstractConnectionHandler.process(AbstractProtocol.java:637)
	at org.apache.tomcat.util.net.JIoEndpoint$SocketProcessor.run(JIoEndpoint.java:316)
	at java.util.concurrent.ThreadPoolExecutor.runWorker(ThreadPoolExecutor.java:1152)
	at java.util.concurrent.ThreadPoolExecutor$Worker.run(ThreadPoolExecutor.java:622)
	at org.apache.tomcat.util.threads.TaskThread$WrappingRunnable.run(TaskThread.java:61)
	at java.lang.Thread.run(Thread.java:748)

Jan 04, 2018 7:42:34 AM org.apache.catalina.realm.LockOutRealm filterLockedAccounts
ADVERTÊNCIA: An attempt was made to authenticate the locked user "admin"
Jan 04, 2018 7:42:34 AM org.apache.catalina.realm.LockOutRealm filterLockedAccounts
ADVERTÊNCIA: An attempt was made to authenticate the locked user "admin"
Jan 04, 2018 7:42:34 AM org.apache.catalina.realm.LockOutRealm filterLockedAccounts
ADVERTÊNCIA: An attempt was made to authenticate the locked user "tomcat"
Jan 04, 2018 7:42:34 AM org.apache.catalina.realm.LockOutRealm filterLockedAccounts
ADVERTÊNCIA: An attempt was made to authenticate the locked user "tomcat"
Jan 04, 2018 7:42:34 AM org.apache.catalina.realm.LockOutRealm filterLockedAccounts
ADVERTÊNCIA: An attempt was made to authenticate the locked user "tomcat"
Jan 04, 2018 7:42:34 AM org.apache.catalina.realm.LockOutRealm filterLockedAccounts
ADVERTÊNCIA: An attempt was made to authenticate the locked user "manager"
Jan 04, 2018 7:42:35 AM org.apache.catalina.realm.LockOutRealm filterLockedAccounts
ADVERTÊNCIA: An attempt was made to authenticate the locked user "manager"
Jan 04, 2018 11:13:50 AM org.apache.catalina.realm.LockOutRealm filterLockedAccounts
ADVERTÊNCIA: An attempt was made to authenticate the locked user ""
Jan 04, 2018 11:13:52 AM org.apache.catalina.realm.LockOutRealm filterLockedAccounts
ADVERTÊNCIA: An attempt was made to authenticate the locked user "admin"
Jan 04, 2018 11:13:52 AM org.apache.catalina.realm.LockOutRealm filterLockedAccounts
ADVERTÊNCIA: An attempt was made to authenticate the locked user "admin"
Jan 04, 2018 11:13:53 AM org.apache.catalina.realm.LockOutRealm filterLockedAccounts
ADVERTÊNCIA: An attempt was made to authenticate the locked user "admin"
Jan 04, 2018 11:13:53 AM org.apache.catalina.realm.LockOutRealm filterLockedAccounts
ADVERTÊNCIA: An attempt was made to authenticate the locked user "admin"
Jan 04, 2018 11:13:54 AM org.apache.catalina.realm.LockOutRealm filterLockedAccounts
ADVERTÊNCIA: An attempt was made to authenticate the locked user "admin"
Jan 04, 2018 11:13:56 AM org.apache.catalina.realm.LockOutRealm filterLockedAccounts
ADVERTÊNCIA: An attempt was made to authenticate the locked user "tomcat"
Jan 04, 2018 11:13:56 AM org.apache.catalina.realm.LockOutRealm filterLockedAccounts
ADVERTÊNCIA: An attempt was made to authenticate the locked user "tomcat"
Jan 04, 2018 11:13:57 AM org.apache.catalina.realm.LockOutRealm filterLockedAccounts
ADVERTÊNCIA: An attempt was made to authenticate the locked user "tomcat"
Jan 04, 2018 11:13:57 AM org.apache.catalina.realm.LockOutRealm filterLockedAccounts
ADVERTÊNCIA: An attempt was made to authenticate the locked user "tomcat"
Jan 04, 2018 11:13:58 AM org.apache.catalina.realm.LockOutRealm filterLockedAccounts
ADVERTÊNCIA: An attempt was made to authenticate the locked user "tomcat"
Jan 04, 2018 11:13:59 AM org.apache.catalina.realm.LockOutRealm filterLockedAccounts
ADVERTÊNCIA: An attempt was made to authenticate the locked user "root"
Jan 04, 2018 11:13:59 AM org.apache.catalina.realm.LockOutRealm filterLockedAccounts
ADVERTÊNCIA: An attempt was made to authenticate the locked user "root"
Jan 04, 2018 11:14:00 AM org.apache.catalina.realm.LockOutRealm filterLockedAccounts
ADVERTÊNCIA: An attempt was made to authenticate the locked user "root"
Jan 04, 2018 11:14:00 AM org.apache.catalina.realm.LockOutRealm filterLockedAccounts
ADVERTÊNCIA: An attempt was made to authenticate the locked user "root"
Jan 04, 2018 11:14:01 AM org.apache.catalina.realm.LockOutRealm filterLockedAccounts
ADVERTÊNCIA: An attempt was made to authenticate the locked user "root"
Jan 04, 2018 11:14:01 AM org.apache.catalina.realm.LockOutRealm filterLockedAccounts
ADVERTÊNCIA: An attempt was made to authenticate the locked user "root"
Jan 04, 2018 11:14:02 AM org.apache.catalina.realm.LockOutRealm filterLockedAccounts
ADVERTÊNCIA: An attempt was made to authenticate the locked user "root"
Jan 04, 2018 11:14:02 AM org.apache.catalina.realm.LockOutRealm filterLockedAccounts
ADVERTÊNCIA: An attempt was made to authenticate the locked user "root"
Jan 04, 2018 11:14:02 AM org.apache.catalina.realm.LockOutRealm filterLockedAccounts
ADVERTÊNCIA: An attempt was made to authenticate the locked user "root"
Jan 04, 2018 11:14:05 AM org.apache.catalina.realm.LockOutRealm filterLockedAccounts
ADVERTÊNCIA: An attempt was made to authenticate the locked user "user"
Jan 04, 2018 11:14:05 AM org.apache.catalina.realm.LockOutRealm filterLockedAccounts
ADVERTÊNCIA: An attempt was made to authenticate the locked user "user"
Jan 04, 2018 11:14:05 AM org.apache.catalina.realm.LockOutRealm filterLockedAccounts
ADVERTÊNCIA: An attempt was made to authenticate the locked user "user"
Jan 04, 2018 11:14:06 AM org.apache.catalina.realm.LockOutRealm filterLockedAccounts
ADVERTÊNCIA: An attempt was made to authenticate the locked user "user"
Jan 04, 2018 11:14:06 AM org.apache.catalina.realm.LockOutRealm filterLockedAccounts
ADVERTÊNCIA: An attempt was made to authenticate the locked user "user"
Jan 04, 2018 2:19:34 PM org.apache.catalina.realm.LockOutRealm filterLockedAccounts
ADVERTÊNCIA: An attempt was made to authenticate the locked user "root"
Jan 04, 2018 2:19:34 PM org.apache.catalina.realm.LockOutRealm filterLockedAccounts
ADVERTÊNCIA: An attempt was made to authenticate the locked user "root"
Jan 04, 2018 2:19:35 PM org.apache.catalina.realm.LockOutRealm filterLockedAccounts
ADVERTÊNCIA: An attempt was made to authenticate the locked user "root"
Jan 04, 2018 2:19:36 PM org.apache.catalina.realm.LockOutRealm filterLockedAccounts
ADVERTÊNCIA: An attempt was made to authenticate the locked user "root"
Jan 04, 2018 2:19:36 PM org.apache.catalina.realm.LockOutRealm filterLockedAccounts
ADVERTÊNCIA: An attempt was made to authenticate the locked user "root"
Jan 04, 2018 2:19:37 PM org.apache.catalina.realm.LockOutRealm filterLockedAccounts
ADVERTÊNCIA: An attempt was made to authenticate the locked user "root"
Jan 04, 2018 2:19:39 PM org.apache.catalina.realm.LockOutRealm filterLockedAccounts
ADVERTÊNCIA: An attempt was made to authenticate the locked user "admin"
Jan 04, 2018 2:19:40 PM org.apache.catalina.realm.LockOutRealm filterLockedAccounts
ADVERTÊNCIA: An attempt was made to authenticate the locked user "admin"
Jan 04, 2018 2:19:40 PM org.apache.catalina.realm.LockOutRealm filterLockedAccounts
ADVERTÊNCIA: An attempt was made to authenticate the locked user "admin"
Jan 04, 2018 2:19:41 PM org.apache.catalina.realm.LockOutRealm filterLockedAccounts
ADVERTÊNCIA: An attempt was made to authenticate the locked user "admin"
Jan 04, 2018 2:19:41 PM org.apache.catalina.realm.LockOutRealm filterLockedAccounts
ADVERTÊNCIA: An attempt was made to authenticate the locked user "admin"
Jan 04, 2018 2:19:42 PM org.apache.catalina.realm.LockOutRealm filterLockedAccounts
ADVERTÊNCIA: An attempt was made to authenticate the locked user "admin"
Jan 04, 2018 2:19:44 PM org.apache.catalina.realm.LockOutRealm filterLockedAccounts
ADVERTÊNCIA: An attempt was made to authenticate the locked user "tomcat"
Jan 04, 2018 2:19:45 PM org.apache.catalina.realm.LockOutRealm filterLockedAccounts
ADVERTÊNCIA: An attempt was made to authenticate the locked user "tomcat"
Jan 04, 2018 2:19:45 PM org.apache.catalina.realm.LockOutRealm filterLockedAccounts
ADVERTÊNCIA: An attempt was made to authenticate the locked user "tomcat"
Jan 04, 2018 2:19:45 PM org.apache.catalina.realm.LockOutRealm filterLockedAccounts
ADVERTÊNCIA: An attempt was made to authenticate the locked user "tomcat"
Jan 04, 2018 2:19:46 PM org.apache.catalina.realm.LockOutRealm filterLockedAccounts
ADVERTÊNCIA: An attempt was made to authenticate the locked user "tomcat"
Jan 04, 2018 2:19:46 PM org.apache.catalina.realm.LockOutRealm filterLockedAccounts
ADVERTÊNCIA: An attempt was made to authenticate the locked user "tomcat"
Jan 04, 2018 8:00:23 PM org.apache.catalina.realm.LockOutRealm filterLockedAccounts
ADVERTÊNCIA: An attempt was made to authenticate the locked user "admin"
Jan 04, 2018 8:00:24 PM org.apache.catalina.realm.LockOutRealm filterLockedAccounts
ADVERTÊNCIA: An attempt was made to authenticate the locked user "admin"
Jan 04, 2018 8:00:24 PM org.apache.catalina.realm.LockOutRealm filterLockedAccounts
ADVERTÊNCIA: An attempt was made to authenticate the locked user "admin"
Jan 04, 2018 8:00:25 PM org.apache.catalina.realm.LockOutRealm filterLockedAccounts
ADVERTÊNCIA: An attempt was made to authenticate the locked user "admin"
Jan 04, 2018 8:00:26 PM org.apache.catalina.realm.LockOutRealm filterLockedAccounts
ADVERTÊNCIA: An attempt was made to authenticate the locked user "admin"
Jan 04, 2018 8:27:17 PM org.apache.catalina.realm.LockOutRealm filterLockedAccounts
ADVERTÊNCIA: An attempt was made to authenticate the locked user "tomcat"
Jan 04, 2018 8:27:17 PM org.apache.catalina.realm.LockOutRealm filterLockedAccounts
ADVERTÊNCIA: An attempt was made to authenticate the locked user "tomcat"
Jan 04, 2018 8:27:17 PM org.apache.catalina.realm.LockOutRealm filterLockedAccounts
ADVERTÊNCIA: An attempt was made to authenticate the locked user "tomcat"
Jan 04, 2018 8:27:18 PM org.apache.catalina.realm.LockOutRealm filterLockedAccounts
ADVERTÊNCIA: An attempt was made to authenticate the locked user "tomcat"
Jan 04, 2018 8:27:18 PM org.apache.catalina.realm.LockOutRealm filterLockedAccounts
ADVERTÊNCIA: An attempt was made to authenticate the locked user "tomcat"
Jan 04, 2018 8:32:44 PM org.apache.catalina.realm.LockOutRealm filterLockedAccounts
ADVERTÊNCIA: An attempt was made to authenticate the locked user "manager"
Jan 04, 2018 8:32:45 PM org.apache.catalina.realm.LockOutRealm filterLockedAccounts
ADVERTÊNCIA: An attempt was made to authenticate the locked user "manager"
Jan 04, 2018 8:32:45 PM org.apache.catalina.realm.LockOutRealm filterLockedAccounts
ADVERTÊNCIA: An attempt was made to authenticate the locked user "manager"
Jan 04, 2018 8:32:45 PM org.apache.catalina.realm.LockOutRealm filterLockedAccounts
ADVERTÊNCIA: An attempt was made to authenticate the locked user "manager"
Jan 04, 2018 8:32:46 PM org.apache.catalina.realm.LockOutRealm filterLockedAccounts
ADVERTÊNCIA: An attempt was made to authenticate the locked user "manager"
Jan 04, 2018 8:36:37 PM org.apache.catalina.realm.LockOutRealm filterLockedAccounts
ADVERTÊNCIA: An attempt was made to authenticate the locked user ""
Jan 04, 2018 8:36:38 PM org.apache.catalina.realm.LockOutRealm filterLockedAccounts
ADVERTÊNCIA: An attempt was made to authenticate the locked user "root"
Jan 04, 2018 8:36:39 PM org.apache.catalina.realm.LockOutRealm filterLockedAccounts
ADVERTÊNCIA: An attempt was made to authenticate the locked user "root"
Jan 04, 2018 8:36:39 PM org.apache.catalina.realm.LockOutRealm filterLockedAccounts
ADVERTÊNCIA: An attempt was made to authenticate the locked user "root"
Jan 04, 2018 8:36:40 PM org.apache.catalina.realm.LockOutRealm filterLockedAccounts
ADVERTÊNCIA: An attempt was made to authenticate the locked user "root"
Jan 04, 2018 8:36:40 PM org.apache.catalina.realm.LockOutRealm filterLockedAccounts
ADVERTÊNCIA: An attempt was made to authenticate the locked user "root"
Jan 04, 2018 8:38:32 PM org.apache.catalina.realm.LockOutRealm filterLockedAccounts
ADVERTÊNCIA: An attempt was made to authenticate the locked user ""
Jan 04, 2018 8:38:34 PM org.apache.catalina.realm.LockOutRealm filterLockedAccounts
ADVERTÊNCIA: An attempt was made to authenticate the locked user "user"
Jan 04, 2018 8:38:35 PM org.apache.catalina.realm.LockOutRealm filterLockedAccounts
ADVERTÊNCIA: An attempt was made to authenticate the locked user "user"
Jan 04, 2018 8:38:35 PM org.apache.catalina.realm.LockOutRealm filterLockedAccounts
ADVERTÊNCIA: An attempt was made to authenticate the locked user "user"
Jan 04, 2018 8:38:36 PM org.apache.catalina.realm.LockOutRealm filterLockedAccounts
ADVERTÊNCIA: An attempt was made to authenticate the locked user "user"
Jan 04, 2018 8:38:36 PM org.apache.catalina.realm.LockOutRealm filterLockedAccounts
ADVERTÊNCIA: An attempt was made to authenticate the locked user "user"
Jan 04, 2018 8:39:56 PM org.apache.catalina.realm.LockOutRealm filterLockedAccounts
ADVERTÊNCIA: An attempt was made to authenticate the locked user ""
Jan 04, 2018 8:39:58 PM org.apache.catalina.realm.LockOutRealm filterLockedAccounts
ADVERTÊNCIA: An attempt was made to authenticate the locked user "guest"
Jan 04, 2018 8:39:59 PM org.apache.catalina.realm.LockOutRealm filterLockedAccounts
ADVERTÊNCIA: An attempt was made to authenticate the locked user "guest"
Jan 04, 2018 8:39:59 PM org.apache.catalina.realm.LockOutRealm filterLockedAccounts
ADVERTÊNCIA: An attempt was made to authenticate the locked user "guest"
Jan 04, 2018 8:39:59 PM org.apache.catalina.realm.LockOutRealm filterLockedAccounts
ADVERTÊNCIA: An attempt was made to authenticate the locked user "guest"
Jan 04, 2018 8:40:00 PM org.apache.catalina.realm.LockOutRealm filterLockedAccounts
ADVERTÊNCIA: An attempt was made to authenticate the locked user "guest"
Jan 04, 2018 9:23:12 PM org.apache.coyote.ajp.AjpMessage processHeader
GRAVE: Invalid message received with signature 5635
