jul 26, 2017 7:51:29 AM org.apache.catalina.startup.VersionLoggerListener log
INFORMAÇÕES: Server version:        Apache Tomcat/7.0.79
jul 26, 2017 7:51:29 AM org.apache.catalina.startup.VersionLoggerListener log
INFORMAÇÕES: Server built:          Jun 26 2017 16:25:20 UTC
jul 26, 2017 7:51:29 AM org.apache.catalina.startup.VersionLoggerListener log
INFORMAÇÕES: Server number:         7.0.79.0
jul 26, 2017 7:51:29 AM org.apache.catalina.startup.VersionLoggerListener log
INFORMAÇÕES: OS Name:               Linux
jul 26, 2017 7:51:29 AM org.apache.catalina.startup.VersionLoggerListener log
INFORMAÇÕES: OS Version:            3.13.0-125-generic
jul 26, 2017 7:51:29 AM org.apache.catalina.startup.VersionLoggerListener log
INFORMAÇÕES: Architecture:          i386
jul 26, 2017 7:51:29 AM org.apache.catalina.startup.VersionLoggerListener log
INFORMAÇÕES: Java Home:             /usr/lib/jvm/java-8-oracle/jre
jul 26, 2017 7:51:29 AM org.apache.catalina.startup.VersionLoggerListener log
INFORMAÇÕES: JVM Version:           1.8.0_131-b11
jul 26, 2017 7:51:29 AM org.apache.catalina.startup.VersionLoggerListener log
INFORMAÇÕES: JVM Vendor:            Oracle Corporation
jul 26, 2017 7:51:29 AM org.apache.catalina.startup.VersionLoggerListener log
INFORMAÇÕES: CATALINA_BASE:         /opt/tomcat
jul 26, 2017 7:51:29 AM org.apache.catalina.startup.VersionLoggerListener log
INFORMAÇÕES: CATALINA_HOME:         /opt/tomcat
jul 26, 2017 7:51:29 AM org.apache.catalina.startup.VersionLoggerListener log
INFORMAÇÕES: Command line argument: -Djava.util.logging.config.file=/opt/tomcat/conf/logging.properties
jul 26, 2017 7:51:29 AM org.apache.catalina.startup.VersionLoggerListener log
INFORMAÇÕES: Command line argument: -Djava.util.logging.manager=org.apache.juli.ClassLoaderLogManager
jul 26, 2017 7:51:29 AM org.apache.catalina.startup.VersionLoggerListener log
INFORMAÇÕES: Command line argument: -Djdk.tls.ephemeralDHKeySize=2048
jul 26, 2017 7:51:29 AM org.apache.catalina.startup.VersionLoggerListener log
INFORMAÇÕES: Command line argument: -Djava.endorsed.dirs=/opt/tomcat/endorsed
jul 26, 2017 7:51:29 AM org.apache.catalina.startup.VersionLoggerListener log
INFORMAÇÕES: Command line argument: -Dcatalina.base=/opt/tomcat
jul 26, 2017 7:51:29 AM org.apache.catalina.startup.VersionLoggerListener log
INFORMAÇÕES: Command line argument: -Dcatalina.home=/opt/tomcat
jul 26, 2017 7:51:29 AM org.apache.catalina.startup.VersionLoggerListener log
INFORMAÇÕES: Command line argument: -Djava.io.tmpdir=/opt/tomcat/temp
jul 26, 2017 7:51:29 AM org.apache.catalina.core.AprLifecycleListener lifecycleEvent
INFORMAÇÕES: The APR based Apache Tomcat Native library which allows optimal performance in production environments was not found on the java.library.path: /usr/java/packages/lib/i386:/lib:/usr/lib
jul 26, 2017 7:51:30 AM org.apache.coyote.AbstractProtocol init
INFORMAÇÕES: Initializing ProtocolHandler ["http-bio-8080"]
jul 26, 2017 7:51:30 AM org.apache.coyote.AbstractProtocol init
INFORMAÇÕES: Initializing ProtocolHandler ["ajp-bio-8009"]
jul 26, 2017 7:51:30 AM org.apache.catalina.startup.Catalina load
INFORMAÇÕES: Initialization processed in 2467 ms
jul 26, 2017 7:51:30 AM org.apache.catalina.core.StandardService startInternal
INFORMAÇÕES: Starting service Catalina
jul 26, 2017 7:51:30 AM org.apache.catalina.core.StandardEngine startInternal
INFORMAÇÕES: Starting Servlet Engine: Apache Tomcat/7.0.79
jul 26, 2017 7:51:30 AM org.apache.catalina.startup.HostConfig deployWAR
INFORMAÇÕES: Deploying web application archive /opt/tomcat/webapps/dash.war
jul 26, 2017 7:51:31 AM org.apache.catalina.loader.WebappClassLoaderBase validateJarFile
INFORMAÇÕES: validateJarFile(/opt/tomcat/webapps/dash/WEB-INF/lib/el-api-2.2.jar) - jar not loaded. See Servlet Spec 3.0, section 10.7.2. Offending class: javax/el/Expression.class
jul 26, 2017 7:51:34 AM org.apache.catalina.startup.TldConfig execute
INFORMAÇÕES: At least one JAR was scanned for TLDs yet contained no TLDs. Enable debug logging for this logger for a complete list of JARs that were scanned but no TLDs were found in them. Skipping unneeded JARs during scanning can improve startup time and JSP compilation time.
jul 26, 2017 7:51:36 AM org.hibernate.annotations.common.Version <clinit>
INFO: HCANN000001: Hibernate Commons Annotations {4.0.2.Final}
jul 26, 2017 7:51:36 AM org.hibernate.Version logVersion
INFO: HHH000412: Hibernate Core {4.2.21.Final}
jul 26, 2017 7:51:36 AM org.hibernate.cfg.Environment <clinit>
INFO: HHH000206: hibernate.properties not found
jul 26, 2017 7:51:36 AM org.hibernate.cfg.Environment buildBytecodeProvider
INFO: HHH000021: Bytecode provider name : javassist
jul 26, 2017 7:51:36 AM org.hibernate.cfg.Configuration configure
INFO: HHH000042: Configuring from file: hibernate.cfg.xml
jul 26, 2017 7:51:36 AM org.hibernate.cfg.Configuration doConfigure
INFO: HHH000041: Configured SessionFactory: null
jul 26, 2017 7:51:37 AM org.hibernate.dialect.Dialect <init>
INFO: HHH000400: Using dialect: org.hibernate.dialect.H2Dialect
jul 26, 2017 7:51:37 AM org.hibernate.engine.jdbc.internal.LobCreatorBuilder useContextualLobCreation
INFO: HHH000423: Disabling contextual LOB creation as JDBC driver reported JDBC version [3] less than 4
jul 26, 2017 7:51:37 AM org.hibernate.engine.transaction.internal.TransactionFactoryInitiator initiateService
INFO: HHH000399: Using default transaction strategy (direct JDBC transactions)
jul 26, 2017 7:51:37 AM org.hibernate.hql.internal.ast.ASTQueryTranslatorFactory <init>
INFO: HHH000397: Using ASTQueryTranslatorFactory
jul 26, 2017 7:51:37 AM org.hibernate.validator.internal.util.Version <clinit>
INFO: HV000001: Hibernate Validator 4.3.2.Final
jul 26, 2017 7:51:40 AM org.apache.catalina.startup.HostConfig deployWAR
INFORMAÇÕES: Deployment of web application archive /opt/tomcat/webapps/dash.war has finished in 9,725 ms
jul 26, 2017 7:51:40 AM org.apache.catalina.startup.HostConfig deployDirectory
INFORMAÇÕES: Deploying web application directory /opt/tomcat/webapps/examples
jul 26, 2017 7:51:40 AM org.apache.catalina.startup.HostConfig deployDirectory
INFORMAÇÕES: Deployment of web application directory /opt/tomcat/webapps/examples has finished in 349 ms
jul 26, 2017 7:51:40 AM org.apache.catalina.startup.HostConfig deployDirectory
INFORMAÇÕES: Deploying web application directory /opt/tomcat/webapps/ROOT
jul 26, 2017 7:51:40 AM org.apache.catalina.startup.HostConfig deployDirectory
INFORMAÇÕES: Deployment of web application directory /opt/tomcat/webapps/ROOT has finished in 47 ms
jul 26, 2017 7:51:40 AM org.apache.catalina.startup.HostConfig deployDirectory
INFORMAÇÕES: Deploying web application directory /opt/tomcat/webapps/host-manager
jul 26, 2017 7:51:40 AM org.apache.catalina.startup.HostConfig deployDirectory
INFORMAÇÕES: Deployment of web application directory /opt/tomcat/webapps/host-manager has finished in 49 ms
jul 26, 2017 7:51:40 AM org.apache.catalina.startup.HostConfig deployDirectory
INFORMAÇÕES: Deploying web application directory /opt/tomcat/webapps/manager
jul 26, 2017 7:51:40 AM org.apache.catalina.startup.HostConfig deployDirectory
INFORMAÇÕES: Deployment of web application directory /opt/tomcat/webapps/manager has finished in 36 ms
jul 26, 2017 7:51:40 AM org.apache.catalina.startup.HostConfig deployDirectory
INFORMAÇÕES: Deploying web application directory /opt/tomcat/webapps/docs
jul 26, 2017 7:51:40 AM org.apache.catalina.startup.HostConfig deployDirectory
INFORMAÇÕES: Deployment of web application directory /opt/tomcat/webapps/docs has finished in 22 ms
jul 26, 2017 7:51:40 AM org.apache.coyote.AbstractProtocol start
INFORMAÇÕES: Starting ProtocolHandler ["http-bio-8080"]
jul 26, 2017 7:51:40 AM org.apache.coyote.AbstractProtocol start
INFORMAÇÕES: Starting ProtocolHandler ["ajp-bio-8009"]
jul 26, 2017 7:51:40 AM org.apache.catalina.startup.Catalina start
INFORMAÇÕES: Server startup in 10421 ms
jul 26, 2017 7:52:06 AM org.apache.jasper.compiler.TldLocationsCache tldScanJar
INFORMAÇÕES: At least one JAR was scanned for TLDs yet contained no TLDs. Enable debug logging for this logger for a complete list of JARs that were scanned but no TLDs were found in them. Skipping unneeded JARs during scanning can improve startup time and JSP compilation time.
jul 26, 2017 11:15:21 AM org.apache.catalina.startup.HostConfig deployDirectory
INFORMAÇÕES: Deploying web application directory /opt/tomcat/webapps/dash (cópia)
jul 26, 2017 11:15:21 AM org.apache.catalina.loader.WebappClassLoaderBase validateJarFile
INFORMAÇÕES: validateJarFile(/opt/tomcat/webapps/dash (cópia)/WEB-INF/lib/el-api-2.2.jar) - jar not loaded. See Servlet Spec 3.0, section 10.7.2. Offending class: javax/el/Expression.class
jul 26, 2017 11:15:22 AM org.apache.catalina.startup.TldConfig execute
INFORMAÇÕES: At least one JAR was scanned for TLDs yet contained no TLDs. Enable debug logging for this logger for a complete list of JARs that were scanned but no TLDs were found in them. Skipping unneeded JARs during scanning can improve startup time and JSP compilation time.
jul 26, 2017 11:15:23 AM org.hibernate.annotations.common.Version <clinit>
INFO: HCANN000001: Hibernate Commons Annotations {4.0.2.Final}
jul 26, 2017 11:15:23 AM org.hibernate.Version logVersion
INFO: HHH000412: Hibernate Core {4.2.21.Final}
jul 26, 2017 11:15:23 AM org.hibernate.cfg.Environment <clinit>
INFO: HHH000206: hibernate.properties not found
jul 26, 2017 11:15:23 AM org.hibernate.cfg.Environment buildBytecodeProvider
INFO: HHH000021: Bytecode provider name : javassist
jul 26, 2017 11:15:23 AM org.hibernate.cfg.Configuration configure
INFO: HHH000042: Configuring from file: hibernate.cfg.xml
jul 26, 2017 11:15:23 AM org.hibernate.cfg.Configuration doConfigure
INFO: HHH000041: Configured SessionFactory: null
jul 26, 2017 11:15:25 AM org.apache.catalina.startup.HostConfig deployDirectory
INFORMAÇÕES: Deployment of web application directory /opt/tomcat/webapps/dash (cópia) has finished in 4,473 ms
jul 26, 2017 11:45:25 AM org.apache.coyote.AbstractProtocol pause
INFORMAÇÕES: Pausing ProtocolHandler ["http-bio-8080"]
jul 26, 2017 11:45:25 AM org.apache.coyote.AbstractProtocol pause
INFORMAÇÕES: Pausing ProtocolHandler ["ajp-bio-8009"]
jul 26, 2017 11:45:25 AM org.apache.catalina.core.StandardService stopInternal
INFORMAÇÕES: Stopping service Catalina
jul 26, 2017 11:45:25 AM org.apache.catalina.loader.WebappClassLoaderBase openJARs
ADVERTÊNCIA: Failed to open JAR [null]
java.io.FileNotFoundException: /opt/tomcat/webapps/dash (cópia)/WEB-INF/lib/antlr-2.7.7.jar (Arquivo ou diretório não encontrado)
	at java.util.zip.ZipFile.open(Native Method)
	at java.util.zip.ZipFile.<init>(ZipFile.java:219)
	at java.util.zip.ZipFile.<init>(ZipFile.java:149)
	at java.util.jar.JarFile.<init>(JarFile.java:166)
	at java.util.jar.JarFile.<init>(JarFile.java:130)
	at org.apache.catalina.loader.WebappClassLoaderBase.openJARs(WebappClassLoaderBase.java:3108)
	at org.apache.catalina.loader.WebappClassLoaderBase.findResourceInternal(WebappClassLoaderBase.java:3397)
	at org.apache.catalina.loader.WebappClassLoaderBase.findClassInternal(WebappClassLoaderBase.java:3140)
	at org.apache.catalina.loader.WebappClassLoaderBase.findClass(WebappClassLoaderBase.java:1373)
	at org.apache.catalina.loader.WebappClassLoaderBase.loadClass(WebappClassLoaderBase.java:1861)
	at org.apache.catalina.loader.WebappClassLoaderBase.loadClass(WebappClassLoaderBase.java:1735)
	at org.jboss.weld.bean.builtin.InstanceImpl.get(InstanceImpl.java:104)
	at org.jboss.weld.bootstrap.WeldBootstrap.shutdown(WeldBootstrap.java:459)
	at org.jboss.weld.environment.servlet.Listener.contextDestroyed(Listener.java:83)
	at org.apache.catalina.core.StandardContext.listenerStop(StandardContext.java:5165)
	at org.apache.catalina.core.StandardContext.stopInternal(StandardContext.java:5829)
	at org.apache.catalina.util.LifecycleBase.stop(LifecycleBase.java:221)
	at org.apache.catalina.core.ContainerBase$StopChild.call(ContainerBase.java:1587)
	at org.apache.catalina.core.ContainerBase$StopChild.call(ContainerBase.java:1576)
	at java.util.concurrent.FutureTask.run(FutureTask.java:266)
	at java.util.concurrent.ThreadPoolExecutor.runWorker(ThreadPoolExecutor.java:1142)
	at java.util.concurrent.ThreadPoolExecutor$Worker.run(ThreadPoolExecutor.java:617)
	at java.lang.Thread.run(Thread.java:748)

jul 26, 2017 11:45:26 AM org.apache.catalina.loader.WebappClassLoaderBase openJARs
ADVERTÊNCIA: Failed to open JAR [null]
java.io.FileNotFoundException: /opt/tomcat/webapps/dash (cópia)/WEB-INF/lib/antlr-2.7.7.jar (Arquivo ou diretório não encontrado)
	at java.util.zip.ZipFile.open(Native Method)
	at java.util.zip.ZipFile.<init>(ZipFile.java:219)
	at java.util.zip.ZipFile.<init>(ZipFile.java:149)
	at java.util.jar.JarFile.<init>(JarFile.java:166)
	at java.util.jar.JarFile.<init>(JarFile.java:130)
	at org.apache.catalina.loader.WebappClassLoaderBase.openJARs(WebappClassLoaderBase.java:3108)
	at org.apache.catalina.loader.WebappClassLoaderBase.findResourceInternal(WebappClassLoaderBase.java:3397)
	at org.apache.catalina.loader.WebappClassLoaderBase.findResource(WebappClassLoaderBase.java:1458)
	at org.apache.catalina.loader.WebappClassLoaderBase.getResourceAsStream(WebappClassLoaderBase.java:1686)
	at org.apache.catalina.loader.WebappClassLoaderBase.clearReferencesJdbc(WebappClassLoaderBase.java:2282)
	at org.apache.catalina.loader.WebappClassLoaderBase.clearReferences(WebappClassLoaderBase.java:2223)
	at org.apache.catalina.loader.WebappClassLoaderBase.stop(WebappClassLoaderBase.java:2123)
	at org.apache.catalina.loader.WebappLoader.stopInternal(WebappLoader.java:663)
	at org.apache.catalina.util.LifecycleBase.stop(LifecycleBase.java:221)
	at org.apache.catalina.core.StandardContext.stopInternal(StandardContext.java:5872)
	at org.apache.catalina.util.LifecycleBase.stop(LifecycleBase.java:221)
	at org.apache.catalina.core.ContainerBase$StopChild.call(ContainerBase.java:1587)
	at org.apache.catalina.core.ContainerBase$StopChild.call(ContainerBase.java:1576)
	at java.util.concurrent.FutureTask.run(FutureTask.java:266)
	at java.util.concurrent.ThreadPoolExecutor.runWorker(ThreadPoolExecutor.java:1142)
	at java.util.concurrent.ThreadPoolExecutor$Worker.run(ThreadPoolExecutor.java:617)
	at java.lang.Thread.run(Thread.java:748)

jul 26, 2017 11:45:26 AM org.apache.catalina.loader.WebappClassLoaderBase clearReferencesJdbc
GRAVE: The web application [/dash (cópia)] registered the JDBC driver [org.h2.Driver] but failed to unregister it when the web application was stopped. To prevent a memory leak, the JDBC Driver has been forcibly unregistered.
jul 26, 2017 11:45:26 AM org.apache.catalina.loader.WebappClassLoaderBase clearReferencesJdbc
GRAVE: The web application [/dash] registered the JDBC driver [org.h2.Driver] but failed to unregister it when the web application was stopped. To prevent a memory leak, the JDBC Driver has been forcibly unregistered.
jul 26, 2017 11:45:26 AM org.apache.catalina.loader.WebappClassLoaderBase clearReferencesThreads
GRAVE: The web application [/dash] appears to have started a thread named [H2 File Lock Watchdog /home/deppi/dashbuilder.lock.db] but has failed to stop it. This is very likely to create a memory leak.
jul 26, 2017 11:45:26 AM org.apache.catalina.loader.WebappClassLoaderBase clearReferencesThreads
GRAVE: The web application [/dash] appears to have started a thread named [Thread-3] but has failed to stop it. This is very likely to create a memory leak.
jul 26, 2017 11:45:26 AM org.apache.coyote.AbstractProtocol stop
INFORMAÇÕES: Stopping ProtocolHandler ["http-bio-8080"]
jul 26, 2017 11:45:26 AM org.apache.coyote.AbstractProtocol stop
INFORMAÇÕES: Stopping ProtocolHandler ["ajp-bio-8009"]
jul 26, 2017 11:45:26 AM org.apache.coyote.AbstractProtocol destroy
INFORMAÇÕES: Destroying ProtocolHandler ["http-bio-8080"]
jul 26, 2017 11:45:26 AM org.apache.coyote.AbstractProtocol destroy
INFORMAÇÕES: Destroying ProtocolHandler ["ajp-bio-8009"]
