ago 02, 2017 11:21:48 AM org.apache.catalina.startup.VersionLoggerListener log
INFORMAÇÕES: Server version:        Apache Tomcat/7.0.79
ago 02, 2017 11:21:48 AM org.apache.catalina.startup.VersionLoggerListener log
INFORMAÇÕES: Server built:          Jun 26 2017 16:25:20 UTC
ago 02, 2017 11:21:48 AM org.apache.catalina.startup.VersionLoggerListener log
INFORMAÇÕES: Server number:         7.0.79.0
ago 02, 2017 11:21:48 AM org.apache.catalina.startup.VersionLoggerListener log
INFORMAÇÕES: OS Name:               Linux
ago 02, 2017 11:21:48 AM org.apache.catalina.startup.VersionLoggerListener log
INFORMAÇÕES: OS Version:            3.13.0-125-generic
ago 02, 2017 11:21:48 AM org.apache.catalina.startup.VersionLoggerListener log
INFORMAÇÕES: Architecture:          i386
ago 02, 2017 11:21:48 AM org.apache.catalina.startup.VersionLoggerListener log
INFORMAÇÕES: Java Home:             /usr/lib/jvm/java-8-oracle/jre
ago 02, 2017 11:21:48 AM org.apache.catalina.startup.VersionLoggerListener log
INFORMAÇÕES: JVM Version:           1.8.0_131-b11
ago 02, 2017 11:21:48 AM org.apache.catalina.startup.VersionLoggerListener log
INFORMAÇÕES: JVM Vendor:            Oracle Corporation
ago 02, 2017 11:21:48 AM org.apache.catalina.startup.VersionLoggerListener log
INFORMAÇÕES: CATALINA_BASE:         /opt/tomcat
ago 02, 2017 11:21:48 AM org.apache.catalina.startup.VersionLoggerListener log
INFORMAÇÕES: CATALINA_HOME:         /opt/tomcat
ago 02, 2017 11:21:48 AM org.apache.catalina.startup.VersionLoggerListener log
INFORMAÇÕES: Command line argument: -Djava.util.logging.config.file=/opt/tomcat/conf/logging.properties
ago 02, 2017 11:21:48 AM org.apache.catalina.startup.VersionLoggerListener log
INFORMAÇÕES: Command line argument: -Djava.util.logging.manager=org.apache.juli.ClassLoaderLogManager
ago 02, 2017 11:21:48 AM org.apache.catalina.startup.VersionLoggerListener log
INFORMAÇÕES: Command line argument: -Djdk.tls.ephemeralDHKeySize=2048
ago 02, 2017 11:21:48 AM org.apache.catalina.startup.VersionLoggerListener log
INFORMAÇÕES: Command line argument: -Djava.endorsed.dirs=/opt/tomcat/endorsed
ago 02, 2017 11:21:48 AM org.apache.catalina.startup.VersionLoggerListener log
INFORMAÇÕES: Command line argument: -Dcatalina.base=/opt/tomcat
ago 02, 2017 11:21:48 AM org.apache.catalina.startup.VersionLoggerListener log
INFORMAÇÕES: Command line argument: -Dcatalina.home=/opt/tomcat
ago 02, 2017 11:21:48 AM org.apache.catalina.startup.VersionLoggerListener log
INFORMAÇÕES: Command line argument: -Djava.io.tmpdir=/opt/tomcat/temp
ago 02, 2017 11:21:48 AM org.apache.catalina.core.AprLifecycleListener lifecycleEvent
INFORMAÇÕES: The APR based Apache Tomcat Native library which allows optimal performance in production environments was not found on the java.library.path: /usr/java/packages/lib/i386:/lib:/usr/lib
ago 02, 2017 11:21:48 AM org.apache.coyote.AbstractProtocol init
INFORMAÇÕES: Initializing ProtocolHandler ["http-bio-8080"]
ago 02, 2017 11:21:48 AM org.apache.coyote.AbstractProtocol init
INFORMAÇÕES: Initializing ProtocolHandler ["ajp-bio-8009"]
ago 02, 2017 11:21:48 AM org.apache.catalina.startup.Catalina load
INFORMAÇÕES: Initialization processed in 740 ms
ago 02, 2017 11:21:48 AM org.apache.catalina.core.StandardService startInternal
INFORMAÇÕES: Starting service Catalina
ago 02, 2017 11:21:48 AM org.apache.catalina.core.StandardEngine startInternal
INFORMAÇÕES: Starting Servlet Engine: Apache Tomcat/7.0.79
ago 02, 2017 11:21:48 AM org.apache.catalina.startup.HostConfig deployWAR
INFORMAÇÕES: Deploying web application archive /opt/tomcat/webapps/dash.war
ago 02, 2017 11:21:49 AM org.apache.catalina.loader.WebappClassLoaderBase validateJarFile
INFORMAÇÕES: validateJarFile(/opt/tomcat/webapps/dash/WEB-INF/lib/el-api-2.2.jar) - jar not loaded. See Servlet Spec 3.0, section 10.7.2. Offending class: javax/el/Expression.class
ago 02, 2017 11:21:52 AM org.apache.catalina.startup.TldConfig execute
INFORMAÇÕES: At least one JAR was scanned for TLDs yet contained no TLDs. Enable debug logging for this logger for a complete list of JARs that were scanned but no TLDs were found in them. Skipping unneeded JARs during scanning can improve startup time and JSP compilation time.
ago 02, 2017 11:21:53 AM org.apache.catalina.session.StandardManager doLoad
GRAVE: IOException while loading persisted sessions: java.io.InvalidClassException: org.jboss.weld.context.CreationalContextImpl; invalid descriptor for field parentDependentInstances
java.io.InvalidClassException: org.jboss.weld.context.CreationalContextImpl; invalid descriptor for field parentDependentInstances
	at java.io.ObjectStreamClass.readNonProxy(ObjectStreamClass.java:723)
	at java.io.ObjectInputStream.readClassDescriptor(ObjectInputStream.java:882)
	at java.io.ObjectInputStream.readNonProxyDesc(ObjectInputStream.java:1815)
	at java.io.ObjectInputStream.readClassDesc(ObjectInputStream.java:1713)
	at java.io.ObjectInputStream.readOrdinaryObject(ObjectInputStream.java:2000)
	at java.io.ObjectInputStream.readObject0(ObjectInputStream.java:1535)
	at java.io.ObjectInputStream.defaultReadFields(ObjectInputStream.java:2245)
	at java.io.ObjectInputStream.readSerialData(ObjectInputStream.java:2169)
	at java.io.ObjectInputStream.readOrdinaryObject(ObjectInputStream.java:2027)
	at java.io.ObjectInputStream.readObject0(ObjectInputStream.java:1535)
	at java.io.ObjectInputStream.readObject(ObjectInputStream.java:422)
	at org.apache.catalina.session.StandardSession.readObject(StandardSession.java:1609)
	at org.apache.catalina.session.StandardSession.readObjectData(StandardSession.java:1075)
	at org.apache.catalina.session.StandardManager.doLoad(StandardManager.java:259)
	at org.apache.catalina.session.StandardManager.load(StandardManager.java:176)
	at org.apache.catalina.session.StandardManager.startInternal(StandardManager.java:465)
	at org.apache.catalina.util.LifecycleBase.start(LifecycleBase.java:145)
	at org.apache.catalina.core.StandardContext.startInternal(StandardContext.java:5643)
	at org.apache.catalina.util.LifecycleBase.start(LifecycleBase.java:145)
	at org.apache.catalina.core.ContainerBase.addChildInternal(ContainerBase.java:899)
	at org.apache.catalina.core.ContainerBase.addChild(ContainerBase.java:875)
	at org.apache.catalina.core.StandardHost.addChild(StandardHost.java:652)
	at org.apache.catalina.startup.HostConfig.deployWAR(HostConfig.java:1127)
	at org.apache.catalina.startup.HostConfig$DeployWar.run(HostConfig.java:2020)
	at java.util.concurrent.Executors$RunnableAdapter.call(Executors.java:511)
	at java.util.concurrent.FutureTask.run(FutureTask.java:266)
	at java.util.concurrent.ThreadPoolExecutor.runWorker(ThreadPoolExecutor.java:1142)
	at java.util.concurrent.ThreadPoolExecutor$Worker.run(ThreadPoolExecutor.java:617)
	at java.lang.Thread.run(Thread.java:748)
Caused by: java.lang.IllegalArgumentException: illegal signature
	at java.io.ObjectStreamField.<init>(ObjectStreamField.java:122)
	at java.io.ObjectStreamClass.readNonProxy(ObjectStreamClass.java:721)
	... 28 more

ago 02, 2017 11:21:53 AM org.apache.catalina.session.StandardManager startInternal
GRAVE: Exception loading sessions from persistent storage
java.io.InvalidClassException: org.jboss.weld.context.CreationalContextImpl; invalid descriptor for field parentDependentInstances
	at java.io.ObjectStreamClass.readNonProxy(ObjectStreamClass.java:723)
	at java.io.ObjectInputStream.readClassDescriptor(ObjectInputStream.java:882)
	at java.io.ObjectInputStream.readNonProxyDesc(ObjectInputStream.java:1815)
	at java.io.ObjectInputStream.readClassDesc(ObjectInputStream.java:1713)
	at java.io.ObjectInputStream.readOrdinaryObject(ObjectInputStream.java:2000)
	at java.io.ObjectInputStream.readObject0(ObjectInputStream.java:1535)
	at java.io.ObjectInputStream.defaultReadFields(ObjectInputStream.java:2245)
	at java.io.ObjectInputStream.readSerialData(ObjectInputStream.java:2169)
	at java.io.ObjectInputStream.readOrdinaryObject(ObjectInputStream.java:2027)
	at java.io.ObjectInputStream.readObject0(ObjectInputStream.java:1535)
	at java.io.ObjectInputStream.readObject(ObjectInputStream.java:422)
	at org.apache.catalina.session.StandardSession.readObject(StandardSession.java:1609)
	at org.apache.catalina.session.StandardSession.readObjectData(StandardSession.java:1075)
	at org.apache.catalina.session.StandardManager.doLoad(StandardManager.java:259)
	at org.apache.catalina.session.StandardManager.load(StandardManager.java:176)
	at org.apache.catalina.session.StandardManager.startInternal(StandardManager.java:465)
	at org.apache.catalina.util.LifecycleBase.start(LifecycleBase.java:145)
	at org.apache.catalina.core.StandardContext.startInternal(StandardContext.java:5643)
	at org.apache.catalina.util.LifecycleBase.start(LifecycleBase.java:145)
	at org.apache.catalina.core.ContainerBase.addChildInternal(ContainerBase.java:899)
	at org.apache.catalina.core.ContainerBase.addChild(ContainerBase.java:875)
	at org.apache.catalina.core.StandardHost.addChild(StandardHost.java:652)
	at org.apache.catalina.startup.HostConfig.deployWAR(HostConfig.java:1127)
	at org.apache.catalina.startup.HostConfig$DeployWar.run(HostConfig.java:2020)
	at java.util.concurrent.Executors$RunnableAdapter.call(Executors.java:511)
	at java.util.concurrent.FutureTask.run(FutureTask.java:266)
	at java.util.concurrent.ThreadPoolExecutor.runWorker(ThreadPoolExecutor.java:1142)
	at java.util.concurrent.ThreadPoolExecutor$Worker.run(ThreadPoolExecutor.java:617)
	at java.lang.Thread.run(Thread.java:748)
Caused by: java.lang.IllegalArgumentException: illegal signature
	at java.io.ObjectStreamField.<init>(ObjectStreamField.java:122)
	at java.io.ObjectStreamClass.readNonProxy(ObjectStreamClass.java:721)
	... 28 more

ago 02, 2017 11:21:54 AM org.hibernate.annotations.common.Version <clinit>
INFO: HCANN000001: Hibernate Commons Annotations {4.0.2.Final}
ago 02, 2017 11:21:54 AM org.hibernate.Version logVersion
INFO: HHH000412: Hibernate Core {4.2.21.Final}
ago 02, 2017 11:21:54 AM org.hibernate.cfg.Environment <clinit>
INFO: HHH000206: hibernate.properties not found
ago 02, 2017 11:21:54 AM org.hibernate.cfg.Environment buildBytecodeProvider
INFO: HHH000021: Bytecode provider name : javassist
ago 02, 2017 11:21:54 AM org.hibernate.cfg.Configuration configure
INFO: HHH000042: Configuring from file: hibernate.cfg.xml
ago 02, 2017 11:21:54 AM org.hibernate.cfg.Configuration doConfigure
INFO: HHH000041: Configured SessionFactory: null
ago 02, 2017 11:21:55 AM org.hibernate.dialect.Dialect <init>
INFO: HHH000400: Using dialect: org.hibernate.dialect.H2Dialect
ago 02, 2017 11:21:55 AM org.hibernate.engine.jdbc.internal.LobCreatorBuilder useContextualLobCreation
INFO: HHH000423: Disabling contextual LOB creation as JDBC driver reported JDBC version [3] less than 4
ago 02, 2017 11:21:55 AM org.hibernate.engine.transaction.internal.TransactionFactoryInitiator initiateService
INFO: HHH000399: Using default transaction strategy (direct JDBC transactions)
ago 02, 2017 11:21:55 AM org.hibernate.hql.internal.ast.ASTQueryTranslatorFactory <init>
INFO: HHH000397: Using ASTQueryTranslatorFactory
ago 02, 2017 11:21:55 AM org.hibernate.validator.internal.util.Version <clinit>
INFO: HV000001: Hibernate Validator 4.3.2.Final
ago 02, 2017 11:21:57 AM org.apache.catalina.startup.HostConfig deployWAR
INFORMAÇÕES: Deployment of web application archive /opt/tomcat/webapps/dash.war has finished in 8,920 ms
ago 02, 2017 11:21:57 AM org.apache.catalina.startup.HostConfig deployWAR
INFORMAÇÕES: Deploying web application archive /opt/tomcat/webapps/dashboard.war
ago 02, 2017 11:21:58 AM org.apache.catalina.loader.WebappClassLoaderBase validateJarFile
INFORMAÇÕES: validateJarFile(/opt/tomcat/webapps/dashboard/WEB-INF/lib/el-api-2.2.jar) - jar not loaded. See Servlet Spec 3.0, section 10.7.2. Offending class: javax/el/Expression.class
ago 02, 2017 11:22:00 AM org.apache.catalina.startup.TldConfig execute
INFORMAÇÕES: At least one JAR was scanned for TLDs yet contained no TLDs. Enable debug logging for this logger for a complete list of JARs that were scanned but no TLDs were found in them. Skipping unneeded JARs during scanning can improve startup time and JSP compilation time.
ago 02, 2017 11:22:01 AM org.hibernate.annotations.common.Version <clinit>
INFO: HCANN000001: Hibernate Commons Annotations {4.0.2.Final}
ago 02, 2017 11:22:01 AM org.hibernate.Version logVersion
INFO: HHH000412: Hibernate Core {4.2.21.Final}
ago 02, 2017 11:22:01 AM org.hibernate.cfg.Environment <clinit>
INFO: HHH000206: hibernate.properties not found
ago 02, 2017 11:22:01 AM org.hibernate.cfg.Environment buildBytecodeProvider
INFO: HHH000021: Bytecode provider name : javassist
ago 02, 2017 11:22:01 AM org.hibernate.cfg.Configuration configure
INFO: HHH000042: Configuring from file: hibernate.cfg.xml
ago 02, 2017 11:22:01 AM org.hibernate.cfg.Configuration doConfigure
INFO: HHH000041: Configured SessionFactory: null
ago 02, 2017 11:22:04 AM org.apache.catalina.startup.HostConfig deployWAR
INFORMAÇÕES: Deployment of web application archive /opt/tomcat/webapps/dashboard.war has finished in 6,631 ms
ago 02, 2017 11:22:04 AM org.apache.catalina.startup.HostConfig deployDirectory
INFORMAÇÕES: Deploying web application directory /opt/tomcat/webapps/examples
ago 02, 2017 11:22:04 AM org.apache.catalina.startup.HostConfig deployDirectory
INFORMAÇÕES: Deployment of web application directory /opt/tomcat/webapps/examples has finished in 316 ms
ago 02, 2017 11:22:04 AM org.apache.catalina.startup.HostConfig deployDirectory
INFORMAÇÕES: Deploying web application directory /opt/tomcat/webapps/ROOT
ago 02, 2017 11:22:04 AM org.apache.catalina.startup.HostConfig deployDirectory
INFORMAÇÕES: Deployment of web application directory /opt/tomcat/webapps/ROOT has finished in 35 ms
ago 02, 2017 11:22:04 AM org.apache.catalina.startup.HostConfig deployDirectory
INFORMAÇÕES: Deploying web application directory /opt/tomcat/webapps/host-manager
ago 02, 2017 11:22:04 AM org.apache.catalina.startup.HostConfig deployDirectory
INFORMAÇÕES: Deployment of web application directory /opt/tomcat/webapps/host-manager has finished in 50 ms
ago 02, 2017 11:22:04 AM org.apache.catalina.startup.HostConfig deployDirectory
INFORMAÇÕES: Deploying web application directory /opt/tomcat/webapps/manager
ago 02, 2017 11:22:04 AM org.apache.catalina.startup.HostConfig deployDirectory
INFORMAÇÕES: Deployment of web application directory /opt/tomcat/webapps/manager has finished in 36 ms
ago 02, 2017 11:22:04 AM org.apache.catalina.startup.HostConfig deployDirectory
INFORMAÇÕES: Deploying web application directory /opt/tomcat/webapps/docs
ago 02, 2017 11:22:04 AM org.apache.catalina.startup.HostConfig deployDirectory
INFORMAÇÕES: Deployment of web application directory /opt/tomcat/webapps/docs has finished in 59 ms
ago 02, 2017 11:22:04 AM org.apache.coyote.AbstractProtocol start
INFORMAÇÕES: Starting ProtocolHandler ["http-bio-8080"]
ago 02, 2017 11:22:04 AM org.apache.coyote.AbstractProtocol start
INFORMAÇÕES: Starting ProtocolHandler ["ajp-bio-8009"]
ago 02, 2017 11:22:04 AM org.apache.catalina.startup.Catalina start
INFORMAÇÕES: Server startup in 16249 ms
ago 02, 2017 11:27:24 AM org.apache.catalina.startup.HostConfig reload
INFORMAÇÕES: Reloading context [/dash]
ago 02, 2017 11:27:24 AM org.apache.catalina.core.StandardContext reload
INFORMAÇÕES: Reloading Context with name [/dash] has started
ago 02, 2017 11:27:24 AM org.apache.catalina.loader.WebappClassLoaderBase clearReferencesJdbc
GRAVE: The web application [/dash] registered the JDBC driver [org.h2.Driver] but failed to unregister it when the web application was stopped. To prevent a memory leak, the JDBC Driver has been forcibly unregistered.
ago 02, 2017 11:27:24 AM org.apache.catalina.loader.WebappClassLoaderBase clearReferencesThreads
GRAVE: The web application [/dash] appears to have started a thread named [H2 File Lock Watchdog /home/deppi/dashbuilder.lock.db] but has failed to stop it. This is very likely to create a memory leak.
ago 02, 2017 11:27:24 AM org.apache.catalina.loader.WebappClassLoaderBase clearReferencesThreads
GRAVE: The web application [/dash] appears to have started a thread named [H2 Log Writer DASHBUILDER] but has failed to stop it. This is very likely to create a memory leak.
ago 02, 2017 11:27:24 AM org.apache.catalina.loader.WebappClassLoaderBase validateJarFile
INFORMAÇÕES: validateJarFile(/opt/tomcat/webapps/dash/WEB-INF/lib/el-api-2.2.jar) - jar not loaded. See Servlet Spec 3.0, section 10.7.2. Offending class: javax/el/Expression.class
ago 02, 2017 11:27:25 AM org.apache.catalina.startup.TldConfig execute
INFORMAÇÕES: At least one JAR was scanned for TLDs yet contained no TLDs. Enable debug logging for this logger for a complete list of JARs that were scanned but no TLDs were found in them. Skipping unneeded JARs during scanning can improve startup time and JSP compilation time.
ago 02, 2017 11:27:27 AM org.apache.catalina.core.StandardContext reload
INFORMAÇÕES: Reloading Context with name [/dash] is completed
ago 02, 2017 11:28:57 AM org.apache.catalina.startup.HostConfig reload
INFORMAÇÕES: Reloading context [/dash]
ago 02, 2017 11:28:57 AM org.apache.catalina.core.StandardContext reload
INFORMAÇÕES: Reloading Context with name [/dash] has started
ago 02, 2017 11:28:57 AM org.apache.catalina.loader.WebappClassLoaderBase validateJarFile
INFORMAÇÕES: validateJarFile(/opt/tomcat/webapps/dash/WEB-INF/lib/el-api-2.2.jar) - jar not loaded. See Servlet Spec 3.0, section 10.7.2. Offending class: javax/el/Expression.class
ago 02, 2017 11:28:58 AM org.apache.catalina.startup.TldConfig execute
INFORMAÇÕES: At least one JAR was scanned for TLDs yet contained no TLDs. Enable debug logging for this logger for a complete list of JARs that were scanned but no TLDs were found in them. Skipping unneeded JARs during scanning can improve startup time and JSP compilation time.
ago 02, 2017 11:28:58 AM org.apache.catalina.core.StandardContext startInternal
GRAVE: One or more Filters failed to start. Full details will be found in the appropriate container log file
ago 02, 2017 11:28:58 AM org.apache.catalina.core.StandardContext startInternal
GRAVE: Context [/dash] startup failed due to previous errors
ago 02, 2017 11:28:58 AM org.apache.catalina.core.StandardContext reload
INFORMAÇÕES: Reloading Context with name [/dash] is completed
ago 02, 2017 11:32:48 AM org.apache.catalina.startup.HostConfig reload
INFORMAÇÕES: Reloading context [/dash]
ago 02, 2017 11:32:48 AM org.apache.catalina.loader.WebappClassLoaderBase validateJarFile
INFORMAÇÕES: validateJarFile(/opt/tomcat/webapps/dash/WEB-INF/lib/el-api-2.2.jar) - jar not loaded. See Servlet Spec 3.0, section 10.7.2. Offending class: javax/el/Expression.class
ago 02, 2017 11:32:49 AM org.apache.catalina.startup.TldConfig execute
INFORMAÇÕES: At least one JAR was scanned for TLDs yet contained no TLDs. Enable debug logging for this logger for a complete list of JARs that were scanned but no TLDs were found in them. Skipping unneeded JARs during scanning can improve startup time and JSP compilation time.
ago 02, 2017 11:33:10 AM org.apache.catalina.startup.HostConfig reload
INFORMAÇÕES: Reloading context [/dash]
ago 02, 2017 11:33:10 AM org.apache.catalina.core.StandardContext reload
INFORMAÇÕES: Reloading Context with name [/dash] has started
ago 02, 2017 11:33:10 AM org.apache.catalina.loader.WebappClassLoaderBase validateJarFile
INFORMAÇÕES: validateJarFile(/opt/tomcat/webapps/dash/WEB-INF/lib/el-api-2.2.jar) - jar not loaded. See Servlet Spec 3.0, section 10.7.2. Offending class: javax/el/Expression.class
ago 02, 2017 11:33:10 AM org.apache.catalina.startup.TldConfig execute
INFORMAÇÕES: At least one JAR was scanned for TLDs yet contained no TLDs. Enable debug logging for this logger for a complete list of JARs that were scanned but no TLDs were found in them. Skipping unneeded JARs during scanning can improve startup time and JSP compilation time.
ago 02, 2017 11:33:11 AM org.apache.catalina.core.StandardContext startInternal
GRAVE: One or more Filters failed to start. Full details will be found in the appropriate container log file
ago 02, 2017 11:33:11 AM org.apache.catalina.core.StandardContext startInternal
GRAVE: Context [/dash] startup failed due to previous errors
ago 02, 2017 11:33:11 AM org.apache.catalina.core.StandardContext reload
INFORMAÇÕES: Reloading Context with name [/dash] is completed
ago 02, 2017 11:36:51 AM org.apache.catalina.startup.HostConfig reload
INFORMAÇÕES: Reloading context [/dash]
ago 02, 2017 11:36:51 AM org.apache.catalina.loader.WebappClassLoaderBase validateJarFile
INFORMAÇÕES: validateJarFile(/opt/tomcat/webapps/dash/WEB-INF/lib/el-api-2.2.jar) - jar not loaded. See Servlet Spec 3.0, section 10.7.2. Offending class: javax/el/Expression.class
ago 02, 2017 11:36:51 AM org.apache.catalina.startup.TldConfig execute
INFORMAÇÕES: At least one JAR was scanned for TLDs yet contained no TLDs. Enable debug logging for this logger for a complete list of JARs that were scanned but no TLDs were found in them. Skipping unneeded JARs during scanning can improve startup time and JSP compilation time.
ago 02, 2017 11:38:33 AM org.apache.catalina.startup.HostConfig reload
INFORMAÇÕES: Reloading context [/dash]
ago 02, 2017 11:38:33 AM org.apache.catalina.core.StandardContext reload
INFORMAÇÕES: Reloading Context with name [/dash] has started
ago 02, 2017 11:38:33 AM org.apache.catalina.loader.WebappClassLoaderBase validateJarFile
INFORMAÇÕES: validateJarFile(/opt/tomcat/webapps/dash/WEB-INF/lib/el-api-2.2.jar) - jar not loaded. See Servlet Spec 3.0, section 10.7.2. Offending class: javax/el/Expression.class
ago 02, 2017 11:38:33 AM org.apache.catalina.startup.TldConfig execute
INFORMAÇÕES: At least one JAR was scanned for TLDs yet contained no TLDs. Enable debug logging for this logger for a complete list of JARs that were scanned but no TLDs were found in them. Skipping unneeded JARs during scanning can improve startup time and JSP compilation time.
ago 02, 2017 11:38:34 AM org.apache.catalina.core.StandardContext reload
INFORMAÇÕES: Reloading Context with name [/dash] is completed
ago 02, 2017 11:39:14 AM org.apache.catalina.startup.HostConfig reload
INFORMAÇÕES: Reloading context [/dash]
ago 02, 2017 11:39:14 AM org.apache.catalina.core.StandardContext reload
INFORMAÇÕES: Reloading Context with name [/dash] has started
ago 02, 2017 11:39:14 AM org.apache.catalina.loader.WebappClassLoaderBase validateJarFile
INFORMAÇÕES: validateJarFile(/opt/tomcat/webapps/dash/WEB-INF/lib/el-api-2.2.jar) - jar not loaded. See Servlet Spec 3.0, section 10.7.2. Offending class: javax/el/Expression.class
ago 02, 2017 11:39:15 AM org.apache.catalina.startup.TldConfig execute
INFORMAÇÕES: At least one JAR was scanned for TLDs yet contained no TLDs. Enable debug logging for this logger for a complete list of JARs that were scanned but no TLDs were found in them. Skipping unneeded JARs during scanning can improve startup time and JSP compilation time.
ago 02, 2017 11:39:16 AM org.apache.catalina.core.StandardContext reload
INFORMAÇÕES: Reloading Context with name [/dash] is completed
ago 02, 2017 11:41:06 AM org.apache.catalina.startup.HostConfig reload
INFORMAÇÕES: Reloading context [/dash]
ago 02, 2017 11:41:06 AM org.apache.catalina.core.StandardContext reload
INFORMAÇÕES: Reloading Context with name [/dash] has started
ago 02, 2017 11:41:06 AM org.apache.catalina.loader.WebappClassLoaderBase validateJarFile
INFORMAÇÕES: validateJarFile(/opt/tomcat/webapps/dash/WEB-INF/lib/el-api-2.2.jar) - jar not loaded. See Servlet Spec 3.0, section 10.7.2. Offending class: javax/el/Expression.class
ago 02, 2017 11:41:07 AM org.apache.catalina.startup.TldConfig execute
INFORMAÇÕES: At least one JAR was scanned for TLDs yet contained no TLDs. Enable debug logging for this logger for a complete list of JARs that were scanned but no TLDs were found in them. Skipping unneeded JARs during scanning can improve startup time and JSP compilation time.
ago 02, 2017 11:41:09 AM org.apache.catalina.core.StandardContext reload
INFORMAÇÕES: Reloading Context with name [/dash] is completed
ago 02, 2017 11:41:29 AM org.apache.catalina.startup.HostConfig reload
INFORMAÇÕES: Reloading context [/dash]
ago 02, 2017 11:41:29 AM org.apache.catalina.core.StandardContext reload
INFORMAÇÕES: Reloading Context with name [/dash] has started
ago 02, 2017 11:41:29 AM org.apache.catalina.loader.WebappClassLoaderBase validateJarFile
INFORMAÇÕES: validateJarFile(/opt/tomcat/webapps/dash/WEB-INF/lib/el-api-2.2.jar) - jar not loaded. See Servlet Spec 3.0, section 10.7.2. Offending class: javax/el/Expression.class
ago 02, 2017 11:41:30 AM org.apache.catalina.startup.TldConfig execute
INFORMAÇÕES: At least one JAR was scanned for TLDs yet contained no TLDs. Enable debug logging for this logger for a complete list of JARs that were scanned but no TLDs were found in them. Skipping unneeded JARs during scanning can improve startup time and JSP compilation time.
ago 02, 2017 11:41:31 AM org.apache.catalina.core.StandardContext reload
INFORMAÇÕES: Reloading Context with name [/dash] is completed
ago 02, 2017 11:42:01 AM org.apache.catalina.startup.HostConfig reload
INFORMAÇÕES: Reloading context [/dash]
ago 02, 2017 11:42:01 AM org.apache.catalina.core.StandardContext reload
INFORMAÇÕES: Reloading Context with name [/dash] has started
ago 02, 2017 11:42:01 AM org.apache.catalina.loader.WebappClassLoaderBase validateJarFile
INFORMAÇÕES: validateJarFile(/opt/tomcat/webapps/dash/WEB-INF/lib/el-api-2.2.jar) - jar not loaded. See Servlet Spec 3.0, section 10.7.2. Offending class: javax/el/Expression.class
ago 02, 2017 11:42:01 AM org.apache.catalina.startup.TldConfig execute
INFORMAÇÕES: At least one JAR was scanned for TLDs yet contained no TLDs. Enable debug logging for this logger for a complete list of JARs that were scanned but no TLDs were found in them. Skipping unneeded JARs during scanning can improve startup time and JSP compilation time.
ago 02, 2017 11:42:02 AM org.apache.catalina.core.StandardContext startInternal
GRAVE: One or more Filters failed to start. Full details will be found in the appropriate container log file
ago 02, 2017 11:42:02 AM org.apache.catalina.core.StandardContext startInternal
GRAVE: Context [/dash] startup failed due to previous errors
ago 02, 2017 11:42:02 AM org.apache.catalina.core.StandardContext reload
INFORMAÇÕES: Reloading Context with name [/dash] is completed
ago 02, 2017 11:42:12 AM org.apache.catalina.startup.HostConfig reload
INFORMAÇÕES: Reloading context [/dash]
ago 02, 2017 11:42:12 AM org.apache.catalina.loader.WebappClassLoaderBase validateJarFile
INFORMAÇÕES: validateJarFile(/opt/tomcat/webapps/dash/WEB-INF/lib/el-api-2.2.jar) - jar not loaded. See Servlet Spec 3.0, section 10.7.2. Offending class: javax/el/Expression.class
ago 02, 2017 11:42:12 AM org.apache.catalina.startup.TldConfig execute
INFORMAÇÕES: At least one JAR was scanned for TLDs yet contained no TLDs. Enable debug logging for this logger for a complete list of JARs that were scanned but no TLDs were found in them. Skipping unneeded JARs during scanning can improve startup time and JSP compilation time.
ago 02, 2017 11:42:14 AM org.hibernate.annotations.common.Version <clinit>
INFO: HCANN000001: Hibernate Commons Annotations {4.0.2.Final}
ago 02, 2017 11:42:14 AM org.hibernate.Version logVersion
INFO: HHH000412: Hibernate Core {4.2.21.Final}
ago 02, 2017 11:42:14 AM org.hibernate.cfg.Environment <clinit>
INFO: HHH000206: hibernate.properties not found
ago 02, 2017 11:42:14 AM org.hibernate.cfg.Environment buildBytecodeProvider
INFO: HHH000021: Bytecode provider name : javassist
ago 02, 2017 11:42:14 AM org.hibernate.cfg.Configuration configure
INFO: HHH000042: Configuring from file: hibernate.cfg.xml
ago 02, 2017 11:42:14 AM org.hibernate.cfg.Configuration doConfigure
INFO: HHH000041: Configured SessionFactory: null
ago 02, 2017 11:49:08 AM org.apache.catalina.core.StandardServer await
INFORMAÇÕES: A valid shutdown command was received via the shutdown port. Stopping the Server instance.
ago 02, 2017 11:49:08 AM org.apache.coyote.AbstractProtocol pause
INFORMAÇÕES: Pausing ProtocolHandler ["http-bio-8080"]
ago 02, 2017 11:49:08 AM org.apache.coyote.AbstractProtocol pause
INFORMAÇÕES: Pausing ProtocolHandler ["ajp-bio-8009"]
ago 02, 2017 11:49:08 AM org.apache.catalina.core.StandardService stopInternal
INFORMAÇÕES: Stopping service Catalina
ago 02, 2017 11:49:08 AM org.apache.catalina.loader.WebappClassLoaderBase clearReferencesJdbc
GRAVE: The web application [/dashboard] registered the JDBC driver [org.h2.Driver] but failed to unregister it when the web application was stopped. To prevent a memory leak, the JDBC Driver has been forcibly unregistered.
ago 02, 2017 11:49:08 AM org.apache.catalina.loader.WebappClassLoaderBase clearReferencesJdbc
GRAVE: The web application [/dash] registered the JDBC driver [org.h2.Driver] but failed to unregister it when the web application was stopped. To prevent a memory leak, the JDBC Driver has been forcibly unregistered.
ago 02, 2017 11:49:08 AM org.apache.catalina.loader.WebappClassLoaderBase clearReferencesThreads
GRAVE: The web application [/dash] appears to have started a thread named [http-bio-8080-exec-48] but has failed to stop it. This is very likely to create a memory leak.
ago 02, 2017 11:49:08 AM org.apache.catalina.loader.WebappClassLoaderBase clearReferencesThreads
GRAVE: The web application [/dash] appears to have started a thread named [http-bio-8080-exec-49] but has failed to stop it. This is very likely to create a memory leak.
ago 02, 2017 11:49:08 AM org.apache.catalina.loader.WebappClassLoaderBase checkThreadLocalMapForLeaks
GRAVE: The web application [/dash] created a ThreadLocal with key of type [java.lang.ThreadLocal] (value [java.lang.ThreadLocal@ee57c9]) and a value of type [org.jboss.dashboard.database.hibernate.HibernateTransaction] (value [org.jboss.dashboard.database.hibernate.HibernateTransaction@c9b909]) but failed to remove it when the web application was stopped. Threads are going to be renewed over time to try and avoid a probable memory leak.
ago 02, 2017 11:49:08 AM org.apache.coyote.AbstractProtocol stop
INFORMAÇÕES: Stopping ProtocolHandler ["http-bio-8080"]
ago 02, 2017 11:49:08 AM org.apache.coyote.AbstractProtocol stop
INFORMAÇÕES: Stopping ProtocolHandler ["ajp-bio-8009"]
ago 02, 2017 11:49:08 AM org.apache.coyote.AbstractProtocol destroy
INFORMAÇÕES: Destroying ProtocolHandler ["http-bio-8080"]
ago 02, 2017 11:49:08 AM org.apache.coyote.AbstractProtocol destroy
INFORMAÇÕES: Destroying ProtocolHandler ["ajp-bio-8009"]
ago 02, 2017 11:49:11 AM org.apache.catalina.startup.VersionLoggerListener log
INFORMAÇÕES: Server version:        Apache Tomcat/7.0.79
ago 02, 2017 11:49:11 AM org.apache.catalina.startup.VersionLoggerListener log
INFORMAÇÕES: Server built:          Jun 26 2017 16:25:20 UTC
ago 02, 2017 11:49:11 AM org.apache.catalina.startup.VersionLoggerListener log
INFORMAÇÕES: Server number:         7.0.79.0
ago 02, 2017 11:49:11 AM org.apache.catalina.startup.VersionLoggerListener log
INFORMAÇÕES: OS Name:               Linux
ago 02, 2017 11:49:11 AM org.apache.catalina.startup.VersionLoggerListener log
INFORMAÇÕES: OS Version:            3.13.0-125-generic
ago 02, 2017 11:49:11 AM org.apache.catalina.startup.VersionLoggerListener log
INFORMAÇÕES: Architecture:          i386
ago 02, 2017 11:49:11 AM org.apache.catalina.startup.VersionLoggerListener log
INFORMAÇÕES: Java Home:             /usr/lib/jvm/java-8-oracle/jre
ago 02, 2017 11:49:11 AM org.apache.catalina.startup.VersionLoggerListener log
INFORMAÇÕES: JVM Version:           1.8.0_131-b11
ago 02, 2017 11:49:11 AM org.apache.catalina.startup.VersionLoggerListener log
INFORMAÇÕES: JVM Vendor:            Oracle Corporation
ago 02, 2017 11:49:11 AM org.apache.catalina.startup.VersionLoggerListener log
INFORMAÇÕES: CATALINA_BASE:         /opt/tomcat
ago 02, 2017 11:49:11 AM org.apache.catalina.startup.VersionLoggerListener log
INFORMAÇÕES: CATALINA_HOME:         /opt/tomcat
ago 02, 2017 11:49:11 AM org.apache.catalina.startup.VersionLoggerListener log
INFORMAÇÕES: Command line argument: -Djava.util.logging.config.file=/opt/tomcat/conf/logging.properties
ago 02, 2017 11:49:11 AM org.apache.catalina.startup.VersionLoggerListener log
INFORMAÇÕES: Command line argument: -Djava.util.logging.manager=org.apache.juli.ClassLoaderLogManager
ago 02, 2017 11:49:11 AM org.apache.catalina.startup.VersionLoggerListener log
INFORMAÇÕES: Command line argument: -Djdk.tls.ephemeralDHKeySize=2048
ago 02, 2017 11:49:11 AM org.apache.catalina.startup.VersionLoggerListener log
INFORMAÇÕES: Command line argument: -Djava.endorsed.dirs=/opt/tomcat/endorsed
ago 02, 2017 11:49:11 AM org.apache.catalina.startup.VersionLoggerListener log
INFORMAÇÕES: Command line argument: -Dcatalina.base=/opt/tomcat
ago 02, 2017 11:49:11 AM org.apache.catalina.startup.VersionLoggerListener log
INFORMAÇÕES: Command line argument: -Dcatalina.home=/opt/tomcat
ago 02, 2017 11:49:11 AM org.apache.catalina.startup.VersionLoggerListener log
INFORMAÇÕES: Command line argument: -Djava.io.tmpdir=/opt/tomcat/temp
ago 02, 2017 11:49:11 AM org.apache.catalina.core.AprLifecycleListener lifecycleEvent
INFORMAÇÕES: The APR based Apache Tomcat Native library which allows optimal performance in production environments was not found on the java.library.path: /usr/java/packages/lib/i386:/lib:/usr/lib
ago 02, 2017 11:49:11 AM org.apache.coyote.AbstractProtocol init
INFORMAÇÕES: Initializing ProtocolHandler ["http-bio-8080"]
ago 02, 2017 11:49:11 AM org.apache.coyote.AbstractProtocol init
INFORMAÇÕES: Initializing ProtocolHandler ["ajp-bio-8009"]
ago 02, 2017 11:49:11 AM org.apache.catalina.startup.Catalina load
INFORMAÇÕES: Initialization processed in 403 ms
ago 02, 2017 11:49:11 AM org.apache.catalina.core.StandardService startInternal
INFORMAÇÕES: Starting service Catalina
ago 02, 2017 11:49:11 AM org.apache.catalina.core.StandardEngine startInternal
INFORMAÇÕES: Starting Servlet Engine: Apache Tomcat/7.0.79
ago 02, 2017 11:49:11 AM org.apache.catalina.startup.HostConfig deployWAR
INFORMAÇÕES: Deploying web application archive /opt/tomcat/webapps/dash.war
ago 02, 2017 11:49:11 AM org.apache.catalina.loader.WebappClassLoaderBase validateJarFile
INFORMAÇÕES: validateJarFile(/opt/tomcat/webapps/dash/WEB-INF/lib/el-api-2.2.jar) - jar not loaded. See Servlet Spec 3.0, section 10.7.2. Offending class: javax/el/Expression.class
ago 02, 2017 11:49:12 AM org.apache.catalina.startup.TldConfig execute
INFORMAÇÕES: At least one JAR was scanned for TLDs yet contained no TLDs. Enable debug logging for this logger for a complete list of JARs that were scanned but no TLDs were found in them. Skipping unneeded JARs during scanning can improve startup time and JSP compilation time.
ago 02, 2017 11:49:14 AM org.apache.catalina.session.StandardManager startInternal
GRAVE: Exception loading sessions from persistent storage
java.lang.ClassCastException: [Ljava.lang.StackTraceElement; cannot be cast to java.lang.String
	at java.io.ObjectInputStream.readTypeString(ObjectInputStream.java:1612)
	at java.io.ObjectStreamClass.readNonProxy(ObjectStreamClass.java:719)
	at java.io.ObjectInputStream.readClassDescriptor(ObjectInputStream.java:882)
	at java.io.ObjectInputStream.readNonProxyDesc(ObjectInputStream.java:1815)
	at java.io.ObjectInputStream.readClassDesc(ObjectInputStream.java:1713)
	at java.io.ObjectInputStream.readOrdinaryObject(ObjectInputStream.java:2000)
	at java.io.ObjectInputStream.readObject0(ObjectInputStream.java:1535)
	at java.io.ObjectInputStream.defaultReadFields(ObjectInputStream.java:2245)
	at java.io.ObjectInputStream.readSerialData(ObjectInputStream.java:2169)
	at java.io.ObjectInputStream.readOrdinaryObject(ObjectInputStream.java:2027)
	at java.io.ObjectInputStream.readObject0(ObjectInputStream.java:1535)
	at java.io.ObjectInputStream.readObject(ObjectInputStream.java:422)
	at org.apache.catalina.session.StandardSession.readObject(StandardSession.java:1609)
	at org.apache.catalina.session.StandardSession.readObjectData(StandardSession.java:1075)
	at org.apache.catalina.session.StandardManager.doLoad(StandardManager.java:259)
	at org.apache.catalina.session.StandardManager.load(StandardManager.java:176)
	at org.apache.catalina.session.StandardManager.startInternal(StandardManager.java:465)
	at org.apache.catalina.util.LifecycleBase.start(LifecycleBase.java:145)
	at org.apache.catalina.core.StandardContext.startInternal(StandardContext.java:5643)
	at org.apache.catalina.util.LifecycleBase.start(LifecycleBase.java:145)
	at org.apache.catalina.core.ContainerBase.addChildInternal(ContainerBase.java:899)
	at org.apache.catalina.core.ContainerBase.addChild(ContainerBase.java:875)
	at org.apache.catalina.core.StandardHost.addChild(StandardHost.java:652)
	at org.apache.catalina.startup.HostConfig.deployWAR(HostConfig.java:1127)
	at org.apache.catalina.startup.HostConfig$DeployWar.run(HostConfig.java:2020)
	at java.util.concurrent.Executors$RunnableAdapter.call(Executors.java:511)
	at java.util.concurrent.FutureTask.run(FutureTask.java:266)
	at java.util.concurrent.ThreadPoolExecutor.runWorker(ThreadPoolExecutor.java:1142)
	at java.util.concurrent.ThreadPoolExecutor$Worker.run(ThreadPoolExecutor.java:617)
	at java.lang.Thread.run(Thread.java:748)

ago 02, 2017 11:49:14 AM org.hibernate.annotations.common.Version <clinit>
INFO: HCANN000001: Hibernate Commons Annotations {4.0.2.Final}
ago 02, 2017 11:49:14 AM org.hibernate.Version logVersion
INFO: HHH000412: Hibernate Core {4.2.21.Final}
ago 02, 2017 11:49:14 AM org.hibernate.cfg.Environment <clinit>
INFO: HHH000206: hibernate.properties not found
ago 02, 2017 11:49:14 AM org.hibernate.cfg.Environment buildBytecodeProvider
INFO: HHH000021: Bytecode provider name : javassist
ago 02, 2017 11:49:14 AM org.hibernate.cfg.Configuration configure
INFO: HHH000042: Configuring from file: hibernate.cfg.xml
ago 02, 2017 11:49:14 AM org.hibernate.cfg.Configuration doConfigure
INFO: HHH000041: Configured SessionFactory: null
ago 02, 2017 11:49:15 AM org.hibernate.dialect.Dialect <init>
INFO: HHH000400: Using dialect: org.hibernate.dialect.H2Dialect
ago 02, 2017 11:49:15 AM org.hibernate.engine.jdbc.internal.LobCreatorBuilder useContextualLobCreation
INFO: HHH000423: Disabling contextual LOB creation as JDBC driver reported JDBC version [3] less than 4
ago 02, 2017 11:49:15 AM org.hibernate.engine.transaction.internal.TransactionFactoryInitiator initiateService
INFO: HHH000399: Using default transaction strategy (direct JDBC transactions)
ago 02, 2017 11:49:15 AM org.hibernate.hql.internal.ast.ASTQueryTranslatorFactory <init>
INFO: HHH000397: Using ASTQueryTranslatorFactory
ago 02, 2017 11:49:15 AM org.hibernate.validator.internal.util.Version <clinit>
INFO: HV000001: Hibernate Validator 4.3.2.Final
ago 02, 2017 11:49:17 AM org.apache.catalina.startup.HostConfig deployWAR
INFORMAÇÕES: Deployment of web application archive /opt/tomcat/webapps/dash.war has finished in 5,719 ms
ago 02, 2017 11:49:17 AM org.apache.catalina.startup.HostConfig deployWAR
INFORMAÇÕES: Deploying web application archive /opt/tomcat/webapps/dashboard.war
ago 02, 2017 11:49:17 AM org.apache.catalina.loader.WebappClassLoaderBase validateJarFile
INFORMAÇÕES: validateJarFile(/opt/tomcat/webapps/dashboard/WEB-INF/lib/el-api-2.2.jar) - jar not loaded. See Servlet Spec 3.0, section 10.7.2. Offending class: javax/el/Expression.class
ago 02, 2017 11:49:17 AM org.apache.catalina.startup.TldConfig execute
INFORMAÇÕES: At least one JAR was scanned for TLDs yet contained no TLDs. Enable debug logging for this logger for a complete list of JARs that were scanned but no TLDs were found in them. Skipping unneeded JARs during scanning can improve startup time and JSP compilation time.
ago 02, 2017 11:49:19 AM org.hibernate.annotations.common.Version <clinit>
INFO: HCANN000001: Hibernate Commons Annotations {4.0.2.Final}
ago 02, 2017 11:49:19 AM org.hibernate.Version logVersion
INFO: HHH000412: Hibernate Core {4.2.21.Final}
ago 02, 2017 11:49:19 AM org.hibernate.cfg.Environment <clinit>
INFO: HHH000206: hibernate.properties not found
ago 02, 2017 11:49:19 AM org.hibernate.cfg.Environment buildBytecodeProvider
INFO: HHH000021: Bytecode provider name : javassist
ago 02, 2017 11:49:19 AM org.hibernate.cfg.Configuration configure
INFO: HHH000042: Configuring from file: hibernate.cfg.xml
ago 02, 2017 11:49:19 AM org.hibernate.cfg.Configuration doConfigure
INFO: HHH000041: Configured SessionFactory: null
ago 02, 2017 11:49:21 AM org.apache.catalina.startup.HostConfig deployWAR
INFORMAÇÕES: Deployment of web application archive /opt/tomcat/webapps/dashboard.war has finished in 4,731 ms
ago 02, 2017 11:49:21 AM org.apache.catalina.startup.HostConfig deployDirectory
INFORMAÇÕES: Deploying web application directory /opt/tomcat/webapps/examples
ago 02, 2017 11:49:21 AM org.apache.catalina.startup.HostConfig deployDirectory
INFORMAÇÕES: Deployment of web application directory /opt/tomcat/webapps/examples has finished in 113 ms
ago 02, 2017 11:49:21 AM org.apache.catalina.startup.HostConfig deployDirectory
INFORMAÇÕES: Deploying web application directory /opt/tomcat/webapps/ROOT
ago 02, 2017 11:49:21 AM org.apache.catalina.startup.HostConfig deployDirectory
INFORMAÇÕES: Deployment of web application directory /opt/tomcat/webapps/ROOT has finished in 18 ms
ago 02, 2017 11:49:21 AM org.apache.catalina.startup.HostConfig deployDirectory
INFORMAÇÕES: Deploying web application directory /opt/tomcat/webapps/host-manager
ago 02, 2017 11:49:21 AM org.apache.catalina.startup.HostConfig deployDirectory
INFORMAÇÕES: Deployment of web application directory /opt/tomcat/webapps/host-manager has finished in 23 ms
ago 02, 2017 11:49:21 AM org.apache.catalina.startup.HostConfig deployDirectory
INFORMAÇÕES: Deploying web application directory /opt/tomcat/webapps/manager
ago 02, 2017 11:49:21 AM org.apache.catalina.startup.HostConfig deployDirectory
INFORMAÇÕES: Deployment of web application directory /opt/tomcat/webapps/manager has finished in 21 ms
ago 02, 2017 11:49:21 AM org.apache.catalina.startup.HostConfig deployDirectory
INFORMAÇÕES: Deploying web application directory /opt/tomcat/webapps/docs
ago 02, 2017 11:49:21 AM org.apache.catalina.startup.HostConfig deployDirectory
INFORMAÇÕES: Deployment of web application directory /opt/tomcat/webapps/docs has finished in 17 ms
ago 02, 2017 11:49:21 AM org.apache.coyote.AbstractProtocol start
INFORMAÇÕES: Starting ProtocolHandler ["http-bio-8080"]
ago 02, 2017 11:49:21 AM org.apache.coyote.AbstractProtocol start
INFORMAÇÕES: Starting ProtocolHandler ["ajp-bio-8009"]
ago 02, 2017 11:49:21 AM org.apache.catalina.startup.Catalina start
INFORMAÇÕES: Server startup in 10718 ms
ago 02, 2017 11:49:25 AM org.apache.jasper.compiler.TldLocationsCache tldScanJar
INFORMAÇÕES: At least one JAR was scanned for TLDs yet contained no TLDs. Enable debug logging for this logger for a complete list of JARs that were scanned but no TLDs were found in them. Skipping unneeded JARs during scanning can improve startup time and JSP compilation time.
ago 02, 2017 11:49:36 AM org.apache.catalina.core.StandardServer await
INFORMAÇÕES: A valid shutdown command was received via the shutdown port. Stopping the Server instance.
ago 02, 2017 11:49:36 AM org.apache.coyote.AbstractProtocol pause
INFORMAÇÕES: Pausing ProtocolHandler ["http-bio-8080"]
ago 02, 2017 11:49:36 AM org.apache.coyote.AbstractProtocol pause
INFORMAÇÕES: Pausing ProtocolHandler ["ajp-bio-8009"]
ago 02, 2017 11:49:36 AM org.apache.catalina.core.StandardService stopInternal
INFORMAÇÕES: Stopping service Catalina
ago 02, 2017 11:49:36 AM org.apache.catalina.loader.WebappClassLoaderBase clearReferencesJdbc
GRAVE: The web application [/dashboard] registered the JDBC driver [org.h2.Driver] but failed to unregister it when the web application was stopped. To prevent a memory leak, the JDBC Driver has been forcibly unregistered.
ago 02, 2017 11:49:36 AM org.apache.catalina.loader.WebappClassLoaderBase clearReferencesJdbc
GRAVE: The web application [/dash] registered the JDBC driver [org.h2.Driver] but failed to unregister it when the web application was stopped. To prevent a memory leak, the JDBC Driver has been forcibly unregistered.
ago 02, 2017 11:49:36 AM org.apache.catalina.loader.WebappClassLoaderBase clearReferencesThreads
GRAVE: The web application [/dash] appears to have started a thread named [H2 File Lock Watchdog /home/deppi/dashbuilder.lock.db] but has failed to stop it. This is very likely to create a memory leak.
ago 02, 2017 11:49:36 AM org.apache.catalina.loader.WebappClassLoaderBase clearReferencesThreads
GRAVE: The web application [/dash] appears to have started a thread named [H2 Log Writer DASHBUILDER] but has failed to stop it. This is very likely to create a memory leak.
ago 02, 2017 11:49:36 AM org.apache.coyote.AbstractProtocol stop
INFORMAÇÕES: Stopping ProtocolHandler ["http-bio-8080"]
ago 02, 2017 11:49:36 AM org.apache.coyote.AbstractProtocol stop
INFORMAÇÕES: Stopping ProtocolHandler ["ajp-bio-8009"]
ago 02, 2017 11:49:36 AM org.apache.coyote.AbstractProtocol destroy
INFORMAÇÕES: Destroying ProtocolHandler ["http-bio-8080"]
ago 02, 2017 11:49:36 AM org.apache.coyote.AbstractProtocol destroy
INFORMAÇÕES: Destroying ProtocolHandler ["ajp-bio-8009"]
ago 02, 2017 11:50:07 AM org.apache.catalina.startup.VersionLoggerListener log
INFORMAÇÕES: Server version:        Apache Tomcat/7.0.79
ago 02, 2017 11:50:07 AM org.apache.catalina.startup.VersionLoggerListener log
INFORMAÇÕES: Server built:          Jun 26 2017 16:25:20 UTC
ago 02, 2017 11:50:07 AM org.apache.catalina.startup.VersionLoggerListener log
INFORMAÇÕES: Server number:         7.0.79.0
ago 02, 2017 11:50:07 AM org.apache.catalina.startup.VersionLoggerListener log
INFORMAÇÕES: OS Name:               Linux
ago 02, 2017 11:50:07 AM org.apache.catalina.startup.VersionLoggerListener log
INFORMAÇÕES: OS Version:            3.13.0-125-generic
ago 02, 2017 11:50:07 AM org.apache.catalina.startup.VersionLoggerListener log
INFORMAÇÕES: Architecture:          i386
ago 02, 2017 11:50:07 AM org.apache.catalina.startup.VersionLoggerListener log
INFORMAÇÕES: Java Home:             /usr/lib/jvm/java-8-oracle/jre
ago 02, 2017 11:50:07 AM org.apache.catalina.startup.VersionLoggerListener log
INFORMAÇÕES: JVM Version:           1.8.0_131-b11
ago 02, 2017 11:50:07 AM org.apache.catalina.startup.VersionLoggerListener log
INFORMAÇÕES: JVM Vendor:            Oracle Corporation
ago 02, 2017 11:50:07 AM org.apache.catalina.startup.VersionLoggerListener log
INFORMAÇÕES: CATALINA_BASE:         /opt/tomcat
ago 02, 2017 11:50:07 AM org.apache.catalina.startup.VersionLoggerListener log
INFORMAÇÕES: CATALINA_HOME:         /opt/tomcat
ago 02, 2017 11:50:07 AM org.apache.catalina.startup.VersionLoggerListener log
INFORMAÇÕES: Command line argument: -Djava.util.logging.config.file=/opt/tomcat/conf/logging.properties
ago 02, 2017 11:50:07 AM org.apache.catalina.startup.VersionLoggerListener log
INFORMAÇÕES: Command line argument: -Djava.util.logging.manager=org.apache.juli.ClassLoaderLogManager
ago 02, 2017 11:50:07 AM org.apache.catalina.startup.VersionLoggerListener log
INFORMAÇÕES: Command line argument: -Djdk.tls.ephemeralDHKeySize=2048
ago 02, 2017 11:50:07 AM org.apache.catalina.startup.VersionLoggerListener log
INFORMAÇÕES: Command line argument: -Djava.endorsed.dirs=/opt/tomcat/endorsed
ago 02, 2017 11:50:07 AM org.apache.catalina.startup.VersionLoggerListener log
INFORMAÇÕES: Command line argument: -Dcatalina.base=/opt/tomcat
ago 02, 2017 11:50:07 AM org.apache.catalina.startup.VersionLoggerListener log
INFORMAÇÕES: Command line argument: -Dcatalina.home=/opt/tomcat
ago 02, 2017 11:50:07 AM org.apache.catalina.startup.VersionLoggerListener log
INFORMAÇÕES: Command line argument: -Djava.io.tmpdir=/opt/tomcat/temp
ago 02, 2017 11:50:07 AM org.apache.catalina.core.AprLifecycleListener lifecycleEvent
INFORMAÇÕES: The APR based Apache Tomcat Native library which allows optimal performance in production environments was not found on the java.library.path: /usr/java/packages/lib/i386:/lib:/usr/lib
ago 02, 2017 11:50:07 AM org.apache.coyote.AbstractProtocol init
INFORMAÇÕES: Initializing ProtocolHandler ["http-bio-8080"]
ago 02, 2017 11:50:07 AM org.apache.coyote.AbstractProtocol init
INFORMAÇÕES: Initializing ProtocolHandler ["ajp-bio-8009"]
ago 02, 2017 11:50:07 AM org.apache.catalina.startup.Catalina load
INFORMAÇÕES: Initialization processed in 408 ms
ago 02, 2017 11:50:07 AM org.apache.catalina.core.StandardService startInternal
INFORMAÇÕES: Starting service Catalina
ago 02, 2017 11:50:07 AM org.apache.catalina.core.StandardEngine startInternal
INFORMAÇÕES: Starting Servlet Engine: Apache Tomcat/7.0.79
ago 02, 2017 11:50:07 AM org.apache.catalina.startup.HostConfig deployWAR
INFORMAÇÕES: Deploying web application archive /opt/tomcat/webapps/dash.war
ago 02, 2017 11:50:07 AM org.apache.catalina.loader.WebappClassLoaderBase validateJarFile
INFORMAÇÕES: validateJarFile(/opt/tomcat/webapps/dash/WEB-INF/lib/el-api-2.2.jar) - jar not loaded. See Servlet Spec 3.0, section 10.7.2. Offending class: javax/el/Expression.class
ago 02, 2017 11:50:08 AM org.apache.catalina.startup.TldConfig execute
INFORMAÇÕES: At least one JAR was scanned for TLDs yet contained no TLDs. Enable debug logging for this logger for a complete list of JARs that were scanned but no TLDs were found in them. Skipping unneeded JARs during scanning can improve startup time and JSP compilation time.
ago 02, 2017 11:50:10 AM org.apache.catalina.startup.HostConfig deployWAR
INFORMAÇÕES: Deployment of web application archive /opt/tomcat/webapps/dash.war has finished in 2,890 ms
ago 02, 2017 11:50:10 AM org.apache.catalina.startup.HostConfig deployWAR
INFORMAÇÕES: Deploying web application archive /opt/tomcat/webapps/dashboard.war
ago 02, 2017 11:50:10 AM org.apache.catalina.loader.WebappClassLoaderBase validateJarFile
INFORMAÇÕES: validateJarFile(/opt/tomcat/webapps/dashboard/WEB-INF/lib/el-api-2.2.jar) - jar not loaded. See Servlet Spec 3.0, section 10.7.2. Offending class: javax/el/Expression.class
ago 02, 2017 11:50:11 AM org.apache.catalina.startup.TldConfig execute
INFORMAÇÕES: At least one JAR was scanned for TLDs yet contained no TLDs. Enable debug logging for this logger for a complete list of JARs that were scanned but no TLDs were found in them. Skipping unneeded JARs during scanning can improve startup time and JSP compilation time.
ago 02, 2017 11:50:12 AM org.hibernate.annotations.common.Version <clinit>
INFO: HCANN000001: Hibernate Commons Annotations {4.0.2.Final}
ago 02, 2017 11:50:12 AM org.hibernate.Version logVersion
INFO: HHH000412: Hibernate Core {4.2.21.Final}
ago 02, 2017 11:50:12 AM org.hibernate.cfg.Environment <clinit>
INFO: HHH000206: hibernate.properties not found
ago 02, 2017 11:50:12 AM org.hibernate.cfg.Environment buildBytecodeProvider
INFO: HHH000021: Bytecode provider name : javassist
ago 02, 2017 11:50:12 AM org.hibernate.cfg.Configuration configure
INFO: HHH000042: Configuring from file: hibernate.cfg.xml
ago 02, 2017 11:50:12 AM org.hibernate.cfg.Configuration doConfigure
INFO: HHH000041: Configured SessionFactory: null
ago 02, 2017 11:50:13 AM org.hibernate.dialect.Dialect <init>
INFO: HHH000400: Using dialect: org.hibernate.dialect.H2Dialect
ago 02, 2017 11:50:13 AM org.hibernate.engine.jdbc.internal.LobCreatorBuilder useContextualLobCreation
INFO: HHH000423: Disabling contextual LOB creation as JDBC driver reported JDBC version [3] less than 4
ago 02, 2017 11:50:13 AM org.hibernate.engine.transaction.internal.TransactionFactoryInitiator initiateService
INFO: HHH000399: Using default transaction strategy (direct JDBC transactions)
ago 02, 2017 11:50:13 AM org.hibernate.hql.internal.ast.ASTQueryTranslatorFactory <init>
INFO: HHH000397: Using ASTQueryTranslatorFactory
ago 02, 2017 11:50:14 AM org.hibernate.validator.internal.util.Version <clinit>
INFO: HV000001: Hibernate Validator 4.3.2.Final
ago 02, 2017 11:50:15 AM org.apache.catalina.startup.HostConfig deployWAR
INFORMAÇÕES: Deployment of web application archive /opt/tomcat/webapps/dashboard.war has finished in 5,238 ms
ago 02, 2017 11:50:15 AM org.apache.catalina.startup.HostConfig deployDirectory
INFORMAÇÕES: Deploying web application directory /opt/tomcat/webapps/examples
ago 02, 2017 11:50:15 AM org.apache.catalina.startup.HostConfig deployDirectory
INFORMAÇÕES: Deployment of web application directory /opt/tomcat/webapps/examples has finished in 105 ms
ago 02, 2017 11:50:15 AM org.apache.catalina.startup.HostConfig deployDirectory
INFORMAÇÕES: Deploying web application directory /opt/tomcat/webapps/ROOT
ago 02, 2017 11:50:15 AM org.apache.catalina.startup.HostConfig deployDirectory
INFORMAÇÕES: Deployment of web application directory /opt/tomcat/webapps/ROOT has finished in 23 ms
ago 02, 2017 11:50:15 AM org.apache.catalina.startup.HostConfig deployDirectory
INFORMAÇÕES: Deploying web application directory /opt/tomcat/webapps/host-manager
ago 02, 2017 11:50:15 AM org.apache.catalina.startup.HostConfig deployDirectory
INFORMAÇÕES: Deployment of web application directory /opt/tomcat/webapps/host-manager has finished in 26 ms
ago 02, 2017 11:50:15 AM org.apache.catalina.startup.HostConfig deployDirectory
INFORMAÇÕES: Deploying web application directory /opt/tomcat/webapps/manager
ago 02, 2017 11:50:15 AM org.apache.catalina.startup.HostConfig deployDirectory
INFORMAÇÕES: Deployment of web application directory /opt/tomcat/webapps/manager has finished in 23 ms
ago 02, 2017 11:50:15 AM org.apache.catalina.startup.HostConfig deployDirectory
INFORMAÇÕES: Deploying web application directory /opt/tomcat/webapps/docs
ago 02, 2017 11:50:15 AM org.apache.catalina.startup.HostConfig deployDirectory
INFORMAÇÕES: Deployment of web application directory /opt/tomcat/webapps/docs has finished in 18 ms
ago 02, 2017 11:50:15 AM org.apache.coyote.AbstractProtocol start
INFORMAÇÕES: Starting ProtocolHandler ["http-bio-8080"]
ago 02, 2017 11:50:15 AM org.apache.coyote.AbstractProtocol start
INFORMAÇÕES: Starting ProtocolHandler ["ajp-bio-8009"]
ago 02, 2017 11:50:15 AM org.apache.catalina.startup.Catalina start
INFORMAÇÕES: Server startup in 8394 ms
ago 02, 2017 11:50:55 AM org.apache.catalina.startup.HostConfig reload
INFORMAÇÕES: Reloading context [/dash]
ago 02, 2017 11:50:55 AM org.apache.catalina.core.StandardContext reload
INFORMAÇÕES: Reloading Context with name [/dash] has started
ago 02, 2017 11:50:55 AM org.apache.catalina.loader.WebappClassLoaderBase validateJarFile
INFORMAÇÕES: validateJarFile(/opt/tomcat/webapps/dash/WEB-INF/lib/el-api-2.2.jar) - jar not loaded. See Servlet Spec 3.0, section 10.7.2. Offending class: javax/el/Expression.class
ago 02, 2017 11:50:56 AM org.apache.catalina.startup.TldConfig execute
INFORMAÇÕES: At least one JAR was scanned for TLDs yet contained no TLDs. Enable debug logging for this logger for a complete list of JARs that were scanned but no TLDs were found in them. Skipping unneeded JARs during scanning can improve startup time and JSP compilation time.
ago 02, 2017 11:50:57 AM org.apache.catalina.core.StandardContext reload
INFORMAÇÕES: Reloading Context with name [/dash] is completed
ago 02, 2017 11:53:15 AM org.apache.catalina.core.StandardServer await
INFORMAÇÕES: A valid shutdown command was received via the shutdown port. Stopping the Server instance.
ago 02, 2017 11:53:15 AM org.apache.coyote.AbstractProtocol pause
INFORMAÇÕES: Pausing ProtocolHandler ["http-bio-8080"]
ago 02, 2017 11:53:15 AM org.apache.coyote.AbstractProtocol pause
INFORMAÇÕES: Pausing ProtocolHandler ["ajp-bio-8009"]
ago 02, 2017 11:53:15 AM org.apache.catalina.core.StandardService stopInternal
INFORMAÇÕES: Stopping service Catalina
ago 02, 2017 11:53:15 AM org.apache.catalina.loader.WebappClassLoaderBase clearReferencesJdbc
GRAVE: The web application [/dashboard] registered the JDBC driver [org.h2.Driver] but failed to unregister it when the web application was stopped. To prevent a memory leak, the JDBC Driver has been forcibly unregistered.
ago 02, 2017 11:53:15 AM org.apache.catalina.loader.WebappClassLoaderBase clearReferencesThreads
GRAVE: The web application [/dashboard] appears to have started a thread named [H2 File Lock Watchdog /home/deppi/dashbuilder.lock.db] but has failed to stop it. This is very likely to create a memory leak.
ago 02, 2017 11:53:15 AM org.apache.catalina.loader.WebappClassLoaderBase clearReferencesThreads
GRAVE: The web application [/dashboard] appears to have started a thread named [H2 Log Writer DASHBUILDER] but has failed to stop it. This is very likely to create a memory leak.
ago 02, 2017 11:53:15 AM org.apache.coyote.AbstractProtocol stop
INFORMAÇÕES: Stopping ProtocolHandler ["http-bio-8080"]
ago 02, 2017 11:53:15 AM org.apache.coyote.AbstractProtocol stop
INFORMAÇÕES: Stopping ProtocolHandler ["ajp-bio-8009"]
ago 02, 2017 11:53:15 AM org.apache.coyote.AbstractProtocol destroy
INFORMAÇÕES: Destroying ProtocolHandler ["http-bio-8080"]
ago 02, 2017 11:53:15 AM org.apache.coyote.AbstractProtocol destroy
INFORMAÇÕES: Destroying ProtocolHandler ["ajp-bio-8009"]
ago 02, 2017 11:53:16 AM org.apache.catalina.startup.VersionLoggerListener log
INFORMAÇÕES: Server version:        Apache Tomcat/7.0.79
ago 02, 2017 11:53:16 AM org.apache.catalina.startup.VersionLoggerListener log
INFORMAÇÕES: Server built:          Jun 26 2017 16:25:20 UTC
ago 02, 2017 11:53:16 AM org.apache.catalina.startup.VersionLoggerListener log
INFORMAÇÕES: Server number:         7.0.79.0
ago 02, 2017 11:53:16 AM org.apache.catalina.startup.VersionLoggerListener log
INFORMAÇÕES: OS Name:               Linux
ago 02, 2017 11:53:16 AM org.apache.catalina.startup.VersionLoggerListener log
INFORMAÇÕES: OS Version:            3.13.0-125-generic
ago 02, 2017 11:53:16 AM org.apache.catalina.startup.VersionLoggerListener log
INFORMAÇÕES: Architecture:          i386
ago 02, 2017 11:53:16 AM org.apache.catalina.startup.VersionLoggerListener log
INFORMAÇÕES: Java Home:             /usr/lib/jvm/java-8-oracle/jre
ago 02, 2017 11:53:16 AM org.apache.catalina.startup.VersionLoggerListener log
INFORMAÇÕES: JVM Version:           1.8.0_131-b11
ago 02, 2017 11:53:16 AM org.apache.catalina.startup.VersionLoggerListener log
INFORMAÇÕES: JVM Vendor:            Oracle Corporation
ago 02, 2017 11:53:16 AM org.apache.catalina.startup.VersionLoggerListener log
INFORMAÇÕES: CATALINA_BASE:         /opt/tomcat
ago 02, 2017 11:53:16 AM org.apache.catalina.startup.VersionLoggerListener log
INFORMAÇÕES: CATALINA_HOME:         /opt/tomcat
ago 02, 2017 11:53:16 AM org.apache.catalina.startup.VersionLoggerListener log
INFORMAÇÕES: Command line argument: -Djava.util.logging.config.file=/opt/tomcat/conf/logging.properties
ago 02, 2017 11:53:16 AM org.apache.catalina.startup.VersionLoggerListener log
INFORMAÇÕES: Command line argument: -Djava.util.logging.manager=org.apache.juli.ClassLoaderLogManager
ago 02, 2017 11:53:16 AM org.apache.catalina.startup.VersionLoggerListener log
INFORMAÇÕES: Command line argument: -Djdk.tls.ephemeralDHKeySize=2048
ago 02, 2017 11:53:16 AM org.apache.catalina.startup.VersionLoggerListener log
INFORMAÇÕES: Command line argument: -Djava.endorsed.dirs=/opt/tomcat/endorsed
ago 02, 2017 11:53:16 AM org.apache.catalina.startup.VersionLoggerListener log
INFORMAÇÕES: Command line argument: -Dcatalina.base=/opt/tomcat
ago 02, 2017 11:53:16 AM org.apache.catalina.startup.VersionLoggerListener log
INFORMAÇÕES: Command line argument: -Dcatalina.home=/opt/tomcat
ago 02, 2017 11:53:16 AM org.apache.catalina.startup.VersionLoggerListener log
INFORMAÇÕES: Command line argument: -Djava.io.tmpdir=/opt/tomcat/temp
ago 02, 2017 11:53:16 AM org.apache.catalina.core.AprLifecycleListener lifecycleEvent
INFORMAÇÕES: The APR based Apache Tomcat Native library which allows optimal performance in production environments was not found on the java.library.path: /usr/java/packages/lib/i386:/lib:/usr/lib
ago 02, 2017 11:53:16 AM org.apache.coyote.AbstractProtocol init
INFORMAÇÕES: Initializing ProtocolHandler ["http-bio-8080"]
ago 02, 2017 11:53:16 AM org.apache.coyote.AbstractProtocol init
INFORMAÇÕES: Initializing ProtocolHandler ["ajp-bio-8009"]
ago 02, 2017 11:53:16 AM org.apache.catalina.startup.Catalina load
INFORMAÇÕES: Initialization processed in 411 ms
ago 02, 2017 11:53:16 AM org.apache.catalina.core.StandardService startInternal
INFORMAÇÕES: Starting service Catalina
ago 02, 2017 11:53:16 AM org.apache.catalina.core.StandardEngine startInternal
INFORMAÇÕES: Starting Servlet Engine: Apache Tomcat/7.0.79
ago 02, 2017 11:53:16 AM org.apache.catalina.startup.HostConfig deployWAR
INFORMAÇÕES: Deploying web application archive /opt/tomcat/webapps/dash.war
ago 02, 2017 11:53:16 AM org.apache.catalina.loader.WebappClassLoaderBase validateJarFile
INFORMAÇÕES: validateJarFile(/opt/tomcat/webapps/dash/WEB-INF/lib/el-api-2.2.jar) - jar not loaded. See Servlet Spec 3.0, section 10.7.2. Offending class: javax/el/Expression.class
ago 02, 2017 11:53:18 AM org.apache.catalina.startup.TldConfig execute
INFORMAÇÕES: At least one JAR was scanned for TLDs yet contained no TLDs. Enable debug logging for this logger for a complete list of JARs that were scanned but no TLDs were found in them. Skipping unneeded JARs during scanning can improve startup time and JSP compilation time.
ago 02, 2017 11:53:19 AM org.apache.catalina.startup.HostConfig deployWAR
INFORMAÇÕES: Deployment of web application archive /opt/tomcat/webapps/dash.war has finished in 3,068 ms
ago 02, 2017 11:53:19 AM org.apache.catalina.startup.HostConfig deployWAR
INFORMAÇÕES: Deploying web application archive /opt/tomcat/webapps/dashboard.war
ago 02, 2017 11:53:19 AM org.apache.catalina.loader.WebappClassLoaderBase validateJarFile
INFORMAÇÕES: validateJarFile(/opt/tomcat/webapps/dashboard/WEB-INF/lib/el-api-2.2.jar) - jar not loaded. See Servlet Spec 3.0, section 10.7.2. Offending class: javax/el/Expression.class
ago 02, 2017 11:53:20 AM org.apache.catalina.startup.TldConfig execute
INFORMAÇÕES: At least one JAR was scanned for TLDs yet contained no TLDs. Enable debug logging for this logger for a complete list of JARs that were scanned but no TLDs were found in them. Skipping unneeded JARs during scanning can improve startup time and JSP compilation time.
ago 02, 2017 11:53:22 AM org.hibernate.annotations.common.Version <clinit>
INFO: HCANN000001: Hibernate Commons Annotations {4.0.2.Final}
ago 02, 2017 11:53:22 AM org.hibernate.Version logVersion
INFO: HHH000412: Hibernate Core {4.2.21.Final}
ago 02, 2017 11:53:22 AM org.hibernate.cfg.Environment <clinit>
INFO: HHH000206: hibernate.properties not found
ago 02, 2017 11:53:22 AM org.hibernate.cfg.Environment buildBytecodeProvider
INFO: HHH000021: Bytecode provider name : javassist
ago 02, 2017 11:53:22 AM org.hibernate.cfg.Configuration configure
INFO: HHH000042: Configuring from file: hibernate.cfg.xml
ago 02, 2017 11:53:22 AM org.hibernate.cfg.Configuration doConfigure
INFO: HHH000041: Configured SessionFactory: null
ago 02, 2017 11:53:23 AM org.hibernate.dialect.Dialect <init>
INFO: HHH000400: Using dialect: org.hibernate.dialect.H2Dialect
ago 02, 2017 11:53:23 AM org.hibernate.engine.jdbc.internal.LobCreatorBuilder useContextualLobCreation
INFO: HHH000423: Disabling contextual LOB creation as JDBC driver reported JDBC version [3] less than 4
ago 02, 2017 11:53:23 AM org.hibernate.engine.transaction.internal.TransactionFactoryInitiator initiateService
INFO: HHH000399: Using default transaction strategy (direct JDBC transactions)
ago 02, 2017 11:53:23 AM org.hibernate.hql.internal.ast.ASTQueryTranslatorFactory <init>
INFO: HHH000397: Using ASTQueryTranslatorFactory
ago 02, 2017 11:53:23 AM org.hibernate.validator.internal.util.Version <clinit>
INFO: HV000001: Hibernate Validator 4.3.2.Final
ago 02, 2017 11:53:24 AM org.apache.catalina.startup.HostConfig deployWAR
INFORMAÇÕES: Deployment of web application archive /opt/tomcat/webapps/dashboard.war has finished in 5,048 ms
ago 02, 2017 11:53:24 AM org.apache.catalina.startup.HostConfig deployDirectory
INFORMAÇÕES: Deploying web application directory /opt/tomcat/webapps/examples
ago 02, 2017 11:53:24 AM org.apache.catalina.startup.HostConfig deployDirectory
INFORMAÇÕES: Deployment of web application directory /opt/tomcat/webapps/examples has finished in 133 ms
ago 02, 2017 11:53:24 AM org.apache.catalina.startup.HostConfig deployDirectory
INFORMAÇÕES: Deploying web application directory /opt/tomcat/webapps/ROOT
ago 02, 2017 11:53:24 AM org.apache.catalina.startup.HostConfig deployDirectory
INFORMAÇÕES: Deployment of web application directory /opt/tomcat/webapps/ROOT has finished in 20 ms
ago 02, 2017 11:53:24 AM org.apache.catalina.startup.HostConfig deployDirectory
INFORMAÇÕES: Deploying web application directory /opt/tomcat/webapps/host-manager
ago 02, 2017 11:53:24 AM org.apache.catalina.startup.HostConfig deployDirectory
INFORMAÇÕES: Deployment of web application directory /opt/tomcat/webapps/host-manager has finished in 24 ms
ago 02, 2017 11:53:24 AM org.apache.catalina.startup.HostConfig deployDirectory
INFORMAÇÕES: Deploying web application directory /opt/tomcat/webapps/manager
ago 02, 2017 11:53:25 AM org.apache.catalina.startup.HostConfig deployDirectory
INFORMAÇÕES: Deployment of web application directory /opt/tomcat/webapps/manager has finished in 23 ms
ago 02, 2017 11:53:25 AM org.apache.catalina.startup.HostConfig deployDirectory
INFORMAÇÕES: Deploying web application directory /opt/tomcat/webapps/docs
ago 02, 2017 11:53:25 AM org.apache.catalina.startup.HostConfig deployDirectory
INFORMAÇÕES: Deployment of web application directory /opt/tomcat/webapps/docs has finished in 19 ms
ago 02, 2017 11:53:25 AM org.apache.coyote.AbstractProtocol start
INFORMAÇÕES: Starting ProtocolHandler ["http-bio-8080"]
ago 02, 2017 11:53:25 AM org.apache.coyote.AbstractProtocol start
INFORMAÇÕES: Starting ProtocolHandler ["ajp-bio-8009"]
ago 02, 2017 11:53:25 AM org.apache.catalina.startup.Catalina start
INFORMAÇÕES: Server startup in 8459 ms
ago 02, 2017 11:54:25 AM org.apache.catalina.startup.HostConfig reload
INFORMAÇÕES: Reloading context [/dash]
ago 02, 2017 11:54:25 AM org.apache.catalina.core.StandardContext reload
INFORMAÇÕES: Reloading Context with name [/dash] has started
ago 02, 2017 11:54:25 AM org.apache.catalina.loader.WebappClassLoaderBase validateJarFile
INFORMAÇÕES: validateJarFile(/opt/tomcat/webapps/dash/WEB-INF/lib/el-api-2.2.jar) - jar not loaded. See Servlet Spec 3.0, section 10.7.2. Offending class: javax/el/Expression.class
ago 02, 2017 11:54:25 AM org.apache.catalina.core.StandardServer await
INFORMAÇÕES: A valid shutdown command was received via the shutdown port. Stopping the Server instance.
ago 02, 2017 11:54:25 AM org.apache.coyote.AbstractProtocol pause
INFORMAÇÕES: Pausing ProtocolHandler ["http-bio-8080"]
ago 02, 2017 11:54:25 AM org.apache.coyote.AbstractProtocol pause
INFORMAÇÕES: Pausing ProtocolHandler ["ajp-bio-8009"]
ago 02, 2017 11:54:25 AM org.apache.catalina.core.StandardService stopInternal
INFORMAÇÕES: Stopping service Catalina
ago 02, 2017 11:54:26 AM org.apache.catalina.startup.TldConfig execute
INFORMAÇÕES: At least one JAR was scanned for TLDs yet contained no TLDs. Enable debug logging for this logger for a complete list of JARs that were scanned but no TLDs were found in them. Skipping unneeded JARs during scanning can improve startup time and JSP compilation time.
ago 02, 2017 11:54:27 AM org.apache.catalina.startup.VersionLoggerListener log
INFORMAÇÕES: Server version:        Apache Tomcat/7.0.79
ago 02, 2017 11:54:27 AM org.apache.catalina.startup.VersionLoggerListener log
INFORMAÇÕES: Server built:          Jun 26 2017 16:25:20 UTC
ago 02, 2017 11:54:27 AM org.apache.catalina.startup.VersionLoggerListener log
INFORMAÇÕES: Server number:         7.0.79.0
ago 02, 2017 11:54:27 AM org.apache.catalina.core.StandardContext reload
INFORMAÇÕES: Reloading Context with name [/dash] is completed
ago 02, 2017 11:54:27 AM org.apache.catalina.startup.VersionLoggerListener log
INFORMAÇÕES: OS Name:               Linux
ago 02, 2017 11:54:27 AM org.apache.catalina.startup.VersionLoggerListener log
INFORMAÇÕES: OS Version:            3.13.0-125-generic
ago 02, 2017 11:54:27 AM org.apache.catalina.startup.VersionLoggerListener log
INFORMAÇÕES: Architecture:          i386
ago 02, 2017 11:54:27 AM org.apache.catalina.startup.VersionLoggerListener log
INFORMAÇÕES: Java Home:             /usr/lib/jvm/java-8-oracle/jre
ago 02, 2017 11:54:27 AM org.apache.catalina.startup.VersionLoggerListener log
INFORMAÇÕES: JVM Version:           1.8.0_131-b11
ago 02, 2017 11:54:27 AM org.apache.catalina.startup.VersionLoggerListener log
INFORMAÇÕES: JVM Vendor:            Oracle Corporation
ago 02, 2017 11:54:27 AM org.apache.catalina.startup.VersionLoggerListener log
INFORMAÇÕES: CATALINA_BASE:         /opt/tomcat
ago 02, 2017 11:54:27 AM org.apache.catalina.startup.VersionLoggerListener log
INFORMAÇÕES: CATALINA_HOME:         /opt/tomcat
ago 02, 2017 11:54:27 AM org.apache.catalina.startup.VersionLoggerListener log
INFORMAÇÕES: Command line argument: -Djava.util.logging.config.file=/opt/tomcat/conf/logging.properties
ago 02, 2017 11:54:27 AM org.apache.catalina.startup.VersionLoggerListener log
INFORMAÇÕES: Command line argument: -Djava.util.logging.manager=org.apache.juli.ClassLoaderLogManager
ago 02, 2017 11:54:27 AM org.apache.catalina.startup.VersionLoggerListener log
INFORMAÇÕES: Command line argument: -Djdk.tls.ephemeralDHKeySize=2048
ago 02, 2017 11:54:27 AM org.apache.catalina.startup.VersionLoggerListener log
INFORMAÇÕES: Command line argument: -Djava.endorsed.dirs=/opt/tomcat/endorsed
ago 02, 2017 11:54:27 AM org.apache.catalina.startup.VersionLoggerListener log
INFORMAÇÕES: Command line argument: -Dcatalina.base=/opt/tomcat
ago 02, 2017 11:54:27 AM org.apache.catalina.startup.VersionLoggerListener log
INFORMAÇÕES: Command line argument: -Dcatalina.home=/opt/tomcat
ago 02, 2017 11:54:27 AM org.apache.catalina.startup.VersionLoggerListener log
INFORMAÇÕES: Command line argument: -Djava.io.tmpdir=/opt/tomcat/temp
ago 02, 2017 11:54:27 AM org.apache.catalina.core.AprLifecycleListener lifecycleEvent
INFORMAÇÕES: The APR based Apache Tomcat Native library which allows optimal performance in production environments was not found on the java.library.path: /usr/java/packages/lib/i386:/lib:/usr/lib
ago 02, 2017 11:54:27 AM org.apache.catalina.loader.WebappClassLoaderBase clearReferencesJdbc
GRAVE: The web application [/dashboard] registered the JDBC driver [org.h2.Driver] but failed to unregister it when the web application was stopped. To prevent a memory leak, the JDBC Driver has been forcibly unregistered.
ago 02, 2017 11:54:27 AM org.apache.catalina.loader.WebappClassLoaderBase clearReferencesThreads
GRAVE: The web application [/dashboard] appears to have started a thread named [H2 File Lock Watchdog /home/deppi/dashbuilder.lock.db] but has failed to stop it. This is very likely to create a memory leak.
ago 02, 2017 11:54:27 AM org.apache.catalina.loader.WebappClassLoaderBase clearReferencesThreads
GRAVE: The web application [/dashboard] appears to have started a thread named [H2 Log Writer DASHBUILDER] but has failed to stop it. This is very likely to create a memory leak.
ago 02, 2017 11:54:27 AM org.apache.coyote.AbstractProtocol stop
INFORMAÇÕES: Stopping ProtocolHandler ["http-bio-8080"]
ago 02, 2017 11:54:27 AM org.apache.coyote.AbstractProtocol stop
INFORMAÇÕES: Stopping ProtocolHandler ["ajp-bio-8009"]
ago 02, 2017 11:54:27 AM org.apache.coyote.AbstractProtocol destroy
INFORMAÇÕES: Destroying ProtocolHandler ["http-bio-8080"]
ago 02, 2017 11:54:27 AM org.apache.coyote.AbstractProtocol destroy
INFORMAÇÕES: Destroying ProtocolHandler ["ajp-bio-8009"]
ago 02, 2017 11:54:27 AM org.apache.coyote.AbstractProtocol init
INFORMAÇÕES: Initializing ProtocolHandler ["http-bio-8080"]
ago 02, 2017 11:54:27 AM org.apache.coyote.AbstractProtocol init
INFORMAÇÕES: Initializing ProtocolHandler ["ajp-bio-8009"]
ago 02, 2017 11:54:27 AM org.apache.catalina.startup.Catalina load
INFORMAÇÕES: Initialization processed in 805 ms
ago 02, 2017 11:54:27 AM org.apache.catalina.core.StandardService startInternal
INFORMAÇÕES: Starting service Catalina
ago 02, 2017 11:54:27 AM org.apache.catalina.core.StandardEngine startInternal
INFORMAÇÕES: Starting Servlet Engine: Apache Tomcat/7.0.79
ago 02, 2017 11:54:27 AM org.apache.catalina.startup.HostConfig deployWAR
INFORMAÇÕES: Deploying web application archive /opt/tomcat/webapps/dash.war
ago 02, 2017 11:54:27 AM org.apache.catalina.loader.WebappClassLoaderBase validateJarFile
INFORMAÇÕES: validateJarFile(/opt/tomcat/webapps/dash/WEB-INF/lib/el-api-2.2.jar) - jar not loaded. See Servlet Spec 3.0, section 10.7.2. Offending class: javax/el/Expression.class
ago 02, 2017 11:54:29 AM org.apache.catalina.startup.TldConfig execute
INFORMAÇÕES: At least one JAR was scanned for TLDs yet contained no TLDs. Enable debug logging for this logger for a complete list of JARs that were scanned but no TLDs were found in them. Skipping unneeded JARs during scanning can improve startup time and JSP compilation time.
ago 02, 2017 11:54:30 AM org.apache.catalina.startup.HostConfig deployWAR
INFORMAÇÕES: Deployment of web application archive /opt/tomcat/webapps/dash.war has finished in 2,920 ms
ago 02, 2017 11:54:30 AM org.apache.catalina.startup.HostConfig deployWAR
INFORMAÇÕES: Deploying web application archive /opt/tomcat/webapps/dashboard.war
ago 02, 2017 11:54:30 AM org.apache.catalina.loader.WebappClassLoaderBase validateJarFile
INFORMAÇÕES: validateJarFile(/opt/tomcat/webapps/dashboard/WEB-INF/lib/el-api-2.2.jar) - jar not loaded. See Servlet Spec 3.0, section 10.7.2. Offending class: javax/el/Expression.class
ago 02, 2017 11:54:31 AM org.apache.catalina.startup.TldConfig execute
INFORMAÇÕES: At least one JAR was scanned for TLDs yet contained no TLDs. Enable debug logging for this logger for a complete list of JARs that were scanned but no TLDs were found in them. Skipping unneeded JARs during scanning can improve startup time and JSP compilation time.
ago 02, 2017 11:54:33 AM org.hibernate.annotations.common.Version <clinit>
INFO: HCANN000001: Hibernate Commons Annotations {4.0.2.Final}
ago 02, 2017 11:54:33 AM org.hibernate.Version logVersion
INFO: HHH000412: Hibernate Core {4.2.21.Final}
ago 02, 2017 11:54:33 AM org.hibernate.cfg.Environment <clinit>
INFO: HHH000206: hibernate.properties not found
ago 02, 2017 11:54:33 AM org.hibernate.cfg.Environment buildBytecodeProvider
INFO: HHH000021: Bytecode provider name : javassist
ago 02, 2017 11:54:33 AM org.hibernate.cfg.Configuration configure
INFO: HHH000042: Configuring from file: hibernate.cfg.xml
ago 02, 2017 11:54:33 AM org.hibernate.cfg.Configuration doConfigure
INFO: HHH000041: Configured SessionFactory: null
ago 02, 2017 11:54:34 AM org.hibernate.dialect.Dialect <init>
INFO: HHH000400: Using dialect: org.hibernate.dialect.H2Dialect
ago 02, 2017 11:54:34 AM org.hibernate.engine.jdbc.internal.LobCreatorBuilder useContextualLobCreation
INFO: HHH000423: Disabling contextual LOB creation as JDBC driver reported JDBC version [3] less than 4
ago 02, 2017 11:54:34 AM org.hibernate.engine.transaction.internal.TransactionFactoryInitiator initiateService
INFO: HHH000399: Using default transaction strategy (direct JDBC transactions)
ago 02, 2017 11:54:34 AM org.hibernate.hql.internal.ast.ASTQueryTranslatorFactory <init>
INFO: HHH000397: Using ASTQueryTranslatorFactory
ago 02, 2017 11:54:34 AM org.hibernate.validator.internal.util.Version <clinit>
INFO: HV000001: Hibernate Validator 4.3.2.Final
ago 02, 2017 11:54:35 AM org.apache.catalina.startup.HostConfig deployWAR
INFORMAÇÕES: Deployment of web application archive /opt/tomcat/webapps/dashboard.war has finished in 4,947 ms
ago 02, 2017 11:54:35 AM org.apache.catalina.startup.HostConfig deployDirectory
INFORMAÇÕES: Deploying web application directory /opt/tomcat/webapps/examples
ago 02, 2017 11:54:35 AM org.apache.catalina.startup.HostConfig deployDirectory
INFORMAÇÕES: Deployment of web application directory /opt/tomcat/webapps/examples has finished in 116 ms
ago 02, 2017 11:54:35 AM org.apache.catalina.startup.HostConfig deployDirectory
INFORMAÇÕES: Deploying web application directory /opt/tomcat/webapps/ROOT
ago 02, 2017 11:54:35 AM org.apache.catalina.startup.HostConfig deployDirectory
INFORMAÇÕES: Deployment of web application directory /opt/tomcat/webapps/ROOT has finished in 19 ms
ago 02, 2017 11:54:35 AM org.apache.catalina.startup.HostConfig deployDirectory
INFORMAÇÕES: Deploying web application directory /opt/tomcat/webapps/host-manager
ago 02, 2017 11:54:35 AM org.apache.catalina.startup.HostConfig deployDirectory
INFORMAÇÕES: Deployment of web application directory /opt/tomcat/webapps/host-manager has finished in 24 ms
ago 02, 2017 11:54:35 AM org.apache.catalina.startup.HostConfig deployDirectory
INFORMAÇÕES: Deploying web application directory /opt/tomcat/webapps/manager
ago 02, 2017 11:54:35 AM org.apache.catalina.startup.HostConfig deployDirectory
INFORMAÇÕES: Deployment of web application directory /opt/tomcat/webapps/manager has finished in 22 ms
ago 02, 2017 11:54:35 AM org.apache.catalina.startup.HostConfig deployDirectory
INFORMAÇÕES: Deploying web application directory /opt/tomcat/webapps/docs
ago 02, 2017 11:54:35 AM org.apache.catalina.startup.HostConfig deployDirectory
INFORMAÇÕES: Deployment of web application directory /opt/tomcat/webapps/docs has finished in 17 ms
ago 02, 2017 11:54:35 AM org.apache.coyote.AbstractProtocol start
INFORMAÇÕES: Starting ProtocolHandler ["http-bio-8080"]
ago 02, 2017 11:54:35 AM org.apache.coyote.AbstractProtocol start
INFORMAÇÕES: Starting ProtocolHandler ["ajp-bio-8009"]
ago 02, 2017 11:54:35 AM org.apache.catalina.startup.Catalina start
INFORMAÇÕES: Server startup in 8153 ms
ago 02, 2017 11:56:26 AM org.apache.coyote.AbstractProtocol pause
INFORMAÇÕES: Pausing ProtocolHandler ["http-bio-8080"]
ago 02, 2017 11:56:26 AM org.apache.coyote.AbstractProtocol pause
INFORMAÇÕES: Pausing ProtocolHandler ["ajp-bio-8009"]
ago 02, 2017 11:56:26 AM org.apache.catalina.core.StandardService stopInternal
INFORMAÇÕES: Stopping service Catalina
ago 02, 2017 11:56:26 AM org.apache.catalina.loader.WebappClassLoaderBase clearReferencesJdbc
GRAVE: The web application [/dashboard] registered the JDBC driver [org.h2.Driver] but failed to unregister it when the web application was stopped. To prevent a memory leak, the JDBC Driver has been forcibly unregistered.
ago 02, 2017 11:56:26 AM org.apache.catalina.loader.WebappClassLoaderBase clearReferencesThreads
GRAVE: The web application [/dashboard] appears to have started a thread named [H2 File Lock Watchdog /home/deppi/dashbuilder.lock.db] but has failed to stop it. This is very likely to create a memory leak.
ago 02, 2017 11:56:26 AM org.apache.catalina.loader.WebappClassLoaderBase clearReferencesThreads
GRAVE: The web application [/dashboard] appears to have started a thread named [Thread-3] but has failed to stop it. This is very likely to create a memory leak.
ago 02, 2017 11:56:26 AM org.apache.coyote.AbstractProtocol stop
INFORMAÇÕES: Stopping ProtocolHandler ["http-bio-8080"]
ago 02, 2017 11:56:26 AM org.apache.coyote.AbstractProtocol stop
INFORMAÇÕES: Stopping ProtocolHandler ["ajp-bio-8009"]
ago 02, 2017 11:56:26 AM org.apache.coyote.AbstractProtocol destroy
INFORMAÇÕES: Destroying ProtocolHandler ["http-bio-8080"]
ago 02, 2017 11:56:26 AM org.apache.coyote.AbstractProtocol destroy
INFORMAÇÕES: Destroying ProtocolHandler ["ajp-bio-8009"]
