ago 01, 2017 10:18:49 AM org.apache.catalina.startup.VersionLoggerListener log
INFORMAÇÕES: Server version:        Apache Tomcat/7.0.79
ago 01, 2017 10:18:49 AM org.apache.catalina.startup.VersionLoggerListener log
INFORMAÇÕES: Server built:          Jun 26 2017 16:25:20 UTC
ago 01, 2017 10:18:49 AM org.apache.catalina.startup.VersionLoggerListener log
INFORMAÇÕES: Server number:         7.0.79.0
ago 01, 2017 10:18:49 AM org.apache.catalina.startup.VersionLoggerListener log
INFORMAÇÕES: OS Name:               Linux
ago 01, 2017 10:18:49 AM org.apache.catalina.startup.VersionLoggerListener log
INFORMAÇÕES: OS Version:            3.13.0-125-generic
ago 01, 2017 10:18:49 AM org.apache.catalina.startup.VersionLoggerListener log
INFORMAÇÕES: Architecture:          i386
ago 01, 2017 10:18:49 AM org.apache.catalina.startup.VersionLoggerListener log
INFORMAÇÕES: Java Home:             /usr/lib/jvm/java-8-oracle/jre
ago 01, 2017 10:18:49 AM org.apache.catalina.startup.VersionLoggerListener log
INFORMAÇÕES: JVM Version:           1.8.0_131-b11
ago 01, 2017 10:18:49 AM org.apache.catalina.startup.VersionLoggerListener log
INFORMAÇÕES: JVM Vendor:            Oracle Corporation
ago 01, 2017 10:18:49 AM org.apache.catalina.startup.VersionLoggerListener log
INFORMAÇÕES: CATALINA_BASE:         /opt/tomcat
ago 01, 2017 10:18:49 AM org.apache.catalina.startup.VersionLoggerListener log
INFORMAÇÕES: CATALINA_HOME:         /opt/tomcat
ago 01, 2017 10:18:49 AM org.apache.catalina.startup.VersionLoggerListener log
INFORMAÇÕES: Command line argument: -Djava.util.logging.config.file=/opt/tomcat/conf/logging.properties
ago 01, 2017 10:18:49 AM org.apache.catalina.startup.VersionLoggerListener log
INFORMAÇÕES: Command line argument: -Djava.util.logging.manager=org.apache.juli.ClassLoaderLogManager
ago 01, 2017 10:18:49 AM org.apache.catalina.startup.VersionLoggerListener log
INFORMAÇÕES: Command line argument: -Djdk.tls.ephemeralDHKeySize=2048
ago 01, 2017 10:18:49 AM org.apache.catalina.startup.VersionLoggerListener log
INFORMAÇÕES: Command line argument: -Djava.endorsed.dirs=/opt/tomcat/endorsed
ago 01, 2017 10:18:49 AM org.apache.catalina.startup.VersionLoggerListener log
INFORMAÇÕES: Command line argument: -Dcatalina.base=/opt/tomcat
ago 01, 2017 10:18:49 AM org.apache.catalina.startup.VersionLoggerListener log
INFORMAÇÕES: Command line argument: -Dcatalina.home=/opt/tomcat
ago 01, 2017 10:18:49 AM org.apache.catalina.startup.VersionLoggerListener log
INFORMAÇÕES: Command line argument: -Djava.io.tmpdir=/opt/tomcat/temp
ago 01, 2017 10:18:49 AM org.apache.catalina.core.AprLifecycleListener lifecycleEvent
INFORMAÇÕES: The APR based Apache Tomcat Native library which allows optimal performance in production environments was not found on the java.library.path: /usr/java/packages/lib/i386:/lib:/usr/lib
ago 01, 2017 10:18:49 AM org.apache.coyote.AbstractProtocol init
INFORMAÇÕES: Initializing ProtocolHandler ["http-bio-8080"]
ago 01, 2017 10:18:49 AM org.apache.coyote.AbstractProtocol init
INFORMAÇÕES: Initializing ProtocolHandler ["ajp-bio-8009"]
ago 01, 2017 10:18:49 AM org.apache.catalina.startup.Catalina load
INFORMAÇÕES: Initialization processed in 614 ms
ago 01, 2017 10:18:49 AM org.apache.catalina.core.StandardService startInternal
INFORMAÇÕES: Starting service Catalina
ago 01, 2017 10:18:49 AM org.apache.catalina.core.StandardEngine startInternal
INFORMAÇÕES: Starting Servlet Engine: Apache Tomcat/7.0.79
ago 01, 2017 10:18:49 AM org.apache.catalina.startup.HostConfig deployWAR
INFORMAÇÕES: Deploying web application archive /opt/tomcat/webapps/dash.war
ago 01, 2017 10:18:50 AM org.apache.catalina.loader.WebappClassLoaderBase validateJarFile
INFORMAÇÕES: validateJarFile(/opt/tomcat/webapps/dash/WEB-INF/lib/el-api-2.2.jar) - jar not loaded. See Servlet Spec 3.0, section 10.7.2. Offending class: javax/el/Expression.class
ago 01, 2017 10:18:53 AM org.apache.catalina.startup.TldConfig execute
INFORMAÇÕES: At least one JAR was scanned for TLDs yet contained no TLDs. Enable debug logging for this logger for a complete list of JARs that were scanned but no TLDs were found in them. Skipping unneeded JARs during scanning can improve startup time and JSP compilation time.
ago 01, 2017 10:18:55 AM org.apache.catalina.session.StandardManager doLoad
GRAVE: IOException while loading persisted sessions: java.io.InvalidClassException: org.jboss.weld.context.CreationalContextImpl; invalid descriptor for field parentDependentInstances
java.io.InvalidClassException: org.jboss.weld.context.CreationalContextImpl; invalid descriptor for field parentDependentInstances
	at java.io.ObjectStreamClass.readNonProxy(ObjectStreamClass.java:723)
	at java.io.ObjectInputStream.readClassDescriptor(ObjectInputStream.java:882)
	at java.io.ObjectInputStream.readNonProxyDesc(ObjectInputStream.java:1815)
	at java.io.ObjectInputStream.readClassDesc(ObjectInputStream.java:1713)
	at java.io.ObjectInputStream.readOrdinaryObject(ObjectInputStream.java:2000)
	at java.io.ObjectInputStream.readObject0(ObjectInputStream.java:1535)
	at java.io.ObjectInputStream.defaultReadFields(ObjectInputStream.java:2245)
	at java.io.ObjectInputStream.readSerialData(ObjectInputStream.java:2169)
	at java.io.ObjectInputStream.readOrdinaryObject(ObjectInputStream.java:2027)
	at java.io.ObjectInputStream.readObject0(ObjectInputStream.java:1535)
	at java.io.ObjectInputStream.readObject(ObjectInputStream.java:422)
	at org.apache.catalina.session.StandardSession.readObject(StandardSession.java:1609)
	at org.apache.catalina.session.StandardSession.readObjectData(StandardSession.java:1075)
	at org.apache.catalina.session.StandardManager.doLoad(StandardManager.java:259)
	at org.apache.catalina.session.StandardManager.load(StandardManager.java:176)
	at org.apache.catalina.session.StandardManager.startInternal(StandardManager.java:465)
	at org.apache.catalina.util.LifecycleBase.start(LifecycleBase.java:145)
	at org.apache.catalina.core.StandardContext.startInternal(StandardContext.java:5643)
	at org.apache.catalina.util.LifecycleBase.start(LifecycleBase.java:145)
	at org.apache.catalina.core.ContainerBase.addChildInternal(ContainerBase.java:899)
	at org.apache.catalina.core.ContainerBase.addChild(ContainerBase.java:875)
	at org.apache.catalina.core.StandardHost.addChild(StandardHost.java:652)
	at org.apache.catalina.startup.HostConfig.deployWAR(HostConfig.java:1127)
	at org.apache.catalina.startup.HostConfig$DeployWar.run(HostConfig.java:2020)
	at java.util.concurrent.Executors$RunnableAdapter.call(Executors.java:511)
	at java.util.concurrent.FutureTask.run(FutureTask.java:266)
	at java.util.concurrent.ThreadPoolExecutor.runWorker(ThreadPoolExecutor.java:1142)
	at java.util.concurrent.ThreadPoolExecutor$Worker.run(ThreadPoolExecutor.java:617)
	at java.lang.Thread.run(Thread.java:748)
Caused by: java.lang.IllegalArgumentException: illegal signature
	at java.io.ObjectStreamField.<init>(ObjectStreamField.java:122)
	at java.io.ObjectStreamClass.readNonProxy(ObjectStreamClass.java:721)
	... 28 more

ago 01, 2017 10:18:55 AM org.apache.catalina.session.StandardManager startInternal
GRAVE: Exception loading sessions from persistent storage
java.io.InvalidClassException: org.jboss.weld.context.CreationalContextImpl; invalid descriptor for field parentDependentInstances
	at java.io.ObjectStreamClass.readNonProxy(ObjectStreamClass.java:723)
	at java.io.ObjectInputStream.readClassDescriptor(ObjectInputStream.java:882)
	at java.io.ObjectInputStream.readNonProxyDesc(ObjectInputStream.java:1815)
	at java.io.ObjectInputStream.readClassDesc(ObjectInputStream.java:1713)
	at java.io.ObjectInputStream.readOrdinaryObject(ObjectInputStream.java:2000)
	at java.io.ObjectInputStream.readObject0(ObjectInputStream.java:1535)
	at java.io.ObjectInputStream.defaultReadFields(ObjectInputStream.java:2245)
	at java.io.ObjectInputStream.readSerialData(ObjectInputStream.java:2169)
	at java.io.ObjectInputStream.readOrdinaryObject(ObjectInputStream.java:2027)
	at java.io.ObjectInputStream.readObject0(ObjectInputStream.java:1535)
	at java.io.ObjectInputStream.readObject(ObjectInputStream.java:422)
	at org.apache.catalina.session.StandardSession.readObject(StandardSession.java:1609)
	at org.apache.catalina.session.StandardSession.readObjectData(StandardSession.java:1075)
	at org.apache.catalina.session.StandardManager.doLoad(StandardManager.java:259)
	at org.apache.catalina.session.StandardManager.load(StandardManager.java:176)
	at org.apache.catalina.session.StandardManager.startInternal(StandardManager.java:465)
	at org.apache.catalina.util.LifecycleBase.start(LifecycleBase.java:145)
	at org.apache.catalina.core.StandardContext.startInternal(StandardContext.java:5643)
	at org.apache.catalina.util.LifecycleBase.start(LifecycleBase.java:145)
	at org.apache.catalina.core.ContainerBase.addChildInternal(ContainerBase.java:899)
	at org.apache.catalina.core.ContainerBase.addChild(ContainerBase.java:875)
	at org.apache.catalina.core.StandardHost.addChild(StandardHost.java:652)
	at org.apache.catalina.startup.HostConfig.deployWAR(HostConfig.java:1127)
	at org.apache.catalina.startup.HostConfig$DeployWar.run(HostConfig.java:2020)
	at java.util.concurrent.Executors$RunnableAdapter.call(Executors.java:511)
	at java.util.concurrent.FutureTask.run(FutureTask.java:266)
	at java.util.concurrent.ThreadPoolExecutor.runWorker(ThreadPoolExecutor.java:1142)
	at java.util.concurrent.ThreadPoolExecutor$Worker.run(ThreadPoolExecutor.java:617)
	at java.lang.Thread.run(Thread.java:748)
Caused by: java.lang.IllegalArgumentException: illegal signature
	at java.io.ObjectStreamField.<init>(ObjectStreamField.java:122)
	at java.io.ObjectStreamClass.readNonProxy(ObjectStreamClass.java:721)
	... 28 more

ago 01, 2017 10:18:55 AM org.hibernate.annotations.common.Version <clinit>
INFO: HCANN000001: Hibernate Commons Annotations {4.0.2.Final}
ago 01, 2017 10:18:55 AM org.hibernate.Version logVersion
INFO: HHH000412: Hibernate Core {4.2.21.Final}
ago 01, 2017 10:18:55 AM org.hibernate.cfg.Environment <clinit>
INFO: HHH000206: hibernate.properties not found
ago 01, 2017 10:18:55 AM org.hibernate.cfg.Environment buildBytecodeProvider
INFO: HHH000021: Bytecode provider name : javassist
ago 01, 2017 10:18:55 AM org.hibernate.cfg.Configuration configure
INFO: HHH000042: Configuring from file: hibernate.cfg.xml
ago 01, 2017 10:18:55 AM org.hibernate.cfg.Configuration doConfigure
INFO: HHH000041: Configured SessionFactory: null
ago 01, 2017 10:18:56 AM org.hibernate.dialect.Dialect <init>
INFO: HHH000400: Using dialect: org.hibernate.dialect.H2Dialect
ago 01, 2017 10:18:56 AM org.hibernate.engine.jdbc.internal.LobCreatorBuilder useContextualLobCreation
INFO: HHH000423: Disabling contextual LOB creation as JDBC driver reported JDBC version [3] less than 4
ago 01, 2017 10:18:56 AM org.hibernate.engine.transaction.internal.TransactionFactoryInitiator initiateService
INFO: HHH000399: Using default transaction strategy (direct JDBC transactions)
ago 01, 2017 10:18:56 AM org.hibernate.hql.internal.ast.ASTQueryTranslatorFactory <init>
INFO: HHH000397: Using ASTQueryTranslatorFactory
ago 01, 2017 10:18:57 AM org.hibernate.validator.internal.util.Version <clinit>
INFO: HV000001: Hibernate Validator 4.3.2.Final
ago 01, 2017 10:18:58 AM org.apache.catalina.startup.HostConfig deployWAR
INFORMAÇÕES: Deployment of web application archive /opt/tomcat/webapps/dash.war has finished in 8,824 ms
ago 01, 2017 10:18:58 AM org.apache.catalina.startup.HostConfig deployWAR
INFORMAÇÕES: Deploying web application archive /opt/tomcat/webapps/dashboard.war
ago 01, 2017 10:18:59 AM org.apache.catalina.loader.WebappClassLoaderBase validateJarFile
INFORMAÇÕES: validateJarFile(/opt/tomcat/webapps/dashboard/WEB-INF/lib/el-api-2.2.jar) - jar not loaded. See Servlet Spec 3.0, section 10.7.2. Offending class: javax/el/Expression.class
ago 01, 2017 10:19:01 AM org.apache.catalina.startup.TldConfig execute
INFORMAÇÕES: At least one JAR was scanned for TLDs yet contained no TLDs. Enable debug logging for this logger for a complete list of JARs that were scanned but no TLDs were found in them. Skipping unneeded JARs during scanning can improve startup time and JSP compilation time.
ago 01, 2017 10:19:03 AM org.hibernate.annotations.common.Version <clinit>
INFO: HCANN000001: Hibernate Commons Annotations {4.0.2.Final}
ago 01, 2017 10:19:03 AM org.hibernate.Version logVersion
INFO: HHH000412: Hibernate Core {4.2.21.Final}
ago 01, 2017 10:19:03 AM org.hibernate.cfg.Environment <clinit>
INFO: HHH000206: hibernate.properties not found
ago 01, 2017 10:19:03 AM org.hibernate.cfg.Environment buildBytecodeProvider
INFO: HHH000021: Bytecode provider name : javassist
ago 01, 2017 10:19:03 AM org.hibernate.cfg.Configuration configure
INFO: HHH000042: Configuring from file: hibernate.cfg.xml
ago 01, 2017 10:19:03 AM org.hibernate.cfg.Configuration doConfigure
INFO: HHH000041: Configured SessionFactory: null
ago 01, 2017 10:19:05 AM org.apache.catalina.startup.HostConfig deployWAR
INFORMAÇÕES: Deployment of web application archive /opt/tomcat/webapps/dashboard.war has finished in 6,909 ms
ago 01, 2017 10:19:05 AM org.apache.catalina.startup.HostConfig deployDirectory
INFORMAÇÕES: Deploying web application directory /opt/tomcat/webapps/examples
ago 01, 2017 10:19:06 AM org.apache.catalina.startup.HostConfig deployDirectory
INFORMAÇÕES: Deployment of web application directory /opt/tomcat/webapps/examples has finished in 317 ms
ago 01, 2017 10:19:06 AM org.apache.catalina.startup.HostConfig deployDirectory
INFORMAÇÕES: Deploying web application directory /opt/tomcat/webapps/ROOT
ago 01, 2017 10:19:06 AM org.apache.catalina.startup.HostConfig deployDirectory
INFORMAÇÕES: Deployment of web application directory /opt/tomcat/webapps/ROOT has finished in 40 ms
ago 01, 2017 10:19:06 AM org.apache.catalina.startup.HostConfig deployDirectory
INFORMAÇÕES: Deploying web application directory /opt/tomcat/webapps/host-manager
ago 01, 2017 10:19:06 AM org.apache.catalina.startup.HostConfig deployDirectory
INFORMAÇÕES: Deployment of web application directory /opt/tomcat/webapps/host-manager has finished in 49 ms
ago 01, 2017 10:19:06 AM org.apache.catalina.startup.HostConfig deployDirectory
INFORMAÇÕES: Deploying web application directory /opt/tomcat/webapps/manager
ago 01, 2017 10:19:06 AM org.apache.catalina.startup.HostConfig deployDirectory
INFORMAÇÕES: Deployment of web application directory /opt/tomcat/webapps/manager has finished in 36 ms
ago 01, 2017 10:19:06 AM org.apache.catalina.startup.HostConfig deployDirectory
INFORMAÇÕES: Deploying web application directory /opt/tomcat/webapps/docs
ago 01, 2017 10:19:06 AM org.apache.catalina.startup.HostConfig deployDirectory
INFORMAÇÕES: Deployment of web application directory /opt/tomcat/webapps/docs has finished in 52 ms
ago 01, 2017 10:19:06 AM org.apache.coyote.AbstractProtocol start
INFORMAÇÕES: Starting ProtocolHandler ["http-bio-8080"]
ago 01, 2017 10:19:06 AM org.apache.coyote.AbstractProtocol start
INFORMAÇÕES: Starting ProtocolHandler ["ajp-bio-8009"]
ago 01, 2017 10:19:06 AM org.apache.catalina.startup.Catalina start
INFORMAÇÕES: Server startup in 16394 ms
ago 01, 2017 10:26:38 AM org.apache.catalina.authenticator.FormAuthenticator forwardToLoginPage
ADVERTÊNCIA: Unexpected error forwarding to login page
org.apache.jasper.JasperException: An exception occurred processing JSP page /login.jsp at line 173

170:             String messageKey = (String) request.getSession().getAttribute("login.message");
171:             if (messageKey == null) messageKey = "index.jsp";
172:         %>
173:         <h3><%= i18nBundle.getString(messageKey) %></h3>
174:         <form action="j_security_check" method="POST">
175:             <p>
176:                 <label><%= i18nBundle.getString("login.username") %></label>


Stacktrace:
	at org.apache.jasper.servlet.JspServletWrapper.handleJspException(JspServletWrapper.java:580)
	at org.apache.jasper.servlet.JspServletWrapper.service(JspServletWrapper.java:477)
	at org.apache.jasper.servlet.JspServlet.serviceJspFile(JspServlet.java:395)
	at org.apache.jasper.servlet.JspServlet.service(JspServlet.java:339)
	at javax.servlet.http.HttpServlet.service(HttpServlet.java:731)
	at org.apache.catalina.core.ApplicationFilterChain.internalDoFilter(ApplicationFilterChain.java:303)
	at org.apache.catalina.core.ApplicationFilterChain.doFilter(ApplicationFilterChain.java:208)
	at org.apache.tomcat.websocket.server.WsFilter.doFilter(WsFilter.java:52)
	at org.apache.catalina.core.ApplicationFilterChain.internalDoFilter(ApplicationFilterChain.java:241)
	at org.apache.catalina.core.ApplicationFilterChain.doFilter(ApplicationFilterChain.java:208)
	at org.apache.catalina.core.ApplicationDispatcher.invoke(ApplicationDispatcher.java:743)
	at org.apache.catalina.core.ApplicationDispatcher.processRequest(ApplicationDispatcher.java:485)
	at org.apache.catalina.core.ApplicationDispatcher.doForward(ApplicationDispatcher.java:410)
	at org.apache.catalina.core.ApplicationDispatcher.forward(ApplicationDispatcher.java:337)
	at org.apache.catalina.authenticator.FormAuthenticator.forwardToLoginPage(FormAuthenticator.java:410)
	at org.apache.catalina.authenticator.FormAuthenticator.authenticate(FormAuthenticator.java:265)
	at org.apache.catalina.authenticator.AuthenticatorBase.authenticate(AuthenticatorBase.java:686)
	at org.apache.catalina.authenticator.AuthenticatorBase.invoke(AuthenticatorBase.java:476)
	at org.apache.catalina.core.StandardHostValve.invoke(StandardHostValve.java:169)
	at org.apache.catalina.valves.ErrorReportValve.invoke(ErrorReportValve.java:103)
	at org.apache.catalina.valves.AccessLogValve.invoke(AccessLogValve.java:962)
	at org.apache.catalina.core.StandardEngineValve.invoke(StandardEngineValve.java:116)
	at org.apache.catalina.connector.CoyoteAdapter.service(CoyoteAdapter.java:445)
	at org.apache.coyote.http11.AbstractHttp11Processor.process(AbstractHttp11Processor.java:1115)
	at org.apache.coyote.AbstractProtocol$AbstractConnectionHandler.process(AbstractProtocol.java:637)
	at org.apache.tomcat.util.net.JIoEndpoint$SocketProcessor.run(JIoEndpoint.java:316)
	at java.util.concurrent.ThreadPoolExecutor.runWorker(ThreadPoolExecutor.java:1142)
	at java.util.concurrent.ThreadPoolExecutor$Worker.run(ThreadPoolExecutor.java:617)
	at org.apache.tomcat.util.threads.TaskThread$WrappingRunnable.run(TaskThread.java:61)
	at java.lang.Thread.run(Thread.java:748)
Caused by: java.util.MissingResourceException: Can't find resource for bundle java.util.PropertyResourceBundle, key index.jsp
	at java.util.ResourceBundle.getObject(ResourceBundle.java:450)
	at java.util.ResourceBundle.getString(ResourceBundle.java:407)
	at org.apache.jsp.login_jsp._jspService(login_jsp.java:247)
	at org.apache.jasper.runtime.HttpJspBase.service(HttpJspBase.java:70)
	at javax.servlet.http.HttpServlet.service(HttpServlet.java:731)
	at org.apache.jasper.servlet.JspServletWrapper.service(JspServletWrapper.java:439)
	... 28 more

ago 01, 2017 10:29:39 AM org.apache.catalina.authenticator.FormAuthenticator forwardToLoginPage
ADVERTÊNCIA: Unexpected error forwarding to login page
org.apache.jasper.JasperException: An exception occurred processing JSP page /login.jsp at line 177

174:         <h3><%= i18nBundle.getString(messageKey) %></h3>
175:         <form action="j_security_check" method="POST">
176:             <p>
177:                 <label><%= i18nBundle.getString("deppi") %></label>
178:                 <input value="" name="j_username" class="text-input" type="text" autofocus/>
179:             </p>
180:             <br style="clear: both;"/>


Stacktrace:
	at org.apache.jasper.servlet.JspServletWrapper.handleJspException(JspServletWrapper.java:580)
	at org.apache.jasper.servlet.JspServletWrapper.service(JspServletWrapper.java:477)
	at org.apache.jasper.servlet.JspServlet.serviceJspFile(JspServlet.java:395)
	at org.apache.jasper.servlet.JspServlet.service(JspServlet.java:339)
	at javax.servlet.http.HttpServlet.service(HttpServlet.java:731)
	at org.apache.catalina.core.ApplicationFilterChain.internalDoFilter(ApplicationFilterChain.java:303)
	at org.apache.catalina.core.ApplicationFilterChain.doFilter(ApplicationFilterChain.java:208)
	at org.apache.tomcat.websocket.server.WsFilter.doFilter(WsFilter.java:52)
	at org.apache.catalina.core.ApplicationFilterChain.internalDoFilter(ApplicationFilterChain.java:241)
	at org.apache.catalina.core.ApplicationFilterChain.doFilter(ApplicationFilterChain.java:208)
	at org.apache.catalina.core.ApplicationDispatcher.invoke(ApplicationDispatcher.java:743)
	at org.apache.catalina.core.ApplicationDispatcher.processRequest(ApplicationDispatcher.java:485)
	at org.apache.catalina.core.ApplicationDispatcher.doForward(ApplicationDispatcher.java:410)
	at org.apache.catalina.core.ApplicationDispatcher.forward(ApplicationDispatcher.java:337)
	at org.apache.catalina.authenticator.FormAuthenticator.forwardToLoginPage(FormAuthenticator.java:410)
	at org.apache.catalina.authenticator.FormAuthenticator.authenticate(FormAuthenticator.java:265)
	at org.apache.catalina.authenticator.AuthenticatorBase.authenticate(AuthenticatorBase.java:686)
	at org.apache.catalina.authenticator.AuthenticatorBase.invoke(AuthenticatorBase.java:476)
	at org.apache.catalina.core.StandardHostValve.invoke(StandardHostValve.java:169)
	at org.apache.catalina.valves.ErrorReportValve.invoke(ErrorReportValve.java:103)
	at org.apache.catalina.valves.AccessLogValve.invoke(AccessLogValve.java:962)
	at org.apache.catalina.core.StandardEngineValve.invoke(StandardEngineValve.java:116)
	at org.apache.catalina.connector.CoyoteAdapter.service(CoyoteAdapter.java:445)
	at org.apache.coyote.http11.AbstractHttp11Processor.process(AbstractHttp11Processor.java:1115)
	at org.apache.coyote.AbstractProtocol$AbstractConnectionHandler.process(AbstractProtocol.java:637)
	at org.apache.tomcat.util.net.JIoEndpoint$SocketProcessor.run(JIoEndpoint.java:316)
	at java.util.concurrent.ThreadPoolExecutor.runWorker(ThreadPoolExecutor.java:1142)
	at java.util.concurrent.ThreadPoolExecutor$Worker.run(ThreadPoolExecutor.java:617)
	at org.apache.tomcat.util.threads.TaskThread$WrappingRunnable.run(TaskThread.java:61)
	at java.lang.Thread.run(Thread.java:748)
Caused by: java.util.MissingResourceException: Can't find resource for bundle java.util.PropertyResourceBundle, key deppi
	at java.util.ResourceBundle.getObject(ResourceBundle.java:450)
	at java.util.ResourceBundle.getString(ResourceBundle.java:407)
	at org.apache.jsp.login_jsp._jspService(login_jsp.java:253)
	at org.apache.jasper.runtime.HttpJspBase.service(HttpJspBase.java:70)
	at javax.servlet.http.HttpServlet.service(HttpServlet.java:731)
	at org.apache.jasper.servlet.JspServletWrapper.service(JspServletWrapper.java:439)
	... 28 more

ago 01, 2017 10:38:01 AM org.apache.catalina.authenticator.FormAuthenticator forwardToLoginPage
ADVERTÊNCIA: Unexpected error forwarding to login page
org.apache.jasper.JasperException: An exception occurred processing JSP page /login.jsp at line 177

174:         <h3><%= i18nBundle.getString(messageKey) %></h3>
175:         <form action="j_security_check" method="POST">
176:             <p>
177:                 <label><%= i18nBundle.getString("deppi") %></label>
178:                 <input value="" name="j_username" class="text-input" type="text" autofocus/>
179:             </p>
180:             <br style="clear: both;"/>


Stacktrace:
	at org.apache.jasper.servlet.JspServletWrapper.handleJspException(JspServletWrapper.java:580)
	at org.apache.jasper.servlet.JspServletWrapper.service(JspServletWrapper.java:477)
	at org.apache.jasper.servlet.JspServlet.serviceJspFile(JspServlet.java:395)
	at org.apache.jasper.servlet.JspServlet.service(JspServlet.java:339)
	at javax.servlet.http.HttpServlet.service(HttpServlet.java:731)
	at org.apache.catalina.core.ApplicationFilterChain.internalDoFilter(ApplicationFilterChain.java:303)
	at org.apache.catalina.core.ApplicationFilterChain.doFilter(ApplicationFilterChain.java:208)
	at org.apache.tomcat.websocket.server.WsFilter.doFilter(WsFilter.java:52)
	at org.apache.catalina.core.ApplicationFilterChain.internalDoFilter(ApplicationFilterChain.java:241)
	at org.apache.catalina.core.ApplicationFilterChain.doFilter(ApplicationFilterChain.java:208)
	at org.apache.catalina.core.ApplicationDispatcher.invoke(ApplicationDispatcher.java:743)
	at org.apache.catalina.core.ApplicationDispatcher.processRequest(ApplicationDispatcher.java:485)
	at org.apache.catalina.core.ApplicationDispatcher.doForward(ApplicationDispatcher.java:410)
	at org.apache.catalina.core.ApplicationDispatcher.forward(ApplicationDispatcher.java:337)
	at org.apache.catalina.authenticator.FormAuthenticator.forwardToLoginPage(FormAuthenticator.java:410)
	at org.apache.catalina.authenticator.FormAuthenticator.authenticate(FormAuthenticator.java:265)
	at org.apache.catalina.authenticator.AuthenticatorBase.authenticate(AuthenticatorBase.java:686)
	at org.apache.catalina.authenticator.AuthenticatorBase.invoke(AuthenticatorBase.java:476)
	at org.apache.catalina.core.StandardHostValve.invoke(StandardHostValve.java:169)
	at org.apache.catalina.valves.ErrorReportValve.invoke(ErrorReportValve.java:103)
	at org.apache.catalina.valves.AccessLogValve.invoke(AccessLogValve.java:962)
	at org.apache.catalina.core.StandardEngineValve.invoke(StandardEngineValve.java:116)
	at org.apache.catalina.connector.CoyoteAdapter.service(CoyoteAdapter.java:445)
	at org.apache.coyote.http11.AbstractHttp11Processor.process(AbstractHttp11Processor.java:1115)
	at org.apache.coyote.AbstractProtocol$AbstractConnectionHandler.process(AbstractProtocol.java:637)
	at org.apache.tomcat.util.net.JIoEndpoint$SocketProcessor.run(JIoEndpoint.java:316)
	at java.util.concurrent.ThreadPoolExecutor.runWorker(ThreadPoolExecutor.java:1142)
	at java.util.concurrent.ThreadPoolExecutor$Worker.run(ThreadPoolExecutor.java:617)
	at org.apache.tomcat.util.threads.TaskThread$WrappingRunnable.run(TaskThread.java:61)
	at java.lang.Thread.run(Thread.java:748)
Caused by: java.util.MissingResourceException: Can't find resource for bundle java.util.PropertyResourceBundle, key deppi
	at java.util.ResourceBundle.getObject(ResourceBundle.java:450)
	at java.util.ResourceBundle.getString(ResourceBundle.java:407)
	at org.apache.jsp.login_jsp._jspService(login_jsp.java:253)
	at org.apache.jasper.runtime.HttpJspBase.service(HttpJspBase.java:70)
	at javax.servlet.http.HttpServlet.service(HttpServlet.java:731)
	at org.apache.jasper.servlet.JspServletWrapper.service(JspServletWrapper.java:439)
	... 28 more

ago 01, 2017 10:38:05 AM org.apache.catalina.authenticator.FormAuthenticator forwardToLoginPage
ADVERTÊNCIA: Unexpected error forwarding to login page
org.apache.jasper.JasperException: An exception occurred processing JSP page /login.jsp at line 177

174:         <h3><%= i18nBundle.getString(messageKey) %></h3>
175:         <form action="j_security_check" method="POST">
176:             <p>
177:                 <label><%= i18nBundle.getString("deppi") %></label>
178:                 <input value="" name="j_username" class="text-input" type="text" autofocus/>
179:             </p>
180:             <br style="clear: both;"/>


Stacktrace:
	at org.apache.jasper.servlet.JspServletWrapper.handleJspException(JspServletWrapper.java:580)
	at org.apache.jasper.servlet.JspServletWrapper.service(JspServletWrapper.java:477)
	at org.apache.jasper.servlet.JspServlet.serviceJspFile(JspServlet.java:395)
	at org.apache.jasper.servlet.JspServlet.service(JspServlet.java:339)
	at javax.servlet.http.HttpServlet.service(HttpServlet.java:731)
	at org.apache.catalina.core.ApplicationFilterChain.internalDoFilter(ApplicationFilterChain.java:303)
	at org.apache.catalina.core.ApplicationFilterChain.doFilter(ApplicationFilterChain.java:208)
	at org.apache.tomcat.websocket.server.WsFilter.doFilter(WsFilter.java:52)
	at org.apache.catalina.core.ApplicationFilterChain.internalDoFilter(ApplicationFilterChain.java:241)
	at org.apache.catalina.core.ApplicationFilterChain.doFilter(ApplicationFilterChain.java:208)
	at org.apache.catalina.core.ApplicationDispatcher.invoke(ApplicationDispatcher.java:743)
	at org.apache.catalina.core.ApplicationDispatcher.processRequest(ApplicationDispatcher.java:485)
	at org.apache.catalina.core.ApplicationDispatcher.doForward(ApplicationDispatcher.java:410)
	at org.apache.catalina.core.ApplicationDispatcher.forward(ApplicationDispatcher.java:337)
	at org.apache.catalina.authenticator.FormAuthenticator.forwardToLoginPage(FormAuthenticator.java:410)
	at org.apache.catalina.authenticator.FormAuthenticator.authenticate(FormAuthenticator.java:265)
	at org.apache.catalina.authenticator.AuthenticatorBase.authenticate(AuthenticatorBase.java:686)
	at org.apache.catalina.authenticator.AuthenticatorBase.invoke(AuthenticatorBase.java:476)
	at org.apache.catalina.core.StandardHostValve.invoke(StandardHostValve.java:169)
	at org.apache.catalina.valves.ErrorReportValve.invoke(ErrorReportValve.java:103)
	at org.apache.catalina.valves.AccessLogValve.invoke(AccessLogValve.java:962)
	at org.apache.catalina.core.StandardEngineValve.invoke(StandardEngineValve.java:116)
	at org.apache.catalina.connector.CoyoteAdapter.service(CoyoteAdapter.java:445)
	at org.apache.coyote.http11.AbstractHttp11Processor.process(AbstractHttp11Processor.java:1115)
	at org.apache.coyote.AbstractProtocol$AbstractConnectionHandler.process(AbstractProtocol.java:637)
	at org.apache.tomcat.util.net.JIoEndpoint$SocketProcessor.run(JIoEndpoint.java:316)
	at java.util.concurrent.ThreadPoolExecutor.runWorker(ThreadPoolExecutor.java:1142)
	at java.util.concurrent.ThreadPoolExecutor$Worker.run(ThreadPoolExecutor.java:617)
	at org.apache.tomcat.util.threads.TaskThread$WrappingRunnable.run(TaskThread.java:61)
	at java.lang.Thread.run(Thread.java:748)
Caused by: java.util.MissingResourceException: Can't find resource for bundle java.util.PropertyResourceBundle, key deppi
	at java.util.ResourceBundle.getObject(ResourceBundle.java:450)
	at java.util.ResourceBundle.getString(ResourceBundle.java:407)
	at org.apache.jsp.login_jsp._jspService(login_jsp.java:253)
	at org.apache.jasper.runtime.HttpJspBase.service(HttpJspBase.java:70)
	at javax.servlet.http.HttpServlet.service(HttpServlet.java:731)
	at org.apache.jasper.servlet.JspServletWrapper.service(JspServletWrapper.java:439)
	... 28 more

ago 01, 2017 11:05:36 AM org.apache.catalina.startup.HostConfig reload
INFORMAÇÕES: Reloading context [/dash]
ago 01, 2017 11:05:36 AM org.apache.catalina.core.StandardContext reload
INFORMAÇÕES: Reloading Context with name [/dash] has started
ago 01, 2017 11:05:36 AM org.apache.catalina.loader.WebappClassLoaderBase clearReferencesJdbc
GRAVE: The web application [/dash] registered the JDBC driver [org.h2.Driver] but failed to unregister it when the web application was stopped. To prevent a memory leak, the JDBC Driver has been forcibly unregistered.
ago 01, 2017 11:05:36 AM org.apache.catalina.loader.WebappClassLoaderBase clearReferencesThreads
GRAVE: The web application [/dash] appears to have started a thread named [H2 File Lock Watchdog /home/deppi/dashbuilder.lock.db] but has failed to stop it. This is very likely to create a memory leak.
ago 01, 2017 11:05:36 AM org.apache.catalina.loader.WebappClassLoaderBase clearReferencesThreads
GRAVE: The web application [/dash] appears to have started a thread named [H2 Log Writer DASHBUILDER] but has failed to stop it. This is very likely to create a memory leak.
ago 01, 2017 11:05:36 AM org.apache.catalina.loader.WebappClassLoaderBase validateJarFile
INFORMAÇÕES: validateJarFile(/opt/tomcat/webapps/dash/WEB-INF/lib/el-api-2.2.jar) - jar not loaded. See Servlet Spec 3.0, section 10.7.2. Offending class: javax/el/Expression.class
ago 01, 2017 11:05:37 AM org.apache.catalina.startup.TldConfig execute
INFORMAÇÕES: At least one JAR was scanned for TLDs yet contained no TLDs. Enable debug logging for this logger for a complete list of JARs that were scanned but no TLDs were found in them. Skipping unneeded JARs during scanning can improve startup time and JSP compilation time.
ago 01, 2017 11:05:38 AM org.hibernate.annotations.common.Version <clinit>
INFO: HCANN000001: Hibernate Commons Annotations {4.0.2.Final}
ago 01, 2017 11:05:38 AM org.hibernate.Version logVersion
INFO: HHH000412: Hibernate Core {4.2.21.Final}
ago 01, 2017 11:05:38 AM org.hibernate.cfg.Environment <clinit>
INFO: HHH000206: hibernate.properties not found
ago 01, 2017 11:05:38 AM org.hibernate.cfg.Environment buildBytecodeProvider
INFO: HHH000021: Bytecode provider name : javassist
ago 01, 2017 11:05:38 AM org.hibernate.cfg.Configuration configure
INFO: HHH000042: Configuring from file: hibernate.cfg.xml
ago 01, 2017 11:05:38 AM org.hibernate.cfg.Configuration doConfigure
INFO: HHH000041: Configured SessionFactory: null
ago 01, 2017 11:05:41 AM org.apache.catalina.core.StandardContext reload
INFORMAÇÕES: Reloading Context with name [/dash] is completed
ago 01, 2017 11:06:21 AM org.apache.catalina.startup.HostConfig reload
INFORMAÇÕES: Reloading context [/dash]
ago 01, 2017 11:06:21 AM org.apache.catalina.core.StandardContext reload
INFORMAÇÕES: Reloading Context with name [/dash] has started
ago 01, 2017 11:06:21 AM org.apache.catalina.loader.WebappClassLoaderBase clearReferencesJdbc
GRAVE: The web application [/dash] registered the JDBC driver [org.h2.Driver] but failed to unregister it when the web application was stopped. To prevent a memory leak, the JDBC Driver has been forcibly unregistered.
ago 01, 2017 11:06:21 AM org.apache.catalina.loader.WebappClassLoaderBase checkThreadLocalMapForLeaks
GRAVE: The web application [/dash] created a ThreadLocal with key of type [java.lang.ThreadLocal] (value [java.lang.ThreadLocal@19d4eab]) and a value of type [org.jboss.dashboard.database.hibernate.HibernateTransaction] (value [org.jboss.dashboard.database.hibernate.HibernateTransaction@851a9a]) but failed to remove it when the web application was stopped. Threads are going to be renewed over time to try and avoid a probable memory leak.
ago 01, 2017 11:06:21 AM org.apache.catalina.loader.WebappClassLoaderBase checkThreadLocalMapForLeaks
GRAVE: The web application [/dash] created a ThreadLocal with key of type [java.lang.ThreadLocal] (value [java.lang.ThreadLocal@19d4eab]) and a value of type [org.jboss.dashboard.database.hibernate.HibernateTransaction] (value [org.jboss.dashboard.database.hibernate.HibernateTransaction@1909220]) but failed to remove it when the web application was stopped. Threads are going to be renewed over time to try and avoid a probable memory leak.
ago 01, 2017 11:06:21 AM org.apache.catalina.loader.WebappClassLoaderBase validateJarFile
INFORMAÇÕES: validateJarFile(/opt/tomcat/webapps/dash/WEB-INF/lib/el-api-2.2.jar) - jar not loaded. See Servlet Spec 3.0, section 10.7.2. Offending class: javax/el/Expression.class
ago 01, 2017 11:06:22 AM org.apache.catalina.startup.TldConfig execute
INFORMAÇÕES: At least one JAR was scanned for TLDs yet contained no TLDs. Enable debug logging for this logger for a complete list of JARs that were scanned but no TLDs were found in them. Skipping unneeded JARs during scanning can improve startup time and JSP compilation time.
ago 01, 2017 11:06:23 AM org.hibernate.annotations.common.Version <clinit>
INFO: HCANN000001: Hibernate Commons Annotations {4.0.2.Final}
ago 01, 2017 11:06:23 AM org.hibernate.Version logVersion
INFO: HHH000412: Hibernate Core {4.2.21.Final}
ago 01, 2017 11:06:23 AM org.hibernate.cfg.Environment <clinit>
INFO: HHH000206: hibernate.properties not found
ago 01, 2017 11:06:23 AM org.hibernate.cfg.Environment buildBytecodeProvider
INFO: HHH000021: Bytecode provider name : javassist
ago 01, 2017 11:06:23 AM org.hibernate.cfg.Configuration configure
INFO: HHH000042: Configuring from file: hibernate.cfg.xml
ago 01, 2017 11:06:23 AM org.hibernate.cfg.Configuration doConfigure
INFO: HHH000041: Configured SessionFactory: null
ago 01, 2017 11:06:25 AM org.apache.catalina.core.StandardContext reload
INFORMAÇÕES: Reloading Context with name [/dash] is completed
ago 01, 2017 11:09:34 AM org.apache.catalina.core.StandardServer await
INFORMAÇÕES: A valid shutdown command was received via the shutdown port. Stopping the Server instance.
ago 01, 2017 11:09:34 AM org.apache.coyote.AbstractProtocol pause
INFORMAÇÕES: Pausing ProtocolHandler ["http-bio-8080"]
ago 01, 2017 11:09:34 AM org.apache.coyote.AbstractProtocol pause
INFORMAÇÕES: Pausing ProtocolHandler ["ajp-bio-8009"]
ago 01, 2017 11:09:34 AM org.apache.catalina.core.StandardService stopInternal
INFORMAÇÕES: Stopping service Catalina
ago 01, 2017 11:09:34 AM org.apache.catalina.loader.WebappClassLoaderBase clearReferencesJdbc
GRAVE: The web application [/dashboard] registered the JDBC driver [org.h2.Driver] but failed to unregister it when the web application was stopped. To prevent a memory leak, the JDBC Driver has been forcibly unregistered.
ago 01, 2017 11:09:34 AM org.apache.catalina.loader.WebappClassLoaderBase checkThreadLocalMapForLeaks
GRAVE: The web application [/dashboard] created a ThreadLocal with key of type [java.lang.ThreadLocal] (value [java.lang.ThreadLocal@13a6939]) and a value of type [org.jboss.dashboard.database.hibernate.HibernateTransaction] (value [org.jboss.dashboard.database.hibernate.HibernateTransaction@abbaaa]) but failed to remove it when the web application was stopped. Threads are going to be renewed over time to try and avoid a probable memory leak.
ago 01, 2017 11:09:34 AM org.apache.catalina.loader.WebappClassLoaderBase clearReferencesJdbc
GRAVE: The web application [/dash] registered the JDBC driver [org.h2.Driver] but failed to unregister it when the web application was stopped. To prevent a memory leak, the JDBC Driver has been forcibly unregistered.
ago 01, 2017 11:09:34 AM org.apache.catalina.loader.WebappClassLoaderBase checkThreadLocalMapForLeaks
GRAVE: The web application [/dash] created a ThreadLocal with key of type [java.lang.ThreadLocal] (value [java.lang.ThreadLocal@10c3c56]) and a value of type [org.jboss.dashboard.database.hibernate.HibernateTransaction] (value [org.jboss.dashboard.database.hibernate.HibernateTransaction@742a09]) but failed to remove it when the web application was stopped. Threads are going to be renewed over time to try and avoid a probable memory leak.
ago 01, 2017 11:09:34 AM org.apache.catalina.loader.WebappClassLoaderBase checkThreadLocalMapForLeaks
GRAVE: The web application [/dash] created a ThreadLocal with key of type [java.lang.ThreadLocal] (value [java.lang.ThreadLocal@10c3c56]) and a value of type [org.jboss.dashboard.database.hibernate.HibernateTransaction] (value [org.jboss.dashboard.database.hibernate.HibernateTransaction@1551375]) but failed to remove it when the web application was stopped. Threads are going to be renewed over time to try and avoid a probable memory leak.
ago 01, 2017 11:09:34 AM org.apache.catalina.loader.WebappClassLoaderBase checkThreadLocalMapForLeaks
GRAVE: The web application [/dash] created a ThreadLocal with key of type [java.lang.ThreadLocal] (value [java.lang.ThreadLocal@10c3c56]) and a value of type [org.jboss.dashboard.database.hibernate.HibernateTransaction] (value [org.jboss.dashboard.database.hibernate.HibernateTransaction@14771bd]) but failed to remove it when the web application was stopped. Threads are going to be renewed over time to try and avoid a probable memory leak.
ago 01, 2017 11:09:34 AM org.apache.coyote.AbstractProtocol stop
INFORMAÇÕES: Stopping ProtocolHandler ["http-bio-8080"]
ago 01, 2017 11:09:34 AM org.apache.coyote.AbstractProtocol stop
INFORMAÇÕES: Stopping ProtocolHandler ["ajp-bio-8009"]
ago 01, 2017 11:09:34 AM org.apache.coyote.AbstractProtocol destroy
INFORMAÇÕES: Destroying ProtocolHandler ["http-bio-8080"]
ago 01, 2017 11:09:34 AM org.apache.coyote.AbstractProtocol destroy
INFORMAÇÕES: Destroying ProtocolHandler ["ajp-bio-8009"]
ago 01, 2017 11:09:43 AM org.apache.catalina.startup.VersionLoggerListener log
INFORMAÇÕES: Server version:        Apache Tomcat/7.0.79
ago 01, 2017 11:09:43 AM org.apache.catalina.startup.VersionLoggerListener log
INFORMAÇÕES: Server built:          Jun 26 2017 16:25:20 UTC
ago 01, 2017 11:09:43 AM org.apache.catalina.startup.VersionLoggerListener log
INFORMAÇÕES: Server number:         7.0.79.0
ago 01, 2017 11:09:43 AM org.apache.catalina.startup.VersionLoggerListener log
INFORMAÇÕES: OS Name:               Linux
ago 01, 2017 11:09:43 AM org.apache.catalina.startup.VersionLoggerListener log
INFORMAÇÕES: OS Version:            3.13.0-125-generic
ago 01, 2017 11:09:43 AM org.apache.catalina.startup.VersionLoggerListener log
INFORMAÇÕES: Architecture:          i386
ago 01, 2017 11:09:43 AM org.apache.catalina.startup.VersionLoggerListener log
INFORMAÇÕES: Java Home:             /usr/lib/jvm/java-8-oracle/jre
ago 01, 2017 11:09:43 AM org.apache.catalina.startup.VersionLoggerListener log
INFORMAÇÕES: JVM Version:           1.8.0_131-b11
ago 01, 2017 11:09:43 AM org.apache.catalina.startup.VersionLoggerListener log
INFORMAÇÕES: JVM Vendor:            Oracle Corporation
ago 01, 2017 11:09:43 AM org.apache.catalina.startup.VersionLoggerListener log
INFORMAÇÕES: CATALINA_BASE:         /opt/tomcat
ago 01, 2017 11:09:43 AM org.apache.catalina.startup.VersionLoggerListener log
INFORMAÇÕES: CATALINA_HOME:         /opt/tomcat
ago 01, 2017 11:09:43 AM org.apache.catalina.startup.VersionLoggerListener log
INFORMAÇÕES: Command line argument: -Djava.util.logging.config.file=/opt/tomcat/conf/logging.properties
ago 01, 2017 11:09:43 AM org.apache.catalina.startup.VersionLoggerListener log
INFORMAÇÕES: Command line argument: -Djava.util.logging.manager=org.apache.juli.ClassLoaderLogManager
ago 01, 2017 11:09:43 AM org.apache.catalina.startup.VersionLoggerListener log
INFORMAÇÕES: Command line argument: -Djdk.tls.ephemeralDHKeySize=2048
ago 01, 2017 11:09:43 AM org.apache.catalina.startup.VersionLoggerListener log
INFORMAÇÕES: Command line argument: -Djava.endorsed.dirs=/opt/tomcat/endorsed
ago 01, 2017 11:09:43 AM org.apache.catalina.startup.VersionLoggerListener log
INFORMAÇÕES: Command line argument: -Dcatalina.base=/opt/tomcat
ago 01, 2017 11:09:43 AM org.apache.catalina.startup.VersionLoggerListener log
INFORMAÇÕES: Command line argument: -Dcatalina.home=/opt/tomcat
ago 01, 2017 11:09:43 AM org.apache.catalina.startup.VersionLoggerListener log
INFORMAÇÕES: Command line argument: -Djava.io.tmpdir=/opt/tomcat/temp
ago 01, 2017 11:09:43 AM org.apache.catalina.core.AprLifecycleListener lifecycleEvent
INFORMAÇÕES: The APR based Apache Tomcat Native library which allows optimal performance in production environments was not found on the java.library.path: /usr/java/packages/lib/i386:/lib:/usr/lib
ago 01, 2017 11:09:43 AM org.apache.coyote.AbstractProtocol init
INFORMAÇÕES: Initializing ProtocolHandler ["http-bio-8080"]
ago 01, 2017 11:09:43 AM org.apache.coyote.AbstractProtocol init
INFORMAÇÕES: Initializing ProtocolHandler ["ajp-bio-8009"]
ago 01, 2017 11:09:43 AM org.apache.catalina.startup.Catalina load
INFORMAÇÕES: Initialization processed in 432 ms
ago 01, 2017 11:09:43 AM org.apache.catalina.core.StandardService startInternal
INFORMAÇÕES: Starting service Catalina
ago 01, 2017 11:09:43 AM org.apache.catalina.core.StandardEngine startInternal
INFORMAÇÕES: Starting Servlet Engine: Apache Tomcat/7.0.79
ago 01, 2017 11:09:43 AM org.apache.catalina.startup.HostConfig deployWAR
INFORMAÇÕES: Deploying web application archive /opt/tomcat/webapps/dash.war
ago 01, 2017 11:09:43 AM org.apache.catalina.loader.WebappClassLoaderBase validateJarFile
INFORMAÇÕES: validateJarFile(/opt/tomcat/webapps/dash/WEB-INF/lib/el-api-2.2.jar) - jar not loaded. See Servlet Spec 3.0, section 10.7.2. Offending class: javax/el/Expression.class
ago 01, 2017 11:09:45 AM org.apache.catalina.startup.TldConfig execute
INFORMAÇÕES: At least one JAR was scanned for TLDs yet contained no TLDs. Enable debug logging for this logger for a complete list of JARs that were scanned but no TLDs were found in them. Skipping unneeded JARs during scanning can improve startup time and JSP compilation time.
ago 01, 2017 11:09:46 AM org.apache.catalina.session.StandardManager startInternal
GRAVE: Exception loading sessions from persistent storage
java.lang.ClassCastException: [Ljava.lang.StackTraceElement; cannot be cast to java.lang.String
	at java.io.ObjectInputStream.readTypeString(ObjectInputStream.java:1612)
	at java.io.ObjectStreamClass.readNonProxy(ObjectStreamClass.java:719)
	at java.io.ObjectInputStream.readClassDescriptor(ObjectInputStream.java:882)
	at java.io.ObjectInputStream.readNonProxyDesc(ObjectInputStream.java:1815)
	at java.io.ObjectInputStream.readClassDesc(ObjectInputStream.java:1713)
	at java.io.ObjectInputStream.readOrdinaryObject(ObjectInputStream.java:2000)
	at java.io.ObjectInputStream.readObject0(ObjectInputStream.java:1535)
	at java.io.ObjectInputStream.defaultReadFields(ObjectInputStream.java:2245)
	at java.io.ObjectInputStream.readSerialData(ObjectInputStream.java:2169)
	at java.io.ObjectInputStream.readOrdinaryObject(ObjectInputStream.java:2027)
	at java.io.ObjectInputStream.readObject0(ObjectInputStream.java:1535)
	at java.io.ObjectInputStream.readObject(ObjectInputStream.java:422)
	at org.apache.catalina.session.StandardSession.readObject(StandardSession.java:1609)
	at org.apache.catalina.session.StandardSession.readObjectData(StandardSession.java:1075)
	at org.apache.catalina.session.StandardManager.doLoad(StandardManager.java:259)
	at org.apache.catalina.session.StandardManager.load(StandardManager.java:176)
	at org.apache.catalina.session.StandardManager.startInternal(StandardManager.java:465)
	at org.apache.catalina.util.LifecycleBase.start(LifecycleBase.java:145)
	at org.apache.catalina.core.StandardContext.startInternal(StandardContext.java:5643)
	at org.apache.catalina.util.LifecycleBase.start(LifecycleBase.java:145)
	at org.apache.catalina.core.ContainerBase.addChildInternal(ContainerBase.java:899)
	at org.apache.catalina.core.ContainerBase.addChild(ContainerBase.java:875)
	at org.apache.catalina.core.StandardHost.addChild(StandardHost.java:652)
	at org.apache.catalina.startup.HostConfig.deployWAR(HostConfig.java:1127)
	at org.apache.catalina.startup.HostConfig$DeployWar.run(HostConfig.java:2020)
	at java.util.concurrent.Executors$RunnableAdapter.call(Executors.java:511)
	at java.util.concurrent.FutureTask.run(FutureTask.java:266)
	at java.util.concurrent.ThreadPoolExecutor.runWorker(ThreadPoolExecutor.java:1142)
	at java.util.concurrent.ThreadPoolExecutor$Worker.run(ThreadPoolExecutor.java:617)
	at java.lang.Thread.run(Thread.java:748)

ago 01, 2017 11:09:46 AM org.hibernate.annotations.common.Version <clinit>
INFO: HCANN000001: Hibernate Commons Annotations {4.0.2.Final}
ago 01, 2017 11:09:46 AM org.hibernate.Version logVersion
INFO: HHH000412: Hibernate Core {4.2.21.Final}
ago 01, 2017 11:09:46 AM org.hibernate.cfg.Environment <clinit>
INFO: HHH000206: hibernate.properties not found
ago 01, 2017 11:09:46 AM org.hibernate.cfg.Environment buildBytecodeProvider
INFO: HHH000021: Bytecode provider name : javassist
ago 01, 2017 11:09:46 AM org.hibernate.cfg.Configuration configure
INFO: HHH000042: Configuring from file: hibernate.cfg.xml
ago 01, 2017 11:09:46 AM org.hibernate.cfg.Configuration doConfigure
INFO: HHH000041: Configured SessionFactory: null
ago 01, 2017 11:09:47 AM org.hibernate.dialect.Dialect <init>
INFO: HHH000400: Using dialect: org.hibernate.dialect.H2Dialect
ago 01, 2017 11:09:47 AM org.hibernate.engine.jdbc.internal.LobCreatorBuilder useContextualLobCreation
INFO: HHH000423: Disabling contextual LOB creation as JDBC driver reported JDBC version [3] less than 4
ago 01, 2017 11:09:47 AM org.hibernate.engine.transaction.internal.TransactionFactoryInitiator initiateService
INFO: HHH000399: Using default transaction strategy (direct JDBC transactions)
ago 01, 2017 11:09:47 AM org.hibernate.hql.internal.ast.ASTQueryTranslatorFactory <init>
INFO: HHH000397: Using ASTQueryTranslatorFactory
ago 01, 2017 11:09:47 AM org.hibernate.validator.internal.util.Version <clinit>
INFO: HV000001: Hibernate Validator 4.3.2.Final
ago 01, 2017 11:09:49 AM org.apache.catalina.startup.HostConfig deployWAR
INFORMAÇÕES: Deployment of web application archive /opt/tomcat/webapps/dash.war has finished in 5,829 ms
ago 01, 2017 11:09:49 AM org.apache.catalina.startup.HostConfig deployWAR
INFORMAÇÕES: Deploying web application archive /opt/tomcat/webapps/dashboard.war
ago 01, 2017 11:09:49 AM org.apache.catalina.loader.WebappClassLoaderBase validateJarFile
INFORMAÇÕES: validateJarFile(/opt/tomcat/webapps/dashboard/WEB-INF/lib/el-api-2.2.jar) - jar not loaded. See Servlet Spec 3.0, section 10.7.2. Offending class: javax/el/Expression.class
ago 01, 2017 11:09:50 AM org.apache.catalina.startup.TldConfig execute
INFORMAÇÕES: At least one JAR was scanned for TLDs yet contained no TLDs. Enable debug logging for this logger for a complete list of JARs that were scanned but no TLDs were found in them. Skipping unneeded JARs during scanning can improve startup time and JSP compilation time.
ago 01, 2017 11:09:51 AM org.hibernate.annotations.common.Version <clinit>
INFO: HCANN000001: Hibernate Commons Annotations {4.0.2.Final}
ago 01, 2017 11:09:51 AM org.hibernate.Version logVersion
INFO: HHH000412: Hibernate Core {4.2.21.Final}
ago 01, 2017 11:09:51 AM org.hibernate.cfg.Environment <clinit>
INFO: HHH000206: hibernate.properties not found
ago 01, 2017 11:09:51 AM org.hibernate.cfg.Environment buildBytecodeProvider
INFO: HHH000021: Bytecode provider name : javassist
ago 01, 2017 11:09:51 AM org.hibernate.cfg.Configuration configure
INFO: HHH000042: Configuring from file: hibernate.cfg.xml
ago 01, 2017 11:09:51 AM org.hibernate.cfg.Configuration doConfigure
INFO: HHH000041: Configured SessionFactory: null
ago 01, 2017 11:09:54 AM org.apache.catalina.startup.HostConfig deployWAR
INFORMAÇÕES: Deployment of web application archive /opt/tomcat/webapps/dashboard.war has finished in 4,738 ms
ago 01, 2017 11:09:54 AM org.apache.catalina.startup.HostConfig deployDirectory
INFORMAÇÕES: Deploying web application directory /opt/tomcat/webapps/examples
ago 01, 2017 11:09:54 AM org.apache.catalina.startup.HostConfig deployDirectory
INFORMAÇÕES: Deployment of web application directory /opt/tomcat/webapps/examples has finished in 106 ms
ago 01, 2017 11:09:54 AM org.apache.catalina.startup.HostConfig deployDirectory
INFORMAÇÕES: Deploying web application directory /opt/tomcat/webapps/ROOT
ago 01, 2017 11:09:54 AM org.apache.catalina.startup.HostConfig deployDirectory
INFORMAÇÕES: Deployment of web application directory /opt/tomcat/webapps/ROOT has finished in 18 ms
ago 01, 2017 11:09:54 AM org.apache.catalina.startup.HostConfig deployDirectory
INFORMAÇÕES: Deploying web application directory /opt/tomcat/webapps/host-manager
ago 01, 2017 11:09:54 AM org.apache.catalina.startup.HostConfig deployDirectory
INFORMAÇÕES: Deployment of web application directory /opt/tomcat/webapps/host-manager has finished in 28 ms
ago 01, 2017 11:09:54 AM org.apache.catalina.startup.HostConfig deployDirectory
INFORMAÇÕES: Deploying web application directory /opt/tomcat/webapps/manager
ago 01, 2017 11:09:54 AM org.apache.catalina.startup.HostConfig deployDirectory
INFORMAÇÕES: Deployment of web application directory /opt/tomcat/webapps/manager has finished in 28 ms
ago 01, 2017 11:09:54 AM org.apache.catalina.startup.HostConfig deployDirectory
INFORMAÇÕES: Deploying web application directory /opt/tomcat/webapps/docs
ago 01, 2017 11:09:54 AM org.apache.catalina.startup.HostConfig deployDirectory
INFORMAÇÕES: Deployment of web application directory /opt/tomcat/webapps/docs has finished in 18 ms
ago 01, 2017 11:09:54 AM org.apache.coyote.AbstractProtocol start
INFORMAÇÕES: Starting ProtocolHandler ["http-bio-8080"]
ago 01, 2017 11:09:54 AM org.apache.coyote.AbstractProtocol start
INFORMAÇÕES: Starting ProtocolHandler ["ajp-bio-8009"]
ago 01, 2017 11:09:54 AM org.apache.catalina.startup.Catalina start
INFORMAÇÕES: Server startup in 10861 ms
ago 01, 2017 11:49:36 AM org.apache.coyote.AbstractProtocol pause
INFORMAÇÕES: Pausing ProtocolHandler ["http-bio-8080"]
ago 01, 2017 11:49:36 AM org.apache.coyote.AbstractProtocol pause
INFORMAÇÕES: Pausing ProtocolHandler ["ajp-bio-8009"]
ago 01, 2017 11:49:36 AM org.apache.catalina.core.StandardService stopInternal
INFORMAÇÕES: Stopping service Catalina
ago 01, 2017 11:49:36 AM org.apache.catalina.loader.WebappClassLoaderBase clearReferencesJdbc
GRAVE: The web application [/dashboard] registered the JDBC driver [org.h2.Driver] but failed to unregister it when the web application was stopped. To prevent a memory leak, the JDBC Driver has been forcibly unregistered.
ago 01, 2017 11:49:36 AM org.apache.catalina.loader.WebappClassLoaderBase checkThreadLocalMapForLeaks
GRAVE: The web application [/dashboard] created a ThreadLocal with key of type [java.lang.ThreadLocal] (value [java.lang.ThreadLocal@1cbc80a]) and a value of type [org.jboss.dashboard.database.hibernate.HibernateTransaction] (value [org.jboss.dashboard.database.hibernate.HibernateTransaction@387cec]) but failed to remove it when the web application was stopped. Threads are going to be renewed over time to try and avoid a probable memory leak.
ago 01, 2017 11:49:36 AM org.apache.catalina.loader.WebappClassLoaderBase clearReferencesJdbc
GRAVE: The web application [/dash] registered the JDBC driver [org.h2.Driver] but failed to unregister it when the web application was stopped. To prevent a memory leak, the JDBC Driver has been forcibly unregistered.
ago 01, 2017 11:49:36 AM org.apache.catalina.loader.WebappClassLoaderBase clearReferencesThreads
GRAVE: The web application [/dash] appears to have started a thread named [H2 File Lock Watchdog /home/deppi/dashbuilder.lock.db] but has failed to stop it. This is very likely to create a memory leak.
ago 01, 2017 11:49:36 AM org.apache.catalina.loader.WebappClassLoaderBase clearReferencesThreads
GRAVE: The web application [/dash] appears to have started a thread named [Thread-3] but has failed to stop it. This is very likely to create a memory leak.
ago 01, 2017 11:49:36 AM org.apache.coyote.AbstractProtocol stop
INFORMAÇÕES: Stopping ProtocolHandler ["http-bio-8080"]
ago 01, 2017 11:49:36 AM org.apache.coyote.AbstractProtocol stop
INFORMAÇÕES: Stopping ProtocolHandler ["ajp-bio-8009"]
ago 01, 2017 11:49:36 AM org.apache.coyote.AbstractProtocol destroy
INFORMAÇÕES: Destroying ProtocolHandler ["http-bio-8080"]
ago 01, 2017 11:49:36 AM org.apache.coyote.AbstractProtocol destroy
INFORMAÇÕES: Destroying ProtocolHandler ["ajp-bio-8009"]
