jul 10, 2017 7:54:53 AM org.apache.catalina.startup.VersionLoggerListener log
INFORMAÇÕES: Server version:        Apache Tomcat/7.0.79
jul 10, 2017 7:54:53 AM org.apache.catalina.startup.VersionLoggerListener log
INFORMAÇÕES: Server built:          Jun 26 2017 16:25:20 UTC
jul 10, 2017 7:54:53 AM org.apache.catalina.startup.VersionLoggerListener log
INFORMAÇÕES: Server number:         7.0.79.0
jul 10, 2017 7:54:53 AM org.apache.catalina.startup.VersionLoggerListener log
INFORMAÇÕES: OS Name:               Linux
jul 10, 2017 7:54:53 AM org.apache.catalina.startup.VersionLoggerListener log
INFORMAÇÕES: OS Version:            3.13.0-123-generic
jul 10, 2017 7:54:53 AM org.apache.catalina.startup.VersionLoggerListener log
INFORMAÇÕES: Architecture:          i386
jul 10, 2017 7:54:53 AM org.apache.catalina.startup.VersionLoggerListener log
INFORMAÇÕES: Java Home:             /usr/lib/jvm/java-8-oracle/jre
jul 10, 2017 7:54:53 AM org.apache.catalina.startup.VersionLoggerListener log
INFORMAÇÕES: JVM Version:           1.8.0_131-b11
jul 10, 2017 7:54:53 AM org.apache.catalina.startup.VersionLoggerListener log
INFORMAÇÕES: JVM Vendor:            Oracle Corporation
jul 10, 2017 7:54:53 AM org.apache.catalina.startup.VersionLoggerListener log
INFORMAÇÕES: CATALINA_BASE:         /opt/tomcat
jul 10, 2017 7:54:53 AM org.apache.catalina.startup.VersionLoggerListener log
INFORMAÇÕES: CATALINA_HOME:         /opt/tomcat
jul 10, 2017 7:54:53 AM org.apache.catalina.startup.VersionLoggerListener log
INFORMAÇÕES: Command line argument: -Djava.util.logging.config.file=/opt/tomcat/conf/logging.properties
jul 10, 2017 7:54:53 AM org.apache.catalina.startup.VersionLoggerListener log
INFORMAÇÕES: Command line argument: -Djava.util.logging.manager=org.apache.juli.ClassLoaderLogManager
jul 10, 2017 7:54:53 AM org.apache.catalina.startup.VersionLoggerListener log
INFORMAÇÕES: Command line argument: -Djdk.tls.ephemeralDHKeySize=2048
jul 10, 2017 7:54:53 AM org.apache.catalina.startup.VersionLoggerListener log
INFORMAÇÕES: Command line argument: -Djava.endorsed.dirs=/opt/tomcat/endorsed
jul 10, 2017 7:54:53 AM org.apache.catalina.startup.VersionLoggerListener log
INFORMAÇÕES: Command line argument: -Dcatalina.base=/opt/tomcat
jul 10, 2017 7:54:53 AM org.apache.catalina.startup.VersionLoggerListener log
INFORMAÇÕES: Command line argument: -Dcatalina.home=/opt/tomcat
jul 10, 2017 7:54:53 AM org.apache.catalina.startup.VersionLoggerListener log
INFORMAÇÕES: Command line argument: -Djava.io.tmpdir=/opt/tomcat/temp
jul 10, 2017 7:54:53 AM org.apache.catalina.core.AprLifecycleListener lifecycleEvent
INFORMAÇÕES: The APR based Apache Tomcat Native library which allows optimal performance in production environments was not found on the java.library.path: /usr/java/packages/lib/i386:/lib:/usr/lib
jul 10, 2017 7:54:54 AM org.apache.coyote.AbstractProtocol init
INFORMAÇÕES: Initializing ProtocolHandler ["http-bio-8080"]
jul 10, 2017 7:54:54 AM org.apache.coyote.AbstractProtocol init
INFORMAÇÕES: Initializing ProtocolHandler ["ajp-bio-8009"]
jul 10, 2017 7:54:54 AM org.apache.catalina.startup.Catalina load
INFORMAÇÕES: Initialization processed in 2290 ms
jul 10, 2017 7:54:54 AM org.apache.catalina.core.StandardService startInternal
INFORMAÇÕES: Starting service Catalina
jul 10, 2017 7:54:54 AM org.apache.catalina.core.StandardEngine startInternal
INFORMAÇÕES: Starting Servlet Engine: Apache Tomcat/7.0.79
jul 10, 2017 7:54:54 AM org.apache.catalina.startup.HostConfig deployWAR
INFORMAÇÕES: Deploying web application archive /opt/tomcat/webapps/dash.war
jul 10, 2017 7:54:57 AM org.apache.catalina.loader.WebappClassLoaderBase validateJarFile
INFORMAÇÕES: validateJarFile(/opt/tomcat/webapps/dash/WEB-INF/lib/el-api-2.2.jar) - jar not loaded. See Servlet Spec 3.0, section 10.7.2. Offending class: javax/el/Expression.class
jul 10, 2017 7:55:08 AM org.apache.catalina.startup.TldConfig execute
INFORMAÇÕES: At least one JAR was scanned for TLDs yet contained no TLDs. Enable debug logging for this logger for a complete list of JARs that were scanned but no TLDs were found in them. Skipping unneeded JARs during scanning can improve startup time and JSP compilation time.
jul 10, 2017 7:55:10 AM org.apache.catalina.session.StandardManager startInternal
GRAVE: Exception loading sessions from persistent storage
java.lang.ClassCastException: java.lang.StackTraceElement cannot be cast to java.lang.String
	at java.io.ObjectInputStream.readTypeString(ObjectInputStream.java:1612)
	at java.io.ObjectStreamClass.readNonProxy(ObjectStreamClass.java:719)
	at java.io.ObjectInputStream.readClassDescriptor(ObjectInputStream.java:882)
	at java.io.ObjectInputStream.readNonProxyDesc(ObjectInputStream.java:1815)
	at java.io.ObjectInputStream.readClassDesc(ObjectInputStream.java:1713)
	at java.io.ObjectInputStream.readOrdinaryObject(ObjectInputStream.java:2000)
	at java.io.ObjectInputStream.readObject0(ObjectInputStream.java:1535)
	at java.io.ObjectInputStream.defaultReadFields(ObjectInputStream.java:2245)
	at java.io.ObjectInputStream.readSerialData(ObjectInputStream.java:2169)
	at java.io.ObjectInputStream.readOrdinaryObject(ObjectInputStream.java:2027)
	at java.io.ObjectInputStream.readObject0(ObjectInputStream.java:1535)
	at java.io.ObjectInputStream.readObject(ObjectInputStream.java:422)
	at org.apache.catalina.session.StandardSession.readObject(StandardSession.java:1609)
	at org.apache.catalina.session.StandardSession.readObjectData(StandardSession.java:1075)
	at org.apache.catalina.session.StandardManager.doLoad(StandardManager.java:259)
	at org.apache.catalina.session.StandardManager.load(StandardManager.java:176)
	at org.apache.catalina.session.StandardManager.startInternal(StandardManager.java:465)
	at org.apache.catalina.util.LifecycleBase.start(LifecycleBase.java:145)
	at org.apache.catalina.core.StandardContext.startInternal(StandardContext.java:5643)
	at org.apache.catalina.util.LifecycleBase.start(LifecycleBase.java:145)
	at org.apache.catalina.core.ContainerBase.addChildInternal(ContainerBase.java:899)
	at org.apache.catalina.core.ContainerBase.addChild(ContainerBase.java:875)
	at org.apache.catalina.core.StandardHost.addChild(StandardHost.java:652)
	at org.apache.catalina.startup.HostConfig.deployWAR(HostConfig.java:1127)
	at org.apache.catalina.startup.HostConfig$DeployWar.run(HostConfig.java:2020)
	at java.util.concurrent.Executors$RunnableAdapter.call(Executors.java:511)
	at java.util.concurrent.FutureTask.run(FutureTask.java:266)
	at java.util.concurrent.ThreadPoolExecutor.runWorker(ThreadPoolExecutor.java:1142)
	at java.util.concurrent.ThreadPoolExecutor$Worker.run(ThreadPoolExecutor.java:617)
	at java.lang.Thread.run(Thread.java:748)

jul 10, 2017 7:55:11 AM org.hibernate.annotations.common.Version <clinit>
INFO: HCANN000001: Hibernate Commons Annotations {4.0.2.Final}
jul 10, 2017 7:55:11 AM org.hibernate.Version logVersion
INFO: HHH000412: Hibernate Core {4.2.21.Final}
jul 10, 2017 7:55:11 AM org.hibernate.cfg.Environment <clinit>
INFO: HHH000206: hibernate.properties not found
jul 10, 2017 7:55:11 AM org.hibernate.cfg.Environment buildBytecodeProvider
INFO: HHH000021: Bytecode provider name : javassist
jul 10, 2017 7:55:11 AM org.hibernate.cfg.Configuration configure
INFO: HHH000042: Configuring from file: hibernate.cfg.xml
jul 10, 2017 7:55:11 AM org.hibernate.cfg.Configuration doConfigure
INFO: HHH000041: Configured SessionFactory: null
jul 10, 2017 7:55:13 AM org.hibernate.dialect.Dialect <init>
INFO: HHH000400: Using dialect: org.hibernate.dialect.H2Dialect
jul 10, 2017 7:55:13 AM org.hibernate.engine.jdbc.internal.LobCreatorBuilder useContextualLobCreation
INFO: HHH000423: Disabling contextual LOB creation as JDBC driver reported JDBC version [3] less than 4
jul 10, 2017 7:55:13 AM org.hibernate.engine.transaction.internal.TransactionFactoryInitiator initiateService
INFO: HHH000399: Using default transaction strategy (direct JDBC transactions)
jul 10, 2017 7:55:13 AM org.hibernate.hql.internal.ast.ASTQueryTranslatorFactory <init>
INFO: HHH000397: Using ASTQueryTranslatorFactory
jul 10, 2017 7:55:13 AM org.hibernate.validator.internal.util.Version <clinit>
INFO: HV000001: Hibernate Validator 4.3.2.Final
jul 10, 2017 7:55:15 AM org.apache.catalina.startup.HostConfig deployWAR
INFORMAÇÕES: Deployment of web application archive /opt/tomcat/webapps/dash.war has finished in 20,838 ms
jul 10, 2017 7:55:15 AM org.apache.catalina.startup.HostConfig deployDirectory
INFORMAÇÕES: Deploying web application directory /opt/tomcat/webapps/examples
jul 10, 2017 7:55:15 AM org.apache.catalina.startup.HostConfig deployDirectory
INFORMAÇÕES: Deployment of web application directory /opt/tomcat/webapps/examples has finished in 302 ms
jul 10, 2017 7:55:15 AM org.apache.catalina.startup.HostConfig deployDirectory
INFORMAÇÕES: Deploying web application directory /opt/tomcat/webapps/ROOT
jul 10, 2017 7:55:15 AM org.apache.catalina.startup.HostConfig deployDirectory
INFORMAÇÕES: Deployment of web application directory /opt/tomcat/webapps/ROOT has finished in 44 ms
jul 10, 2017 7:55:15 AM org.apache.catalina.startup.HostConfig deployDirectory
INFORMAÇÕES: Deploying web application directory /opt/tomcat/webapps/host-manager
jul 10, 2017 7:55:15 AM org.apache.catalina.startup.HostConfig deployDirectory
INFORMAÇÕES: Deployment of web application directory /opt/tomcat/webapps/host-manager has finished in 49 ms
jul 10, 2017 7:55:15 AM org.apache.catalina.startup.HostConfig deployDirectory
INFORMAÇÕES: Deploying web application directory /opt/tomcat/webapps/manager
jul 10, 2017 7:55:15 AM org.apache.catalina.startup.HostConfig deployDirectory
INFORMAÇÕES: Deployment of web application directory /opt/tomcat/webapps/manager has finished in 37 ms
jul 10, 2017 7:55:15 AM org.apache.catalina.startup.HostConfig deployDirectory
INFORMAÇÕES: Deploying web application directory /opt/tomcat/webapps/docs
jul 10, 2017 7:55:15 AM org.apache.catalina.startup.HostConfig deployDirectory
INFORMAÇÕES: Deployment of web application directory /opt/tomcat/webapps/docs has finished in 22 ms
jul 10, 2017 7:55:15 AM org.apache.coyote.AbstractProtocol start
INFORMAÇÕES: Starting ProtocolHandler ["http-bio-8080"]
jul 10, 2017 7:55:15 AM org.apache.coyote.AbstractProtocol start
INFORMAÇÕES: Starting ProtocolHandler ["ajp-bio-8009"]
jul 10, 2017 7:55:15 AM org.apache.catalina.startup.Catalina start
INFORMAÇÕES: Server startup in 21489 ms
jul 10, 2017 7:55:41 AM org.apache.jasper.compiler.TldLocationsCache tldScanJar
INFORMAÇÕES: At least one JAR was scanned for TLDs yet contained no TLDs. Enable debug logging for this logger for a complete list of JARs that were scanned but no TLDs were found in them. Skipping unneeded JARs during scanning can improve startup time and JSP compilation time.
jul 10, 2017 11:59:54 AM org.apache.coyote.AbstractProtocol pause
INFORMAÇÕES: Pausing ProtocolHandler ["http-bio-8080"]
jul 10, 2017 11:59:54 AM org.apache.coyote.AbstractProtocol pause
INFORMAÇÕES: Pausing ProtocolHandler ["ajp-bio-8009"]
jul 10, 2017 11:59:54 AM org.apache.catalina.core.StandardService stopInternal
INFORMAÇÕES: Stopping service Catalina
jul 10, 2017 11:59:55 AM org.apache.catalina.loader.WebappClassLoaderBase clearReferencesJdbc
GRAVE: The web application [/dash] registered the JDBC driver [org.h2.Driver] but failed to unregister it when the web application was stopped. To prevent a memory leak, the JDBC Driver has been forcibly unregistered.
jul 10, 2017 11:59:55 AM org.apache.catalina.loader.WebappClassLoaderBase clearReferencesThreads
GRAVE: The web application [/dash] appears to have started a thread named [H2 File Lock Watchdog /home/deppi/dashbuilder.lock.db] but has failed to stop it. This is very likely to create a memory leak.
jul 10, 2017 11:59:55 AM org.apache.catalina.loader.WebappClassLoaderBase clearReferencesThreads
GRAVE: The web application [/dash] appears to have started a thread named [Thread-3] but has failed to stop it. This is very likely to create a memory leak.
jul 10, 2017 11:59:56 AM org.apache.coyote.AbstractProtocol stop
INFORMAÇÕES: Stopping ProtocolHandler ["http-bio-8080"]
jul 10, 2017 11:59:56 AM org.apache.coyote.AbstractProtocol stop
INFORMAÇÕES: Stopping ProtocolHandler ["ajp-bio-8009"]
jul 10, 2017 11:59:56 AM org.apache.coyote.AbstractProtocol destroy
INFORMAÇÕES: Destroying ProtocolHandler ["http-bio-8080"]
jul 10, 2017 11:59:56 AM org.apache.coyote.AbstractProtocol destroy
INFORMAÇÕES: Destroying ProtocolHandler ["ajp-bio-8009"]
