Out 22, 2017 10:14:41 AM org.apache.catalina.core.ApplicationContext log
INFORMAÇÕES: SessionListener: contextDestroyed()
Out 22, 2017 10:14:41 AM org.apache.catalina.core.ApplicationContext log
INFORMAÇÕES: ContextListener: contextDestroyed()
Out 22, 2017 11:42:35 AM org.apache.catalina.core.ApplicationContext log
INFORMAÇÕES: ContextListener: contextInitialized()
Out 22, 2017 11:42:35 AM org.apache.catalina.core.ApplicationContext log
INFORMAÇÕES: SessionListener: contextInitialized()
Out 22, 2017 11:42:35 AM org.apache.catalina.core.ApplicationContext log
INFORMAÇÕES: ContextListener: attributeAdded('org.apache.jasper.compiler.TldLocationsCache', 'org.apache.jasper.compiler.TldLocationsCache@15332d58')
Out 22, 2017 11:43:56 AM org.apache.catalina.session.StandardSession writeObject
ADVERTÊNCIA: Cannot serialize session attribute org.jboss.weld.context.http.HttpSessionContext#org.jboss.weld.bean-flat-ManagedBean-class org.jboss.dashboard.ui.components.ModalDialogComponent for session 06D313B096E35E816066F3D75B194CC6
java.io.NotSerializableException: org.jboss.dashboard.ui.controller.ControllerServlet$4
	at java.io.ObjectOutputStream.writeObject0(ObjectOutputStream.java:1183)
	at java.io.ObjectOutputStream.defaultWriteFields(ObjectOutputStream.java:1547)
	at java.io.ObjectOutputStream.writeSerialData(ObjectOutputStream.java:1508)
	at java.io.ObjectOutputStream.writeOrdinaryObject(ObjectOutputStream.java:1431)
	at java.io.ObjectOutputStream.writeObject0(ObjectOutputStream.java:1177)
	at java.io.ObjectOutputStream.defaultWriteFields(ObjectOutputStream.java:1547)
	at java.io.ObjectOutputStream.writeSerialData(ObjectOutputStream.java:1508)
	at java.io.ObjectOutputStream.writeOrdinaryObject(ObjectOutputStream.java:1431)
	at java.io.ObjectOutputStream.writeObject0(ObjectOutputStream.java:1177)
	at java.io.ObjectOutputStream.writeObject(ObjectOutputStream.java:347)
	at org.apache.catalina.session.StandardSession.writeObject(StandardSession.java:1700)
	at org.apache.catalina.session.StandardSession.writeObjectData(StandardSession.java:1092)
	at org.apache.catalina.session.StandardManager.doUnload(StandardManager.java:405)
	at org.apache.catalina.session.StandardManager.unload(StandardManager.java:323)
	at org.apache.catalina.session.StandardManager.stopInternal(StandardManager.java:493)
	at org.apache.catalina.util.LifecycleBase.stop(LifecycleBase.java:221)
	at org.apache.catalina.core.StandardContext.stopInternal(StandardContext.java:5825)
	at org.apache.catalina.util.LifecycleBase.stop(LifecycleBase.java:221)
	at org.apache.catalina.core.ContainerBase.removeChild(ContainerBase.java:1019)
	at org.apache.catalina.startup.HostConfig.undeploy(HostConfig.java:1598)
	at org.apache.catalina.startup.HostConfig.checkResources(HostConfig.java:1524)
	at org.apache.catalina.startup.HostConfig.check(HostConfig.java:1784)
	at org.apache.catalina.startup.HostConfig.lifecycleEvent(HostConfig.java:366)
	at org.apache.catalina.util.LifecycleSupport.fireLifecycleEvent(LifecycleSupport.java:117)
	at org.apache.catalina.util.LifecycleBase.fireLifecycleEvent(LifecycleBase.java:90)
	at org.apache.catalina.core.ContainerBase.backgroundProcess(ContainerBase.java:1370)
	at org.apache.catalina.core.ContainerBase$ContainerBackgroundProcessor.processChildren(ContainerBase.java:1542)
	at org.apache.catalina.core.ContainerBase$ContainerBackgroundProcessor.processChildren(ContainerBase.java:1552)
	at org.apache.catalina.core.ContainerBase$ContainerBackgroundProcessor.run(ContainerBase.java:1520)
	at java.lang.Thread.run(Thread.java:748)

Out 22, 2017 11:43:56 AM org.apache.catalina.session.StandardSession writeObject
ADVERTÊNCIA: Cannot serialize session attribute org.jboss.weld.context.http.HttpSessionContext#org.jboss.weld.bean-flat-ManagedBean-class org.jboss.dashboard.ui.components.ErrorReportHandler for session 06D313B096E35E816066F3D75B194CC6
java.io.NotSerializableException: org.jboss.dashboard.ui.controller.ControllerServlet$3
	at java.io.ObjectOutputStream.writeObject0(ObjectOutputStream.java:1183)
	at java.io.ObjectOutputStream.defaultWriteFields(ObjectOutputStream.java:1547)
	at java.io.ObjectOutputStream.writeSerialData(ObjectOutputStream.java:1508)
	at java.io.ObjectOutputStream.writeOrdinaryObject(ObjectOutputStream.java:1431)
	at java.io.ObjectOutputStream.writeObject0(ObjectOutputStream.java:1177)
	at java.io.ObjectOutputStream.defaultWriteFields(ObjectOutputStream.java:1547)
	at java.io.ObjectOutputStream.writeSerialData(ObjectOutputStream.java:1508)
	at java.io.ObjectOutputStream.writeOrdinaryObject(ObjectOutputStream.java:1431)
	at java.io.ObjectOutputStream.writeObject0(ObjectOutputStream.java:1177)
	at java.io.ObjectOutputStream.writeObject(ObjectOutputStream.java:347)
	at org.apache.catalina.session.StandardSession.writeObject(StandardSession.java:1700)
	at org.apache.catalina.session.StandardSession.writeObjectData(StandardSession.java:1092)
	at org.apache.catalina.session.StandardManager.doUnload(StandardManager.java:405)
	at org.apache.catalina.session.StandardManager.unload(StandardManager.java:323)
	at org.apache.catalina.session.StandardManager.stopInternal(StandardManager.java:493)
	at org.apache.catalina.util.LifecycleBase.stop(LifecycleBase.java:221)
	at org.apache.catalina.core.StandardContext.stopInternal(StandardContext.java:5825)
	at org.apache.catalina.util.LifecycleBase.stop(LifecycleBase.java:221)
	at org.apache.catalina.core.ContainerBase.removeChild(ContainerBase.java:1019)
	at org.apache.catalina.startup.HostConfig.undeploy(HostConfig.java:1598)
	at org.apache.catalina.startup.HostConfig.checkResources(HostConfig.java:1524)
	at org.apache.catalina.startup.HostConfig.check(HostConfig.java:1784)
	at org.apache.catalina.startup.HostConfig.lifecycleEvent(HostConfig.java:366)
	at org.apache.catalina.util.LifecycleSupport.fireLifecycleEvent(LifecycleSupport.java:117)
	at org.apache.catalina.util.LifecycleBase.fireLifecycleEvent(LifecycleBase.java:90)
	at org.apache.catalina.core.ContainerBase.backgroundProcess(ContainerBase.java:1370)
	at org.apache.catalina.core.ContainerBase$ContainerBackgroundProcessor.processChildren(ContainerBase.java:1542)
	at org.apache.catalina.core.ContainerBase$ContainerBackgroundProcessor.processChildren(ContainerBase.java:1552)
	at org.apache.catalina.core.ContainerBase$ContainerBackgroundProcessor.run(ContainerBase.java:1520)
	at java.lang.Thread.run(Thread.java:748)

Out 22, 2017 11:45:03 AM org.apache.catalina.session.StandardSession writeObject
ADVERTÊNCIA: Cannot serialize session attribute org.jboss.weld.context.http.HttpSessionContext#org.jboss.weld.bean-flat-ManagedBean-class org.jboss.dashboard.ui.components.DashboardHandler for session C259700AA24AF231AD44CD4A01FA4BA7
java.io.NotSerializableException: org.jboss.dashboard.ui.Dashboard
	at java.io.ObjectOutputStream.writeObject0(ObjectOutputStream.java:1183)
	at java.io.ObjectOutputStream.defaultWriteFields(ObjectOutputStream.java:1547)
	at java.io.ObjectOutputStream.writeSerialData(ObjectOutputStream.java:1508)
	at java.io.ObjectOutputStream.writeOrdinaryObject(ObjectOutputStream.java:1431)
	at java.io.ObjectOutputStream.writeObject0(ObjectOutputStream.java:1177)
	at java.io.ObjectOutputStream.defaultWriteFields(ObjectOutputStream.java:1547)
	at java.io.ObjectOutputStream.writeSerialData(ObjectOutputStream.java:1508)
	at java.io.ObjectOutputStream.writeOrdinaryObject(ObjectOutputStream.java:1431)
	at java.io.ObjectOutputStream.writeObject0(ObjectOutputStream.java:1177)
	at java.io.ObjectOutputStream.writeObject(ObjectOutputStream.java:347)
	at org.apache.catalina.session.StandardSession.writeObject(StandardSession.java:1700)
	at org.apache.catalina.session.StandardSession.writeObjectData(StandardSession.java:1092)
	at org.apache.catalina.session.StandardManager.doUnload(StandardManager.java:405)
	at org.apache.catalina.session.StandardManager.unload(StandardManager.java:323)
	at org.apache.catalina.session.StandardManager.stopInternal(StandardManager.java:493)
	at org.apache.catalina.util.LifecycleBase.stop(LifecycleBase.java:221)
	at org.apache.catalina.core.StandardContext.stopInternal(StandardContext.java:5825)
	at org.apache.catalina.util.LifecycleBase.stop(LifecycleBase.java:221)
	at org.apache.catalina.core.ContainerBase.removeChild(ContainerBase.java:1019)
	at org.apache.catalina.startup.HostConfig.undeploy(HostConfig.java:1598)
	at org.apache.catalina.startup.HostConfig.checkResources(HostConfig.java:1524)
	at org.apache.catalina.startup.HostConfig.check(HostConfig.java:1784)
	at org.apache.catalina.startup.HostConfig.lifecycleEvent(HostConfig.java:366)
	at org.apache.catalina.util.LifecycleSupport.fireLifecycleEvent(LifecycleSupport.java:117)
	at org.apache.catalina.util.LifecycleBase.fireLifecycleEvent(LifecycleBase.java:90)
	at org.apache.catalina.core.ContainerBase.backgroundProcess(ContainerBase.java:1370)
	at org.apache.catalina.core.ContainerBase$ContainerBackgroundProcessor.processChildren(ContainerBase.java:1542)
	at org.apache.catalina.core.ContainerBase$ContainerBackgroundProcessor.processChildren(ContainerBase.java:1552)
	at org.apache.catalina.core.ContainerBase$ContainerBackgroundProcessor.run(ContainerBase.java:1520)
	at java.lang.Thread.run(Thread.java:748)

Out 22, 2017 11:45:48 AM org.apache.catalina.core.ApplicationContext log
INFORMAÇÕES: SessionListener: contextDestroyed()
Out 22, 2017 11:45:48 AM org.apache.catalina.core.ApplicationContext log
INFORMAÇÕES: ContextListener: contextDestroyed()
Out 22, 2017 11:46:33 AM org.apache.catalina.core.ApplicationContext log
INFORMAÇÕES: ContextListener: contextInitialized()
Out 22, 2017 11:46:33 AM org.apache.catalina.core.ApplicationContext log
INFORMAÇÕES: SessionListener: contextInitialized()
Out 22, 2017 11:46:33 AM org.apache.catalina.core.ApplicationContext log
INFORMAÇÕES: ContextListener: attributeAdded('org.apache.jasper.compiler.TldLocationsCache', 'org.apache.jasper.compiler.TldLocationsCache@39e9e6a1')
Out 22, 2017 11:46:44 AM org.apache.catalina.core.ApplicationContext log
INFORMAÇÕES: SessionListener: contextDestroyed()
Out 22, 2017 11:46:44 AM org.apache.catalina.core.ApplicationContext log
INFORMAÇÕES: ContextListener: contextDestroyed()
Out 22, 2017 11:50:35 AM org.apache.catalina.core.ApplicationContext log
INFORMAÇÕES: ContextListener: contextInitialized()
Out 22, 2017 11:50:35 AM org.apache.catalina.core.ApplicationContext log
INFORMAÇÕES: SessionListener: contextInitialized()
Out 22, 2017 11:50:35 AM org.apache.catalina.core.ApplicationContext log
INFORMAÇÕES: ContextListener: attributeAdded('org.apache.jasper.compiler.TldLocationsCache', 'org.apache.jasper.compiler.TldLocationsCache@810ddc6')
Out 22, 2017 11:57:02 AM org.apache.catalina.core.ApplicationContext log
INFORMAÇÕES: SessionListener: contextDestroyed()
Out 22, 2017 11:57:02 AM org.apache.catalina.core.ApplicationContext log
INFORMAÇÕES: ContextListener: contextDestroyed()
Out 22, 2017 11:57:02 AM org.apache.catalina.session.StandardSession writeObject
ADVERTÊNCIA: Cannot serialize session attribute org.jboss.weld.context.http.HttpSessionContext#org.jboss.weld.bean-flat-ManagedBean-class org.jboss.dashboard.ui.components.DashboardHandler for session 84A6B7938F8FF80A4134655C4F496F2C
java.io.NotSerializableException: org.jboss.dashboard.ui.Dashboard
	at java.io.ObjectOutputStream.writeObject0(ObjectOutputStream.java:1183)
	at java.io.ObjectOutputStream.defaultWriteFields(ObjectOutputStream.java:1547)
	at java.io.ObjectOutputStream.writeSerialData(ObjectOutputStream.java:1508)
	at java.io.ObjectOutputStream.writeOrdinaryObject(ObjectOutputStream.java:1431)
	at java.io.ObjectOutputStream.writeObject0(ObjectOutputStream.java:1177)
	at java.io.ObjectOutputStream.defaultWriteFields(ObjectOutputStream.java:1547)
	at java.io.ObjectOutputStream.writeSerialData(ObjectOutputStream.java:1508)
	at java.io.ObjectOutputStream.writeOrdinaryObject(ObjectOutputStream.java:1431)
	at java.io.ObjectOutputStream.writeObject0(ObjectOutputStream.java:1177)
	at java.io.ObjectOutputStream.writeObject(ObjectOutputStream.java:347)
	at org.apache.catalina.session.StandardSession.writeObject(StandardSession.java:1700)
	at org.apache.catalina.session.StandardSession.writeObjectData(StandardSession.java:1092)
	at org.apache.catalina.session.StandardManager.doUnload(StandardManager.java:405)
	at org.apache.catalina.session.StandardManager.unload(StandardManager.java:323)
	at org.apache.catalina.session.StandardManager.stopInternal(StandardManager.java:493)
	at org.apache.catalina.util.LifecycleBase.stop(LifecycleBase.java:221)
	at org.apache.catalina.core.StandardContext.stopInternal(StandardContext.java:5825)
	at org.apache.catalina.util.LifecycleBase.stop(LifecycleBase.java:221)
	at org.apache.catalina.core.ContainerBase$StopChild.call(ContainerBase.java:1587)
	at org.apache.catalina.core.ContainerBase$StopChild.call(ContainerBase.java:1576)
	at java.util.concurrent.FutureTask.run(FutureTask.java:262)
	at java.util.concurrent.ThreadPoolExecutor.runWorker(ThreadPoolExecutor.java:1152)
	at java.util.concurrent.ThreadPoolExecutor$Worker.run(ThreadPoolExecutor.java:622)
	at java.lang.Thread.run(Thread.java:748)

Out 22, 2017 11:57:57 AM org.apache.catalina.session.StandardSession readObject
ADVERTÊNCIA: Cannot deserialize session attribute org.jboss.weld.context.http.HttpSessionContext#org.jboss.weld.bean-flat-ManagedBean-class org.jboss.dashboard.ui.components.DashboardHandler for session 84A6B7938F8FF80A4134655C4F496F2C
Out 22, 2017 11:58:04 AM org.apache.catalina.core.ApplicationContext log
INFORMAÇÕES: ContextListener: contextInitialized()
Out 22, 2017 11:58:04 AM org.apache.catalina.core.ApplicationContext log
INFORMAÇÕES: SessionListener: contextInitialized()
Out 22, 2017 11:58:05 AM org.apache.catalina.core.ApplicationContext log
INFORMAÇÕES: ContextListener: attributeAdded('org.apache.jasper.compiler.TldLocationsCache', 'org.apache.jasper.compiler.TldLocationsCache@57b59fa2')
Out 22, 2017 11:58:53 AM org.apache.catalina.core.ApplicationContext log
INFORMAÇÕES: SessionListener: contextDestroyed()
Out 22, 2017 11:58:53 AM org.apache.catalina.core.ApplicationContext log
INFORMAÇÕES: ContextListener: contextDestroyed()
Out 22, 2017 11:58:54 AM org.apache.catalina.session.StandardSession writeObject
ADVERTÊNCIA: Cannot serialize session attribute org.jboss.weld.context.http.HttpSessionContext#org.jboss.weld.bean-flat-ManagedBean-class org.jboss.dashboard.ui.components.ModalDialogComponent for session 2F6F7D173100167855AC5DD217F81F10
java.io.NotSerializableException: org.jboss.dashboard.ui.controller.ControllerServlet$4
	at java.io.ObjectOutputStream.writeObject0(ObjectOutputStream.java:1183)
	at java.io.ObjectOutputStream.defaultWriteFields(ObjectOutputStream.java:1547)
	at java.io.ObjectOutputStream.writeSerialData(ObjectOutputStream.java:1508)
	at java.io.ObjectOutputStream.writeOrdinaryObject(ObjectOutputStream.java:1431)
	at java.io.ObjectOutputStream.writeObject0(ObjectOutputStream.java:1177)
	at java.io.ObjectOutputStream.defaultWriteFields(ObjectOutputStream.java:1547)
	at java.io.ObjectOutputStream.writeSerialData(ObjectOutputStream.java:1508)
	at java.io.ObjectOutputStream.writeOrdinaryObject(ObjectOutputStream.java:1431)
	at java.io.ObjectOutputStream.writeObject0(ObjectOutputStream.java:1177)
	at java.io.ObjectOutputStream.writeObject(ObjectOutputStream.java:347)
	at org.apache.catalina.session.StandardSession.writeObject(StandardSession.java:1700)
	at org.apache.catalina.session.StandardSession.writeObjectData(StandardSession.java:1092)
	at org.apache.catalina.session.StandardManager.doUnload(StandardManager.java:405)
	at org.apache.catalina.session.StandardManager.unload(StandardManager.java:323)
	at org.apache.catalina.session.StandardManager.stopInternal(StandardManager.java:493)
	at org.apache.catalina.util.LifecycleBase.stop(LifecycleBase.java:221)
	at org.apache.catalina.core.StandardContext.stopInternal(StandardContext.java:5825)
	at org.apache.catalina.util.LifecycleBase.stop(LifecycleBase.java:221)
	at org.apache.catalina.core.ContainerBase$StopChild.call(ContainerBase.java:1587)
	at org.apache.catalina.core.ContainerBase$StopChild.call(ContainerBase.java:1576)
	at java.util.concurrent.FutureTask.run(FutureTask.java:262)
	at java.util.concurrent.ThreadPoolExecutor.runWorker(ThreadPoolExecutor.java:1152)
	at java.util.concurrent.ThreadPoolExecutor$Worker.run(ThreadPoolExecutor.java:622)
	at java.lang.Thread.run(Thread.java:748)

Out 22, 2017 11:58:54 AM org.apache.catalina.session.StandardSession writeObject
ADVERTÊNCIA: Cannot serialize session attribute org.jboss.weld.context.http.HttpSessionContext#org.jboss.weld.bean-flat-ManagedBean-class org.jboss.dashboard.ui.components.ErrorReportHandler for session 2F6F7D173100167855AC5DD217F81F10
java.io.NotSerializableException: org.jboss.dashboard.ui.controller.ControllerServlet$3
	at java.io.ObjectOutputStream.writeObject0(ObjectOutputStream.java:1183)
	at java.io.ObjectOutputStream.defaultWriteFields(ObjectOutputStream.java:1547)
	at java.io.ObjectOutputStream.writeSerialData(ObjectOutputStream.java:1508)
	at java.io.ObjectOutputStream.writeOrdinaryObject(ObjectOutputStream.java:1431)
	at java.io.ObjectOutputStream.writeObject0(ObjectOutputStream.java:1177)
	at java.io.ObjectOutputStream.defaultWriteFields(ObjectOutputStream.java:1547)
	at java.io.ObjectOutputStream.writeSerialData(ObjectOutputStream.java:1508)
	at java.io.ObjectOutputStream.writeOrdinaryObject(ObjectOutputStream.java:1431)
	at java.io.ObjectOutputStream.writeObject0(ObjectOutputStream.java:1177)
	at java.io.ObjectOutputStream.writeObject(ObjectOutputStream.java:347)
	at org.apache.catalina.session.StandardSession.writeObject(StandardSession.java:1700)
	at org.apache.catalina.session.StandardSession.writeObjectData(StandardSession.java:1092)
	at org.apache.catalina.session.StandardManager.doUnload(StandardManager.java:405)
	at org.apache.catalina.session.StandardManager.unload(StandardManager.java:323)
	at org.apache.catalina.session.StandardManager.stopInternal(StandardManager.java:493)
	at org.apache.catalina.util.LifecycleBase.stop(LifecycleBase.java:221)
	at org.apache.catalina.core.StandardContext.stopInternal(StandardContext.java:5825)
	at org.apache.catalina.util.LifecycleBase.stop(LifecycleBase.java:221)
	at org.apache.catalina.core.ContainerBase$StopChild.call(ContainerBase.java:1587)
	at org.apache.catalina.core.ContainerBase$StopChild.call(ContainerBase.java:1576)
	at java.util.concurrent.FutureTask.run(FutureTask.java:262)
	at java.util.concurrent.ThreadPoolExecutor.runWorker(ThreadPoolExecutor.java:1152)
	at java.util.concurrent.ThreadPoolExecutor$Worker.run(ThreadPoolExecutor.java:622)
	at java.lang.Thread.run(Thread.java:748)

Out 22, 2017 11:58:54 AM org.apache.catalina.session.StandardSession writeObject
ADVERTÊNCIA: Cannot serialize session attribute org.jboss.weld.context.http.HttpSessionContext#org.jboss.weld.bean-flat-ManagedBean-class org.jboss.dashboard.ui.components.DashboardHandler for session 2F6F7D173100167855AC5DD217F81F10
java.io.NotSerializableException: org.jboss.dashboard.ui.components.DashboardHandler$1
	at java.io.ObjectOutputStream.writeObject0(ObjectOutputStream.java:1183)
	at java.io.ObjectOutputStream.defaultWriteFields(ObjectOutputStream.java:1547)
	at java.io.ObjectOutputStream.writeSerialData(ObjectOutputStream.java:1508)
	at java.io.ObjectOutputStream.writeOrdinaryObject(ObjectOutputStream.java:1431)
	at java.io.ObjectOutputStream.writeObject0(ObjectOutputStream.java:1177)
	at java.io.ObjectOutputStream.defaultWriteFields(ObjectOutputStream.java:1547)
	at java.io.ObjectOutputStream.writeSerialData(ObjectOutputStream.java:1508)
	at java.io.ObjectOutputStream.writeOrdinaryObject(ObjectOutputStream.java:1431)
	at java.io.ObjectOutputStream.writeObject0(ObjectOutputStream.java:1177)
	at java.io.ObjectOutputStream.writeObject(ObjectOutputStream.java:347)
	at org.apache.catalina.session.StandardSession.writeObject(StandardSession.java:1700)
	at org.apache.catalina.session.StandardSession.writeObjectData(StandardSession.java:1092)
	at org.apache.catalina.session.StandardManager.doUnload(StandardManager.java:405)
	at org.apache.catalina.session.StandardManager.unload(StandardManager.java:323)
	at org.apache.catalina.session.StandardManager.stopInternal(StandardManager.java:493)
	at org.apache.catalina.util.LifecycleBase.stop(LifecycleBase.java:221)
	at org.apache.catalina.core.StandardContext.stopInternal(StandardContext.java:5825)
	at org.apache.catalina.util.LifecycleBase.stop(LifecycleBase.java:221)
	at org.apache.catalina.core.ContainerBase$StopChild.call(ContainerBase.java:1587)
	at org.apache.catalina.core.ContainerBase$StopChild.call(ContainerBase.java:1576)
	at java.util.concurrent.FutureTask.run(FutureTask.java:262)
	at java.util.concurrent.ThreadPoolExecutor.runWorker(ThreadPoolExecutor.java:1152)
	at java.util.concurrent.ThreadPoolExecutor$Worker.run(ThreadPoolExecutor.java:622)
	at java.lang.Thread.run(Thread.java:748)

Out 22, 2017 11:59:34 AM org.apache.catalina.session.StandardSession readObject
ADVERTÊNCIA: Cannot deserialize session attribute org.jboss.weld.context.http.HttpSessionContext#org.jboss.weld.bean-flat-ManagedBean-class org.jboss.dashboard.ui.components.ModalDialogComponent for session 2F6F7D173100167855AC5DD217F81F10
Out 22, 2017 11:59:42 AM org.apache.catalina.core.ApplicationContext log
INFORMAÇÕES: ContextListener: contextInitialized()
Out 22, 2017 11:59:42 AM org.apache.catalina.core.ApplicationContext log
INFORMAÇÕES: SessionListener: contextInitialized()
Out 22, 2017 11:59:42 AM org.apache.catalina.core.ApplicationContext log
INFORMAÇÕES: ContextListener: attributeAdded('org.apache.jasper.compiler.TldLocationsCache', 'org.apache.jasper.compiler.TldLocationsCache@63dea5e0')
Out 22, 2017 12:01:53 PM org.apache.catalina.core.ApplicationDispatcher invoke
GRAVE: Servlet.service() for servlet jsp threw exception
org.apache.jasper.JasperException: Unable to compile class for JSP: 

An error occurred at line: 32 in the jsp file: /common/global.jsp
Duplicate local variable localeManager
29: <%@ page import="org.jboss.dashboard.LocaleManager"%>
30: <%@ page import="org.jboss.dashboard.ui.NavigationManager"%>
31: <%
32:     LocaleManager localeManager = LocaleManager.lookup();
33:     NavigationManager navigationManager = NavigationManager.lookup();
34:     Section currentSection = navigationManager.getCurrentSection();
35:     Workspace currentWorkspace = navigationManager.getCurrentWorkspace();


An error occurred at line: 33 in the jsp file: /common/global.jsp
Duplicate local variable navigationManager
30: <%@ page import="org.jboss.dashboard.ui.NavigationManager"%>
31: <%
32:     LocaleManager localeManager = LocaleManager.lookup();
33:     NavigationManager navigationManager = NavigationManager.lookup();
34:     Section currentSection = navigationManager.getCurrentSection();
35:     Workspace currentWorkspace = navigationManager.getCurrentWorkspace();
36:     Locale currentLocale = localeManager.getCurrentLocale();


An error occurred at line: 34 in the jsp file: /common/global.jsp
Duplicate local variable currentSection
31: <%
32:     LocaleManager localeManager = LocaleManager.lookup();
33:     NavigationManager navigationManager = NavigationManager.lookup();
34:     Section currentSection = navigationManager.getCurrentSection();
35:     Workspace currentWorkspace = navigationManager.getCurrentWorkspace();
36:     Locale currentLocale = localeManager.getCurrentLocale();
37:     boolean adminMode = navigationManager.userIsAdminInCurrentWorkspace();


An error occurred at line: 35 in the jsp file: /common/global.jsp
Duplicate local variable currentWorkspace
32:     LocaleManager localeManager = LocaleManager.lookup();
33:     NavigationManager navigationManager = NavigationManager.lookup();
34:     Section currentSection = navigationManager.getCurrentSection();
35:     Workspace currentWorkspace = navigationManager.getCurrentWorkspace();
36:     Locale currentLocale = localeManager.getCurrentLocale();
37:     boolean adminMode = navigationManager.userIsAdminInCurrentWorkspace();
38: %>


An error occurred at line: 36 in the jsp file: /common/global.jsp
Duplicate local variable currentLocale
33:     NavigationManager navigationManager = NavigationManager.lookup();
34:     Section currentSection = navigationManager.getCurrentSection();
35:     Workspace currentWorkspace = navigationManager.getCurrentWorkspace();
36:     Locale currentLocale = localeManager.getCurrentLocale();
37:     boolean adminMode = navigationManager.userIsAdminInCurrentWorkspace();
38: %>
39: <i18n:bundle id="bundle" baseName="org.jboss.dashboard.ui.messages" locale="<%=localeManager.getCurrentLocale()%>"/>


An error occurred at line: 37 in the jsp file: /common/global.jsp
Duplicate local variable adminMode
34:     Section currentSection = navigationManager.getCurrentSection();
35:     Workspace currentWorkspace = navigationManager.getCurrentWorkspace();
36:     Locale currentLocale = localeManager.getCurrentLocale();
37:     boolean adminMode = navigationManager.userIsAdminInCurrentWorkspace();
38: %>
39: <i18n:bundle id="bundle" baseName="org.jboss.dashboard.ui.messages" locale="<%=localeManager.getCurrentLocale()%>"/>
40: 


Stacktrace:
	at org.apache.jasper.compiler.DefaultErrorHandler.javacError(DefaultErrorHandler.java:103)
	at org.apache.jasper.compiler.ErrorDispatcher.javacError(ErrorDispatcher.java:366)
	at org.apache.jasper.compiler.JDTCompiler.generateClass(JDTCompiler.java:490)
	at org.apache.jasper.compiler.Compiler.compile(Compiler.java:379)
	at org.apache.jasper.compiler.Compiler.compile(Compiler.java:354)
	at org.apache.jasper.compiler.Compiler.compile(Compiler.java:341)
	at org.apache.jasper.JspCompilationContext.compile(JspCompilationContext.java:663)
	at org.apache.jasper.servlet.JspServletWrapper.service(JspServletWrapper.java:364)
	at org.apache.jasper.servlet.JspServlet.serviceJspFile(JspServlet.java:395)
	at org.apache.jasper.servlet.JspServlet.service(JspServlet.java:339)
	at javax.servlet.http.HttpServlet.service(HttpServlet.java:731)
	at org.apache.catalina.core.ApplicationFilterChain.internalDoFilter(ApplicationFilterChain.java:303)
	at org.apache.catalina.core.ApplicationFilterChain.doFilter(ApplicationFilterChain.java:208)
	at org.apache.catalina.core.ApplicationDispatcher.invoke(ApplicationDispatcher.java:743)
	at org.apache.catalina.core.ApplicationDispatcher.doInclude(ApplicationDispatcher.java:603)
	at org.apache.catalina.core.ApplicationDispatcher.include(ApplicationDispatcher.java:542)
	at org.apache.jasper.runtime.JspRuntimeLibrary.include(JspRuntimeLibrary.java:905)
	at org.apache.jasper.runtime.PageContextImpl.include(PageContextImpl.java:656)
	at org.jboss.dashboard.ui.taglib.BaseTag.jspInclude(BaseTag.java:51)
	at org.jboss.dashboard.ui.taglib.JSPIncludeTag.doStartTag(JSPIncludeTag.java:48)
	at org.apache.jsp.templates.standard_005ftemplate_jsp._jspService(standard_005ftemplate_jsp.java:246)
	at org.apache.jasper.runtime.HttpJspBase.service(HttpJspBase.java:70)
	at javax.servlet.http.HttpServlet.service(HttpServlet.java:731)
	at org.apache.jasper.servlet.JspServletWrapper.service(JspServletWrapper.java:439)
	at org.apache.jasper.servlet.JspServlet.serviceJspFile(JspServlet.java:395)
	at org.apache.jasper.servlet.JspServlet.service(JspServlet.java:339)
	at javax.servlet.http.HttpServlet.service(HttpServlet.java:731)
	at org.apache.catalina.core.ApplicationFilterChain.internalDoFilter(ApplicationFilterChain.java:303)
	at org.apache.catalina.core.ApplicationFilterChain.doFilter(ApplicationFilterChain.java:208)
	at org.apache.catalina.core.ApplicationDispatcher.invoke(ApplicationDispatcher.java:743)
	at org.apache.catalina.core.ApplicationDispatcher.doInclude(ApplicationDispatcher.java:603)
	at org.apache.catalina.core.ApplicationDispatcher.include(ApplicationDispatcher.java:542)
	at org.jboss.dashboard.ui.controller.responses.ShowScreenResponse.execute(ShowScreenResponse.java:45)
	at org.jboss.dashboard.ui.controller.requestChain.RequestRenderer.processRequest(RequestRenderer.java:35)
	at org.jboss.dashboard.ui.controller.requestChain.RequestRenderer$Proxy$_$$_WeldClientProxy.processRequest(RequestRenderer$Proxy$_$$_WeldClientProxy.java)
	at org.jboss.dashboard.ui.ResponseProcessor.run(ResponseProcessor.java:49)
	at org.jboss.dashboard.ui.ResponseProcessor$Proxy$_$$_WeldClientProxy.run(ResponseProcessor$Proxy$_$$_WeldClientProxy.java)
	at org.jboss.dashboard.ui.controller.ControllerServlet$2.txFragment(ControllerServlet.java:192)
	at org.jboss.dashboard.database.hibernate.HibernateTransaction.executeFragment(HibernateTransaction.java:252)
	at org.jboss.dashboard.database.hibernate.HibernateTxFragment.executeInitiator(HibernateTxFragment.java:179)
	at org.jboss.dashboard.database.hibernate.HibernateTxFragment.execute(HibernateTxFragment.java:167)
	at org.jboss.dashboard.ui.controller.ControllerServlet.processTheView(ControllerServlet.java:189)
	at org.jboss.dashboard.ui.controller.ControllerServlet.service(ControllerServlet.java:138)
	at javax.servlet.http.HttpServlet.service(HttpServlet.java:731)
	at org.apache.catalina.core.ApplicationFilterChain.internalDoFilter(ApplicationFilterChain.java:303)
	at org.apache.catalina.core.ApplicationFilterChain.doFilter(ApplicationFilterChain.java:208)
	at org.apache.tomcat.websocket.server.WsFilter.doFilter(WsFilter.java:52)
	at org.apache.catalina.core.ApplicationFilterChain.internalDoFilter(ApplicationFilterChain.java:241)
	at org.apache.catalina.core.ApplicationFilterChain.doFilter(ApplicationFilterChain.java:208)
	at org.jboss.dashboard.ui.controller.SecureHeaderFilter.doFilter(SecureHeaderFilter.java:62)
	at org.apache.catalina.core.ApplicationFilterChain.internalDoFilter(ApplicationFilterChain.java:241)
	at org.apache.catalina.core.ApplicationFilterChain.doFilter(ApplicationFilterChain.java:208)
	at org.apache.catalina.core.StandardWrapperValve.invoke(StandardWrapperValve.java:218)
	at org.apache.catalina.core.StandardContextValve.invoke(StandardContextValve.java:110)
	at org.apache.catalina.authenticator.AuthenticatorBase.invoke(AuthenticatorBase.java:615)
	at org.apache.catalina.core.StandardHostValve.invoke(StandardHostValve.java:169)
	at org.apache.catalina.valves.ErrorReportValve.invoke(ErrorReportValve.java:103)
	at org.apache.catalina.valves.AccessLogValve.invoke(AccessLogValve.java:962)
	at org.apache.catalina.core.StandardEngineValve.invoke(StandardEngineValve.java:116)
	at org.apache.catalina.connector.CoyoteAdapter.service(CoyoteAdapter.java:445)
	at org.apache.coyote.http11.AbstractHttp11Processor.process(AbstractHttp11Processor.java:1115)
	at org.apache.coyote.AbstractProtocol$AbstractConnectionHandler.process(AbstractProtocol.java:637)
	at org.apache.tomcat.util.net.JIoEndpoint$SocketProcessor.run(JIoEndpoint.java:318)
	at java.util.concurrent.ThreadPoolExecutor.runWorker(ThreadPoolExecutor.java:1152)
	at java.util.concurrent.ThreadPoolExecutor$Worker.run(ThreadPoolExecutor.java:622)
	at org.apache.tomcat.util.threads.TaskThread$WrappingRunnable.run(TaskThread.java:61)
	at java.lang.Thread.run(Thread.java:748)

Out 22, 2017 12:02:59 PM org.apache.catalina.core.ApplicationDispatcher invoke
GRAVE: Servlet.service() for servlet jsp threw exception
org.apache.jasper.JasperException: Unable to compile class for JSP: 

An error occurred at line: 32 in the jsp file: /common/global.jsp
Duplicate local variable localeManager
29: <%@ page import="org.jboss.dashboard.LocaleManager"%>
30: <%@ page import="org.jboss.dashboard.ui.NavigationManager"%>
31: <%
32:     LocaleManager localeManager = LocaleManager.lookup();
33:     NavigationManager navigationManager = NavigationManager.lookup();
34:     Section currentSection = navigationManager.getCurrentSection();
35:     Workspace currentWorkspace = navigationManager.getCurrentWorkspace();


An error occurred at line: 33 in the jsp file: /common/global.jsp
Duplicate local variable navigationManager
30: <%@ page import="org.jboss.dashboard.ui.NavigationManager"%>
31: <%
32:     LocaleManager localeManager = LocaleManager.lookup();
33:     NavigationManager navigationManager = NavigationManager.lookup();
34:     Section currentSection = navigationManager.getCurrentSection();
35:     Workspace currentWorkspace = navigationManager.getCurrentWorkspace();
36:     Locale currentLocale = localeManager.getCurrentLocale();


An error occurred at line: 34 in the jsp file: /common/global.jsp
Duplicate local variable currentSection
31: <%
32:     LocaleManager localeManager = LocaleManager.lookup();
33:     NavigationManager navigationManager = NavigationManager.lookup();
34:     Section currentSection = navigationManager.getCurrentSection();
35:     Workspace currentWorkspace = navigationManager.getCurrentWorkspace();
36:     Locale currentLocale = localeManager.getCurrentLocale();
37:     boolean adminMode = navigationManager.userIsAdminInCurrentWorkspace();


An error occurred at line: 35 in the jsp file: /common/global.jsp
Duplicate local variable currentWorkspace
32:     LocaleManager localeManager = LocaleManager.lookup();
33:     NavigationManager navigationManager = NavigationManager.lookup();
34:     Section currentSection = navigationManager.getCurrentSection();
35:     Workspace currentWorkspace = navigationManager.getCurrentWorkspace();
36:     Locale currentLocale = localeManager.getCurrentLocale();
37:     boolean adminMode = navigationManager.userIsAdminInCurrentWorkspace();
38: %>


An error occurred at line: 36 in the jsp file: /common/global.jsp
Duplicate local variable currentLocale
33:     NavigationManager navigationManager = NavigationManager.lookup();
34:     Section currentSection = navigationManager.getCurrentSection();
35:     Workspace currentWorkspace = navigationManager.getCurrentWorkspace();
36:     Locale currentLocale = localeManager.getCurrentLocale();
37:     boolean adminMode = navigationManager.userIsAdminInCurrentWorkspace();
38: %>
39: <i18n:bundle id="bundle" baseName="org.jboss.dashboard.ui.messages" locale="<%=localeManager.getCurrentLocale()%>"/>


An error occurred at line: 37 in the jsp file: /common/global.jsp
Duplicate local variable adminMode
34:     Section currentSection = navigationManager.getCurrentSection();
35:     Workspace currentWorkspace = navigationManager.getCurrentWorkspace();
36:     Locale currentLocale = localeManager.getCurrentLocale();
37:     boolean adminMode = navigationManager.userIsAdminInCurrentWorkspace();
38: %>
39: <i18n:bundle id="bundle" baseName="org.jboss.dashboard.ui.messages" locale="<%=localeManager.getCurrentLocale()%>"/>
40: 


Stacktrace:
	at org.apache.jasper.compiler.DefaultErrorHandler.javacError(DefaultErrorHandler.java:103)
	at org.apache.jasper.compiler.ErrorDispatcher.javacError(ErrorDispatcher.java:366)
	at org.apache.jasper.compiler.JDTCompiler.generateClass(JDTCompiler.java:490)
	at org.apache.jasper.compiler.Compiler.compile(Compiler.java:379)
	at org.apache.jasper.compiler.Compiler.compile(Compiler.java:354)
	at org.apache.jasper.compiler.Compiler.compile(Compiler.java:341)
	at org.apache.jasper.JspCompilationContext.compile(JspCompilationContext.java:663)
	at org.apache.jasper.servlet.JspServletWrapper.service(JspServletWrapper.java:364)
	at org.apache.jasper.servlet.JspServlet.serviceJspFile(JspServlet.java:395)
	at org.apache.jasper.servlet.JspServlet.service(JspServlet.java:339)
	at javax.servlet.http.HttpServlet.service(HttpServlet.java:731)
	at org.apache.catalina.core.ApplicationFilterChain.internalDoFilter(ApplicationFilterChain.java:303)
	at org.apache.catalina.core.ApplicationFilterChain.doFilter(ApplicationFilterChain.java:208)
	at org.apache.catalina.core.ApplicationDispatcher.invoke(ApplicationDispatcher.java:743)
	at org.apache.catalina.core.ApplicationDispatcher.doInclude(ApplicationDispatcher.java:603)
	at org.apache.catalina.core.ApplicationDispatcher.include(ApplicationDispatcher.java:542)
	at org.apache.jasper.runtime.JspRuntimeLibrary.include(JspRuntimeLibrary.java:905)
	at org.apache.jasper.runtime.PageContextImpl.include(PageContextImpl.java:656)
	at org.jboss.dashboard.ui.taglib.BaseTag.jspInclude(BaseTag.java:51)
	at org.jboss.dashboard.ui.taglib.JSPIncludeTag.doStartTag(JSPIncludeTag.java:48)
	at org.apache.jsp.templates.regular_005flayout_jsp._jspService(regular_005flayout_jsp.java:192)
	at org.apache.jasper.runtime.HttpJspBase.service(HttpJspBase.java:70)
	at javax.servlet.http.HttpServlet.service(HttpServlet.java:731)
	at org.apache.jasper.servlet.JspServletWrapper.service(JspServletWrapper.java:439)
	at org.apache.jasper.servlet.JspServlet.serviceJspFile(JspServlet.java:395)
	at org.apache.jasper.servlet.JspServlet.service(JspServlet.java:339)
	at javax.servlet.http.HttpServlet.service(HttpServlet.java:731)
	at org.apache.catalina.core.ApplicationFilterChain.internalDoFilter(ApplicationFilterChain.java:303)
	at org.apache.catalina.core.ApplicationFilterChain.doFilter(ApplicationFilterChain.java:208)
	at org.apache.catalina.core.ApplicationDispatcher.invoke(ApplicationDispatcher.java:743)
	at org.apache.catalina.core.ApplicationDispatcher.doInclude(ApplicationDispatcher.java:603)
	at org.apache.catalina.core.ApplicationDispatcher.include(ApplicationDispatcher.java:542)
	at org.apache.jasper.runtime.JspRuntimeLibrary.include(JspRuntimeLibrary.java:905)
	at org.apache.jasper.runtime.PageContextImpl.include(PageContextImpl.java:656)
	at org.jboss.dashboard.ui.taglib.BaseTag.jspInclude(BaseTag.java:51)
	at org.jboss.dashboard.ui.taglib.JSPIncludeTag.doStartTag(JSPIncludeTag.java:48)
	at org.apache.jsp.templates.content_jsp._jspx_meth_mvc_005finclude_005f0(content_jsp.java:157)
	at org.apache.jsp.templates.content_jsp._jspService(content_jsp.java:97)
	at org.apache.jasper.runtime.HttpJspBase.service(HttpJspBase.java:70)
	at javax.servlet.http.HttpServlet.service(HttpServlet.java:731)
	at org.apache.jasper.servlet.JspServletWrapper.service(JspServletWrapper.java:439)
	at org.apache.jasper.servlet.JspServlet.serviceJspFile(JspServlet.java:395)
	at org.apache.jasper.servlet.JspServlet.service(JspServlet.java:339)
	at javax.servlet.http.HttpServlet.service(HttpServlet.java:731)
	at org.apache.catalina.core.ApplicationFilterChain.internalDoFilter(ApplicationFilterChain.java:303)
	at org.apache.catalina.core.ApplicationFilterChain.doFilter(ApplicationFilterChain.java:208)
	at org.apache.catalina.core.ApplicationDispatcher.invoke(ApplicationDispatcher.java:743)
	at org.apache.catalina.core.ApplicationDispatcher.doInclude(ApplicationDispatcher.java:603)
	at org.apache.catalina.core.ApplicationDispatcher.include(ApplicationDispatcher.java:542)
	at org.apache.jasper.runtime.JspRuntimeLibrary.include(JspRuntimeLibrary.java:905)
	at org.apache.jasper.runtime.PageContextImpl.include(PageContextImpl.java:656)
	at org.jboss.dashboard.ui.taglib.BaseTag.jspInclude(BaseTag.java:51)
	at org.jboss.dashboard.ui.taglib.EnvelopeContentTag$1.txFragment(EnvelopeContentTag.java:45)
	at org.jboss.dashboard.database.hibernate.HibernateTransaction.executeFragment(HibernateTransaction.java:252)
	at org.jboss.dashboard.database.hibernate.HibernateTxFragment.executeChild(HibernateTxFragment.java:194)
	at org.jboss.dashboard.database.hibernate.HibernateTxFragment.execute(HibernateTxFragment.java:168)
	at org.jboss.dashboard.ui.taglib.EnvelopeContentTag.doStartTag(EnvelopeContentTag.java:43)
	at org.apache.jsp.envelopes.Envelope_005fIFCE.shared_jsp._jspx_meth_panel_005fenvelopeContent_005f0(shared_jsp.java:323)
	at org.apache.jsp.envelopes.Envelope_005fIFCE.shared_jsp._jspService(shared_jsp.java:205)
	at org.apache.jasper.runtime.HttpJspBase.service(HttpJspBase.java:70)
	at javax.servlet.http.HttpServlet.service(HttpServlet.java:731)
	at org.apache.jasper.servlet.JspServletWrapper.service(JspServletWrapper.java:439)
	at org.apache.jasper.servlet.JspServlet.serviceJspFile(JspServlet.java:395)
	at org.apache.jasper.servlet.JspServlet.service(JspServlet.java:339)
	at javax.servlet.http.HttpServlet.service(HttpServlet.java:731)
	at org.apache.catalina.core.ApplicationFilterChain.internalDoFilter(ApplicationFilterChain.java:303)
	at org.apache.catalina.core.ApplicationFilterChain.doFilter(ApplicationFilterChain.java:208)
	at org.apache.catalina.core.ApplicationDispatcher.invoke(ApplicationDispatcher.java:743)
	at org.apache.catalina.core.ApplicationDispatcher.doInclude(ApplicationDispatcher.java:603)
	at org.apache.catalina.core.ApplicationDispatcher.include(ApplicationDispatcher.java:542)
	at org.apache.jasper.runtime.JspRuntimeLibrary.include(JspRuntimeLibrary.java:905)
	at org.apache.jasper.runtime.PageContextImpl.include(PageContextImpl.java:656)
	at org.jboss.dashboard.ui.taglib.BaseTag.jspInclude(BaseTag.java:51)
	at org.jboss.dashboard.ui.taglib.JSPIncludeTag.doStartTag(JSPIncludeTag.java:48)
	at org.apache.jsp.templates.standard_005ftemplate_jsp._jspService(standard_005ftemplate_jsp.java:246)
	at org.apache.jasper.runtime.HttpJspBase.service(HttpJspBase.java:70)
	at javax.servlet.http.HttpServlet.service(HttpServlet.java:731)
	at org.apache.jasper.servlet.JspServletWrapper.service(JspServletWrapper.java:439)
	at org.apache.jasper.servlet.JspServlet.serviceJspFile(JspServlet.java:395)
	at org.apache.jasper.servlet.JspServlet.service(JspServlet.java:339)
	at javax.servlet.http.HttpServlet.service(HttpServlet.java:731)
	at org.apache.catalina.core.ApplicationFilterChain.internalDoFilter(ApplicationFilterChain.java:303)
	at org.apache.catalina.core.ApplicationFilterChain.doFilter(ApplicationFilterChain.java:208)
	at org.apache.catalina.core.ApplicationDispatcher.invoke(ApplicationDispatcher.java:743)
	at org.apache.catalina.core.ApplicationDispatcher.doInclude(ApplicationDispatcher.java:603)
	at org.apache.catalina.core.ApplicationDispatcher.include(ApplicationDispatcher.java:542)
	at org.jboss.dashboard.ui.controller.responses.ShowScreenResponse.execute(ShowScreenResponse.java:45)
	at org.jboss.dashboard.ui.controller.requestChain.RequestRenderer.processRequest(RequestRenderer.java:35)
	at org.jboss.dashboard.ui.controller.requestChain.RequestRenderer$Proxy$_$$_WeldClientProxy.processRequest(RequestRenderer$Proxy$_$$_WeldClientProxy.java)
	at org.jboss.dashboard.ui.ResponseProcessor.run(ResponseProcessor.java:49)
	at org.jboss.dashboard.ui.ResponseProcessor$Proxy$_$$_WeldClientProxy.run(ResponseProcessor$Proxy$_$$_WeldClientProxy.java)
	at org.jboss.dashboard.ui.controller.ControllerServlet$2.txFragment(ControllerServlet.java:192)
	at org.jboss.dashboard.database.hibernate.HibernateTransaction.executeFragment(HibernateTransaction.java:252)
	at org.jboss.dashboard.database.hibernate.HibernateTxFragment.executeInitiator(HibernateTxFragment.java:179)
	at org.jboss.dashboard.database.hibernate.HibernateTxFragment.execute(HibernateTxFragment.java:167)
	at org.jboss.dashboard.ui.controller.ControllerServlet.processTheView(ControllerServlet.java:189)
	at org.jboss.dashboard.ui.controller.ControllerServlet.service(ControllerServlet.java:138)
	at javax.servlet.http.HttpServlet.service(HttpServlet.java:731)
	at org.apache.catalina.core.ApplicationFilterChain.internalDoFilter(ApplicationFilterChain.java:303)
	at org.apache.catalina.core.ApplicationFilterChain.doFilter(ApplicationFilterChain.java:208)
	at org.apache.tomcat.websocket.server.WsFilter.doFilter(WsFilter.java:52)
	at org.apache.catalina.core.ApplicationFilterChain.internalDoFilter(ApplicationFilterChain.java:241)
	at org.apache.catalina.core.ApplicationFilterChain.doFilter(ApplicationFilterChain.java:208)
	at org.jboss.dashboard.ui.controller.SecureHeaderFilter.doFilter(SecureHeaderFilter.java:62)
	at org.apache.catalina.core.ApplicationFilterChain.internalDoFilter(ApplicationFilterChain.java:241)
	at org.apache.catalina.core.ApplicationFilterChain.doFilter(ApplicationFilterChain.java:208)
	at org.apache.catalina.core.StandardWrapperValve.invoke(StandardWrapperValve.java:218)
	at org.apache.catalina.core.StandardContextValve.invoke(StandardContextValve.java:110)
	at org.apache.catalina.authenticator.AuthenticatorBase.invoke(AuthenticatorBase.java:615)
	at org.apache.catalina.core.StandardHostValve.invoke(StandardHostValve.java:169)
	at org.apache.catalina.valves.ErrorReportValve.invoke(ErrorReportValve.java:103)
	at org.apache.catalina.valves.AccessLogValve.invoke(AccessLogValve.java:962)
	at org.apache.catalina.core.StandardEngineValve.invoke(StandardEngineValve.java:116)
	at org.apache.catalina.connector.CoyoteAdapter.service(CoyoteAdapter.java:445)
	at org.apache.coyote.http11.AbstractHttp11Processor.process(AbstractHttp11Processor.java:1115)
	at org.apache.coyote.AbstractProtocol$AbstractConnectionHandler.process(AbstractProtocol.java:637)
	at org.apache.tomcat.util.net.JIoEndpoint$SocketProcessor.run(JIoEndpoint.java:316)
	at java.util.concurrent.ThreadPoolExecutor.runWorker(ThreadPoolExecutor.java:1152)
	at java.util.concurrent.ThreadPoolExecutor$Worker.run(ThreadPoolExecutor.java:622)
	at org.apache.tomcat.util.threads.TaskThread$WrappingRunnable.run(TaskThread.java:61)
	at java.lang.Thread.run(Thread.java:748)

Out 22, 2017 12:08:05 PM org.apache.catalina.core.ApplicationDispatcher invoke
GRAVE: Servlet.service() for servlet jsp threw exception
org.jboss.dashboard.profiler.memory.LowMemoryException: Running out of memory. Total = 104,949 Mb, Free = 2,595 Mb
	at org.jboss.dashboard.profiler.memory.LowMemoryConstraints.validate(LowMemoryConstraints.java:29)
	at org.jboss.dashboard.profiler.CodeBlockTrace.checkRuntimeConstraints(CodeBlockTrace.java:306)
	at org.jboss.dashboard.profiler.ProfilerHelper.checkRuntimeConstraints(ProfilerHelper.java:33)
	at org.jboss.dashboard.dataset.AbstractDataSet.calculateScalar(AbstractDataSet.java:493)
	at org.jboss.dashboard.dataset.AbstractDataSet.groupBy(AbstractDataSet.java:409)
	at org.jboss.dashboard.displayer.chart.AbstractChartDisplayer.buildXYDataSet(AbstractChartDisplayer.java:475)
	at org.apache.jsp.components.bam.displayer.chart.nvd3_005flinechart_005fviewer_jsp._jspService(nvd3_005flinechart_005fviewer_jsp.java:177)
	at org.apache.jasper.runtime.HttpJspBase.service(HttpJspBase.java:70)
	at javax.servlet.http.HttpServlet.service(HttpServlet.java:731)
	at org.apache.jasper.servlet.JspServletWrapper.service(JspServletWrapper.java:439)
	at org.apache.jasper.servlet.JspServlet.serviceJspFile(JspServlet.java:395)
	at org.apache.jasper.servlet.JspServlet.service(JspServlet.java:339)
	at javax.servlet.http.HttpServlet.service(HttpServlet.java:731)
	at org.apache.catalina.core.ApplicationFilterChain.internalDoFilter(ApplicationFilterChain.java:303)
	at org.apache.catalina.core.ApplicationFilterChain.doFilter(ApplicationFilterChain.java:208)
	at org.apache.catalina.core.ApplicationDispatcher.invoke(ApplicationDispatcher.java:743)
	at org.apache.catalina.core.ApplicationDispatcher.doInclude(ApplicationDispatcher.java:603)
	at org.apache.catalina.core.ApplicationDispatcher.include(ApplicationDispatcher.java:542)
	at org.apache.jasper.runtime.JspRuntimeLibrary.include(JspRuntimeLibrary.java:905)
	at org.apache.jasper.runtime.PageContextImpl.include(PageContextImpl.java:656)
	at org.jboss.dashboard.ui.taglib.BaseTag.jspInclude(BaseTag.java:51)
	at org.jboss.dashboard.ui.taglib.factory.UseComponentTag.doEndTag(UseComponentTag.java:59)
	at org.apache.jsp.components.bam.kpi_005fview_jsp._jspService(kpi_005fview_jsp.java:148)
	at org.apache.jasper.runtime.HttpJspBase.service(HttpJspBase.java:70)
	at javax.servlet.http.HttpServlet.service(HttpServlet.java:731)
	at org.apache.jasper.servlet.JspServletWrapper.service(JspServletWrapper.java:439)
	at org.apache.jasper.servlet.JspServlet.serviceJspFile(JspServlet.java:395)
	at org.apache.jasper.servlet.JspServlet.service(JspServlet.java:339)
	at javax.servlet.http.HttpServlet.service(HttpServlet.java:731)
	at org.apache.catalina.core.ApplicationFilterChain.internalDoFilter(ApplicationFilterChain.java:303)
	at org.apache.catalina.core.ApplicationFilterChain.doFilter(ApplicationFilterChain.java:208)
	at org.apache.catalina.core.ApplicationDispatcher.invoke(ApplicationDispatcher.java:743)
	at org.apache.catalina.core.ApplicationDispatcher.doInclude(ApplicationDispatcher.java:603)
	at org.apache.catalina.core.ApplicationDispatcher.include(ApplicationDispatcher.java:542)
	at org.apache.jasper.runtime.JspRuntimeLibrary.include(JspRuntimeLibrary.java:905)
	at org.apache.jasper.runtime.PageContextImpl.include(PageContextImpl.java:656)
	at org.jboss.dashboard.ui.taglib.BaseTag.jspInclude(BaseTag.java:51)
	at org.jboss.dashboard.ui.taglib.factory.UseComponentTag.doEndTag(UseComponentTag.java:59)
	at org.apache.jsp.panels.kpi.show_jsp._jspx_meth_factory_005fuseComponent_005f0(show_jsp.java:122)
	at org.apache.jsp.panels.kpi.show_jsp._jspService(show_jsp.java:88)
	at org.apache.jasper.runtime.HttpJspBase.service(HttpJspBase.java:70)
	at javax.servlet.http.HttpServlet.service(HttpServlet.java:731)
	at org.apache.jasper.servlet.JspServletWrapper.service(JspServletWrapper.java:439)
	at org.apache.jasper.servlet.JspServlet.serviceJspFile(JspServlet.java:395)
	at org.apache.jasper.servlet.JspServlet.service(JspServlet.java:339)
	at javax.servlet.http.HttpServlet.service(HttpServlet.java:731)
	at org.apache.catalina.core.ApplicationFilterChain.internalDoFilter(ApplicationFilterChain.java:303)
	at org.apache.catalina.core.ApplicationFilterChain.doFilter(ApplicationFilterChain.java:208)
	at org.apache.catalina.core.ApplicationDispatcher.invoke(ApplicationDispatcher.java:743)
	at org.apache.catalina.core.ApplicationDispatcher.doInclude(ApplicationDispatcher.java:603)
	at org.apache.catalina.core.ApplicationDispatcher.include(ApplicationDispatcher.java:542)
	at org.apache.jasper.runtime.JspRuntimeLibrary.include(JspRuntimeLibrary.java:905)
	at org.apache.jasper.runtime.PageContextImpl.include(PageContextImpl.java:656)
	at org.jboss.dashboard.ui.taglib.BaseTag.jspInclude(BaseTag.java:51)
	at org.jboss.dashboard.ui.taglib.JSPIncludeTag.doStartTag(JSPIncludeTag.java:48)
	at org.apache.jsp.section.render_005fpanel_005fcontent_jsp._jspService(render_005fpanel_005fcontent_jsp.java:318)
	at org.apache.jasper.runtime.HttpJspBase.service(HttpJspBase.java:70)
	at javax.servlet.http.HttpServlet.service(HttpServlet.java:731)
	at org.apache.jasper.servlet.JspServletWrapper.service(JspServletWrapper.java:439)
	at org.apache.jasper.servlet.JspServlet.serviceJspFile(JspServlet.java:395)
	at org.apache.jasper.servlet.JspServlet.service(JspServlet.java:339)
	at javax.servlet.http.HttpServlet.service(HttpServlet.java:731)
	at org.apache.catalina.core.ApplicationFilterChain.internalDoFilter(ApplicationFilterChain.java:303)
	at org.apache.catalina.core.ApplicationFilterChain.doFilter(ApplicationFilterChain.java:208)
	at org.apache.catalina.core.ApplicationDispatcher.invoke(ApplicationDispatcher.java:743)
	at org.apache.catalina.core.ApplicationDispatcher.doInclude(ApplicationDispatcher.java:603)
	at org.apache.catalina.core.ApplicationDispatcher.include(ApplicationDispatcher.java:542)
	at org.apache.jasper.runtime.JspRuntimeLibrary.include(JspRuntimeLibrary.java:905)
	at org.apache.jasper.runtime.PageContextImpl.include(PageContextImpl.java:656)
	at org.jboss.dashboard.ui.taglib.BaseTag.jspInclude(BaseTag.java:51)
	at org.jboss.dashboard.ui.taglib.JSPIncludeTag.doStartTag(JSPIncludeTag.java:48)
	at org.apache.jsp.section.render_005ftabbed_005fregion_jsp._jspx_meth_mvc_005finclude_005f1(render_005ftabbed_005fregion_jsp.java:1611)
	at org.apache.jsp.section.render_005ftabbed_005fregion_jsp._jspService(render_005ftabbed_005fregion_jsp.java:1000)
	at org.apache.jasper.runtime.HttpJspBase.service(HttpJspBase.java:70)
	at javax.servlet.http.HttpServlet.service(HttpServlet.java:731)
	at org.apache.jasper.servlet.JspServletWrapper.service(JspServletWrapper.java:439)
	at org.apache.jasper.servlet.JspServlet.serviceJspFile(JspServlet.java:395)
	at org.apache.jasper.servlet.JspServlet.service(JspServlet.java:339)
	at javax.servlet.http.HttpServlet.service(HttpServlet.java:731)
	at org.apache.catalina.core.ApplicationFilterChain.internalDoFilter(ApplicationFilterChain.java:303)
	at org.apache.catalina.core.ApplicationFilterChain.doFilter(ApplicationFilterChain.java:208)
	at org.apache.catalina.core.ApplicationDispatcher.invoke(ApplicationDispatcher.java:743)
	at org.apache.catalina.core.ApplicationDispatcher.doInclude(ApplicationDispatcher.java:603)
	at org.apache.catalina.core.ApplicationDispatcher.include(ApplicationDispatcher.java:542)
	at org.apache.jasper.runtime.JspRuntimeLibrary.include(JspRuntimeLibrary.java:905)
	at org.apache.jsp.section.render_005fsimple_005fregion_jsp._jspService(render_005fsimple_005fregion_jsp.java:257)
	at org.apache.jasper.runtime.HttpJspBase.service(HttpJspBase.java:70)
	at javax.servlet.http.HttpServlet.service(HttpServlet.java:731)
	at org.apache.jasper.servlet.JspServletWrapper.service(JspServletWrapper.java:439)
	at org.apache.jasper.servlet.JspServlet.serviceJspFile(JspServlet.java:395)
	at org.apache.jasper.servlet.JspServlet.service(JspServlet.java:339)
	at javax.servlet.http.HttpServlet.service(HttpServlet.java:731)
	at org.apache.catalina.core.ApplicationFilterChain.internalDoFilter(ApplicationFilterChain.java:303)
	at org.apache.catalina.core.ApplicationFilterChain.doFilter(ApplicationFilterChain.java:208)
	at org.apache.catalina.core.ApplicationDispatcher.invoke(ApplicationDispatcher.java:743)
	at org.apache.catalina.core.ApplicationDispatcher.doInclude(ApplicationDispatcher.java:603)
	at org.apache.catalina.core.ApplicationDispatcher.include(ApplicationDispatcher.java:542)
	at org.apache.jasper.runtime.JspRuntimeLibrary.include(JspRuntimeLibrary.java:905)
	at org.apache.jasper.runtime.PageContextImpl.include(PageContextImpl.java:656)
	at org.jboss.dashboard.ui.taglib.BaseTag.jspInclude(BaseTag.java:51)
	at org.jboss.dashboard.ui.taglib.RegionTag$1.txFragment(RegionTag.java:73)
	at org.jboss.dashboard.database.hibernate.HibernateTransaction.executeFragment(HibernateTransaction.java:252)
	at org.jboss.dashboard.database.hibernate.HibernateTxFragment.executeChild(HibernateTxFragment.java:194)
	at org.jboss.dashboard.database.hibernate.HibernateTxFragment.execute(HibernateTxFragment.java:168)
	at org.jboss.dashboard.ui.taglib.RegionTag.doEndTag(RegionTag.java:48)
	at org.apache.jsp.layouts.Layout_005fIFCE.slider_005fmenu_jsp._jspx_meth_panel_005fregion_005f7(slider_005fmenu_jsp.java:621)
	at org.apache.jsp.layouts.Layout_005fIFCE.slider_005fmenu_jsp._jspService(slider_005fmenu_jsp.java:349)
	at org.apache.jasper.runtime.HttpJspBase.service(HttpJspBase.java:70)
	at javax.servlet.http.HttpServlet.service(HttpServlet.java:731)
	at org.apache.jasper.servlet.JspServletWrapper.service(JspServletWrapper.java:439)
	at org.apache.jasper.servlet.JspServlet.serviceJspFile(JspServlet.java:395)
	at org.apache.jasper.servlet.JspServlet.service(JspServlet.java:339)
	at javax.servlet.http.HttpServlet.service(HttpServlet.java:731)
	at org.apache.catalina.core.ApplicationFilterChain.internalDoFilter(ApplicationFilterChain.java:303)
	at org.apache.catalina.core.ApplicationFilterChain.doFilter(ApplicationFilterChain.java:208)
	at org.apache.catalina.core.ApplicationDispatcher.invoke(ApplicationDispatcher.java:743)
	at org.apache.catalina.core.ApplicationDispatcher.doInclude(ApplicationDispatcher.java:603)
	at org.apache.catalina.core.ApplicationDispatcher.include(ApplicationDispatcher.java:542)
	at org.apache.jasper.runtime.JspRuntimeLibrary.include(JspRuntimeLibrary.java:905)
	at org.apache.jasper.runtime.PageContextImpl.include(PageContextImpl.java:656)
	at org.jboss.dashboard.ui.taglib.BaseTag.jspInclude(BaseTag.java:51)
	at org.jboss.dashboard.ui.taglib.JSPIncludeTag.doStartTag(JSPIncludeTag.java:48)
	at org.apache.jsp.templates.regular_005flayout_jsp._jspService(regular_005flayout_jsp.java:192)
	at org.apache.jasper.runtime.HttpJspBase.service(HttpJspBase.java:70)
	at javax.servlet.http.HttpServlet.service(HttpServlet.java:731)
	at org.apache.jasper.servlet.JspServletWrapper.service(JspServletWrapper.java:439)
	at org.apache.jasper.servlet.JspServlet.serviceJspFile(JspServlet.java:395)
	at org.apache.jasper.servlet.JspServlet.service(JspServlet.java:339)
	at javax.servlet.http.HttpServlet.service(HttpServlet.java:731)
	at org.apache.catalina.core.ApplicationFilterChain.internalDoFilter(ApplicationFilterChain.java:303)
	at org.apache.catalina.core.ApplicationFilterChain.doFilter(ApplicationFilterChain.java:208)
	at org.apache.catalina.core.ApplicationDispatcher.invoke(ApplicationDispatcher.java:743)
	at org.apache.catalina.core.ApplicationDispatcher.doInclude(ApplicationDispatcher.java:603)
	at org.apache.catalina.core.ApplicationDispatcher.include(ApplicationDispatcher.java:542)
	at org.apache.jasper.runtime.JspRuntimeLibrary.include(JspRuntimeLibrary.java:905)
	at org.apache.jasper.runtime.PageContextImpl.include(PageContextImpl.java:656)
	at org.jboss.dashboard.ui.taglib.BaseTag.jspInclude(BaseTag.java:51)
	at org.jboss.dashboard.ui.taglib.JSPIncludeTag.doStartTag(JSPIncludeTag.java:48)
	at org.apache.jsp.templates.content_jsp._jspx_meth_mvc_005finclude_005f0(content_jsp.java:157)
	at org.apache.jsp.templates.content_jsp._jspService(content_jsp.java:97)
	at org.apache.jasper.runtime.HttpJspBase.service(HttpJspBase.java:70)
	at javax.servlet.http.HttpServlet.service(HttpServlet.java:731)
	at org.apache.jasper.servlet.JspServletWrapper.service(JspServletWrapper.java:439)
	at org.apache.jasper.servlet.JspServlet.serviceJspFile(JspServlet.java:395)
	at org.apache.jasper.servlet.JspServlet.service(JspServlet.java:339)
	at javax.servlet.http.HttpServlet.service(HttpServlet.java:731)
	at org.apache.catalina.core.ApplicationFilterChain.internalDoFilter(ApplicationFilterChain.java:303)
	at org.apache.catalina.core.ApplicationFilterChain.doFilter(ApplicationFilterChain.java:208)
	at org.apache.catalina.core.ApplicationDispatcher.invoke(ApplicationDispatcher.java:743)
	at org.apache.catalina.core.ApplicationDispatcher.doInclude(ApplicationDispatcher.java:603)
	at org.apache.catalina.core.ApplicationDispatcher.include(ApplicationDispatcher.java:542)
	at org.apache.jasper.runtime.JspRuntimeLibrary.include(JspRuntimeLibrary.java:905)
	at org.apache.jasper.runtime.PageContextImpl.include(PageContextImpl.java:656)
	at org.jboss.dashboard.ui.taglib.BaseTag.jspInclude(BaseTag.java:51)
	at org.jboss.dashboard.ui.taglib.EnvelopeContentTag$1.txFragment(EnvelopeContentTag.java:45)
	at org.jboss.dashboard.database.hibernate.HibernateTransaction.executeFragment(HibernateTransaction.java:252)
	at org.jboss.dashboard.database.hibernate.HibernateTxFragment.executeChild(HibernateTxFragment.java:194)
	at org.jboss.dashboard.database.hibernate.HibernateTxFragment.execute(HibernateTxFragment.java:168)
	at org.jboss.dashboard.ui.taglib.EnvelopeContentTag.doStartTag(EnvelopeContentTag.java:43)
	at org.apache.jsp.envelopes.Envelope_005fIFCE.shared_jsp._jspx_meth_panel_005fenvelopeContent_005f0(shared_jsp.java:323)
	at org.apache.jsp.envelopes.Envelope_005fIFCE.shared_jsp._jspService(shared_jsp.java:205)
	at org.apache.jasper.runtime.HttpJspBase.service(HttpJspBase.java:70)
	at javax.servlet.http.HttpServlet.service(HttpServlet.java:731)
	at org.apache.jasper.servlet.JspServletWrapper.service(JspServletWrapper.java:439)
	at org.apache.jasper.servlet.JspServlet.serviceJspFile(JspServlet.java:395)
	at org.apache.jasper.servlet.JspServlet.service(JspServlet.java:339)
	at javax.servlet.http.HttpServlet.service(HttpServlet.java:731)
	at org.apache.catalina.core.ApplicationFilterChain.internalDoFilter(ApplicationFilterChain.java:303)
	at org.apache.catalina.core.ApplicationFilterChain.doFilter(ApplicationFilterChain.java:208)
	at org.apache.catalina.core.ApplicationDispatcher.invoke(ApplicationDispatcher.java:743)
	at org.apache.catalina.core.ApplicationDispatcher.doInclude(ApplicationDispatcher.java:603)
	at org.apache.catalina.core.ApplicationDispatcher.include(ApplicationDispatcher.java:542)
	at org.apache.jasper.runtime.JspRuntimeLibrary.include(JspRuntimeLibrary.java:905)
	at org.apache.jasper.runtime.PageContextImpl.include(PageContextImpl.java:656)
	at org.jboss.dashboard.ui.taglib.BaseTag.jspInclude(BaseTag.java:51)
	at org.jboss.dashboard.ui.taglib.JSPIncludeTag.doStartTag(JSPIncludeTag.java:48)
	at org.apache.jsp.templates.standard_005ftemplate_jsp._jspService(standard_005ftemplate_jsp.java:246)
	at org.apache.jasper.runtime.HttpJspBase.service(HttpJspBase.java:70)
	at javax.servlet.http.HttpServlet.service(HttpServlet.java:731)
	at org.apache.jasper.servlet.JspServletWrapper.service(JspServletWrapper.java:439)
	at org.apache.jasper.servlet.JspServlet.serviceJspFile(JspServlet.java:395)
	at org.apache.jasper.servlet.JspServlet.service(JspServlet.java:339)
	at javax.servlet.http.HttpServlet.service(HttpServlet.java:731)
	at org.apache.catalina.core.ApplicationFilterChain.internalDoFilter(ApplicationFilterChain.java:303)
	at org.apache.catalina.core.ApplicationFilterChain.doFilter(ApplicationFilterChain.java:208)
	at org.apache.catalina.core.ApplicationDispatcher.invoke(ApplicationDispatcher.java:743)
	at org.apache.catalina.core.ApplicationDispatcher.doInclude(ApplicationDispatcher.java:603)
	at org.apache.catalina.core.ApplicationDispatcher.include(ApplicationDispatcher.java:542)
	at org.jboss.dashboard.ui.controller.responses.ShowScreenResponse.execute(ShowScreenResponse.java:45)
	at org.jboss.dashboard.ui.controller.requestChain.RequestRenderer.processRequest(RequestRenderer.java:35)
	at org.jboss.dashboard.ui.controller.requestChain.RequestRenderer$Proxy$_$$_WeldClientProxy.processRequest(RequestRenderer$Proxy$_$$_WeldClientProxy.java)
	at org.jboss.dashboard.ui.ResponseProcessor.run(ResponseProcessor.java:49)
	at org.jboss.dashboard.ui.ResponseProcessor$Proxy$_$$_WeldClientProxy.run(ResponseProcessor$Proxy$_$$_WeldClientProxy.java)
	at org.jboss.dashboard.ui.controller.ControllerServlet$2.txFragment(ControllerServlet.java:192)
	at org.jboss.dashboard.database.hibernate.HibernateTransaction.executeFragment(HibernateTransaction.java:252)
	at org.jboss.dashboard.database.hibernate.HibernateTxFragment.executeInitiator(HibernateTxFragment.java:179)
	at org.jboss.dashboard.database.hibernate.HibernateTxFragment.execute(HibernateTxFragment.java:167)
	at org.jboss.dashboard.ui.controller.ControllerServlet.processTheView(ControllerServlet.java:189)
	at org.jboss.dashboard.ui.controller.ControllerServlet.service(ControllerServlet.java:138)
	at javax.servlet.http.HttpServlet.service(HttpServlet.java:731)
	at org.apache.catalina.core.ApplicationFilterChain.internalDoFilter(ApplicationFilterChain.java:303)
	at org.apache.catalina.core.ApplicationFilterChain.doFilter(ApplicationFilterChain.java:208)
	at org.apache.tomcat.websocket.server.WsFilter.doFilter(WsFilter.java:52)
	at org.apache.catalina.core.ApplicationFilterChain.internalDoFilter(ApplicationFilterChain.java:241)
	at org.apache.catalina.core.ApplicationFilterChain.doFilter(ApplicationFilterChain.java:208)
	at org.jboss.dashboard.ui.controller.SecureHeaderFilter.doFilter(SecureHeaderFilter.java:62)
	at org.apache.catalina.core.ApplicationFilterChain.internalDoFilter(ApplicationFilterChain.java:241)
	at org.apache.catalina.core.ApplicationFilterChain.doFilter(ApplicationFilterChain.java:208)
	at org.apache.catalina.core.StandardWrapperValve.invoke(StandardWrapperValve.java:218)
	at org.apache.catalina.core.StandardContextValve.invoke(StandardContextValve.java:110)
	at org.apache.catalina.authenticator.AuthenticatorBase.invoke(AuthenticatorBase.java:615)
	at org.apache.catalina.core.StandardHostValve.invoke(StandardHostValve.java:169)
	at org.apache.catalina.valves.ErrorReportValve.invoke(ErrorReportValve.java:103)
	at org.apache.catalina.valves.AccessLogValve.invoke(AccessLogValve.java:962)
	at org.apache.catalina.core.StandardEngineValve.invoke(StandardEngineValve.java:116)
	at org.apache.catalina.connector.CoyoteAdapter.service(CoyoteAdapter.java:445)
	at org.apache.coyote.http11.AbstractHttp11Processor.process(AbstractHttp11Processor.java:1115)
	at org.apache.coyote.AbstractProtocol$AbstractConnectionHandler.process(AbstractProtocol.java:637)
	at org.apache.tomcat.util.net.JIoEndpoint$SocketProcessor.run(JIoEndpoint.java:316)
	at java.util.concurrent.ThreadPoolExecutor.runWorker(ThreadPoolExecutor.java:1152)
	at java.util.concurrent.ThreadPoolExecutor$Worker.run(ThreadPoolExecutor.java:622)
	at org.apache.tomcat.util.threads.TaskThread$WrappingRunnable.run(TaskThread.java:61)
	at java.lang.Thread.run(Thread.java:748)

Out 22, 2017 12:40:44 PM org.apache.catalina.core.ApplicationContext log
INFORMAÇÕES: SessionListener: contextDestroyed()
Out 22, 2017 12:40:44 PM org.apache.catalina.core.ApplicationContext log
INFORMAÇÕES: ContextListener: contextDestroyed()
Out 22, 2017 12:40:44 PM org.apache.catalina.session.StandardSession writeObject
ADVERTÊNCIA: Cannot serialize session attribute org.jboss.weld.context.http.HttpSessionContext#org.jboss.weld.bean-flat-ManagedBean-class org.jboss.dashboard.dataset.DataSetManagerImpl for session 7D90782FE604793DCA847EC476D4AB52
java.io.NotSerializableException: org.jboss.dashboard.dataset.DataSetManagerImpl$DataSetHolder
	at java.io.ObjectOutputStream.writeObject0(ObjectOutputStream.java:1183)
	at java.io.ObjectOutputStream.writeObject(ObjectOutputStream.java:347)
	at java.util.HashMap.writeObject(HashMap.java:1129)
	at sun.reflect.NativeMethodAccessorImpl.invoke0(Native Method)
	at sun.reflect.NativeMethodAccessorImpl.invoke(NativeMethodAccessorImpl.java:57)
	at sun.reflect.DelegatingMethodAccessorImpl.invoke(DelegatingMethodAccessorImpl.java:43)
	at java.lang.reflect.Method.invoke(Method.java:606)
	at java.io.ObjectStreamClass.invokeWriteObject(ObjectStreamClass.java:1028)
	at java.io.ObjectOutputStream.writeSerialData(ObjectOutputStream.java:1495)
	at java.io.ObjectOutputStream.writeOrdinaryObject(ObjectOutputStream.java:1431)
	at java.io.ObjectOutputStream.writeObject0(ObjectOutputStream.java:1177)
	at java.io.ObjectOutputStream.defaultWriteFields(ObjectOutputStream.java:1547)
	at java.io.ObjectOutputStream.writeSerialData(ObjectOutputStream.java:1508)
	at java.io.ObjectOutputStream.writeOrdinaryObject(ObjectOutputStream.java:1431)
	at java.io.ObjectOutputStream.writeObject0(ObjectOutputStream.java:1177)
	at java.io.ObjectOutputStream.defaultWriteFields(ObjectOutputStream.java:1547)
	at java.io.ObjectOutputStream.writeSerialData(ObjectOutputStream.java:1508)
	at java.io.ObjectOutputStream.writeOrdinaryObject(ObjectOutputStream.java:1431)
	at java.io.ObjectOutputStream.writeObject0(ObjectOutputStream.java:1177)
	at java.io.ObjectOutputStream.writeObject(ObjectOutputStream.java:347)
	at org.apache.catalina.session.StandardSession.writeObject(StandardSession.java:1700)
	at org.apache.catalina.session.StandardSession.writeObjectData(StandardSession.java:1092)
	at org.apache.catalina.session.StandardManager.doUnload(StandardManager.java:405)
	at org.apache.catalina.session.StandardManager.unload(StandardManager.java:323)
	at org.apache.catalina.session.StandardManager.stopInternal(StandardManager.java:493)
	at org.apache.catalina.util.LifecycleBase.stop(LifecycleBase.java:221)
	at org.apache.catalina.core.StandardContext.stopInternal(StandardContext.java:5825)
	at org.apache.catalina.util.LifecycleBase.stop(LifecycleBase.java:221)
	at org.apache.catalina.core.ContainerBase$StopChild.call(ContainerBase.java:1587)
	at org.apache.catalina.core.ContainerBase$StopChild.call(ContainerBase.java:1576)
	at java.util.concurrent.FutureTask.run(FutureTask.java:262)
	at java.util.concurrent.ThreadPoolExecutor.runWorker(ThreadPoolExecutor.java:1152)
	at java.util.concurrent.ThreadPoolExecutor$Worker.run(ThreadPoolExecutor.java:622)
	at java.lang.Thread.run(Thread.java:748)

Out 22, 2017 12:40:44 PM org.apache.catalina.session.StandardSession writeObject
ADVERTÊNCIA: Cannot serialize session attribute org.jboss.weld.context.http.HttpSessionContext#org.jboss.weld.bean-flat-ManagedBean-class org.jboss.dashboard.ui.components.DashboardHandler for session 7D90782FE604793DCA847EC476D4AB52
java.io.NotSerializableException: org.jboss.dashboard.ui.Dashboard
	at java.io.ObjectOutputStream.writeObject0(ObjectOutputStream.java:1183)
	at java.io.ObjectOutputStream.defaultWriteFields(ObjectOutputStream.java:1547)
	at java.io.ObjectOutputStream.writeSerialData(ObjectOutputStream.java:1508)
	at java.io.ObjectOutputStream.writeOrdinaryObject(ObjectOutputStream.java:1431)
	at java.io.ObjectOutputStream.writeObject0(ObjectOutputStream.java:1177)
	at java.io.ObjectOutputStream.defaultWriteFields(ObjectOutputStream.java:1547)
	at java.io.ObjectOutputStream.writeSerialData(ObjectOutputStream.java:1508)
	at java.io.ObjectOutputStream.writeOrdinaryObject(ObjectOutputStream.java:1431)
	at java.io.ObjectOutputStream.writeObject0(ObjectOutputStream.java:1177)
	at java.io.ObjectOutputStream.writeObject(ObjectOutputStream.java:347)
	at org.apache.catalina.session.StandardSession.writeObject(StandardSession.java:1700)
	at org.apache.catalina.session.StandardSession.writeObjectData(StandardSession.java:1092)
	at org.apache.catalina.session.StandardManager.doUnload(StandardManager.java:405)
	at org.apache.catalina.session.StandardManager.unload(StandardManager.java:323)
	at org.apache.catalina.session.StandardManager.stopInternal(StandardManager.java:493)
	at org.apache.catalina.util.LifecycleBase.stop(LifecycleBase.java:221)
	at org.apache.catalina.core.StandardContext.stopInternal(StandardContext.java:5825)
	at org.apache.catalina.util.LifecycleBase.stop(LifecycleBase.java:221)
	at org.apache.catalina.core.ContainerBase$StopChild.call(ContainerBase.java:1587)
	at org.apache.catalina.core.ContainerBase$StopChild.call(ContainerBase.java:1576)
	at java.util.concurrent.FutureTask.run(FutureTask.java:262)
	at java.util.concurrent.ThreadPoolExecutor.runWorker(ThreadPoolExecutor.java:1152)
	at java.util.concurrent.ThreadPoolExecutor$Worker.run(ThreadPoolExecutor.java:622)
	at java.lang.Thread.run(Thread.java:748)

Out 22, 2017 12:46:18 PM org.apache.catalina.session.StandardSession readObject
ADVERTÊNCIA: Cannot deserialize session attribute org.jboss.weld.context.http.HttpSessionContext#org.jboss.weld.bean-flat-ManagedBean-class org.jboss.dashboard.dataset.DataSetManagerImpl for session 7D90782FE604793DCA847EC476D4AB52
Out 22, 2017 12:46:26 PM org.apache.catalina.core.ApplicationContext log
INFORMAÇÕES: ContextListener: contextInitialized()
Out 22, 2017 12:46:26 PM org.apache.catalina.core.ApplicationContext log
INFORMAÇÕES: SessionListener: contextInitialized()
Out 22, 2017 12:46:26 PM org.apache.catalina.core.ApplicationContext log
INFORMAÇÕES: ContextListener: attributeAdded('org.apache.jasper.compiler.TldLocationsCache', 'org.apache.jasper.compiler.TldLocationsCache@349d3f93')
Out 22, 2017 1:18:00 PM org.apache.catalina.core.ApplicationDispatcher invoke
GRAVE: Servlet.service() for servlet jsp threw exception
org.jboss.dashboard.profiler.memory.LowMemoryException: Running out of memory. Total = 121,707 Mb, Free = 5,806 Mb
	at org.jboss.dashboard.profiler.memory.LowMemoryConstraints.validate(LowMemoryConstraints.java:29)
	at org.jboss.dashboard.profiler.CodeBlockTrace.checkRuntimeConstraints(CodeBlockTrace.java:306)
	at org.jboss.dashboard.profiler.ProfilerHelper.checkRuntimeConstraints(ProfilerHelper.java:33)
	at org.jboss.dashboard.dataset.AbstractDataSet.calculateScalar(AbstractDataSet.java:493)
	at org.jboss.dashboard.dataset.AbstractDataSet.groupByLabel(AbstractDataSet.java:475)
	at org.jboss.dashboard.dataset.AbstractDataSet.groupBy(AbstractDataSet.java:378)
	at org.jboss.dashboard.displayer.chart.AbstractChartDisplayer.buildXYDataSet(AbstractChartDisplayer.java:475)
	at org.apache.jsp.components.bam.displayer.chart.nvd3_005fpiechart_005fviewer_jsp._jspService(nvd3_005fpiechart_005fviewer_jsp.java:177)
	at org.apache.jasper.runtime.HttpJspBase.service(HttpJspBase.java:70)
	at javax.servlet.http.HttpServlet.service(HttpServlet.java:731)
	at org.apache.jasper.servlet.JspServletWrapper.service(JspServletWrapper.java:439)
	at org.apache.jasper.servlet.JspServlet.serviceJspFile(JspServlet.java:395)
	at org.apache.jasper.servlet.JspServlet.service(JspServlet.java:339)
	at javax.servlet.http.HttpServlet.service(HttpServlet.java:731)
	at org.apache.catalina.core.ApplicationFilterChain.internalDoFilter(ApplicationFilterChain.java:303)
	at org.apache.catalina.core.ApplicationFilterChain.doFilter(ApplicationFilterChain.java:208)
	at org.apache.catalina.core.ApplicationDispatcher.invoke(ApplicationDispatcher.java:743)
	at org.apache.catalina.core.ApplicationDispatcher.doInclude(ApplicationDispatcher.java:603)
	at org.apache.catalina.core.ApplicationDispatcher.include(ApplicationDispatcher.java:542)
	at org.apache.jasper.runtime.JspRuntimeLibrary.include(JspRuntimeLibrary.java:905)
	at org.apache.jasper.runtime.PageContextImpl.include(PageContextImpl.java:656)
	at org.jboss.dashboard.ui.taglib.BaseTag.jspInclude(BaseTag.java:51)
	at org.jboss.dashboard.ui.taglib.factory.UseComponentTag.doEndTag(UseComponentTag.java:59)
	at org.apache.jsp.components.bam.kpi_005fview_jsp._jspService(kpi_005fview_jsp.java:148)
	at org.apache.jasper.runtime.HttpJspBase.service(HttpJspBase.java:70)
	at javax.servlet.http.HttpServlet.service(HttpServlet.java:731)
	at org.apache.jasper.servlet.JspServletWrapper.service(JspServletWrapper.java:439)
	at org.apache.jasper.servlet.JspServlet.serviceJspFile(JspServlet.java:395)
	at org.apache.jasper.servlet.JspServlet.service(JspServlet.java:339)
	at javax.servlet.http.HttpServlet.service(HttpServlet.java:731)
	at org.apache.catalina.core.ApplicationFilterChain.internalDoFilter(ApplicationFilterChain.java:303)
	at org.apache.catalina.core.ApplicationFilterChain.doFilter(ApplicationFilterChain.java:208)
	at org.apache.catalina.core.ApplicationDispatcher.invoke(ApplicationDispatcher.java:743)
	at org.apache.catalina.core.ApplicationDispatcher.doInclude(ApplicationDispatcher.java:603)
	at org.apache.catalina.core.ApplicationDispatcher.include(ApplicationDispatcher.java:542)
	at org.apache.jasper.runtime.JspRuntimeLibrary.include(JspRuntimeLibrary.java:905)
	at org.apache.jasper.runtime.PageContextImpl.include(PageContextImpl.java:656)
	at org.jboss.dashboard.ui.taglib.BaseTag.jspInclude(BaseTag.java:51)
	at org.jboss.dashboard.ui.taglib.factory.UseComponentTag.doEndTag(UseComponentTag.java:59)
	at org.apache.jsp.panels.kpi.show_jsp._jspx_meth_factory_005fuseComponent_005f0(show_jsp.java:122)
	at org.apache.jsp.panels.kpi.show_jsp._jspService(show_jsp.java:88)
	at org.apache.jasper.runtime.HttpJspBase.service(HttpJspBase.java:70)
	at javax.servlet.http.HttpServlet.service(HttpServlet.java:731)
	at org.apache.jasper.servlet.JspServletWrapper.service(JspServletWrapper.java:439)
	at org.apache.jasper.servlet.JspServlet.serviceJspFile(JspServlet.java:395)
	at org.apache.jasper.servlet.JspServlet.service(JspServlet.java:339)
	at javax.servlet.http.HttpServlet.service(HttpServlet.java:731)
	at org.apache.catalina.core.ApplicationFilterChain.internalDoFilter(ApplicationFilterChain.java:303)
	at org.apache.catalina.core.ApplicationFilterChain.doFilter(ApplicationFilterChain.java:208)
	at org.apache.catalina.core.ApplicationDispatcher.invoke(ApplicationDispatcher.java:743)
	at org.apache.catalina.core.ApplicationDispatcher.doInclude(ApplicationDispatcher.java:603)
	at org.apache.catalina.core.ApplicationDispatcher.include(ApplicationDispatcher.java:542)
	at org.apache.jasper.runtime.JspRuntimeLibrary.include(JspRuntimeLibrary.java:905)
	at org.apache.jasper.runtime.PageContextImpl.include(PageContextImpl.java:656)
	at org.jboss.dashboard.ui.taglib.BaseTag.jspInclude(BaseTag.java:51)
	at org.jboss.dashboard.ui.taglib.JSPIncludeTag.doStartTag(JSPIncludeTag.java:48)
	at org.apache.jsp.section.render_005fpanel_005fcontent_jsp._jspService(render_005fpanel_005fcontent_jsp.java:318)
	at org.apache.jasper.runtime.HttpJspBase.service(HttpJspBase.java:70)
	at javax.servlet.http.HttpServlet.service(HttpServlet.java:731)
	at org.apache.jasper.servlet.JspServletWrapper.service(JspServletWrapper.java:439)
	at org.apache.jasper.servlet.JspServlet.serviceJspFile(JspServlet.java:395)
	at org.apache.jasper.servlet.JspServlet.service(JspServlet.java:339)
	at javax.servlet.http.HttpServlet.service(HttpServlet.java:731)
	at org.apache.catalina.core.ApplicationFilterChain.internalDoFilter(ApplicationFilterChain.java:303)
	at org.apache.catalina.core.ApplicationFilterChain.doFilter(ApplicationFilterChain.java:208)
	at org.apache.catalina.core.ApplicationDispatcher.invoke(ApplicationDispatcher.java:743)
	at org.apache.catalina.core.ApplicationDispatcher.doInclude(ApplicationDispatcher.java:603)
	at org.apache.catalina.core.ApplicationDispatcher.include(ApplicationDispatcher.java:542)
	at org.apache.jasper.runtime.JspRuntimeLibrary.include(JspRuntimeLibrary.java:905)
	at org.apache.jasper.runtime.PageContextImpl.include(PageContextImpl.java:656)
	at org.jboss.dashboard.ui.taglib.BaseTag.jspInclude(BaseTag.java:51)
	at org.jboss.dashboard.ui.taglib.JSPIncludeTag.doStartTag(JSPIncludeTag.java:48)
	at org.apache.jsp.section.render_005fsimple_005fregion_jsp._jspx_meth_mvc_005finclude_005f1(render_005fsimple_005fregion_jsp.java:1370)
	at org.apache.jsp.section.render_005fsimple_005fregion_jsp._jspService(render_005fsimple_005fregion_jsp.java:834)
	at org.apache.jasper.runtime.HttpJspBase.service(HttpJspBase.java:70)
	at javax.servlet.http.HttpServlet.service(HttpServlet.java:731)
	at org.apache.jasper.servlet.JspServletWrapper.service(JspServletWrapper.java:439)
	at org.apache.jasper.servlet.JspServlet.serviceJspFile(JspServlet.java:395)
	at org.apache.jasper.servlet.JspServlet.service(JspServlet.java:339)
	at javax.servlet.http.HttpServlet.service(HttpServlet.java:731)
	at org.apache.catalina.core.ApplicationFilterChain.internalDoFilter(ApplicationFilterChain.java:303)
	at org.apache.catalina.core.ApplicationFilterChain.doFilter(ApplicationFilterChain.java:208)
	at org.apache.catalina.core.ApplicationDispatcher.invoke(ApplicationDispatcher.java:743)
	at org.apache.catalina.core.ApplicationDispatcher.doInclude(ApplicationDispatcher.java:603)
	at org.apache.catalina.core.ApplicationDispatcher.include(ApplicationDispatcher.java:542)
	at org.apache.jasper.runtime.JspRuntimeLibrary.include(JspRuntimeLibrary.java:905)
	at org.apache.jasper.runtime.PageContextImpl.include(PageContextImpl.java:656)
	at org.jboss.dashboard.ui.taglib.BaseTag.jspInclude(BaseTag.java:51)
	at org.jboss.dashboard.ui.taglib.RegionTag$1.txFragment(RegionTag.java:73)
	at org.jboss.dashboard.database.hibernate.HibernateTransaction.executeFragment(HibernateTransaction.java:252)
	at org.jboss.dashboard.database.hibernate.HibernateTxFragment.executeChild(HibernateTxFragment.java:194)
	at org.jboss.dashboard.database.hibernate.HibernateTxFragment.execute(HibernateTxFragment.java:168)
	at org.jboss.dashboard.ui.taglib.RegionTag.doEndTag(RegionTag.java:48)
	at org.apache.jsp.layouts.Layout_005fIFCE.slider_005fmenu_jsp._jspx_meth_panel_005fregion_005f12(slider_005fmenu_jsp.java:741)
	at org.apache.jsp.layouts.Layout_005fIFCE.slider_005fmenu_jsp._jspService(slider_005fmenu_jsp.java:373)
	at org.apache.jasper.runtime.HttpJspBase.service(HttpJspBase.java:70)
	at javax.servlet.http.HttpServlet.service(HttpServlet.java:731)
	at org.apache.jasper.servlet.JspServletWrapper.service(JspServletWrapper.java:439)
	at org.apache.jasper.servlet.JspServlet.serviceJspFile(JspServlet.java:395)
	at org.apache.jasper.servlet.JspServlet.service(JspServlet.java:339)
	at javax.servlet.http.HttpServlet.service(HttpServlet.java:731)
	at org.apache.catalina.core.ApplicationFilterChain.internalDoFilter(ApplicationFilterChain.java:303)
	at org.apache.catalina.core.ApplicationFilterChain.doFilter(ApplicationFilterChain.java:208)
	at org.apache.catalina.core.ApplicationDispatcher.invoke(ApplicationDispatcher.java:743)
	at org.apache.catalina.core.ApplicationDispatcher.doInclude(ApplicationDispatcher.java:603)
	at org.apache.catalina.core.ApplicationDispatcher.include(ApplicationDispatcher.java:542)
	at org.apache.jasper.runtime.JspRuntimeLibrary.include(JspRuntimeLibrary.java:905)
	at org.apache.jasper.runtime.PageContextImpl.include(PageContextImpl.java:656)
	at org.jboss.dashboard.ui.taglib.BaseTag.jspInclude(BaseTag.java:51)
	at org.jboss.dashboard.ui.taglib.JSPIncludeTag.doStartTag(JSPIncludeTag.java:48)
	at org.apache.jsp.templates.regular_005flayout_jsp._jspService(regular_005flayout_jsp.java:192)
	at org.apache.jasper.runtime.HttpJspBase.service(HttpJspBase.java:70)
	at javax.servlet.http.HttpServlet.service(HttpServlet.java:731)
	at org.apache.jasper.servlet.JspServletWrapper.service(JspServletWrapper.java:439)
	at org.apache.jasper.servlet.JspServlet.serviceJspFile(JspServlet.java:395)
	at org.apache.jasper.servlet.JspServlet.service(JspServlet.java:339)
	at javax.servlet.http.HttpServlet.service(HttpServlet.java:731)
	at org.apache.catalina.core.ApplicationFilterChain.internalDoFilter(ApplicationFilterChain.java:303)
	at org.apache.catalina.core.ApplicationFilterChain.doFilter(ApplicationFilterChain.java:208)
	at org.apache.catalina.core.ApplicationDispatcher.invoke(ApplicationDispatcher.java:743)
	at org.apache.catalina.core.ApplicationDispatcher.doInclude(ApplicationDispatcher.java:603)
	at org.apache.catalina.core.ApplicationDispatcher.include(ApplicationDispatcher.java:542)
	at org.apache.jasper.runtime.JspRuntimeLibrary.include(JspRuntimeLibrary.java:905)
	at org.apache.jasper.runtime.PageContextImpl.include(PageContextImpl.java:656)
	at org.jboss.dashboard.ui.taglib.BaseTag.jspInclude(BaseTag.java:51)
	at org.jboss.dashboard.ui.taglib.JSPIncludeTag.doStartTag(JSPIncludeTag.java:48)
	at org.apache.jsp.templates.content_jsp._jspx_meth_mvc_005finclude_005f0(content_jsp.java:157)
	at org.apache.jsp.templates.content_jsp._jspService(content_jsp.java:97)
	at org.apache.jasper.runtime.HttpJspBase.service(HttpJspBase.java:70)
	at javax.servlet.http.HttpServlet.service(HttpServlet.java:731)
	at org.apache.jasper.servlet.JspServletWrapper.service(JspServletWrapper.java:439)
	at org.apache.jasper.servlet.JspServlet.serviceJspFile(JspServlet.java:395)
	at org.apache.jasper.servlet.JspServlet.service(JspServlet.java:339)
	at javax.servlet.http.HttpServlet.service(HttpServlet.java:731)
	at org.apache.catalina.core.ApplicationFilterChain.internalDoFilter(ApplicationFilterChain.java:303)
	at org.apache.catalina.core.ApplicationFilterChain.doFilter(ApplicationFilterChain.java:208)
	at org.apache.catalina.core.ApplicationDispatcher.invoke(ApplicationDispatcher.java:743)
	at org.apache.catalina.core.ApplicationDispatcher.doInclude(ApplicationDispatcher.java:603)
	at org.apache.catalina.core.ApplicationDispatcher.include(ApplicationDispatcher.java:542)
	at org.apache.jasper.runtime.JspRuntimeLibrary.include(JspRuntimeLibrary.java:905)
	at org.apache.jasper.runtime.PageContextImpl.include(PageContextImpl.java:656)
	at org.jboss.dashboard.ui.taglib.BaseTag.jspInclude(BaseTag.java:51)
	at org.jboss.dashboard.ui.taglib.EnvelopeContentTag$1.txFragment(EnvelopeContentTag.java:45)
	at org.jboss.dashboard.database.hibernate.HibernateTransaction.executeFragment(HibernateTransaction.java:252)
	at org.jboss.dashboard.database.hibernate.HibernateTxFragment.executeChild(HibernateTxFragment.java:194)
	at org.jboss.dashboard.database.hibernate.HibernateTxFragment.execute(HibernateTxFragment.java:168)
	at org.jboss.dashboard.ui.taglib.EnvelopeContentTag.doStartTag(EnvelopeContentTag.java:43)
	at org.apache.jsp.envelopes.Envelope_005fIFCE.shared_jsp._jspx_meth_panel_005fenvelopeContent_005f0(shared_jsp.java:323)
	at org.apache.jsp.envelopes.Envelope_005fIFCE.shared_jsp._jspService(shared_jsp.java:205)
	at org.apache.jasper.runtime.HttpJspBase.service(HttpJspBase.java:70)
	at javax.servlet.http.HttpServlet.service(HttpServlet.java:731)
	at org.apache.jasper.servlet.JspServletWrapper.service(JspServletWrapper.java:439)
	at org.apache.jasper.servlet.JspServlet.serviceJspFile(JspServlet.java:395)
	at org.apache.jasper.servlet.JspServlet.service(JspServlet.java:339)
	at javax.servlet.http.HttpServlet.service(HttpServlet.java:731)
	at org.apache.catalina.core.ApplicationFilterChain.internalDoFilter(ApplicationFilterChain.java:303)
	at org.apache.catalina.core.ApplicationFilterChain.doFilter(ApplicationFilterChain.java:208)
	at org.apache.catalina.core.ApplicationDispatcher.invoke(ApplicationDispatcher.java:743)
	at org.apache.catalina.core.ApplicationDispatcher.doInclude(ApplicationDispatcher.java:603)
	at org.apache.catalina.core.ApplicationDispatcher.include(ApplicationDispatcher.java:542)
	at org.apache.jasper.runtime.JspRuntimeLibrary.include(JspRuntimeLibrary.java:905)
	at org.apache.jasper.runtime.PageContextImpl.include(PageContextImpl.java:656)
	at org.jboss.dashboard.ui.taglib.BaseTag.jspInclude(BaseTag.java:51)
	at org.jboss.dashboard.ui.taglib.JSPIncludeTag.doStartTag(JSPIncludeTag.java:48)
	at org.apache.jsp.templates.standard_005ftemplate_jsp._jspService(standard_005ftemplate_jsp.java:246)
	at org.apache.jasper.runtime.HttpJspBase.service(HttpJspBase.java:70)
	at javax.servlet.http.HttpServlet.service(HttpServlet.java:731)
	at org.apache.jasper.servlet.JspServletWrapper.service(JspServletWrapper.java:439)
	at org.apache.jasper.servlet.JspServlet.serviceJspFile(JspServlet.java:395)
	at org.apache.jasper.servlet.JspServlet.service(JspServlet.java:339)
	at javax.servlet.http.HttpServlet.service(HttpServlet.java:731)
	at org.apache.catalina.core.ApplicationFilterChain.internalDoFilter(ApplicationFilterChain.java:303)
	at org.apache.catalina.core.ApplicationFilterChain.doFilter(ApplicationFilterChain.java:208)
	at org.apache.catalina.core.ApplicationDispatcher.invoke(ApplicationDispatcher.java:743)
	at org.apache.catalina.core.ApplicationDispatcher.doInclude(ApplicationDispatcher.java:603)
	at org.apache.catalina.core.ApplicationDispatcher.include(ApplicationDispatcher.java:542)
	at org.jboss.dashboard.ui.controller.responses.ShowScreenResponse.execute(ShowScreenResponse.java:45)
	at org.jboss.dashboard.ui.controller.requestChain.RequestRenderer.processRequest(RequestRenderer.java:35)
	at org.jboss.dashboard.ui.controller.requestChain.RequestRenderer$Proxy$_$$_WeldClientProxy.processRequest(RequestRenderer$Proxy$_$$_WeldClientProxy.java)
	at org.jboss.dashboard.ui.ResponseProcessor.run(ResponseProcessor.java:49)
	at org.jboss.dashboard.ui.ResponseProcessor$Proxy$_$$_WeldClientProxy.run(ResponseProcessor$Proxy$_$$_WeldClientProxy.java)
	at org.jboss.dashboard.ui.controller.ControllerServlet$2.txFragment(ControllerServlet.java:192)
	at org.jboss.dashboard.database.hibernate.HibernateTransaction.executeFragment(HibernateTransaction.java:252)
	at org.jboss.dashboard.database.hibernate.HibernateTxFragment.executeInitiator(HibernateTxFragment.java:179)
	at org.jboss.dashboard.database.hibernate.HibernateTxFragment.execute(HibernateTxFragment.java:167)
	at org.jboss.dashboard.ui.controller.ControllerServlet.processTheView(ControllerServlet.java:189)
	at org.jboss.dashboard.ui.controller.ControllerServlet.service(ControllerServlet.java:138)
	at javax.servlet.http.HttpServlet.service(HttpServlet.java:731)
	at org.apache.catalina.core.ApplicationFilterChain.internalDoFilter(ApplicationFilterChain.java:303)
	at org.apache.catalina.core.ApplicationFilterChain.doFilter(ApplicationFilterChain.java:208)
	at org.apache.tomcat.websocket.server.WsFilter.doFilter(WsFilter.java:52)
	at org.apache.catalina.core.ApplicationFilterChain.internalDoFilter(ApplicationFilterChain.java:241)
	at org.apache.catalina.core.ApplicationFilterChain.doFilter(ApplicationFilterChain.java:208)
	at org.jboss.dashboard.ui.controller.SecureHeaderFilter.doFilter(SecureHeaderFilter.java:62)
	at org.apache.catalina.core.ApplicationFilterChain.internalDoFilter(ApplicationFilterChain.java:241)
	at org.apache.catalina.core.ApplicationFilterChain.doFilter(ApplicationFilterChain.java:208)
	at org.apache.catalina.core.StandardWrapperValve.invoke(StandardWrapperValve.java:218)
	at org.apache.catalina.core.StandardContextValve.invoke(StandardContextValve.java:110)
	at org.apache.catalina.authenticator.AuthenticatorBase.invoke(AuthenticatorBase.java:615)
	at org.apache.catalina.core.StandardHostValve.invoke(StandardHostValve.java:169)
	at org.apache.catalina.valves.ErrorReportValve.invoke(ErrorReportValve.java:103)
	at org.apache.catalina.valves.AccessLogValve.invoke(AccessLogValve.java:962)
	at org.apache.catalina.core.StandardEngineValve.invoke(StandardEngineValve.java:116)
	at org.apache.catalina.connector.CoyoteAdapter.service(CoyoteAdapter.java:445)
	at org.apache.coyote.http11.AbstractHttp11Processor.process(AbstractHttp11Processor.java:1115)
	at org.apache.coyote.AbstractProtocol$AbstractConnectionHandler.process(AbstractProtocol.java:637)
	at org.apache.tomcat.util.net.JIoEndpoint$SocketProcessor.run(JIoEndpoint.java:318)
	at java.util.concurrent.ThreadPoolExecutor.runWorker(ThreadPoolExecutor.java:1152)
	at java.util.concurrent.ThreadPoolExecutor$Worker.run(ThreadPoolExecutor.java:622)
	at org.apache.tomcat.util.threads.TaskThread$WrappingRunnable.run(TaskThread.java:61)
	at java.lang.Thread.run(Thread.java:748)

Out 22, 2017 1:18:10 PM org.apache.catalina.core.ApplicationDispatcher invoke
GRAVE: Servlet.service() for servlet jsp threw exception
org.jboss.dashboard.profiler.memory.LowMemoryException: Running out of memory. Total = 121,707 Mb, Free = 5,98 Mb
	at org.jboss.dashboard.profiler.memory.LowMemoryConstraints.validate(LowMemoryConstraints.java:29)
	at org.jboss.dashboard.profiler.CodeBlockTrace.checkRuntimeConstraints(CodeBlockTrace.java:306)
	at org.jboss.dashboard.profiler.ProfilerHelper.checkRuntimeConstraints(ProfilerHelper.java:33)
	at org.jboss.dashboard.dataset.AbstractDataSet.calculateScalar(AbstractDataSet.java:493)
	at org.jboss.dashboard.dataset.AbstractDataSet.groupByLabel(AbstractDataSet.java:475)
	at org.jboss.dashboard.dataset.AbstractDataSet.groupBy(AbstractDataSet.java:378)
	at org.jboss.dashboard.displayer.chart.AbstractChartDisplayer.buildXYDataSet(AbstractChartDisplayer.java:475)
	at org.apache.jsp.components.bam.displayer.chart.nvd3_005fbarchart_005fviewer_005fiframe_jsp._jspService(nvd3_005fbarchart_005fviewer_005fiframe_jsp.java:213)
	at org.apache.jasper.runtime.HttpJspBase.service(HttpJspBase.java:70)
	at javax.servlet.http.HttpServlet.service(HttpServlet.java:731)
	at org.apache.jasper.servlet.JspServletWrapper.service(JspServletWrapper.java:439)
	at org.apache.jasper.servlet.JspServlet.serviceJspFile(JspServlet.java:395)
	at org.apache.jasper.servlet.JspServlet.service(JspServlet.java:339)
	at javax.servlet.http.HttpServlet.service(HttpServlet.java:731)
	at org.apache.catalina.core.ApplicationFilterChain.internalDoFilter(ApplicationFilterChain.java:303)
	at org.apache.catalina.core.ApplicationFilterChain.doFilter(ApplicationFilterChain.java:208)
	at org.apache.catalina.core.ApplicationDispatcher.invoke(ApplicationDispatcher.java:743)
	at org.apache.catalina.core.ApplicationDispatcher.doInclude(ApplicationDispatcher.java:603)
	at org.apache.catalina.core.ApplicationDispatcher.include(ApplicationDispatcher.java:542)
	at org.jboss.dashboard.ui.controller.responses.ShowScreenResponse.execute(ShowScreenResponse.java:45)
	at org.jboss.dashboard.ui.controller.requestChain.RequestRenderer.processRequest(RequestRenderer.java:35)
	at org.jboss.dashboard.ui.controller.requestChain.RequestRenderer$Proxy$_$$_WeldClientProxy.processRequest(RequestRenderer$Proxy$_$$_WeldClientProxy.java)
	at org.jboss.dashboard.ui.ResponseProcessor.run(ResponseProcessor.java:49)
	at org.jboss.dashboard.ui.ResponseProcessor$Proxy$_$$_WeldClientProxy.run(ResponseProcessor$Proxy$_$$_WeldClientProxy.java)
	at org.jboss.dashboard.ui.controller.ControllerServlet$2.txFragment(ControllerServlet.java:192)
	at org.jboss.dashboard.database.hibernate.HibernateTransaction.executeFragment(HibernateTransaction.java:252)
	at org.jboss.dashboard.database.hibernate.HibernateTxFragment.executeInitiator(HibernateTxFragment.java:179)
	at org.jboss.dashboard.database.hibernate.HibernateTxFragment.execute(HibernateTxFragment.java:167)
	at org.jboss.dashboard.ui.controller.ControllerServlet.processTheView(ControllerServlet.java:189)
	at org.jboss.dashboard.ui.controller.ControllerServlet.service(ControllerServlet.java:138)
	at javax.servlet.http.HttpServlet.service(HttpServlet.java:731)
	at org.apache.catalina.core.ApplicationFilterChain.internalDoFilter(ApplicationFilterChain.java:303)
	at org.apache.catalina.core.ApplicationFilterChain.doFilter(ApplicationFilterChain.java:208)
	at org.apache.tomcat.websocket.server.WsFilter.doFilter(WsFilter.java:52)
	at org.apache.catalina.core.ApplicationFilterChain.internalDoFilter(ApplicationFilterChain.java:241)
	at org.apache.catalina.core.ApplicationFilterChain.doFilter(ApplicationFilterChain.java:208)
	at org.jboss.dashboard.ui.controller.SecureHeaderFilter.doFilter(SecureHeaderFilter.java:62)
	at org.apache.catalina.core.ApplicationFilterChain.internalDoFilter(ApplicationFilterChain.java:241)
	at org.apache.catalina.core.ApplicationFilterChain.doFilter(ApplicationFilterChain.java:208)
	at org.apache.catalina.core.StandardWrapperValve.invoke(StandardWrapperValve.java:218)
	at org.apache.catalina.core.StandardContextValve.invoke(StandardContextValve.java:110)
	at org.apache.catalina.authenticator.AuthenticatorBase.invoke(AuthenticatorBase.java:615)
	at org.apache.catalina.core.StandardHostValve.invoke(StandardHostValve.java:169)
	at org.apache.catalina.valves.ErrorReportValve.invoke(ErrorReportValve.java:103)
	at org.apache.catalina.valves.AccessLogValve.invoke(AccessLogValve.java:962)
	at org.apache.catalina.core.StandardEngineValve.invoke(StandardEngineValve.java:116)
	at org.apache.catalina.connector.CoyoteAdapter.service(CoyoteAdapter.java:445)
	at org.apache.coyote.http11.AbstractHttp11Processor.process(AbstractHttp11Processor.java:1115)
	at org.apache.coyote.AbstractProtocol$AbstractConnectionHandler.process(AbstractProtocol.java:637)
	at org.apache.tomcat.util.net.JIoEndpoint$SocketProcessor.run(JIoEndpoint.java:318)
	at java.util.concurrent.ThreadPoolExecutor.runWorker(ThreadPoolExecutor.java:1152)
	at java.util.concurrent.ThreadPoolExecutor$Worker.run(ThreadPoolExecutor.java:622)
	at org.apache.tomcat.util.threads.TaskThread$WrappingRunnable.run(TaskThread.java:61)
	at java.lang.Thread.run(Thread.java:748)

