Set 21, 2017 8:31:00 AM org.apache.catalina.core.ApplicationDispatcher invoke
GRAVE: Servlet.service() for servlet jsp threw exception
org.apache.jasper.JasperException: Unable to compile class for JSP: 

An error occurred at line: 193 in the jsp file: /login.jsp
Duplicate local variable localeManager
190: 	--%>
191:     <div id="login-content">
192:         <%
193:             LocaleManager localeManager = LocaleManager.lookup();
194:             Locale currentLocale =  localeManager.getCurrentLocale();
195:             SessionInitializer.PreferredLocale preferredLocale =  SessionInitializer.getPreferredLocale(request);
196:             if (preferredLocale != null) currentLocale = preferredLocale.asLocale();


An error occurred at line: 194 in the jsp file: /login.jsp
Duplicate local variable currentLocale
191:     <div id="login-content">
192:         <%
193:             LocaleManager localeManager = LocaleManager.lookup();
194:             Locale currentLocale =  localeManager.getCurrentLocale();
195:             SessionInitializer.PreferredLocale preferredLocale =  SessionInitializer.getPreferredLocale(request);
196:             if (preferredLocale != null) currentLocale = preferredLocale.asLocale();
197:             ResourceBundle i18nBundle = LocaleManager.lookup().getBundle("org.jboss.dashboard.login.messages", currentLocale);


An error occurred at line: 195 in the jsp file: /login.jsp
Duplicate local variable preferredLocale
192:         <%
193:             LocaleManager localeManager = LocaleManager.lookup();
194:             Locale currentLocale =  localeManager.getCurrentLocale();
195:             SessionInitializer.PreferredLocale preferredLocale =  SessionInitializer.getPreferredLocale(request);
196:             if (preferredLocale != null) currentLocale = preferredLocale.asLocale();
197:             ResourceBundle i18nBundle = LocaleManager.lookup().getBundle("org.jboss.dashboard.login.messages", currentLocale);
198: 


An error occurred at line: 197 in the jsp file: /login.jsp
Duplicate local variable i18nBundle
194:             Locale currentLocale =  localeManager.getCurrentLocale();
195:             SessionInitializer.PreferredLocale preferredLocale =  SessionInitializer.getPreferredLocale(request);
196:             if (preferredLocale != null) currentLocale = preferredLocale.asLocale();
197:             ResourceBundle i18nBundle = LocaleManager.lookup().getBundle("org.jboss.dashboard.login.messages", currentLocale);
198: 
199:             String messageKey = (String) request.getSession().getAttribute("login.message");
200:             if (messageKey == null) messageKey = "login.hint";


An error occurred at line: 199 in the jsp file: /login.jsp
Duplicate local variable messageKey
196:             if (preferredLocale != null) currentLocale = preferredLocale.asLocale();
197:             ResourceBundle i18nBundle = LocaleManager.lookup().getBundle("org.jboss.dashboard.login.messages", currentLocale);
198: 
199:             String messageKey = (String) request.getSession().getAttribute("login.message");
200:             if (messageKey == null) messageKey = "login.hint";
201:         %>
202: 


Stacktrace:
	at org.apache.jasper.compiler.DefaultErrorHandler.javacError(DefaultErrorHandler.java:103)
	at org.apache.jasper.compiler.ErrorDispatcher.javacError(ErrorDispatcher.java:366)
	at org.apache.jasper.compiler.JDTCompiler.generateClass(JDTCompiler.java:490)
	at org.apache.jasper.compiler.Compiler.compile(Compiler.java:379)
	at org.apache.jasper.compiler.Compiler.compile(Compiler.java:354)
	at org.apache.jasper.compiler.Compiler.compile(Compiler.java:341)
	at org.apache.jasper.JspCompilationContext.compile(JspCompilationContext.java:663)
	at org.apache.jasper.servlet.JspServletWrapper.service(JspServletWrapper.java:364)
	at org.apache.jasper.servlet.JspServlet.serviceJspFile(JspServlet.java:395)
	at org.apache.jasper.servlet.JspServlet.service(JspServlet.java:339)
	at javax.servlet.http.HttpServlet.service(HttpServlet.java:731)
	at org.apache.catalina.core.ApplicationFilterChain.internalDoFilter(ApplicationFilterChain.java:303)
	at org.apache.catalina.core.ApplicationFilterChain.doFilter(ApplicationFilterChain.java:208)
	at org.apache.tomcat.websocket.server.WsFilter.doFilter(WsFilter.java:52)
	at org.apache.catalina.core.ApplicationFilterChain.internalDoFilter(ApplicationFilterChain.java:241)
	at org.apache.catalina.core.ApplicationFilterChain.doFilter(ApplicationFilterChain.java:208)
	at org.apache.catalina.core.ApplicationDispatcher.invoke(ApplicationDispatcher.java:743)
	at org.apache.catalina.core.ApplicationDispatcher.processRequest(ApplicationDispatcher.java:485)
	at org.apache.catalina.core.ApplicationDispatcher.doForward(ApplicationDispatcher.java:410)
	at org.apache.catalina.core.ApplicationDispatcher.forward(ApplicationDispatcher.java:337)
	at org.apache.catalina.authenticator.FormAuthenticator.forwardToLoginPage(FormAuthenticator.java:410)
	at org.apache.catalina.authenticator.FormAuthenticator.authenticate(FormAuthenticator.java:265)
	at org.apache.catalina.authenticator.AuthenticatorBase.authenticate(AuthenticatorBase.java:686)
	at org.apache.catalina.authenticator.AuthenticatorBase.invoke(AuthenticatorBase.java:476)
	at org.apache.catalina.core.StandardHostValve.invoke(StandardHostValve.java:169)
	at org.apache.catalina.valves.ErrorReportValve.invoke(ErrorReportValve.java:103)
	at org.apache.catalina.valves.AccessLogValve.invoke(AccessLogValve.java:962)
	at org.apache.catalina.core.StandardEngineValve.invoke(StandardEngineValve.java:116)
	at org.apache.catalina.connector.CoyoteAdapter.service(CoyoteAdapter.java:445)
	at org.apache.coyote.http11.AbstractHttp11Processor.process(AbstractHttp11Processor.java:1115)
	at org.apache.coyote.AbstractProtocol$AbstractConnectionHandler.process(AbstractProtocol.java:637)
	at org.apache.tomcat.util.net.JIoEndpoint$SocketProcessor.run(JIoEndpoint.java:316)
	at java.util.concurrent.ThreadPoolExecutor.runWorker(ThreadPoolExecutor.java:1152)
	at java.util.concurrent.ThreadPoolExecutor$Worker.run(ThreadPoolExecutor.java:622)
	at org.apache.tomcat.util.threads.TaskThread$WrappingRunnable.run(TaskThread.java:61)
	at java.lang.Thread.run(Thread.java:748)

Set 21, 2017 9:34:44 AM org.apache.catalina.core.ApplicationDispatcher invoke
GRAVE: Servlet.service() for servlet jsp threw exception
org.apache.jasper.JasperException: /login.jsp (line: 24, column: 1) Page directive: illegal to have multiple occurrences of 'contentType' with different values (old: text/html; charset=ISO-8859-1, new: text/html)
	at org.apache.jasper.compiler.DefaultErrorHandler.jspError(DefaultErrorHandler.java:42)
	at org.apache.jasper.compiler.ErrorDispatcher.dispatch(ErrorDispatcher.java:443)
	at org.apache.jasper.compiler.ErrorDispatcher.jspError(ErrorDispatcher.java:237)
	at org.apache.jasper.compiler.Validator$DirectiveVisitor.visit(Validator.java:135)
	at org.apache.jasper.compiler.Node$PageDirective.accept(Node.java:589)
	at org.apache.jasper.compiler.Node$Nodes.visit(Node.java:2392)
	at org.apache.jasper.compiler.Node$Visitor.visitBody(Node.java:2444)
	at org.apache.jasper.compiler.Node$Visitor.visit(Node.java:2450)
	at org.apache.jasper.compiler.Node$Root.accept(Node.java:474)
	at org.apache.jasper.compiler.Node$Nodes.visit(Node.java:2392)
	at org.apache.jasper.compiler.Validator.validateDirectives(Validator.java:1805)
	at org.apache.jasper.compiler.Compiler.generateJava(Compiler.java:196)
	at org.apache.jasper.compiler.Compiler.compile(Compiler.java:374)
	at org.apache.jasper.compiler.Compiler.compile(Compiler.java:354)
	at org.apache.jasper.compiler.Compiler.compile(Compiler.java:341)
	at org.apache.jasper.JspCompilationContext.compile(JspCompilationContext.java:663)
	at org.apache.jasper.servlet.JspServletWrapper.service(JspServletWrapper.java:364)
	at org.apache.jasper.servlet.JspServlet.serviceJspFile(JspServlet.java:395)
	at org.apache.jasper.servlet.JspServlet.service(JspServlet.java:339)
	at javax.servlet.http.HttpServlet.service(HttpServlet.java:731)
	at org.apache.catalina.core.ApplicationFilterChain.internalDoFilter(ApplicationFilterChain.java:303)
	at org.apache.catalina.core.ApplicationFilterChain.doFilter(ApplicationFilterChain.java:208)
	at org.apache.tomcat.websocket.server.WsFilter.doFilter(WsFilter.java:52)
	at org.apache.catalina.core.ApplicationFilterChain.internalDoFilter(ApplicationFilterChain.java:241)
	at org.apache.catalina.core.ApplicationFilterChain.doFilter(ApplicationFilterChain.java:208)
	at org.apache.catalina.core.ApplicationDispatcher.invoke(ApplicationDispatcher.java:743)
	at org.apache.catalina.core.ApplicationDispatcher.processRequest(ApplicationDispatcher.java:485)
	at org.apache.catalina.core.ApplicationDispatcher.doForward(ApplicationDispatcher.java:410)
	at org.apache.catalina.core.ApplicationDispatcher.forward(ApplicationDispatcher.java:337)
	at org.apache.catalina.authenticator.FormAuthenticator.forwardToLoginPage(FormAuthenticator.java:410)
	at org.apache.catalina.authenticator.FormAuthenticator.authenticate(FormAuthenticator.java:265)
	at org.apache.catalina.authenticator.AuthenticatorBase.authenticate(AuthenticatorBase.java:686)
	at org.apache.catalina.authenticator.AuthenticatorBase.invoke(AuthenticatorBase.java:476)
	at org.apache.catalina.core.StandardHostValve.invoke(StandardHostValve.java:169)
	at org.apache.catalina.valves.ErrorReportValve.invoke(ErrorReportValve.java:103)
	at org.apache.catalina.valves.AccessLogValve.invoke(AccessLogValve.java:962)
	at org.apache.catalina.core.StandardEngineValve.invoke(StandardEngineValve.java:116)
	at org.apache.catalina.connector.CoyoteAdapter.service(CoyoteAdapter.java:445)
	at org.apache.coyote.http11.AbstractHttp11Processor.process(AbstractHttp11Processor.java:1115)
	at org.apache.coyote.AbstractProtocol$AbstractConnectionHandler.process(AbstractProtocol.java:637)
	at org.apache.tomcat.util.net.JIoEndpoint$SocketProcessor.run(JIoEndpoint.java:316)
	at java.util.concurrent.ThreadPoolExecutor.runWorker(ThreadPoolExecutor.java:1152)
	at java.util.concurrent.ThreadPoolExecutor$Worker.run(ThreadPoolExecutor.java:622)
	at org.apache.tomcat.util.threads.TaskThread$WrappingRunnable.run(TaskThread.java:61)
	at java.lang.Thread.run(Thread.java:748)

Set 21, 2017 9:34:50 AM org.apache.catalina.core.ApplicationDispatcher invoke
GRAVE: Servlet.service() for servlet jsp threw exception
org.apache.jasper.JasperException: /login.jsp (line: 24, column: 1) Page directive: illegal to have multiple occurrences of 'contentType' with different values (old: text/html; charset=ISO-8859-1, new: text/html)
	at org.apache.jasper.compiler.DefaultErrorHandler.jspError(DefaultErrorHandler.java:42)
	at org.apache.jasper.compiler.ErrorDispatcher.dispatch(ErrorDispatcher.java:443)
	at org.apache.jasper.compiler.ErrorDispatcher.jspError(ErrorDispatcher.java:237)
	at org.apache.jasper.compiler.Validator$DirectiveVisitor.visit(Validator.java:135)
	at org.apache.jasper.compiler.Node$PageDirective.accept(Node.java:589)
	at org.apache.jasper.compiler.Node$Nodes.visit(Node.java:2392)
	at org.apache.jasper.compiler.Node$Visitor.visitBody(Node.java:2444)
	at org.apache.jasper.compiler.Node$Visitor.visit(Node.java:2450)
	at org.apache.jasper.compiler.Node$Root.accept(Node.java:474)
	at org.apache.jasper.compiler.Node$Nodes.visit(Node.java:2392)
	at org.apache.jasper.compiler.Validator.validateDirectives(Validator.java:1805)
	at org.apache.jasper.compiler.Compiler.generateJava(Compiler.java:196)
	at org.apache.jasper.compiler.Compiler.compile(Compiler.java:374)
	at org.apache.jasper.compiler.Compiler.compile(Compiler.java:354)
	at org.apache.jasper.compiler.Compiler.compile(Compiler.java:341)
	at org.apache.jasper.JspCompilationContext.compile(JspCompilationContext.java:663)
	at org.apache.jasper.servlet.JspServletWrapper.service(JspServletWrapper.java:364)
	at org.apache.jasper.servlet.JspServlet.serviceJspFile(JspServlet.java:395)
	at org.apache.jasper.servlet.JspServlet.service(JspServlet.java:339)
	at javax.servlet.http.HttpServlet.service(HttpServlet.java:731)
	at org.apache.catalina.core.ApplicationFilterChain.internalDoFilter(ApplicationFilterChain.java:303)
	at org.apache.catalina.core.ApplicationFilterChain.doFilter(ApplicationFilterChain.java:208)
	at org.apache.tomcat.websocket.server.WsFilter.doFilter(WsFilter.java:52)
	at org.apache.catalina.core.ApplicationFilterChain.internalDoFilter(ApplicationFilterChain.java:241)
	at org.apache.catalina.core.ApplicationFilterChain.doFilter(ApplicationFilterChain.java:208)
	at org.apache.catalina.core.ApplicationDispatcher.invoke(ApplicationDispatcher.java:743)
	at org.apache.catalina.core.ApplicationDispatcher.processRequest(ApplicationDispatcher.java:485)
	at org.apache.catalina.core.ApplicationDispatcher.doForward(ApplicationDispatcher.java:410)
	at org.apache.catalina.core.ApplicationDispatcher.forward(ApplicationDispatcher.java:337)
	at org.apache.catalina.authenticator.FormAuthenticator.forwardToLoginPage(FormAuthenticator.java:410)
	at org.apache.catalina.authenticator.FormAuthenticator.authenticate(FormAuthenticator.java:265)
	at org.apache.catalina.authenticator.AuthenticatorBase.authenticate(AuthenticatorBase.java:686)
	at org.apache.catalina.authenticator.AuthenticatorBase.invoke(AuthenticatorBase.java:476)
	at org.apache.catalina.core.StandardHostValve.invoke(StandardHostValve.java:169)
	at org.apache.catalina.valves.ErrorReportValve.invoke(ErrorReportValve.java:103)
	at org.apache.catalina.valves.AccessLogValve.invoke(AccessLogValve.java:962)
	at org.apache.catalina.core.StandardEngineValve.invoke(StandardEngineValve.java:116)
	at org.apache.catalina.connector.CoyoteAdapter.service(CoyoteAdapter.java:445)
	at org.apache.coyote.http11.AbstractHttp11Processor.process(AbstractHttp11Processor.java:1115)
	at org.apache.coyote.AbstractProtocol$AbstractConnectionHandler.process(AbstractProtocol.java:637)
	at org.apache.tomcat.util.net.JIoEndpoint$SocketProcessor.run(JIoEndpoint.java:318)
	at java.util.concurrent.ThreadPoolExecutor.runWorker(ThreadPoolExecutor.java:1152)
	at java.util.concurrent.ThreadPoolExecutor$Worker.run(ThreadPoolExecutor.java:622)
	at org.apache.tomcat.util.threads.TaskThread$WrappingRunnable.run(TaskThread.java:61)
	at java.lang.Thread.run(Thread.java:748)

Set 21, 2017 11:35:31 AM org.apache.catalina.session.StandardSession writeObject
ADVERTÊNCIA: Cannot serialize session attribute org.jboss.weld.context.http.HttpSessionContext#org.jboss.weld.bean-flat-ManagedBean-class org.jboss.dashboard.ui.components.DashboardHandler for session 26E09C50A33D5E147AF4C04E5C523F89
java.io.NotSerializableException: org.jboss.dashboard.ui.Dashboard
	at java.io.ObjectOutputStream.writeObject0(ObjectOutputStream.java:1183)
	at java.io.ObjectOutputStream.defaultWriteFields(ObjectOutputStream.java:1547)
	at java.io.ObjectOutputStream.writeSerialData(ObjectOutputStream.java:1508)
	at java.io.ObjectOutputStream.writeOrdinaryObject(ObjectOutputStream.java:1431)
	at java.io.ObjectOutputStream.writeObject0(ObjectOutputStream.java:1177)
	at java.io.ObjectOutputStream.defaultWriteFields(ObjectOutputStream.java:1547)
	at java.io.ObjectOutputStream.writeSerialData(ObjectOutputStream.java:1508)
	at java.io.ObjectOutputStream.writeOrdinaryObject(ObjectOutputStream.java:1431)
	at java.io.ObjectOutputStream.writeObject0(ObjectOutputStream.java:1177)
	at java.io.ObjectOutputStream.writeObject(ObjectOutputStream.java:347)
	at org.apache.catalina.session.StandardSession.writeObject(StandardSession.java:1700)
	at org.apache.catalina.session.StandardSession.writeObjectData(StandardSession.java:1092)
	at org.apache.catalina.session.StandardManager.doUnload(StandardManager.java:405)
	at org.apache.catalina.session.StandardManager.unload(StandardManager.java:323)
	at org.apache.catalina.session.StandardManager.stopInternal(StandardManager.java:493)
	at org.apache.catalina.util.LifecycleBase.stop(LifecycleBase.java:221)
	at org.apache.catalina.core.StandardContext.stopInternal(StandardContext.java:5825)
	at org.apache.catalina.util.LifecycleBase.stop(LifecycleBase.java:221)
	at org.apache.catalina.core.StandardContext.reload(StandardContext.java:4131)
	at org.apache.catalina.startup.HostConfig.reload(HostConfig.java:1575)
	at org.apache.catalina.startup.HostConfig.checkResources(HostConfig.java:1548)
	at org.apache.catalina.startup.HostConfig.check(HostConfig.java:1784)
	at org.apache.catalina.startup.HostConfig.lifecycleEvent(HostConfig.java:366)
	at org.apache.catalina.util.LifecycleSupport.fireLifecycleEvent(LifecycleSupport.java:117)
	at org.apache.catalina.util.LifecycleBase.fireLifecycleEvent(LifecycleBase.java:90)
	at org.apache.catalina.core.ContainerBase.backgroundProcess(ContainerBase.java:1370)
	at org.apache.catalina.core.ContainerBase$ContainerBackgroundProcessor.processChildren(ContainerBase.java:1542)
	at org.apache.catalina.core.ContainerBase$ContainerBackgroundProcessor.processChildren(ContainerBase.java:1552)
	at org.apache.catalina.core.ContainerBase$ContainerBackgroundProcessor.run(ContainerBase.java:1520)
	at java.lang.Thread.run(Thread.java:748)

Set 21, 2017 11:35:40 AM org.apache.catalina.session.StandardSession readObject
ADVERTÊNCIA: Cannot deserialize session attribute org.jboss.weld.context.http.HttpSessionContext#org.jboss.weld.bean-flat-ManagedBean-class org.jboss.dashboard.ui.components.DashboardHandler for session 26E09C50A33D5E147AF4C04E5C523F89
Set 21, 2017 11:36:33 AM org.apache.catalina.core.ApplicationContext log
INFORMAÇÕES: SessionListener: contextDestroyed()
Set 21, 2017 11:36:33 AM org.apache.catalina.core.ApplicationContext log
INFORMAÇÕES: ContextListener: contextDestroyed()
Set 21, 2017 11:37:19 AM org.apache.catalina.core.ApplicationContext log
INFORMAÇÕES: ContextListener: contextInitialized()
Set 21, 2017 11:37:19 AM org.apache.catalina.core.ApplicationContext log
INFORMAÇÕES: SessionListener: contextInitialized()
Set 21, 2017 11:37:19 AM org.apache.catalina.core.ApplicationContext log
INFORMAÇÕES: ContextListener: attributeAdded('org.apache.jasper.compiler.TldLocationsCache', 'org.apache.jasper.compiler.TldLocationsCache@5ed412da')
