jul 17, 2017 7:56:09 AM org.apache.catalina.session.StandardSession readObject
ADVERTÊNCIA: Cannot deserialize session attribute org.jboss.weld.context.http.HttpSessionContext#org.jboss.weld.bean-flat-ManagedBean-class org.jboss.dashboard.ui.components.DashboardHandler for session 113D411C41FAA7D5F7E5D3E6E2F7090A
jul 17, 2017 7:56:13 AM org.apache.catalina.core.ApplicationContext log
INFORMAÇÕES: ContextListener: contextInitialized()
jul 17, 2017 7:56:13 AM org.apache.catalina.core.ApplicationContext log
INFORMAÇÕES: SessionListener: contextInitialized()
jul 17, 2017 7:56:13 AM org.apache.catalina.core.ApplicationContext log
INFORMAÇÕES: ContextListener: attributeAdded('org.apache.jasper.compiler.TldLocationsCache', 'org.apache.jasper.compiler.TldLocationsCache@86c8ee')
jul 17, 2017 11:55:48 AM org.apache.catalina.session.StandardSession writeObject
ADVERTÊNCIA: Cannot serialize session attribute org.jboss.weld.context.http.HttpSessionContext#org.jboss.weld.bean-flat-ManagedBean-class org.jboss.dashboard.ui.components.DashboardHandler for session EF616BAADF0E81966162E08BA107C25E
java.io.NotSerializableException: org.jboss.dashboard.ui.Dashboard
	at java.io.ObjectOutputStream.writeObject0(ObjectOutputStream.java:1184)
	at java.io.ObjectOutputStream.defaultWriteFields(ObjectOutputStream.java:1548)
	at java.io.ObjectOutputStream.writeSerialData(ObjectOutputStream.java:1509)
	at java.io.ObjectOutputStream.writeOrdinaryObject(ObjectOutputStream.java:1432)
	at java.io.ObjectOutputStream.writeObject0(ObjectOutputStream.java:1178)
	at java.io.ObjectOutputStream.defaultWriteFields(ObjectOutputStream.java:1548)
	at java.io.ObjectOutputStream.writeSerialData(ObjectOutputStream.java:1509)
	at java.io.ObjectOutputStream.writeOrdinaryObject(ObjectOutputStream.java:1432)
	at java.io.ObjectOutputStream.writeObject0(ObjectOutputStream.java:1178)
	at java.io.ObjectOutputStream.writeObject(ObjectOutputStream.java:348)
	at org.apache.catalina.session.StandardSession.writeObject(StandardSession.java:1700)
	at org.apache.catalina.session.StandardSession.writeObjectData(StandardSession.java:1092)
	at org.apache.catalina.session.StandardManager.doUnload(StandardManager.java:405)
	at org.apache.catalina.session.StandardManager.unload(StandardManager.java:323)
	at org.apache.catalina.session.StandardManager.stopInternal(StandardManager.java:493)
	at org.apache.catalina.util.LifecycleBase.stop(LifecycleBase.java:221)
	at org.apache.catalina.core.StandardContext.stopInternal(StandardContext.java:5825)
	at org.apache.catalina.util.LifecycleBase.stop(LifecycleBase.java:221)
	at org.apache.catalina.core.ContainerBase$StopChild.call(ContainerBase.java:1587)
	at org.apache.catalina.core.ContainerBase$StopChild.call(ContainerBase.java:1576)
	at java.util.concurrent.FutureTask.run(FutureTask.java:266)
	at java.util.concurrent.ThreadPoolExecutor.runWorker(ThreadPoolExecutor.java:1142)
	at java.util.concurrent.ThreadPoolExecutor$Worker.run(ThreadPoolExecutor.java:617)
	at java.lang.Thread.run(Thread.java:748)

jul 17, 2017 11:55:48 AM org.apache.catalina.session.StandardSession writeObject
ADVERTÊNCIA: Cannot serialize session attribute org.jboss.weld.context.http.HttpSessionContext#org.jboss.weld.bean-flat-ManagedBean-class org.jboss.dashboard.dataset.DataSetManagerImpl for session EF616BAADF0E81966162E08BA107C25E
java.io.NotSerializableException: org.jboss.dashboard.dataset.DataSetManagerImpl$DataSetHolder
	at java.io.ObjectOutputStream.writeObject0(ObjectOutputStream.java:1184)
	at java.io.ObjectOutputStream.writeObject(ObjectOutputStream.java:348)
	at java.util.HashMap.internalWriteEntries(HashMap.java:1785)
	at java.util.HashMap.writeObject(HashMap.java:1362)
	at sun.reflect.NativeMethodAccessorImpl.invoke0(Native Method)
	at sun.reflect.NativeMethodAccessorImpl.invoke(NativeMethodAccessorImpl.java:62)
	at sun.reflect.DelegatingMethodAccessorImpl.invoke(DelegatingMethodAccessorImpl.java:43)
	at java.lang.reflect.Method.invoke(Method.java:498)
	at java.io.ObjectStreamClass.invokeWriteObject(ObjectStreamClass.java:1028)
	at java.io.ObjectOutputStream.writeSerialData(ObjectOutputStream.java:1496)
	at java.io.ObjectOutputStream.writeOrdinaryObject(ObjectOutputStream.java:1432)
	at java.io.ObjectOutputStream.writeObject0(ObjectOutputStream.java:1178)
	at java.io.ObjectOutputStream.defaultWriteFields(ObjectOutputStream.java:1548)
	at java.io.ObjectOutputStream.writeSerialData(ObjectOutputStream.java:1509)
	at java.io.ObjectOutputStream.writeOrdinaryObject(ObjectOutputStream.java:1432)
	at java.io.ObjectOutputStream.writeObject0(ObjectOutputStream.java:1178)
	at java.io.ObjectOutputStream.defaultWriteFields(ObjectOutputStream.java:1548)
	at java.io.ObjectOutputStream.writeSerialData(ObjectOutputStream.java:1509)
	at java.io.ObjectOutputStream.writeOrdinaryObject(ObjectOutputStream.java:1432)
	at java.io.ObjectOutputStream.writeObject0(ObjectOutputStream.java:1178)
	at java.io.ObjectOutputStream.writeObject(ObjectOutputStream.java:348)
	at org.apache.catalina.session.StandardSession.writeObject(StandardSession.java:1700)
	at org.apache.catalina.session.StandardSession.writeObjectData(StandardSession.java:1092)
	at org.apache.catalina.session.StandardManager.doUnload(StandardManager.java:405)
	at org.apache.catalina.session.StandardManager.unload(StandardManager.java:323)
	at org.apache.catalina.session.StandardManager.stopInternal(StandardManager.java:493)
	at org.apache.catalina.util.LifecycleBase.stop(LifecycleBase.java:221)
	at org.apache.catalina.core.StandardContext.stopInternal(StandardContext.java:5825)
	at org.apache.catalina.util.LifecycleBase.stop(LifecycleBase.java:221)
	at org.apache.catalina.core.ContainerBase$StopChild.call(ContainerBase.java:1587)
	at org.apache.catalina.core.ContainerBase$StopChild.call(ContainerBase.java:1576)
	at java.util.concurrent.FutureTask.run(FutureTask.java:266)
	at java.util.concurrent.ThreadPoolExecutor.runWorker(ThreadPoolExecutor.java:1142)
	at java.util.concurrent.ThreadPoolExecutor$Worker.run(ThreadPoolExecutor.java:617)
	at java.lang.Thread.run(Thread.java:748)

jul 17, 2017 11:55:48 AM org.apache.catalina.session.StandardSession writeObject
ADVERTÊNCIA: Cannot serialize session attribute org.jboss.weld.context.http.HttpSessionContext#org.jboss.weld.bean-flat-ManagedBean-class org.jboss.dashboard.ui.components.ModalDialogComponent for session EF616BAADF0E81966162E08BA107C25E
java.io.NotSerializableException: org.jboss.dashboard.ui.components.panelManagement.PanelManagementPanel$1
	at java.io.ObjectOutputStream.writeObject0(ObjectOutputStream.java:1184)
	at java.io.ObjectOutputStream.defaultWriteFields(ObjectOutputStream.java:1548)
	at java.io.ObjectOutputStream.writeSerialData(ObjectOutputStream.java:1509)
	at java.io.ObjectOutputStream.writeOrdinaryObject(ObjectOutputStream.java:1432)
	at java.io.ObjectOutputStream.writeObject0(ObjectOutputStream.java:1178)
	at java.io.ObjectOutputStream.defaultWriteFields(ObjectOutputStream.java:1548)
	at java.io.ObjectOutputStream.writeSerialData(ObjectOutputStream.java:1509)
	at java.io.ObjectOutputStream.writeOrdinaryObject(ObjectOutputStream.java:1432)
	at java.io.ObjectOutputStream.writeObject0(ObjectOutputStream.java:1178)
	at java.io.ObjectOutputStream.writeObject(ObjectOutputStream.java:348)
	at org.apache.catalina.session.StandardSession.writeObject(StandardSession.java:1700)
	at org.apache.catalina.session.StandardSession.writeObjectData(StandardSession.java:1092)
	at org.apache.catalina.session.StandardManager.doUnload(StandardManager.java:405)
	at org.apache.catalina.session.StandardManager.unload(StandardManager.java:323)
	at org.apache.catalina.session.StandardManager.stopInternal(StandardManager.java:493)
	at org.apache.catalina.util.LifecycleBase.stop(LifecycleBase.java:221)
	at org.apache.catalina.core.StandardContext.stopInternal(StandardContext.java:5825)
	at org.apache.catalina.util.LifecycleBase.stop(LifecycleBase.java:221)
	at org.apache.catalina.core.ContainerBase$StopChild.call(ContainerBase.java:1587)
	at org.apache.catalina.core.ContainerBase$StopChild.call(ContainerBase.java:1576)
	at java.util.concurrent.FutureTask.run(FutureTask.java:266)
	at java.util.concurrent.ThreadPoolExecutor.runWorker(ThreadPoolExecutor.java:1142)
	at java.util.concurrent.ThreadPoolExecutor$Worker.run(ThreadPoolExecutor.java:617)
	at java.lang.Thread.run(Thread.java:748)

jul 17, 2017 11:55:48 AM org.apache.catalina.session.StandardSession writeObject
ADVERTÊNCIA: Cannot serialize session attribute chartId_iframe_viewernvd3_barchart_viewer12136655 for session EF616BAADF0E81966162E08BA107C25E
java.io.NotSerializableException: org.jboss.dashboard.displayer.chart.BarChartDisplayer
	at java.io.ObjectOutputStream.writeObject0(ObjectOutputStream.java:1184)
	at java.io.ObjectOutputStream.defaultWriteFields(ObjectOutputStream.java:1548)
	at java.io.ObjectOutputStream.writeSerialData(ObjectOutputStream.java:1509)
	at java.io.ObjectOutputStream.writeOrdinaryObject(ObjectOutputStream.java:1432)
	at java.io.ObjectOutputStream.writeObject0(ObjectOutputStream.java:1178)
	at java.io.ObjectOutputStream.writeObject(ObjectOutputStream.java:348)
	at org.apache.catalina.session.StandardSession.writeObject(StandardSession.java:1700)
	at org.apache.catalina.session.StandardSession.writeObjectData(StandardSession.java:1092)
	at org.apache.catalina.session.StandardManager.doUnload(StandardManager.java:405)
	at org.apache.catalina.session.StandardManager.unload(StandardManager.java:323)
	at org.apache.catalina.session.StandardManager.stopInternal(StandardManager.java:493)
	at org.apache.catalina.util.LifecycleBase.stop(LifecycleBase.java:221)
	at org.apache.catalina.core.StandardContext.stopInternal(StandardContext.java:5825)
	at org.apache.catalina.util.LifecycleBase.stop(LifecycleBase.java:221)
	at org.apache.catalina.core.ContainerBase$StopChild.call(ContainerBase.java:1587)
	at org.apache.catalina.core.ContainerBase$StopChild.call(ContainerBase.java:1576)
	at java.util.concurrent.FutureTask.run(FutureTask.java:266)
	at java.util.concurrent.ThreadPoolExecutor.runWorker(ThreadPoolExecutor.java:1142)
	at java.util.concurrent.ThreadPoolExecutor$Worker.run(ThreadPoolExecutor.java:617)
	at java.lang.Thread.run(Thread.java:748)

jul 17, 2017 11:55:48 AM org.apache.catalina.session.StandardSession writeObject
ADVERTÊNCIA: Cannot serialize session attribute chartId_iframe_viewernvd3_barchart_viewer29793854 for session EF616BAADF0E81966162E08BA107C25E
java.io.NotSerializableException: org.jboss.dashboard.displayer.chart.BarChartDisplayer
	at java.io.ObjectOutputStream.writeObject0(ObjectOutputStream.java:1184)
	at java.io.ObjectOutputStream.defaultWriteFields(ObjectOutputStream.java:1548)
	at java.io.ObjectOutputStream.writeSerialData(ObjectOutputStream.java:1509)
	at java.io.ObjectOutputStream.writeOrdinaryObject(ObjectOutputStream.java:1432)
	at java.io.ObjectOutputStream.writeObject0(ObjectOutputStream.java:1178)
	at java.io.ObjectOutputStream.writeObject(ObjectOutputStream.java:348)
	at org.apache.catalina.session.StandardSession.writeObject(StandardSession.java:1700)
	at org.apache.catalina.session.StandardSession.writeObjectData(StandardSession.java:1092)
	at org.apache.catalina.session.StandardManager.doUnload(StandardManager.java:405)
	at org.apache.catalina.session.StandardManager.unload(StandardManager.java:323)
	at org.apache.catalina.session.StandardManager.stopInternal(StandardManager.java:493)
	at org.apache.catalina.util.LifecycleBase.stop(LifecycleBase.java:221)
	at org.apache.catalina.core.StandardContext.stopInternal(StandardContext.java:5825)
	at org.apache.catalina.util.LifecycleBase.stop(LifecycleBase.java:221)
	at org.apache.catalina.core.ContainerBase$StopChild.call(ContainerBase.java:1587)
	at org.apache.catalina.core.ContainerBase$StopChild.call(ContainerBase.java:1576)
	at java.util.concurrent.FutureTask.run(FutureTask.java:266)
	at java.util.concurrent.ThreadPoolExecutor.runWorker(ThreadPoolExecutor.java:1142)
	at java.util.concurrent.ThreadPoolExecutor$Worker.run(ThreadPoolExecutor.java:617)
	at java.lang.Thread.run(Thread.java:748)

jul 17, 2017 11:55:48 AM org.apache.catalina.session.StandardSession writeObject
ADVERTÊNCIA: Cannot serialize session attribute chartId_iframe_viewernvd3_barchart_viewer14397033 for session EF616BAADF0E81966162E08BA107C25E
java.io.NotSerializableException: org.jboss.dashboard.displayer.chart.BarChartDisplayer
	at java.io.ObjectOutputStream.writeObject0(ObjectOutputStream.java:1184)
	at java.io.ObjectOutputStream.defaultWriteFields(ObjectOutputStream.java:1548)
	at java.io.ObjectOutputStream.writeSerialData(ObjectOutputStream.java:1509)
	at java.io.ObjectOutputStream.writeOrdinaryObject(ObjectOutputStream.java:1432)
	at java.io.ObjectOutputStream.writeObject0(ObjectOutputStream.java:1178)
	at java.io.ObjectOutputStream.writeObject(ObjectOutputStream.java:348)
	at org.apache.catalina.session.StandardSession.writeObject(StandardSession.java:1700)
	at org.apache.catalina.session.StandardSession.writeObjectData(StandardSession.java:1092)
	at org.apache.catalina.session.StandardManager.doUnload(StandardManager.java:405)
	at org.apache.catalina.session.StandardManager.unload(StandardManager.java:323)
	at org.apache.catalina.session.StandardManager.stopInternal(StandardManager.java:493)
	at org.apache.catalina.util.LifecycleBase.stop(LifecycleBase.java:221)
	at org.apache.catalina.core.StandardContext.stopInternal(StandardContext.java:5825)
	at org.apache.catalina.util.LifecycleBase.stop(LifecycleBase.java:221)
	at org.apache.catalina.core.ContainerBase$StopChild.call(ContainerBase.java:1587)
	at org.apache.catalina.core.ContainerBase$StopChild.call(ContainerBase.java:1576)
	at java.util.concurrent.FutureTask.run(FutureTask.java:266)
	at java.util.concurrent.ThreadPoolExecutor.runWorker(ThreadPoolExecutor.java:1142)
	at java.util.concurrent.ThreadPoolExecutor$Worker.run(ThreadPoolExecutor.java:617)
	at java.lang.Thread.run(Thread.java:748)

jul 17, 2017 11:55:48 AM org.apache.catalina.session.StandardSession writeObject
ADVERTÊNCIA: Cannot serialize session attribute chartId_iframe_viewernvd3_barchart_viewer5055557 for session EF616BAADF0E81966162E08BA107C25E
java.io.NotSerializableException: org.jboss.dashboard.displayer.chart.BarChartDisplayer
	at java.io.ObjectOutputStream.writeObject0(ObjectOutputStream.java:1184)
	at java.io.ObjectOutputStream.defaultWriteFields(ObjectOutputStream.java:1548)
	at java.io.ObjectOutputStream.writeSerialData(ObjectOutputStream.java:1509)
	at java.io.ObjectOutputStream.writeOrdinaryObject(ObjectOutputStream.java:1432)
	at java.io.ObjectOutputStream.writeObject0(ObjectOutputStream.java:1178)
	at java.io.ObjectOutputStream.writeObject(ObjectOutputStream.java:348)
	at org.apache.catalina.session.StandardSession.writeObject(StandardSession.java:1700)
	at org.apache.catalina.session.StandardSession.writeObjectData(StandardSession.java:1092)
	at org.apache.catalina.session.StandardManager.doUnload(StandardManager.java:405)
	at org.apache.catalina.session.StandardManager.unload(StandardManager.java:323)
	at org.apache.catalina.session.StandardManager.stopInternal(StandardManager.java:493)
	at org.apache.catalina.util.LifecycleBase.stop(LifecycleBase.java:221)
	at org.apache.catalina.core.StandardContext.stopInternal(StandardContext.java:5825)
	at org.apache.catalina.util.LifecycleBase.stop(LifecycleBase.java:221)
	at org.apache.catalina.core.ContainerBase$StopChild.call(ContainerBase.java:1587)
	at org.apache.catalina.core.ContainerBase$StopChild.call(ContainerBase.java:1576)
	at java.util.concurrent.FutureTask.run(FutureTask.java:266)
	at java.util.concurrent.ThreadPoolExecutor.runWorker(ThreadPoolExecutor.java:1142)
	at java.util.concurrent.ThreadPoolExecutor$Worker.run(ThreadPoolExecutor.java:617)
	at java.lang.Thread.run(Thread.java:748)

jul 17, 2017 11:55:48 AM org.apache.catalina.session.StandardSession writeObject
ADVERTÊNCIA: Cannot serialize session attribute chartId_iframe_viewernvd3_barchart_viewer13374303 for session EF616BAADF0E81966162E08BA107C25E
java.io.NotSerializableException: org.jboss.dashboard.displayer.chart.BarChartDisplayer
	at java.io.ObjectOutputStream.writeObject0(ObjectOutputStream.java:1184)
	at java.io.ObjectOutputStream.defaultWriteFields(ObjectOutputStream.java:1548)
	at java.io.ObjectOutputStream.writeSerialData(ObjectOutputStream.java:1509)
	at java.io.ObjectOutputStream.writeOrdinaryObject(ObjectOutputStream.java:1432)
	at java.io.ObjectOutputStream.writeObject0(ObjectOutputStream.java:1178)
	at java.io.ObjectOutputStream.writeObject(ObjectOutputStream.java:348)
	at org.apache.catalina.session.StandardSession.writeObject(StandardSession.java:1700)
	at org.apache.catalina.session.StandardSession.writeObjectData(StandardSession.java:1092)
	at org.apache.catalina.session.StandardManager.doUnload(StandardManager.java:405)
	at org.apache.catalina.session.StandardManager.unload(StandardManager.java:323)
	at org.apache.catalina.session.StandardManager.stopInternal(StandardManager.java:493)
	at org.apache.catalina.util.LifecycleBase.stop(LifecycleBase.java:221)
	at org.apache.catalina.core.StandardContext.stopInternal(StandardContext.java:5825)
	at org.apache.catalina.util.LifecycleBase.stop(LifecycleBase.java:221)
	at org.apache.catalina.core.ContainerBase$StopChild.call(ContainerBase.java:1587)
	at org.apache.catalina.core.ContainerBase$StopChild.call(ContainerBase.java:1576)
	at java.util.concurrent.FutureTask.run(FutureTask.java:266)
	at java.util.concurrent.ThreadPoolExecutor.runWorker(ThreadPoolExecutor.java:1142)
	at java.util.concurrent.ThreadPoolExecutor$Worker.run(ThreadPoolExecutor.java:617)
	at java.lang.Thread.run(Thread.java:748)

jul 17, 2017 11:55:48 AM org.apache.catalina.session.StandardSession writeObject
ADVERTÊNCIA: Cannot serialize session attribute chartId_iframe_viewernvd3_linechart_viewer12741138 for session EF616BAADF0E81966162E08BA107C25E
java.io.NotSerializableException: org.jboss.dashboard.displayer.chart.LineChartDisplayer
	at java.io.ObjectOutputStream.writeObject0(ObjectOutputStream.java:1184)
	at java.io.ObjectOutputStream.defaultWriteFields(ObjectOutputStream.java:1548)
	at java.io.ObjectOutputStream.writeSerialData(ObjectOutputStream.java:1509)
	at java.io.ObjectOutputStream.writeOrdinaryObject(ObjectOutputStream.java:1432)
	at java.io.ObjectOutputStream.writeObject0(ObjectOutputStream.java:1178)
	at java.io.ObjectOutputStream.writeObject(ObjectOutputStream.java:348)
	at org.apache.catalina.session.StandardSession.writeObject(StandardSession.java:1700)
	at org.apache.catalina.session.StandardSession.writeObjectData(StandardSession.java:1092)
	at org.apache.catalina.session.StandardManager.doUnload(StandardManager.java:405)
	at org.apache.catalina.session.StandardManager.unload(StandardManager.java:323)
	at org.apache.catalina.session.StandardManager.stopInternal(StandardManager.java:493)
	at org.apache.catalina.util.LifecycleBase.stop(LifecycleBase.java:221)
	at org.apache.catalina.core.StandardContext.stopInternal(StandardContext.java:5825)
	at org.apache.catalina.util.LifecycleBase.stop(LifecycleBase.java:221)
	at org.apache.catalina.core.ContainerBase$StopChild.call(ContainerBase.java:1587)
	at org.apache.catalina.core.ContainerBase$StopChild.call(ContainerBase.java:1576)
	at java.util.concurrent.FutureTask.run(FutureTask.java:266)
	at java.util.concurrent.ThreadPoolExecutor.runWorker(ThreadPoolExecutor.java:1142)
	at java.util.concurrent.ThreadPoolExecutor$Worker.run(ThreadPoolExecutor.java:617)
	at java.lang.Thread.run(Thread.java:748)

jul 17, 2017 11:55:48 AM org.apache.catalina.session.StandardSession writeObject
ADVERTÊNCIA: Cannot serialize session attribute chartId_iframe_viewernvd3_barchart_viewer22928881 for session EF616BAADF0E81966162E08BA107C25E
java.io.NotSerializableException: org.jboss.dashboard.displayer.chart.BarChartDisplayer
	at java.io.ObjectOutputStream.writeObject0(ObjectOutputStream.java:1184)
	at java.io.ObjectOutputStream.defaultWriteFields(ObjectOutputStream.java:1548)
	at java.io.ObjectOutputStream.writeSerialData(ObjectOutputStream.java:1509)
	at java.io.ObjectOutputStream.writeOrdinaryObject(ObjectOutputStream.java:1432)
	at java.io.ObjectOutputStream.writeObject0(ObjectOutputStream.java:1178)
	at java.io.ObjectOutputStream.writeObject(ObjectOutputStream.java:348)
	at org.apache.catalina.session.StandardSession.writeObject(StandardSession.java:1700)
	at org.apache.catalina.session.StandardSession.writeObjectData(StandardSession.java:1092)
	at org.apache.catalina.session.StandardManager.doUnload(StandardManager.java:405)
	at org.apache.catalina.session.StandardManager.unload(StandardManager.java:323)
	at org.apache.catalina.session.StandardManager.stopInternal(StandardManager.java:493)
	at org.apache.catalina.util.LifecycleBase.stop(LifecycleBase.java:221)
	at org.apache.catalina.core.StandardContext.stopInternal(StandardContext.java:5825)
	at org.apache.catalina.util.LifecycleBase.stop(LifecycleBase.java:221)
	at org.apache.catalina.core.ContainerBase$StopChild.call(ContainerBase.java:1587)
	at org.apache.catalina.core.ContainerBase$StopChild.call(ContainerBase.java:1576)
	at java.util.concurrent.FutureTask.run(FutureTask.java:266)
	at java.util.concurrent.ThreadPoolExecutor.runWorker(ThreadPoolExecutor.java:1142)
	at java.util.concurrent.ThreadPoolExecutor$Worker.run(ThreadPoolExecutor.java:617)
	at java.lang.Thread.run(Thread.java:748)

jul 17, 2017 11:55:48 AM org.apache.catalina.core.ApplicationContext log
INFORMAÇÕES: SessionListener: contextDestroyed()
jul 17, 2017 11:55:48 AM org.apache.catalina.core.ApplicationContext log
INFORMAÇÕES: ContextListener: contextDestroyed()
